#
# There is insufficient memory for the Java Runtime Environment to continue.
# Native memory allocation (malloc) failed to allocate 58656 bytes for Chunk::new
# Possible reasons:
#   The system is out of physical RAM or swap space
#   The process is running with CompressedOops enabled, and the Java Heap may be blocking the growth of the native heap
# Possible solutions:
#   Reduce memory load on the system
#   Increase physical memory or swap space
#   Check if swap backing store is full
#   Decrease Java heap size (-Xmx/-Xms)
#   Decrease number of Java threads
#   Decrease Java thread stack sizes (-Xss)
#   Set larger code cache with -XX:ReservedCodeCacheSize=
#   JVM is running with Unscaled Compressed Oops mode in which the Java heap is
#     placed in the first 4GB address space. The Java Heap base address is the
#     maximum limit for the native heap growth. Please use -XX:HeapBaseMinAddress
#     to set the Java Heap base and to place the Java Heap above 4GB virtual address.
# This output file may be truncated or incomplete.
#
#  Out of Memory Error (arena.cpp:189), pid=13080, tid=6008
#
# JRE version: Java(TM) SE Runtime Environment (17.0.10+11) (build 17.0.10+11-LTS-240)
# Java VM: Java HotSpot(TM) 64-Bit Server VM (17.0.10+11-LTS-240, mixed mode, sharing, tiered, compressed oops, compressed class ptrs, g1 gc, windows-amd64)
# No core dump will be written. Minidumps are not enabled by default on client versions of Windows
#

---------------  S U M M A R Y ------------

Command Line: --add-opens=java.base/java.util=ALL-UNNAMED --add-opens=java.base/java.lang=ALL-UNNAMED --add-opens=java.base/java.lang.invoke=ALL-UNNAMED --add-opens=java.prefs/java.util.prefs=ALL-UNNAMED --add-exports=jdk.compiler/com.sun.tools.javac.api=ALL-UNNAMED --add-exports=jdk.compiler/com.sun.tools.javac.util=ALL-UNNAMED --add-opens=java.base/java.nio.charset=ALL-UNNAMED --add-opens=java.base/java.net=ALL-UNNAMED --add-opens=java.base/java.util.concurrent.atomic=ALL-UNNAMED -XX:MaxMetaspaceSize=384m -XX:+HeapDumpOnOutOfMemoryError -Xms256m -Xmx512m -Dfile.encoding=UTF-8 -Duser.country=RU -Duser.language=ru -Duser.variant -javaagent:C:\Users\Александр\.gradle\wrapper\dists\gradle-8.10.2-bin\a04bxjujx95o3nb99gddekhwo\gradle-8.10.2\lib\agents\gradle-instrumentation-agent-8.10.2.jar org.gradle.launcher.daemon.bootstrap.GradleDaemon 8.10.2

Host: 12th Gen Intel(R) Core(TM) i5-12400F, 12 cores, 15G,  Windows 10 , 64 bit Build 19041 (10.0.19041.5915)
Time: Fri Jun 27 11:51:51 2025 RTZ 2 (s 10 , 64 bit Build 19041 (10.0.19041.5915) elapsed time: 38.437011 seconds (0d 0h 0m 38s)

---------------  T H R E A D  ---------------

Current thread (0x00000262a174e050):  JavaThread "C2 CompilerThread0" daemon [_thread_in_native, id=6008, stack(0x0000007381d00000,0x0000007381e00000)]


Current CompileTask:
C2:  38437 2428       4       java.util.HashMap$KeyIterator::next (8 bytes)

Stack: [0x0000007381d00000,0x0000007381e00000]
Native frames: (J=compiled Java code, j=interpreted, Vv=VM code, C=native code)
V  [jvm.dll+0x677a5a]
V  [jvm.dll+0x7d8b2d]
V  [jvm.dll+0x7da48e]
V  [jvm.dll+0x7daaf3]
V  [jvm.dll+0x2455ff]
V  [jvm.dll+0xaaafb]
V  [jvm.dll+0xab09c]
V  [jvm.dll+0x2aafef]
V  [jvm.dll+0x57fd55]
V  [jvm.dll+0x220472]
V  [jvm.dll+0x219335]
V  [jvm.dll+0x216c79]
V  [jvm.dll+0x1a3410]
V  [jvm.dll+0x226aeb]
V  [jvm.dll+0x224cab]
V  [jvm.dll+0x78e45c]
V  [jvm.dll+0x78888a]
V  [jvm.dll+0x676935]
C  [ucrtbase.dll+0x21bb2]
C  [KERNEL32.DLL+0x17374]
C  [ntdll.dll+0x4cc91]


---------------  P R O C E S S  ---------------

Threads class SMR info:
_java_thread_list=0x00000262a1ad2550, length=22, elements={
0x00000262869f9a10, 0x00000262a1734bd0, 0x00000262a1735960, 0x00000262a17486b0,
0x00000262a174c200, 0x00000262a174cad0, 0x00000262a174d3a0, 0x00000262a174e050,
0x00000262a174ec20, 0x00000262a1750540, 0x00000262a1721900, 0x00000262a1a00f10,
0x00000262bb1ec1f0, 0x00000262bb1ec700, 0x00000262bb1e9970, 0x00000262bb1e9e80,
0x00000262bb1ea390, 0x00000262bb1eb2c0, 0x00000262bb1eb7d0, 0x00000262bb1ea8a0,
0x00000262bb1ebce0, 0x00000262bb1ecc10
}

Java Threads: ( => current thread )
  0x00000262869f9a10 JavaThread "main" [_thread_blocked, id=17672, stack(0x0000007381000000,0x0000007381100000)]
  0x00000262a1734bd0 JavaThread "Reference Handler" daemon [_thread_blocked, id=27016, stack(0x0000007381700000,0x0000007381800000)]
  0x00000262a1735960 JavaThread "Finalizer" daemon [_thread_blocked, id=29752, stack(0x0000007381800000,0x0000007381900000)]
  0x00000262a17486b0 JavaThread "Signal Dispatcher" daemon [_thread_blocked, id=21640, stack(0x0000007381900000,0x0000007381a00000)]
  0x00000262a174c200 JavaThread "Attach Listener" daemon [_thread_blocked, id=13252, stack(0x0000007381a00000,0x0000007381b00000)]
  0x00000262a174cad0 JavaThread "Service Thread" daemon [_thread_blocked, id=26708, stack(0x0000007381b00000,0x0000007381c00000)]
  0x00000262a174d3a0 JavaThread "Monitor Deflation Thread" daemon [_thread_blocked, id=19288, stack(0x0000007381c00000,0x0000007381d00000)]
=>0x00000262a174e050 JavaThread "C2 CompilerThread0" daemon [_thread_in_native, id=6008, stack(0x0000007381d00000,0x0000007381e00000)]
  0x00000262a174ec20 JavaThread "C1 CompilerThread0" daemon [_thread_blocked, id=17504, stack(0x0000007381e00000,0x0000007381f00000)]
  0x00000262a1750540 JavaThread "Sweeper thread" daemon [_thread_blocked, id=13952, stack(0x0000007381f00000,0x0000007382000000)]
  0x00000262a1721900 JavaThread "Common-Cleaner" daemon [_thread_blocked, id=17828, stack(0x0000007382000000,0x0000007382100000)]
  0x00000262a1a00f10 JavaThread "Notification Thread" daemon [_thread_blocked, id=23340, stack(0x0000007382100000,0x0000007382200000)]
  0x00000262bb1ec1f0 JavaThread "Daemon health stats" [_thread_blocked, id=26556, stack(0x0000007382900000,0x0000007382a00000)]
  0x00000262bb1ec700 JavaThread "Incoming local TCP Connector on port 63776" [_thread_in_native, id=11336, stack(0x0000007382300000,0x0000007382400000)]
  0x00000262bb1e9970 JavaThread "Daemon periodic checks" [_thread_blocked, id=17680, stack(0x0000007382a00000,0x0000007382b00000)]
  0x00000262bb1e9e80 JavaThread "Daemon" [_thread_blocked, id=16992, stack(0x0000007382b00000,0x0000007382c00000)]
  0x00000262bb1ea390 JavaThread "Handler for socket connection from /127.0.0.1:63776 to /127.0.0.1:63838" [_thread_in_native, id=18644, stack(0x0000007382c00000,0x0000007382d00000)]
  0x00000262bb1eb2c0 JavaThread "Cancel handler" [_thread_blocked, id=21724, stack(0x0000007380e00000,0x0000007380f00000)]
  0x00000262bb1eb7d0 JavaThread "Daemon worker" [_thread_in_native, id=16020, stack(0x0000007382d00000,0x0000007382e00000)]
  0x00000262bb1ea8a0 JavaThread "Asynchronous log dispatcher for DefaultDaemonConnection: socket connection from /127.0.0.1:63776 to /127.0.0.1:63838" [_thread_blocked, id=31636, stack(0x0000007382e00000,0x0000007382f00000)]
  0x00000262bb1ebce0 JavaThread "Stdin handler" [_thread_blocked, id=13552, stack(0x0000007382f00000,0x0000007383000000)]
  0x00000262bb1ecc10 JavaThread "Daemon client event forwarder" [_thread_blocked, id=28484, stack(0x0000007383000000,0x0000007383100000)]

Other Threads:
  0x00000262a172fd10 VMThread "VM Thread" [stack: 0x0000007381600000,0x0000007381700000] [id=1900]
  0x00000262869fa7e0 WatcherThread [stack: 0x0000007382200000,0x0000007382300000] [id=25712]
  0x0000026286a26a10 GCTaskThread "GC Thread#0" [stack: 0x0000007381100000,0x0000007381200000] [id=19060]
  0x00000262a1b6d690 GCTaskThread "GC Thread#1" [stack: 0x0000007382400000,0x0000007382500000] [id=17616]
  0x00000262a1b0aa60 GCTaskThread "GC Thread#2" [stack: 0x0000007382500000,0x0000007382600000] [id=22472]
  0x00000262a1b0ad20 GCTaskThread "GC Thread#3" [stack: 0x0000007382600000,0x0000007382700000] [id=17752]
  0x00000262a1b0afe0 GCTaskThread "GC Thread#4" [stack: 0x0000007382700000,0x0000007382800000] [id=15308]
  0x00000262a1b0b2a0 GCTaskThread "GC Thread#5" [stack: 0x0000007382800000,0x0000007382900000] [id=19656]
  0x0000026286a2c880 ConcurrentGCThread "G1 Main Marker" [stack: 0x0000007381200000,0x0000007381300000] [id=23280]
  0x0000026286a2d1a0 ConcurrentGCThread "G1 Conc#0" [stack: 0x0000007381300000,0x0000007381400000] [id=26192]
  0x00000262a15f4070 ConcurrentGCThread "G1 Refine#0" [stack: 0x0000007381400000,0x0000007381500000] [id=18588]
  0x00000262a15f49b0 ConcurrentGCThread "G1 Service" [stack: 0x0000007381500000,0x0000007381600000] [id=10620]

Threads with active compile tasks:
C2 CompilerThread0    38779 2428       4       java.util.HashMap$KeyIterator::next (8 bytes)

VM state: not at safepoint (normal execution)

VM Mutex/Monitor currently owned by a thread: None

Heap address: 0x00000000e0000000, size: 512 MB, Compressed Oops mode: 32-bit

CDS archive(s) mapped at: [0x00000262a2000000-0x00000262a2bd0000-0x00000262a2bd0000), size 12386304, SharedBaseAddress: 0x00000262a2000000, ArchiveRelocationMode: 1.
Compressed class space mapped at: 0x00000262a3000000-0x00000262b7000000, reserved size: 335544320
Narrow klass base: 0x00000262a2000000, Narrow klass shift: 0, Narrow klass range: 0x100000000

GC Precious Log:
 CPUs: 12 total, 12 available
 Memory: 16225M
 Large Page Support: Disabled
 NUMA Support: Disabled
 Compressed Oops: Enabled (32-bit)
 Heap Region Size: 1M
 Heap Min Capacity: 256M
 Heap Initial Capacity: 256M
 Heap Max Capacity: 512M
 Pre-touch: Disabled
 Parallel Workers: 10
 Concurrent Workers: 3
 Concurrent Refinement Workers: 10
 Periodic GC: Disabled

Heap:
 garbage-first heap   total 262144K, used 132627K [0x00000000e0000000, 0x0000000100000000)
  region size 1024K, 122 young (124928K), 5 survivors (5120K)
 Metaspace       used 13920K, committed 14208K, reserved 393216K
  class space    used 1908K, committed 2048K, reserved 327680K

Heap Regions: E=young(eden), S=young(survivor), O=old, HS=humongous(starts), HC=humongous(continues), CS=collection set, F=free, OA=open archive, CA=closed archive, TAMS=top-at-mark-start (previous, next)
|   0|0x00000000e0000000, 0x00000000e0100000, 0x00000000e0100000|100%|HS|  |TAMS 0x00000000e0000000, 0x00000000e0000000| Complete 
|   1|0x00000000e0100000, 0x00000000e0200000, 0x00000000e0200000|100%|HC|  |TAMS 0x00000000e0100000, 0x00000000e0100000| Complete 
|   2|0x00000000e0200000, 0x00000000e0300000, 0x00000000e0300000|100%|HC|  |TAMS 0x00000000e0200000, 0x00000000e0200000| Complete 
|   3|0x00000000e0300000, 0x00000000e0400000, 0x00000000e0400000|100%|HC|  |TAMS 0x00000000e0300000, 0x00000000e0300000| Complete 
|   4|0x00000000e0400000, 0x00000000e0500000, 0x00000000e0500000|100%| O|  |TAMS 0x00000000e0400000, 0x00000000e0400000| Untracked 
|   5|0x00000000e0500000, 0x00000000e0600000, 0x00000000e0600000|100%| O|  |TAMS 0x00000000e0500000, 0x00000000e0500000| Untracked 
|   6|0x00000000e0600000, 0x00000000e0684e00, 0x00000000e0700000| 51%| O|  |TAMS 0x00000000e0600000, 0x00000000e0600000| Untracked 
|   7|0x00000000e0700000, 0x00000000e0800000, 0x00000000e0800000|100%|HS|  |TAMS 0x00000000e0700000, 0x00000000e0700000| Complete 
|   8|0x00000000e0800000, 0x00000000e0900000, 0x00000000e0900000|100%|HS|  |TAMS 0x00000000e0800000, 0x00000000e0800000| Complete 
|   9|0x00000000e0900000, 0x00000000e0900000, 0x00000000e0a00000|  0%| F|  |TAMS 0x00000000e0900000, 0x00000000e0900000| Untracked 
|  10|0x00000000e0a00000, 0x00000000e0a00000, 0x00000000e0b00000|  0%| F|  |TAMS 0x00000000e0a00000, 0x00000000e0a00000| Untracked 
|  11|0x00000000e0b00000, 0x00000000e0b00000, 0x00000000e0c00000|  0%| F|  |TAMS 0x00000000e0b00000, 0x00000000e0b00000| Untracked 
|  12|0x00000000e0c00000, 0x00000000e0c00000, 0x00000000e0d00000|  0%| F|  |TAMS 0x00000000e0c00000, 0x00000000e0c00000| Untracked 
|  13|0x00000000e0d00000, 0x00000000e0d00000, 0x00000000e0e00000|  0%| F|  |TAMS 0x00000000e0d00000, 0x00000000e0d00000| Untracked 
|  14|0x00000000e0e00000, 0x00000000e0e00000, 0x00000000e0f00000|  0%| F|  |TAMS 0x00000000e0e00000, 0x00000000e0e00000| Untracked 
|  15|0x00000000e0f00000, 0x00000000e0f00000, 0x00000000e1000000|  0%| F|  |TAMS 0x00000000e0f00000, 0x00000000e0f00000| Untracked 
|  16|0x00000000e1000000, 0x00000000e1000000, 0x00000000e1100000|  0%| F|  |TAMS 0x00000000e1000000, 0x00000000e1000000| Untracked 
|  17|0x00000000e1100000, 0x00000000e1100000, 0x00000000e1200000|  0%| F|  |TAMS 0x00000000e1100000, 0x00000000e1100000| Untracked 
|  18|0x00000000e1200000, 0x00000000e1200000, 0x00000000e1300000|  0%| F|  |TAMS 0x00000000e1200000, 0x00000000e1200000| Untracked 
|  19|0x00000000e1300000, 0x00000000e1300000, 0x00000000e1400000|  0%| F|  |TAMS 0x00000000e1300000, 0x00000000e1300000| Untracked 
|  20|0x00000000e1400000, 0x00000000e1400000, 0x00000000e1500000|  0%| F|  |TAMS 0x00000000e1400000, 0x00000000e1400000| Untracked 
|  21|0x00000000e1500000, 0x00000000e1500000, 0x00000000e1600000|  0%| F|  |TAMS 0x00000000e1500000, 0x00000000e1500000| Untracked 
|  22|0x00000000e1600000, 0x00000000e1600000, 0x00000000e1700000|  0%| F|  |TAMS 0x00000000e1600000, 0x00000000e1600000| Untracked 
|  23|0x00000000e1700000, 0x00000000e1700000, 0x00000000e1800000|  0%| F|  |TAMS 0x00000000e1700000, 0x00000000e1700000| Untracked 
|  24|0x00000000e1800000, 0x00000000e1800000, 0x00000000e1900000|  0%| F|  |TAMS 0x00000000e1800000, 0x00000000e1800000| Untracked 
|  25|0x00000000e1900000, 0x00000000e1900000, 0x00000000e1a00000|  0%| F|  |TAMS 0x00000000e1900000, 0x00000000e1900000| Untracked 
|  26|0x00000000e1a00000, 0x00000000e1a00000, 0x00000000e1b00000|  0%| F|  |TAMS 0x00000000e1a00000, 0x00000000e1a00000| Untracked 
|  27|0x00000000e1b00000, 0x00000000e1b00000, 0x00000000e1c00000|  0%| F|  |TAMS 0x00000000e1b00000, 0x00000000e1b00000| Untracked 
|  28|0x00000000e1c00000, 0x00000000e1c00000, 0x00000000e1d00000|  0%| F|  |TAMS 0x00000000e1c00000, 0x00000000e1c00000| Untracked 
|  29|0x00000000e1d00000, 0x00000000e1d00000, 0x00000000e1e00000|  0%| F|  |TAMS 0x00000000e1d00000, 0x00000000e1d00000| Untracked 
|  30|0x00000000e1e00000, 0x00000000e1e00000, 0x00000000e1f00000|  0%| F|  |TAMS 0x00000000e1e00000, 0x00000000e1e00000| Untracked 
|  31|0x00000000e1f00000, 0x00000000e1f00000, 0x00000000e2000000|  0%| F|  |TAMS 0x00000000e1f00000, 0x00000000e1f00000| Untracked 
|  32|0x00000000e2000000, 0x00000000e2000000, 0x00000000e2100000|  0%| F|  |TAMS 0x00000000e2000000, 0x00000000e2000000| Untracked 
|  33|0x00000000e2100000, 0x00000000e2100000, 0x00000000e2200000|  0%| F|  |TAMS 0x00000000e2100000, 0x00000000e2100000| Untracked 
|  34|0x00000000e2200000, 0x00000000e2200000, 0x00000000e2300000|  0%| F|  |TAMS 0x00000000e2200000, 0x00000000e2200000| Untracked 
|  35|0x00000000e2300000, 0x00000000e2300000, 0x00000000e2400000|  0%| F|  |TAMS 0x00000000e2300000, 0x00000000e2300000| Untracked 
|  36|0x00000000e2400000, 0x00000000e2400000, 0x00000000e2500000|  0%| F|  |TAMS 0x00000000e2400000, 0x00000000e2400000| Untracked 
|  37|0x00000000e2500000, 0x00000000e2500000, 0x00000000e2600000|  0%| F|  |TAMS 0x00000000e2500000, 0x00000000e2500000| Untracked 
|  38|0x00000000e2600000, 0x00000000e2600000, 0x00000000e2700000|  0%| F|  |TAMS 0x00000000e2600000, 0x00000000e2600000| Untracked 
|  39|0x00000000e2700000, 0x00000000e2700000, 0x00000000e2800000|  0%| F|  |TAMS 0x00000000e2700000, 0x00000000e2700000| Untracked 
|  40|0x00000000e2800000, 0x00000000e2800000, 0x00000000e2900000|  0%| F|  |TAMS 0x00000000e2800000, 0x00000000e2800000| Untracked 
|  41|0x00000000e2900000, 0x00000000e2900000, 0x00000000e2a00000|  0%| F|  |TAMS 0x00000000e2900000, 0x00000000e2900000| Untracked 
|  42|0x00000000e2a00000, 0x00000000e2a00000, 0x00000000e2b00000|  0%| F|  |TAMS 0x00000000e2a00000, 0x00000000e2a00000| Untracked 
|  43|0x00000000e2b00000, 0x00000000e2b00000, 0x00000000e2c00000|  0%| F|  |TAMS 0x00000000e2b00000, 0x00000000e2b00000| Untracked 
|  44|0x00000000e2c00000, 0x00000000e2c00000, 0x00000000e2d00000|  0%| F|  |TAMS 0x00000000e2c00000, 0x00000000e2c00000| Untracked 
|  45|0x00000000e2d00000, 0x00000000e2d00000, 0x00000000e2e00000|  0%| F|  |TAMS 0x00000000e2d00000, 0x00000000e2d00000| Untracked 
|  46|0x00000000e2e00000, 0x00000000e2e00000, 0x00000000e2f00000|  0%| F|  |TAMS 0x00000000e2e00000, 0x00000000e2e00000| Untracked 
|  47|0x00000000e2f00000, 0x00000000e2f00000, 0x00000000e3000000|  0%| F|  |TAMS 0x00000000e2f00000, 0x00000000e2f00000| Untracked 
|  48|0x00000000e3000000, 0x00000000e3000000, 0x00000000e3100000|  0%| F|  |TAMS 0x00000000e3000000, 0x00000000e3000000| Untracked 
|  49|0x00000000e3100000, 0x00000000e3100000, 0x00000000e3200000|  0%| F|  |TAMS 0x00000000e3100000, 0x00000000e3100000| Untracked 
|  50|0x00000000e3200000, 0x00000000e3200000, 0x00000000e3300000|  0%| F|  |TAMS 0x00000000e3200000, 0x00000000e3200000| Untracked 
|  51|0x00000000e3300000, 0x00000000e3300000, 0x00000000e3400000|  0%| F|  |TAMS 0x00000000e3300000, 0x00000000e3300000| Untracked 
|  52|0x00000000e3400000, 0x00000000e3400000, 0x00000000e3500000|  0%| F|  |TAMS 0x00000000e3400000, 0x00000000e3400000| Untracked 
|  53|0x00000000e3500000, 0x00000000e3500000, 0x00000000e3600000|  0%| F|  |TAMS 0x00000000e3500000, 0x00000000e3500000| Untracked 
|  54|0x00000000e3600000, 0x00000000e3600000, 0x00000000e3700000|  0%| F|  |TAMS 0x00000000e3600000, 0x00000000e3600000| Untracked 
|  55|0x00000000e3700000, 0x00000000e3700000, 0x00000000e3800000|  0%| F|  |TAMS 0x00000000e3700000, 0x00000000e3700000| Untracked 
|  56|0x00000000e3800000, 0x00000000e3800000, 0x00000000e3900000|  0%| F|  |TAMS 0x00000000e3800000, 0x00000000e3800000| Untracked 
|  57|0x00000000e3900000, 0x00000000e3900000, 0x00000000e3a00000|  0%| F|  |TAMS 0x00000000e3900000, 0x00000000e3900000| Untracked 
|  58|0x00000000e3a00000, 0x00000000e3a00000, 0x00000000e3b00000|  0%| F|  |TAMS 0x00000000e3a00000, 0x00000000e3a00000| Untracked 
|  59|0x00000000e3b00000, 0x00000000e3b00000, 0x00000000e3c00000|  0%| F|  |TAMS 0x00000000e3b00000, 0x00000000e3b00000| Untracked 
|  60|0x00000000e3c00000, 0x00000000e3c00000, 0x00000000e3d00000|  0%| F|  |TAMS 0x00000000e3c00000, 0x00000000e3c00000| Untracked 
|  61|0x00000000e3d00000, 0x00000000e3d00000, 0x00000000e3e00000|  0%| F|  |TAMS 0x00000000e3d00000, 0x00000000e3d00000| Untracked 
|  62|0x00000000e3e00000, 0x00000000e3e00000, 0x00000000e3f00000|  0%| F|  |TAMS 0x00000000e3e00000, 0x00000000e3e00000| Untracked 
|  63|0x00000000e3f00000, 0x00000000e3f00000, 0x00000000e4000000|  0%| F|  |TAMS 0x00000000e3f00000, 0x00000000e3f00000| Untracked 
|  64|0x00000000e4000000, 0x00000000e4000000, 0x00000000e4100000|  0%| F|  |TAMS 0x00000000e4000000, 0x00000000e4000000| Untracked 
|  65|0x00000000e4100000, 0x00000000e4100000, 0x00000000e4200000|  0%| F|  |TAMS 0x00000000e4100000, 0x00000000e4100000| Untracked 
|  66|0x00000000e4200000, 0x00000000e4200000, 0x00000000e4300000|  0%| F|  |TAMS 0x00000000e4200000, 0x00000000e4200000| Untracked 
|  67|0x00000000e4300000, 0x00000000e4300000, 0x00000000e4400000|  0%| F|  |TAMS 0x00000000e4300000, 0x00000000e4300000| Untracked 
|  68|0x00000000e4400000, 0x00000000e4400000, 0x00000000e4500000|  0%| F|  |TAMS 0x00000000e4400000, 0x00000000e4400000| Untracked 
|  69|0x00000000e4500000, 0x00000000e4500000, 0x00000000e4600000|  0%| F|  |TAMS 0x00000000e4500000, 0x00000000e4500000| Untracked 
|  70|0x00000000e4600000, 0x00000000e4600000, 0x00000000e4700000|  0%| F|  |TAMS 0x00000000e4600000, 0x00000000e4600000| Untracked 
|  71|0x00000000e4700000, 0x00000000e4700000, 0x00000000e4800000|  0%| F|  |TAMS 0x00000000e4700000, 0x00000000e4700000| Untracked 
|  72|0x00000000e4800000, 0x00000000e4800000, 0x00000000e4900000|  0%| F|  |TAMS 0x00000000e4800000, 0x00000000e4800000| Untracked 
|  73|0x00000000e4900000, 0x00000000e4900000, 0x00000000e4a00000|  0%| F|  |TAMS 0x00000000e4900000, 0x00000000e4900000| Untracked 
|  74|0x00000000e4a00000, 0x00000000e4a00000, 0x00000000e4b00000|  0%| F|  |TAMS 0x00000000e4a00000, 0x00000000e4a00000| Untracked 
|  75|0x00000000e4b00000, 0x00000000e4b00000, 0x00000000e4c00000|  0%| F|  |TAMS 0x00000000e4b00000, 0x00000000e4b00000| Untracked 
|  76|0x00000000e4c00000, 0x00000000e4c00000, 0x00000000e4d00000|  0%| F|  |TAMS 0x00000000e4c00000, 0x00000000e4c00000| Untracked 
|  77|0x00000000e4d00000, 0x00000000e4d00000, 0x00000000e4e00000|  0%| F|  |TAMS 0x00000000e4d00000, 0x00000000e4d00000| Untracked 
|  78|0x00000000e4e00000, 0x00000000e4e00000, 0x00000000e4f00000|  0%| F|  |TAMS 0x00000000e4e00000, 0x00000000e4e00000| Untracked 
|  79|0x00000000e4f00000, 0x00000000e4f00000, 0x00000000e5000000|  0%| F|  |TAMS 0x00000000e4f00000, 0x00000000e4f00000| Untracked 
|  80|0x00000000e5000000, 0x00000000e5000000, 0x00000000e5100000|  0%| F|  |TAMS 0x00000000e5000000, 0x00000000e5000000| Untracked 
|  81|0x00000000e5100000, 0x00000000e5100000, 0x00000000e5200000|  0%| F|  |TAMS 0x00000000e5100000, 0x00000000e5100000| Untracked 
|  82|0x00000000e5200000, 0x00000000e5200000, 0x00000000e5300000|  0%| F|  |TAMS 0x00000000e5200000, 0x00000000e5200000| Untracked 
|  83|0x00000000e5300000, 0x00000000e5300000, 0x00000000e5400000|  0%| F|  |TAMS 0x00000000e5300000, 0x00000000e5300000| Untracked 
|  84|0x00000000e5400000, 0x00000000e5400000, 0x00000000e5500000|  0%| F|  |TAMS 0x00000000e5400000, 0x00000000e5400000| Untracked 
|  85|0x00000000e5500000, 0x00000000e5500000, 0x00000000e5600000|  0%| F|  |TAMS 0x00000000e5500000, 0x00000000e5500000| Untracked 
|  86|0x00000000e5600000, 0x00000000e5600000, 0x00000000e5700000|  0%| F|  |TAMS 0x00000000e5600000, 0x00000000e5600000| Untracked 
|  87|0x00000000e5700000, 0x00000000e5700000, 0x00000000e5800000|  0%| F|  |TAMS 0x00000000e5700000, 0x00000000e5700000| Untracked 
|  88|0x00000000e5800000, 0x00000000e5800000, 0x00000000e5900000|  0%| F|  |TAMS 0x00000000e5800000, 0x00000000e5800000| Untracked 
|  89|0x00000000e5900000, 0x00000000e5900000, 0x00000000e5a00000|  0%| F|  |TAMS 0x00000000e5900000, 0x00000000e5900000| Untracked 
|  90|0x00000000e5a00000, 0x00000000e5a00000, 0x00000000e5b00000|  0%| F|  |TAMS 0x00000000e5a00000, 0x00000000e5a00000| Untracked 
|  91|0x00000000e5b00000, 0x00000000e5b00000, 0x00000000e5c00000|  0%| F|  |TAMS 0x00000000e5b00000, 0x00000000e5b00000| Untracked 
|  92|0x00000000e5c00000, 0x00000000e5c00000, 0x00000000e5d00000|  0%| F|  |TAMS 0x00000000e5c00000, 0x00000000e5c00000| Untracked 
|  93|0x00000000e5d00000, 0x00000000e5d00000, 0x00000000e5e00000|  0%| F|  |TAMS 0x00000000e5d00000, 0x00000000e5d00000| Untracked 
|  94|0x00000000e5e00000, 0x00000000e5e00000, 0x00000000e5f00000|  0%| F|  |TAMS 0x00000000e5e00000, 0x00000000e5e00000| Untracked 
|  95|0x00000000e5f00000, 0x00000000e5f00000, 0x00000000e6000000|  0%| F|  |TAMS 0x00000000e5f00000, 0x00000000e5f00000| Untracked 
|  96|0x00000000e6000000, 0x00000000e6000000, 0x00000000e6100000|  0%| F|  |TAMS 0x00000000e6000000, 0x00000000e6000000| Untracked 
|  97|0x00000000e6100000, 0x00000000e6100000, 0x00000000e6200000|  0%| F|  |TAMS 0x00000000e6100000, 0x00000000e6100000| Untracked 
|  98|0x00000000e6200000, 0x00000000e6200000, 0x00000000e6300000|  0%| F|  |TAMS 0x00000000e6200000, 0x00000000e6200000| Untracked 
|  99|0x00000000e6300000, 0x00000000e6300000, 0x00000000e6400000|  0%| F|  |TAMS 0x00000000e6300000, 0x00000000e6300000| Untracked 
| 100|0x00000000e6400000, 0x00000000e6400000, 0x00000000e6500000|  0%| F|  |TAMS 0x00000000e6400000, 0x00000000e6400000| Untracked 
| 101|0x00000000e6500000, 0x00000000e6500000, 0x00000000e6600000|  0%| F|  |TAMS 0x00000000e6500000, 0x00000000e6500000| Untracked 
| 102|0x00000000e6600000, 0x00000000e6600000, 0x00000000e6700000|  0%| F|  |TAMS 0x00000000e6600000, 0x00000000e6600000| Untracked 
| 103|0x00000000e6700000, 0x00000000e6700000, 0x00000000e6800000|  0%| F|  |TAMS 0x00000000e6700000, 0x00000000e6700000| Untracked 
| 104|0x00000000e6800000, 0x00000000e6800000, 0x00000000e6900000|  0%| F|  |TAMS 0x00000000e6800000, 0x00000000e6800000| Untracked 
| 105|0x00000000e6900000, 0x00000000e6900000, 0x00000000e6a00000|  0%| F|  |TAMS 0x00000000e6900000, 0x00000000e6900000| Untracked 
| 106|0x00000000e6a00000, 0x00000000e6a00000, 0x00000000e6b00000|  0%| F|  |TAMS 0x00000000e6a00000, 0x00000000e6a00000| Untracked 
| 107|0x00000000e6b00000, 0x00000000e6b00000, 0x00000000e6c00000|  0%| F|  |TAMS 0x00000000e6b00000, 0x00000000e6b00000| Untracked 
| 108|0x00000000e6c00000, 0x00000000e6c00000, 0x00000000e6d00000|  0%| F|  |TAMS 0x00000000e6c00000, 0x00000000e6c00000| Untracked 
| 109|0x00000000e6d00000, 0x00000000e6d00000, 0x00000000e6e00000|  0%| F|  |TAMS 0x00000000e6d00000, 0x00000000e6d00000| Untracked 
| 110|0x00000000e6e00000, 0x00000000e6e00000, 0x00000000e6f00000|  0%| F|  |TAMS 0x00000000e6e00000, 0x00000000e6e00000| Untracked 
| 111|0x00000000e6f00000, 0x00000000e6f00000, 0x00000000e7000000|  0%| F|  |TAMS 0x00000000e6f00000, 0x00000000e6f00000| Untracked 
| 112|0x00000000e7000000, 0x00000000e7000000, 0x00000000e7100000|  0%| F|  |TAMS 0x00000000e7000000, 0x00000000e7000000| Untracked 
| 113|0x00000000e7100000, 0x00000000e7100000, 0x00000000e7200000|  0%| F|  |TAMS 0x00000000e7100000, 0x00000000e7100000| Untracked 
| 114|0x00000000e7200000, 0x00000000e7200000, 0x00000000e7300000|  0%| F|  |TAMS 0x00000000e7200000, 0x00000000e7200000| Untracked 
| 115|0x00000000e7300000, 0x00000000e7300000, 0x00000000e7400000|  0%| F|  |TAMS 0x00000000e7300000, 0x00000000e7300000| Untracked 
| 116|0x00000000e7400000, 0x00000000e7400000, 0x00000000e7500000|  0%| F|  |TAMS 0x00000000e7400000, 0x00000000e7400000| Untracked 
| 117|0x00000000e7500000, 0x00000000e7500000, 0x00000000e7600000|  0%| F|  |TAMS 0x00000000e7500000, 0x00000000e7500000| Untracked 
| 118|0x00000000e7600000, 0x00000000e7600000, 0x00000000e7700000|  0%| F|  |TAMS 0x00000000e7600000, 0x00000000e7600000| Untracked 
| 119|0x00000000e7700000, 0x00000000e7700000, 0x00000000e7800000|  0%| F|  |TAMS 0x00000000e7700000, 0x00000000e7700000| Untracked 
| 120|0x00000000e7800000, 0x00000000e7800000, 0x00000000e7900000|  0%| F|  |TAMS 0x00000000e7800000, 0x00000000e7800000| Untracked 
| 121|0x00000000e7900000, 0x00000000e7900000, 0x00000000e7a00000|  0%| F|  |TAMS 0x00000000e7900000, 0x00000000e7900000| Untracked 
| 122|0x00000000e7a00000, 0x00000000e7a00000, 0x00000000e7b00000|  0%| F|  |TAMS 0x00000000e7a00000, 0x00000000e7a00000| Untracked 
| 123|0x00000000e7b00000, 0x00000000e7b00000, 0x00000000e7c00000|  0%| F|  |TAMS 0x00000000e7b00000, 0x00000000e7b00000| Untracked 
| 124|0x00000000e7c00000, 0x00000000e7c00000, 0x00000000e7d00000|  0%| F|  |TAMS 0x00000000e7c00000, 0x00000000e7c00000| Untracked 
| 125|0x00000000e7d00000, 0x00000000e7d00000, 0x00000000e7e00000|  0%| F|  |TAMS 0x00000000e7d00000, 0x00000000e7d00000| Untracked 
| 126|0x00000000e7e00000, 0x00000000e7e00000, 0x00000000e7f00000|  0%| F|  |TAMS 0x00000000e7e00000, 0x00000000e7e00000| Untracked 
| 127|0x00000000e7f00000, 0x00000000e7f00000, 0x00000000e8000000|  0%| F|  |TAMS 0x00000000e7f00000, 0x00000000e7f00000| Untracked 
| 128|0x00000000e8000000, 0x00000000e8000000, 0x00000000e8100000|  0%| F|  |TAMS 0x00000000e8000000, 0x00000000e8000000| Untracked 
| 129|0x00000000e8100000, 0x00000000e8100000, 0x00000000e8200000|  0%| F|  |TAMS 0x00000000e8100000, 0x00000000e8100000| Untracked 
| 130|0x00000000e8200000, 0x00000000e8200000, 0x00000000e8300000|  0%| F|  |TAMS 0x00000000e8200000, 0x00000000e8200000| Untracked 
| 131|0x00000000e8300000, 0x00000000e8300000, 0x00000000e8400000|  0%| F|  |TAMS 0x00000000e8300000, 0x00000000e8300000| Untracked 
| 132|0x00000000e8400000, 0x00000000e8400000, 0x00000000e8500000|  0%| F|  |TAMS 0x00000000e8400000, 0x00000000e8400000| Untracked 
| 133|0x00000000e8500000, 0x00000000e8500000, 0x00000000e8600000|  0%| F|  |TAMS 0x00000000e8500000, 0x00000000e8500000| Untracked 
| 134|0x00000000e8600000, 0x00000000e8680800, 0x00000000e8700000| 50%| E|  |TAMS 0x00000000e8600000, 0x00000000e8600000| Complete 
| 135|0x00000000e8700000, 0x00000000e8800000, 0x00000000e8800000|100%| E|CS|TAMS 0x00000000e8700000, 0x00000000e8700000| Complete 
| 136|0x00000000e8800000, 0x00000000e8900000, 0x00000000e8900000|100%| E|CS|TAMS 0x00000000e8800000, 0x00000000e8800000| Complete 
| 137|0x00000000e8900000, 0x00000000e8a00000, 0x00000000e8a00000|100%| E|CS|TAMS 0x00000000e8900000, 0x00000000e8900000| Complete 
| 138|0x00000000e8a00000, 0x00000000e8b00000, 0x00000000e8b00000|100%| E|CS|TAMS 0x00000000e8a00000, 0x00000000e8a00000| Complete 
| 139|0x00000000e8b00000, 0x00000000e8c00000, 0x00000000e8c00000|100%| E|CS|TAMS 0x00000000e8b00000, 0x00000000e8b00000| Complete 
| 140|0x00000000e8c00000, 0x00000000e8d00000, 0x00000000e8d00000|100%| E|CS|TAMS 0x00000000e8c00000, 0x00000000e8c00000| Complete 
| 141|0x00000000e8d00000, 0x00000000e8e00000, 0x00000000e8e00000|100%| E|CS|TAMS 0x00000000e8d00000, 0x00000000e8d00000| Complete 
| 142|0x00000000e8e00000, 0x00000000e8f00000, 0x00000000e8f00000|100%| E|CS|TAMS 0x00000000e8e00000, 0x00000000e8e00000| Complete 
| 143|0x00000000e8f00000, 0x00000000e9000000, 0x00000000e9000000|100%| E|CS|TAMS 0x00000000e8f00000, 0x00000000e8f00000| Complete 
| 144|0x00000000e9000000, 0x00000000e9100000, 0x00000000e9100000|100%| E|CS|TAMS 0x00000000e9000000, 0x00000000e9000000| Complete 
| 145|0x00000000e9100000, 0x00000000e9200000, 0x00000000e9200000|100%| E|CS|TAMS 0x00000000e9100000, 0x00000000e9100000| Complete 
| 146|0x00000000e9200000, 0x00000000e9300000, 0x00000000e9300000|100%| E|CS|TAMS 0x00000000e9200000, 0x00000000e9200000| Complete 
| 147|0x00000000e9300000, 0x00000000e9400000, 0x00000000e9400000|100%| E|CS|TAMS 0x00000000e9300000, 0x00000000e9300000| Complete 
| 148|0x00000000e9400000, 0x00000000e9500000, 0x00000000e9500000|100%| E|CS|TAMS 0x00000000e9400000, 0x00000000e9400000| Complete 
| 149|0x00000000e9500000, 0x00000000e9600000, 0x00000000e9600000|100%| E|CS|TAMS 0x00000000e9500000, 0x00000000e9500000| Complete 
| 150|0x00000000e9600000, 0x00000000e9700000, 0x00000000e9700000|100%| E|CS|TAMS 0x00000000e9600000, 0x00000000e9600000| Complete 
| 151|0x00000000e9700000, 0x00000000e9800000, 0x00000000e9800000|100%| E|CS|TAMS 0x00000000e9700000, 0x00000000e9700000| Complete 
| 152|0x00000000e9800000, 0x00000000e9900000, 0x00000000e9900000|100%| E|CS|TAMS 0x00000000e9800000, 0x00000000e9800000| Complete 
| 153|0x00000000e9900000, 0x00000000e9a00000, 0x00000000e9a00000|100%| E|CS|TAMS 0x00000000e9900000, 0x00000000e9900000| Complete 
| 154|0x00000000e9a00000, 0x00000000e9b00000, 0x00000000e9b00000|100%| E|CS|TAMS 0x00000000e9a00000, 0x00000000e9a00000| Complete 
| 155|0x00000000e9b00000, 0x00000000e9c00000, 0x00000000e9c00000|100%| E|CS|TAMS 0x00000000e9b00000, 0x00000000e9b00000| Complete 
| 156|0x00000000e9c00000, 0x00000000e9d00000, 0x00000000e9d00000|100%| E|CS|TAMS 0x00000000e9c00000, 0x00000000e9c00000| Complete 
| 157|0x00000000e9d00000, 0x00000000e9e00000, 0x00000000e9e00000|100%| E|CS|TAMS 0x00000000e9d00000, 0x00000000e9d00000| Complete 
| 158|0x00000000e9e00000, 0x00000000e9f00000, 0x00000000e9f00000|100%| E|CS|TAMS 0x00000000e9e00000, 0x00000000e9e00000| Complete 
| 159|0x00000000e9f00000, 0x00000000ea000000, 0x00000000ea000000|100%| E|CS|TAMS 0x00000000e9f00000, 0x00000000e9f00000| Complete 
| 160|0x00000000ea000000, 0x00000000ea100000, 0x00000000ea100000|100%| E|CS|TAMS 0x00000000ea000000, 0x00000000ea000000| Complete 
| 161|0x00000000ea100000, 0x00000000ea200000, 0x00000000ea200000|100%| E|CS|TAMS 0x00000000ea100000, 0x00000000ea100000| Complete 
| 162|0x00000000ea200000, 0x00000000ea300000, 0x00000000ea300000|100%| E|CS|TAMS 0x00000000ea200000, 0x00000000ea200000| Complete 
| 163|0x00000000ea300000, 0x00000000ea400000, 0x00000000ea400000|100%| E|CS|TAMS 0x00000000ea300000, 0x00000000ea300000| Complete 
| 164|0x00000000ea400000, 0x00000000ea500000, 0x00000000ea500000|100%| E|CS|TAMS 0x00000000ea400000, 0x00000000ea400000| Complete 
| 165|0x00000000ea500000, 0x00000000ea600000, 0x00000000ea600000|100%| E|CS|TAMS 0x00000000ea500000, 0x00000000ea500000| Complete 
| 166|0x00000000ea600000, 0x00000000ea700000, 0x00000000ea700000|100%| E|CS|TAMS 0x00000000ea600000, 0x00000000ea600000| Complete 
| 167|0x00000000ea700000, 0x00000000ea800000, 0x00000000ea800000|100%| E|CS|TAMS 0x00000000ea700000, 0x00000000ea700000| Complete 
| 168|0x00000000ea800000, 0x00000000ea900000, 0x00000000ea900000|100%| E|CS|TAMS 0x00000000ea800000, 0x00000000ea800000| Complete 
| 169|0x00000000ea900000, 0x00000000eaa00000, 0x00000000eaa00000|100%| E|CS|TAMS 0x00000000ea900000, 0x00000000ea900000| Complete 
| 170|0x00000000eaa00000, 0x00000000eab00000, 0x00000000eab00000|100%| E|CS|TAMS 0x00000000eaa00000, 0x00000000eaa00000| Complete 
| 171|0x00000000eab00000, 0x00000000eac00000, 0x00000000eac00000|100%| E|CS|TAMS 0x00000000eab00000, 0x00000000eab00000| Complete 
| 172|0x00000000eac00000, 0x00000000ead00000, 0x00000000ead00000|100%| E|CS|TAMS 0x00000000eac00000, 0x00000000eac00000| Complete 
| 173|0x00000000ead00000, 0x00000000eae00000, 0x00000000eae00000|100%| E|CS|TAMS 0x00000000ead00000, 0x00000000ead00000| Complete 
| 174|0x00000000eae00000, 0x00000000eaf00000, 0x00000000eaf00000|100%| E|CS|TAMS 0x00000000eae00000, 0x00000000eae00000| Complete 
| 175|0x00000000eaf00000, 0x00000000eb000000, 0x00000000eb000000|100%| E|CS|TAMS 0x00000000eaf00000, 0x00000000eaf00000| Complete 
| 176|0x00000000eb000000, 0x00000000eb100000, 0x00000000eb100000|100%| E|CS|TAMS 0x00000000eb000000, 0x00000000eb000000| Complete 
| 177|0x00000000eb100000, 0x00000000eb200000, 0x00000000eb200000|100%| E|CS|TAMS 0x00000000eb100000, 0x00000000eb100000| Complete 
| 178|0x00000000eb200000, 0x00000000eb300000, 0x00000000eb300000|100%| E|CS|TAMS 0x00000000eb200000, 0x00000000eb200000| Complete 
| 179|0x00000000eb300000, 0x00000000eb400000, 0x00000000eb400000|100%| E|CS|TAMS 0x00000000eb300000, 0x00000000eb300000| Complete 
| 180|0x00000000eb400000, 0x00000000eb500000, 0x00000000eb500000|100%| E|CS|TAMS 0x00000000eb400000, 0x00000000eb400000| Complete 
| 181|0x00000000eb500000, 0x00000000eb600000, 0x00000000eb600000|100%| E|CS|TAMS 0x00000000eb500000, 0x00000000eb500000| Complete 
| 182|0x00000000eb600000, 0x00000000eb700000, 0x00000000eb700000|100%| E|CS|TAMS 0x00000000eb600000, 0x00000000eb600000| Complete 
| 183|0x00000000eb700000, 0x00000000eb800000, 0x00000000eb800000|100%| E|CS|TAMS 0x00000000eb700000, 0x00000000eb700000| Complete 
| 184|0x00000000eb800000, 0x00000000eb900000, 0x00000000eb900000|100%| E|CS|TAMS 0x00000000eb800000, 0x00000000eb800000| Complete 
| 185|0x00000000eb900000, 0x00000000eba00000, 0x00000000eba00000|100%| E|CS|TAMS 0x00000000eb900000, 0x00000000eb900000| Complete 
| 186|0x00000000eba00000, 0x00000000ebb00000, 0x00000000ebb00000|100%| E|CS|TAMS 0x00000000eba00000, 0x00000000eba00000| Complete 
| 187|0x00000000ebb00000, 0x00000000ebc00000, 0x00000000ebc00000|100%| E|CS|TAMS 0x00000000ebb00000, 0x00000000ebb00000| Complete 
| 188|0x00000000ebc00000, 0x00000000ebd00000, 0x00000000ebd00000|100%| E|CS|TAMS 0x00000000ebc00000, 0x00000000ebc00000| Complete 
| 189|0x00000000ebd00000, 0x00000000ebe00000, 0x00000000ebe00000|100%| E|CS|TAMS 0x00000000ebd00000, 0x00000000ebd00000| Complete 
| 190|0x00000000ebe00000, 0x00000000ebf00000, 0x00000000ebf00000|100%| E|CS|TAMS 0x00000000ebe00000, 0x00000000ebe00000| Complete 
| 191|0x00000000ebf00000, 0x00000000ec000000, 0x00000000ec000000|100%| E|CS|TAMS 0x00000000ebf00000, 0x00000000ebf00000| Complete 
| 192|0x00000000ec000000, 0x00000000ec100000, 0x00000000ec100000|100%| E|CS|TAMS 0x00000000ec000000, 0x00000000ec000000| Complete 
| 193|0x00000000ec100000, 0x00000000ec200000, 0x00000000ec200000|100%| E|CS|TAMS 0x00000000ec100000, 0x00000000ec100000| Complete 
| 194|0x00000000ec200000, 0x00000000ec300000, 0x00000000ec300000|100%| E|CS|TAMS 0x00000000ec200000, 0x00000000ec200000| Complete 
| 195|0x00000000ec300000, 0x00000000ec400000, 0x00000000ec400000|100%| E|CS|TAMS 0x00000000ec300000, 0x00000000ec300000| Complete 
| 196|0x00000000ec400000, 0x00000000ec500000, 0x00000000ec500000|100%| E|CS|TAMS 0x00000000ec400000, 0x00000000ec400000| Complete 
| 197|0x00000000ec500000, 0x00000000ec600000, 0x00000000ec600000|100%| E|CS|TAMS 0x00000000ec500000, 0x00000000ec500000| Complete 
| 198|0x00000000ec600000, 0x00000000ec700000, 0x00000000ec700000|100%| E|CS|TAMS 0x00000000ec600000, 0x00000000ec600000| Complete 
| 199|0x00000000ec700000, 0x00000000ec800000, 0x00000000ec800000|100%| E|CS|TAMS 0x00000000ec700000, 0x00000000ec700000| Complete 
| 200|0x00000000ec800000, 0x00000000ec900000, 0x00000000ec900000|100%| E|CS|TAMS 0x00000000ec800000, 0x00000000ec800000| Complete 
| 201|0x00000000ec900000, 0x00000000eca00000, 0x00000000eca00000|100%| E|CS|TAMS 0x00000000ec900000, 0x00000000ec900000| Complete 
| 202|0x00000000eca00000, 0x00000000ecb00000, 0x00000000ecb00000|100%| E|CS|TAMS 0x00000000eca00000, 0x00000000eca00000| Complete 
| 203|0x00000000ecb00000, 0x00000000ecc00000, 0x00000000ecc00000|100%| E|CS|TAMS 0x00000000ecb00000, 0x00000000ecb00000| Complete 
| 204|0x00000000ecc00000, 0x00000000ecd00000, 0x00000000ecd00000|100%| E|CS|TAMS 0x00000000ecc00000, 0x00000000ecc00000| Complete 
| 205|0x00000000ecd00000, 0x00000000ece00000, 0x00000000ece00000|100%| E|CS|TAMS 0x00000000ecd00000, 0x00000000ecd00000| Complete 
| 206|0x00000000ece00000, 0x00000000ecf00000, 0x00000000ecf00000|100%| E|CS|TAMS 0x00000000ece00000, 0x00000000ece00000| Complete 
| 207|0x00000000ecf00000, 0x00000000ed000000, 0x00000000ed000000|100%| E|CS|TAMS 0x00000000ecf00000, 0x00000000ecf00000| Complete 
| 208|0x00000000ed000000, 0x00000000ed100000, 0x00000000ed100000|100%| E|CS|TAMS 0x00000000ed000000, 0x00000000ed000000| Complete 
| 209|0x00000000ed100000, 0x00000000ed200000, 0x00000000ed200000|100%| E|CS|TAMS 0x00000000ed100000, 0x00000000ed100000| Complete 
| 210|0x00000000ed200000, 0x00000000ed300000, 0x00000000ed300000|100%| E|CS|TAMS 0x00000000ed200000, 0x00000000ed200000| Complete 
| 211|0x00000000ed300000, 0x00000000ed400000, 0x00000000ed400000|100%| E|CS|TAMS 0x00000000ed300000, 0x00000000ed300000| Complete 
| 212|0x00000000ed400000, 0x00000000ed500000, 0x00000000ed500000|100%| E|CS|TAMS 0x00000000ed400000, 0x00000000ed400000| Complete 
| 213|0x00000000ed500000, 0x00000000ed600000, 0x00000000ed600000|100%| E|CS|TAMS 0x00000000ed500000, 0x00000000ed500000| Complete 
| 214|0x00000000ed600000, 0x00000000ed700000, 0x00000000ed700000|100%| E|CS|TAMS 0x00000000ed600000, 0x00000000ed600000| Complete 
| 215|0x00000000ed700000, 0x00000000ed800000, 0x00000000ed800000|100%| S|CS|TAMS 0x00000000ed700000, 0x00000000ed700000| Complete 
| 216|0x00000000ed800000, 0x00000000ed900000, 0x00000000ed900000|100%| S|CS|TAMS 0x00000000ed800000, 0x00000000ed800000| Complete 
| 217|0x00000000ed900000, 0x00000000eda00000, 0x00000000eda00000|100%| S|CS|TAMS 0x00000000ed900000, 0x00000000ed900000| Complete 
| 218|0x00000000eda00000, 0x00000000edb00000, 0x00000000edb00000|100%| S|CS|TAMS 0x00000000eda00000, 0x00000000eda00000| Complete 
| 219|0x00000000edb00000, 0x00000000edc00000, 0x00000000edc00000|100%| S|CS|TAMS 0x00000000edb00000, 0x00000000edb00000| Complete 
| 220|0x00000000edc00000, 0x00000000edd00000, 0x00000000edd00000|100%| E|CS|TAMS 0x00000000edc00000, 0x00000000edc00000| Complete 
| 221|0x00000000edd00000, 0x00000000ede00000, 0x00000000ede00000|100%| E|CS|TAMS 0x00000000edd00000, 0x00000000edd00000| Complete 
| 222|0x00000000ede00000, 0x00000000edf00000, 0x00000000edf00000|100%| E|CS|TAMS 0x00000000ede00000, 0x00000000ede00000| Complete 
| 223|0x00000000edf00000, 0x00000000ee000000, 0x00000000ee000000|100%| E|CS|TAMS 0x00000000edf00000, 0x00000000edf00000| Complete 
| 224|0x00000000ee000000, 0x00000000ee100000, 0x00000000ee100000|100%| E|CS|TAMS 0x00000000ee000000, 0x00000000ee000000| Complete 
| 225|0x00000000ee100000, 0x00000000ee200000, 0x00000000ee200000|100%| E|CS|TAMS 0x00000000ee100000, 0x00000000ee100000| Complete 
| 226|0x00000000ee200000, 0x00000000ee300000, 0x00000000ee300000|100%| E|CS|TAMS 0x00000000ee200000, 0x00000000ee200000| Complete 
| 227|0x00000000ee300000, 0x00000000ee400000, 0x00000000ee400000|100%| E|CS|TAMS 0x00000000ee300000, 0x00000000ee300000| Complete 
| 228|0x00000000ee400000, 0x00000000ee500000, 0x00000000ee500000|100%| E|CS|TAMS 0x00000000ee400000, 0x00000000ee400000| Complete 
| 229|0x00000000ee500000, 0x00000000ee600000, 0x00000000ee600000|100%| E|CS|TAMS 0x00000000ee500000, 0x00000000ee500000| Complete 
| 230|0x00000000ee600000, 0x00000000ee700000, 0x00000000ee700000|100%| E|CS|TAMS 0x00000000ee600000, 0x00000000ee600000| Complete 
| 231|0x00000000ee700000, 0x00000000ee800000, 0x00000000ee800000|100%| E|CS|TAMS 0x00000000ee700000, 0x00000000ee700000| Complete 
| 232|0x00000000ee800000, 0x00000000ee900000, 0x00000000ee900000|100%| E|CS|TAMS 0x00000000ee800000, 0x00000000ee800000| Complete 
| 233|0x00000000ee900000, 0x00000000eea00000, 0x00000000eea00000|100%| E|CS|TAMS 0x00000000ee900000, 0x00000000ee900000| Complete 
| 234|0x00000000eea00000, 0x00000000eeb00000, 0x00000000eeb00000|100%| E|CS|TAMS 0x00000000eea00000, 0x00000000eea00000| Complete 
| 235|0x00000000eeb00000, 0x00000000eec00000, 0x00000000eec00000|100%| E|CS|TAMS 0x00000000eeb00000, 0x00000000eeb00000| Complete 
| 236|0x00000000eec00000, 0x00000000eed00000, 0x00000000eed00000|100%| E|CS|TAMS 0x00000000eec00000, 0x00000000eec00000| Complete 
| 237|0x00000000eed00000, 0x00000000eee00000, 0x00000000eee00000|100%| E|CS|TAMS 0x00000000eed00000, 0x00000000eed00000| Complete 
| 238|0x00000000eee00000, 0x00000000eef00000, 0x00000000eef00000|100%| E|CS|TAMS 0x00000000eee00000, 0x00000000eee00000| Complete 
| 239|0x00000000eef00000, 0x00000000ef000000, 0x00000000ef000000|100%| E|CS|TAMS 0x00000000eef00000, 0x00000000eef00000| Complete 
| 240|0x00000000ef000000, 0x00000000ef100000, 0x00000000ef100000|100%| E|CS|TAMS 0x00000000ef000000, 0x00000000ef000000| Complete 
| 241|0x00000000ef100000, 0x00000000ef200000, 0x00000000ef200000|100%| E|CS|TAMS 0x00000000ef100000, 0x00000000ef100000| Complete 
| 242|0x00000000ef200000, 0x00000000ef300000, 0x00000000ef300000|100%| E|CS|TAMS 0x00000000ef200000, 0x00000000ef200000| Complete 
| 243|0x00000000ef300000, 0x00000000ef400000, 0x00000000ef400000|100%| E|CS|TAMS 0x00000000ef300000, 0x00000000ef300000| Complete 
| 244|0x00000000ef400000, 0x00000000ef500000, 0x00000000ef500000|100%| E|CS|TAMS 0x00000000ef400000, 0x00000000ef400000| Complete 
| 245|0x00000000ef500000, 0x00000000ef600000, 0x00000000ef600000|100%| E|CS|TAMS 0x00000000ef500000, 0x00000000ef500000| Complete 
| 246|0x00000000ef600000, 0x00000000ef700000, 0x00000000ef700000|100%| E|CS|TAMS 0x00000000ef600000, 0x00000000ef600000| Complete 
| 247|0x00000000ef700000, 0x00000000ef800000, 0x00000000ef800000|100%| E|CS|TAMS 0x00000000ef700000, 0x00000000ef700000| Complete 
| 248|0x00000000ef800000, 0x00000000ef900000, 0x00000000ef900000|100%| E|CS|TAMS 0x00000000ef800000, 0x00000000ef800000| Complete 
| 249|0x00000000ef900000, 0x00000000efa00000, 0x00000000efa00000|100%| E|CS|TAMS 0x00000000ef900000, 0x00000000ef900000| Complete 
| 250|0x00000000efa00000, 0x00000000efb00000, 0x00000000efb00000|100%| E|CS|TAMS 0x00000000efa00000, 0x00000000efa00000| Complete 
| 251|0x00000000efb00000, 0x00000000efc00000, 0x00000000efc00000|100%| E|CS|TAMS 0x00000000efb00000, 0x00000000efb00000| Complete 
| 252|0x00000000efc00000, 0x00000000efd00000, 0x00000000efd00000|100%| E|CS|TAMS 0x00000000efc00000, 0x00000000efc00000| Complete 
| 253|0x00000000efd00000, 0x00000000efe00000, 0x00000000efe00000|100%| E|CS|TAMS 0x00000000efd00000, 0x00000000efd00000| Complete 
| 254|0x00000000efe00000, 0x00000000eff00000, 0x00000000eff00000|100%| E|CS|TAMS 0x00000000efe00000, 0x00000000efe00000| Complete 
| 255|0x00000000eff00000, 0x00000000f0000000, 0x00000000f0000000|100%| E|CS|TAMS 0x00000000eff00000, 0x00000000eff00000| Complete 

Card table byte_map: [0x000002629d900000,0x000002629da00000] _byte_map_base: 0x000002629d200000

Marking Bits (Prev, Next): (CMBitMap*) 0x0000026286a27f50, (CMBitMap*) 0x0000026286a27f90
 Prev Bits: [0x000002629db00000, 0x000002629e300000)
 Next Bits: [0x000002629e300000, 0x000002629eb00000)

Polling page: 0x00000262849d0000

Metaspace:

Usage:
  Non-class:     11.74 MB used.
      Class:      1.87 MB used.
       Both:     13.60 MB used.

Virtual space:
  Non-class space:       64.00 MB reserved,      11.88 MB ( 19%) committed,  1 nodes.
      Class space:      320.00 MB reserved,       2.00 MB ( <1%) committed,  1 nodes.
             Both:      384.00 MB reserved,      13.88 MB (  4%) committed. 

Chunk freelists:
   Non-Class:  4.09 MB
       Class:  14.03 MB
        Both:  18.12 MB

MaxMetaspaceSize: 384.00 MB
CompressedClassSpaceSize: 320.00 MB
Initial GC threshold: 21.00 MB
Current GC threshold: 21.00 MB
CDS: on
MetaspaceReclaimPolicy: balanced
 - commit_granule_bytes: 65536.
 - commit_granule_words: 8192.
 - virtual_space_node_default_size: 8388608.
 - enlarge_chunks_in_place: 1.
 - new_chunks_are_fully_committed: 0.
 - uncommit_free_chunks: 1.
 - use_allocation_guard: 0.
 - handle_deallocations: 1.


Internal statistics:

num_allocs_failed_limit: 0.
num_arena_births: 196.
num_arena_deaths: 0.
num_vsnodes_births: 2.
num_vsnodes_deaths: 0.
num_space_committed: 222.
num_space_uncommitted: 0.
num_chunks_returned_to_freelist: 0.
num_chunks_taken_from_freelist: 606.
num_chunk_merges: 0.
num_chunk_splits: 408.
num_chunks_enlarged: 304.
num_inconsistent_stats: 0.

CodeHeap 'non-profiled nmethods': size=120000Kb used=1409Kb max_used=1409Kb free=118590Kb
 bounds [0x0000026295d80000, 0x0000026295ff0000, 0x000002629d2b0000]
CodeHeap 'profiled nmethods': size=120000Kb used=4685Kb max_used=4685Kb free=115314Kb
 bounds [0x000002628e2b0000, 0x000002628e750000, 0x00000262957e0000]
CodeHeap 'non-nmethods': size=5760Kb used=1217Kb max_used=1257Kb free=4542Kb
 bounds [0x00000262957e0000, 0x0000026295a50000, 0x0000026295d80000]
 total_blobs=2948 nmethods=2426 adapters=434
 compilation: enabled
              stopped_count=0, restarted_count=0
 full_count=0

Compilation events (20 events):
Event: 38.194 Thread 0x00000262a174ec20 2419       3       jdk.internal.org.objectweb.asm.Handler::<init> (32 bytes)
Event: 38.194 Thread 0x00000262a174ec20 nmethod 2419 0x000002628e728d90 code [0x000002628e728f40, 0x000002628e729218]
Event: 38.194 Thread 0x00000262a174ec20 2420       3       jdk.internal.org.objectweb.asm.Frame::getAbstractTypeFromInternalName (9 bytes)
Event: 38.194 Thread 0x00000262a174ec20 nmethod 2420 0x000002628e729310 code [0x000002628e7294a0, 0x000002628e7295c8]
Event: 38.195 Thread 0x00000262a174ec20 2422       3       org.gradle.internal.service.DefaultServiceRegistry$FactoryService::<init> (14 bytes)
Event: 38.195 Thread 0x00000262a174ec20 nmethod 2422 0x000002628e729690 code [0x000002628e729840, 0x000002628e7299e8]
Event: 38.195 Thread 0x00000262a174ec20 2423       3       org.gradle.internal.service.DefaultServiceRegistry::access$2700 (6 bytes)
Event: 38.195 Thread 0x00000262a174ec20 nmethod 2423 0x000002628e729a90 code [0x000002628e729c20, 0x000002628e729d28]
Event: 38.204 Thread 0x00000262a174ec20 2424       3       jdk.internal.misc.Unsafe::getAndAddInt (27 bytes)
Event: 38.204 Thread 0x00000262a174ec20 nmethod 2424 0x000002628e729e10 code [0x000002628e729fc0, 0x000002628e72a208]
Event: 38.256 Thread 0x00000262a174ec20 2425       3       java.lang.invoke.DirectMethodHandle$Holder::invokeStatic (21 bytes)
Event: 38.256 Thread 0x00000262a174ec20 nmethod 2425 0x000002628e72a310 code [0x000002628e72a4e0, 0x000002628e72a9d8]
Event: 38.256 Thread 0x00000262a174ec20 2426       3       java.lang.StringConcatHelper::prepend (22 bytes)
Event: 38.256 Thread 0x00000262a174ec20 nmethod 2426 0x000002628e72ab10 code [0x000002628e72acc0, 0x000002628e72ae58]
Event: 38.256 Thread 0x00000262a174ec20 2427       3       java.util.stream.Collectors$$Lambda$70/0x00000262a30741c0::accept (14 bytes)
Event: 38.256 Thread 0x00000262a174ec20 nmethod 2427 0x000002628e72af10 code [0x000002628e72b0e0, 0x000002628e72b6a8]
Event: 38.264 Thread 0x00000262a174e050 nmethod 2398 0x0000026295ed2e10 code [0x0000026295ed3c80, 0x0000026295edbd80]
Event: 38.264 Thread 0x00000262a174e050 2410       4       java.lang.ref.SoftReference::get (29 bytes)
Event: 38.266 Thread 0x00000262a174e050 nmethod 2410 0x0000026295edfc90 code [0x0000026295edfe00, 0x0000026295edfef8]
Event: 38.406 Thread 0x00000262a174e050 2428       4       java.util.HashMap$KeyIterator::next (8 bytes)

GC Heap History (4 events):
Event: 2.402 GC heap before
{Heap before GC invocations=0 (full 0):
 garbage-first heap   total 262144K, used 23552K [0x00000000e0000000, 0x0000000100000000)
  region size 1024K, 23 young (23552K), 0 survivors (0K)
 Metaspace       used 818K, committed 896K, reserved 393216K
  class space    used 65K, committed 128K, reserved 327680K
}
Event: 3.298 GC heap after
{Heap after GC invocations=1 (full 0):
 garbage-first heap   total 262144K, used 1503K [0x00000000e0000000, 0x0000000100000000)
  region size 1024K, 2 young (2048K), 2 survivors (2048K)
 Metaspace       used 818K, committed 896K, reserved 393216K
  class space    used 65K, committed 128K, reserved 327680K
}
Event: 10.486 GC heap before
{Heap before GC invocations=1 (full 0):
 garbage-first heap   total 262144K, used 40415K [0x00000000e0000000, 0x0000000100000000)
  region size 1024K, 36 young (36864K), 2 survivors (2048K)
 Metaspace       used 4314K, committed 4544K, reserved 393216K
  class space    used 544K, committed 640K, reserved 327680K
}
Event: 10.489 GC heap after
{Heap after GC invocations=2 (full 0):
 garbage-first heap   total 262144K, used 11795K [0x00000000e0000000, 0x0000000100000000)
  region size 1024K, 5 young (5120K), 5 survivors (5120K)
 Metaspace       used 4314K, committed 4544K, reserved 393216K
  class space    used 544K, committed 640K, reserved 327680K
}

Deoptimization events (20 events):
Event: 36.777 Thread 0x00000262bb1e9970 DEOPT PACKING pc=0x000002628e649788 sp=0x0000007382afeae0
Event: 36.777 Thread 0x00000262bb1e9970 DEOPT UNPACKING pc=0x0000026295832b43 sp=0x0000007382afdfe8 mode 0
Event: 36.827 Thread 0x00000262bb1eb7d0 Uncommon trap: trap_request=0xffffff45 fr.pc=0x0000026295e867dc relative=0x00000000000003fc
Event: 36.827 Thread 0x00000262bb1eb7d0 Uncommon trap: reason=unstable_if action=reinterpret pc=0x0000026295e867dc method=java.util.HashMap.getNode(Ljava/lang/Object;)Ljava/util/HashMap$Node; @ 66 c2
Event: 36.829 Thread 0x00000262bb1eb7d0 DEOPT PACKING pc=0x0000026295e867dc sp=0x0000007382dfc220
Event: 36.829 Thread 0x00000262bb1eb7d0 DEOPT UNPACKING pc=0x00000262958323a3 sp=0x0000007382dfc160 mode 2
Event: 36.830 Thread 0x00000262bb1eb7d0 Uncommon trap: trap_request=0xffffff45 fr.pc=0x0000026295dc6810 relative=0x00000000000003d0
Event: 36.830 Thread 0x00000262bb1eb7d0 Uncommon trap: reason=unstable_if action=reinterpret pc=0x0000026295dc6810 method=java.util.HashMap.getNode(Ljava/lang/Object;)Ljava/util/HashMap$Node; @ 66 c2
Event: 36.832 Thread 0x00000262bb1eb7d0 DEOPT PACKING pc=0x0000026295dc6810 sp=0x0000007382dfc1e0
Event: 36.832 Thread 0x00000262bb1eb7d0 DEOPT UNPACKING pc=0x00000262958323a3 sp=0x0000007382dfc160 mode 2
Event: 36.914 Thread 0x00000262bb1eb7d0 Uncommon trap: trap_request=0xffffff45 fr.pc=0x0000026295e60270 relative=0x00000000000003b0
Event: 36.914 Thread 0x00000262bb1eb7d0 Uncommon trap: reason=unstable_if action=reinterpret pc=0x0000026295e60270 method=java.util.concurrent.ConcurrentHashMap.get(Ljava/lang/Object;)Ljava/lang/Object; @ 76 c2
Event: 36.914 Thread 0x00000262bb1eb7d0 DEOPT PACKING pc=0x0000026295e60270 sp=0x0000007382dfb750
Event: 36.914 Thread 0x00000262bb1eb7d0 DEOPT UNPACKING pc=0x00000262958323a3 sp=0x0000007382dfb6c8 mode 2
Event: 36.979 Thread 0x00000262bb1eb7d0 Uncommon trap: trap_request=0xffffff45 fr.pc=0x0000026295e616b8 relative=0x0000000000000198
Event: 36.979 Thread 0x00000262bb1eb7d0 Uncommon trap: reason=unstable_if action=reinterpret pc=0x0000026295e616b8 method=java.util.WeakHashMap.expungeStaleEntries()V @ 9 c2
Event: 36.979 Thread 0x00000262bb1eb7d0 DEOPT PACKING pc=0x0000026295e616b8 sp=0x0000007382dfb3c0
Event: 36.979 Thread 0x00000262bb1eb7d0 DEOPT UNPACKING pc=0x00000262958323a3 sp=0x0000007382dfb358 mode 2
Event: 38.394 Thread 0x00000262bb1eb7d0 DEOPT PACKING pc=0x000002628e66246a sp=0x0000007382dfc9d0
Event: 38.394 Thread 0x00000262bb1eb7d0 DEOPT UNPACKING pc=0x0000026295832b43 sp=0x0000007382dfbee0 mode 0

Classes unloaded (0 events):
No events

Classes redefined (0 events):
No events

Internal exceptions (20 events):
Event: 15.833 Thread 0x00000262869f9a10 Exception <a 'java/lang/NoSuchMethodError'{0x00000000ea6c8a08}: 'java.lang.Object java.lang.invoke.DirectMethodHandle$Holder.invokeStaticInit(java.lang.Object, java.lang.Object, int, int, int, int)'> (0x00000000ea6c8a08) 
thrown [s\open\src\hotspot\share\interpreter\linkResolver.cpp, line 759]
Event: 16.521 Thread 0x00000262869f9a10 Exception <a 'java/lang/NoSuchMethodError'{0x00000000ea4f0470}: 'void java.lang.invoke.DirectMethodHandle$Holder.invokeStatic(java.lang.Object, java.lang.Object, java.lang.Object)'> (0x00000000ea4f0470) 
thrown [s\open\src\hotspot\share\interpreter\linkResolver.cpp, line 759]
Event: 16.722 Thread 0x00000262869f9a10 Exception <a 'java/io/IOException'{0x00000000ea25d4c8}> (0x00000000ea25d4c8) 
thrown [s\open\src\hotspot\share\prims\jni.cpp, line 516]
Event: 16.725 Thread 0x00000262869f9a10 Implicit null exception at 0x0000026295dc91f9 to 0x0000026295dc9d38
Event: 16.732 Thread 0x00000262869f9a10 Exception <a 'java/lang/NoSuchMethodError'{0x00000000ea2c5eb8}: 'java.lang.Object java.lang.invoke.DirectMethodHandle$Holder.newInvokeSpecial(java.lang.Object, java.lang.Object, java.lang.Object, java.lang.Object, java.lang.Object)'> (0x00000000ea2c5eb8) 
thrown [s\open\src\hotspot\share\interpreter\linkResolver.cpp, line 759]
Event: 35.877 Thread 0x00000262bb1ea390 Exception <a 'java/lang/NoSuchMethodError'{0x00000000e9c6d5d0}: static Lorg/gradle/tooling/internal/provider/serialization/ClassLoaderDetails;.<clinit>()V> (0x00000000e9c6d5d0) 
thrown [s\open\src\hotspot\share\prims\jni.cpp, line 1107]
Event: 35.880 Thread 0x00000262bb1ea390 Exception <a 'java/lang/NoSuchMethodError'{0x00000000e9c882b0}: static Lorg/gradle/internal/classloader/ClassLoaderSpec;.<clinit>()V> (0x00000000e9c882b0) 
thrown [s\open\src\hotspot\share\prims\jni.cpp, line 1107]
Event: 35.882 Thread 0x00000262bb1ea390 Exception <a 'java/lang/NoSuchMethodError'{0x00000000e9c91aa0}: static Lorg/gradle/tooling/internal/provider/serialization/WellKnownClassLoaderRegistry$KnownClassLoaderSpec;.<clinit>()V> (0x00000000e9c91aa0) 
thrown [s\open\src\hotspot\share\prims\jni.cpp, line 1107]
Event: 35.887 Thread 0x00000262bb1ea390 Exception <a 'java/lang/NoSuchMethodError'{0x00000000e9ca93b8}: static Lorg/gradle/tooling/internal/provider/serialization/ClientOwnedClassLoaderSpec;.<clinit>()V> (0x00000000e9ca93b8) 
thrown [s\open\src\hotspot\share\prims\jni.cpp, line 1107]
Event: 35.984 Thread 0x00000262bb1e9e80 Exception <a 'java/lang/NoSuchMethodError'{0x00000000e9b341e0}: 'void java.lang.invoke.DirectMethodHandle$Holder.invokeSpecial(java.lang.Object, java.lang.Object, java.lang.Object)'> (0x00000000e9b341e0) 
thrown [s\open\src\hotspot\share\interpreter\linkResolver.cpp, line 759]
Event: 36.153 Thread 0x00000262bb1eb7d0 Exception <a 'java/lang/NoSuchMethodError'{0x00000000e980bd00}: 'long java.lang.invoke.DirectMethodHandle$Holder.invokeInterface(java.lang.Object, java.lang.Object)'> (0x00000000e980bd00) 
thrown [s\open\src\hotspot\share\interpreter\linkResolver.cpp, line 759]
Event: 36.245 Thread 0x00000262bb1eb7d0 Exception <a 'java/lang/NoSuchMethodError'{0x00000000e94e65c0}: 'void java.lang.invoke.DirectMethodHandle$Holder.invokeStatic(java.lang.Object, java.lang.Object)'> (0x00000000e94e65c0) 
thrown [s\open\src\hotspot\share\interpreter\linkResolver.cpp, line 759]
Event: 37.011 Thread 0x00000262bb1eb7d0 Exception <a 'java/lang/NoSuchMethodError'{0x00000000e90281a8}: 'int java.lang.invoke.DirectMethodHandle$Holder.invokeVirtual(java.lang.Object, java.lang.Object, java.lang.Object)'> (0x00000000e90281a8) 
thrown [s\open\src\hotspot\share\interpreter\linkResolver.cpp, line 759]
Event: 37.351 Thread 0x00000262bb1eb7d0 Exception <a 'java/lang/NoSuchMethodError'{0x00000000e8edd840}: 'java.lang.Object java.lang.invoke.DirectMethodHandle$Holder.newInvokeSpecial(java.lang.Object, java.lang.Object, java.lang.Object, java.lang.Object, java.lang.Object, java.lang.Object)'> (0x00000000e8edd840) 
thrown [s\open\src\hotspot\share\interpreter\linkResolver.cpp, line 759]
Event: 37.353 Thread 0x00000262bb1eb7d0 Exception <a 'java/lang/NoSuchMethodError'{0x00000000e8efa0a8}: 'void java.lang.invoke.DirectMethodHandle$Holder.invokeSpecial(java.lang.Object, java.lang.Object, java.lang.Object, java.lang.Object, java.lang.Object)'> (0x00000000e8efa0a8) 
thrown [s\open\src\hotspot\share\interpreter\linkResolver.cpp, line 759]
Event: 37.355 Thread 0x00000262bb1eb7d0 Exception <a 'java/lang/NoSuchMethodError'{0x00000000e8d0f250}: 'void java.lang.invoke.DirectMethodHandle$Holder.invokeStaticInit(java.lang.Object, java.lang.Object)'> (0x00000000e8d0f250) 
thrown [s\open\src\hotspot\share\interpreter\linkResolver.cpp, line 759]
Event: 37.903 Thread 0x00000262bb1eb7d0 Exception <a 'java/lang/NoSuchMethodError'{0x00000000e8a0db30}: 'void java.lang.invoke.DelegatingMethodHandle$Holder.reinvoke_L(java.lang.Object, java.lang.Object, java.lang.Object, java.lang.Object, java.lang.Object, java.lang.Object, java.lang.Object, java.lang.Object, java.lang.Object, java.lang.Object)'> (0x00000000e8a0db30) 
thrown [s\open\src\hotspot\share\interpreter\linkResolver.cpp, line 759]
Event: 37.904 Thread 0x00000262bb1eb7d0 Exception <a 'java/lang/NoSuchMethodError'{0x00000000e8a15fa0}: 'java.lang.Object java.lang.invoke.DirectMethodHandle$Holder.invokeSpecial(java.lang.Object, java.lang.Object, java.lang.Object, java.lang.Object, java.lang.Object, java.lang.Object, java.lang.Object, java.lang.Object, java.lang.Object, java.lang.Object)'> (0x00000000e8a15fa0) 
thrown [s\open\src\hotspot\share\interpreter\linkResolver.cpp, line 759]
Event: 37.904 Thread 0x00000262bb1eb7d0 Exception <a 'java/lang/NoSuchMethodError'{0x00000000e8a1a870}: 'java.lang.Object java.lang.invoke.Invokers$Holder.invoker(java.lang.Object, java.lang.Object, java.lang.Object, java.lang.Object, java.lang.Object, java.lang.Object, java.lang.Object, java.lang.Object, java.lang.Object, java.lang.Object)'> (0x00000000e8a1a870) 
thrown [s\open\src\hotspot\share\interpreter\linkResolver.cpp, line 759]
Event: 37.904 Thread 0x00000262bb1eb7d0 Exception <a 'java/lang/NoSuchMethodError'{0x00000000e8a20478}: 'java.lang.Object java.lang.invoke.DirectMethodHandle$Holder.invokeSpecial(java.lang.Object, java.lang.Object, java.lang.Object, java.lang.Object, java.lang.Object, java.lang.Object, java.lang.Object, java.lang.Object, java.lang.Object, java.lang.Object, java.lang.Object)'> (0x00000000e8a20478) 
thrown [s\open\src\hotspot\share\interpreter\linkResolver.cpp, line 759]

VM Operations (20 events):
Event: 22.667 Executing VM operation: Cleanup
Event: 22.667 Executing VM operation: Cleanup done
Event: 23.680 Executing VM operation: Cleanup
Event: 23.686 Executing VM operation: Cleanup done
Event: 24.696 Executing VM operation: Cleanup
Event: 24.697 Executing VM operation: Cleanup done
Event: 27.733 Executing VM operation: Cleanup
Event: 27.733 Executing VM operation: Cleanup done
Event: 28.748 Executing VM operation: Cleanup
Event: 28.748 Executing VM operation: Cleanup done
Event: 32.794 Executing VM operation: Cleanup
Event: 32.794 Executing VM operation: Cleanup done
Event: 34.806 Executing VM operation: Cleanup
Event: 34.807 Executing VM operation: Cleanup done
Event: 35.821 Executing VM operation: Cleanup
Event: 35.837 Executing VM operation: Cleanup done
Event: 36.845 Executing VM operation: Cleanup
Event: 36.847 Executing VM operation: Cleanup done
Event: 37.852 Executing VM operation: Cleanup
Event: 37.856 Executing VM operation: Cleanup done

Events (20 events):
Event: 36.903 loading class jdk/internal/vm/annotation/IntrinsicCandidate
Event: 36.913 loading class jdk/internal/vm/annotation/IntrinsicCandidate done
Event: 36.915 loading class java/util/stream/MatchOps$MatchKind
Event: 36.929 loading class java/util/stream/MatchOps$MatchKind done
Event: 36.929 loading class java/util/stream/MatchOps
Event: 36.941 loading class java/util/stream/MatchOps done
Event: 36.941 loading class java/util/stream/MatchOps$MatchOp
Event: 36.952 loading class java/util/stream/MatchOps$MatchOp done
Event: 36.952 loading class java/util/stream/MatchOps$BooleanTerminalSink
Event: 36.952 loading class java/util/stream/MatchOps$BooleanTerminalSink done
Event: 36.953 loading class java/util/stream/MatchOps$1MatchSink
Event: 36.966 loading class java/util/stream/MatchOps$1MatchSink done
Event: 37.244 loading class java/lang/TypeNotPresentException
Event: 37.253 loading class java/lang/TypeNotPresentException done
Event: 37.306 loading class java/lang/invoke/MethodHandle$1
Event: 37.315 loading class java/lang/invoke/MethodHandle$1 done
Event: 37.513 loading class java/util/ConcurrentModificationException
Event: 37.524 loading class java/util/ConcurrentModificationException done
Event: 37.770 loading class sun/reflect/generics/scope/ConstructorScope
Event: 37.770 loading class sun/reflect/generics/scope/ConstructorScope done


Dynamic libraries:
0x00007ff75e3d0000 - 0x00007ff75e3e0000 	C:\Program Files\Java\jdk-17\bin\java.exe
0x00007ffb413f0000 - 0x00007ffb415e8000 	C:\Windows\SYSTEM32\ntdll.dll
0x00007ffb40440000 - 0x00007ffb40502000 	C:\Windows\System32\KERNEL32.DLL
0x00007ffb3f090000 - 0x00007ffb3f386000 	C:\Windows\System32\KERNELBASE.dll
0x00007ffb3edd0000 - 0x00007ffb3eed0000 	C:\Windows\System32\ucrtbase.dll
0x00007ffb0d2b0000 - 0x00007ffb0d2cb000 	C:\Program Files\Java\jdk-17\bin\VCRUNTIME140.dll
0x00007ffb104a0000 - 0x00007ffb104b9000 	C:\Program Files\Java\jdk-17\bin\jli.dll
0x00007ffb40dc0000 - 0x00007ffb40e71000 	C:\Windows\System32\ADVAPI32.dll
0x00007ffb41070000 - 0x00007ffb4110e000 	C:\Windows\System32\msvcrt.dll
0x00007ffb3f410000 - 0x00007ffb3f4af000 	C:\Windows\System32\sechost.dll
0x00007ffb41280000 - 0x00007ffb413a3000 	C:\Windows\System32\RPCRT4.dll
0x00007ffb3f3e0000 - 0x00007ffb3f407000 	C:\Windows\System32\bcrypt.dll
0x00007ffb3f4b0000 - 0x00007ffb3f64d000 	C:\Windows\System32\USER32.dll
0x00007ffb3ea80000 - 0x00007ffb3eaa2000 	C:\Windows\System32\win32u.dll
0x00007ffb411c0000 - 0x00007ffb411eb000 	C:\Windows\System32\GDI32.dll
0x00007ffb3eed0000 - 0x00007ffb3efe9000 	C:\Windows\System32\gdi32full.dll
0x00007ffb3eff0000 - 0x00007ffb3f08d000 	C:\Windows\System32\msvcp_win.dll
0x00007ffb31bc0000 - 0x00007ffb31e5a000 	C:\Windows\WinSxS\amd64_microsoft.windows.common-controls_6595b64144ccf1df_6.0.19041.5915_none_60b4b9d171f9c7c7\COMCTL32.dll
0x00007ffb34f70000 - 0x00007ffb34f7a000 	C:\Windows\SYSTEM32\VERSION.dll
0x00007ffb40340000 - 0x00007ffb4036f000 	C:\Windows\System32\IMM32.DLL
0x00007ffb17650000 - 0x00007ffb1765c000 	C:\Program Files\Java\jdk-17\bin\vcruntime140_1.dll
0x00007ffb0aa90000 - 0x00007ffb0ab1e000 	C:\Program Files\Java\jdk-17\bin\msvcp140.dll
0x00007ffaeb8c0000 - 0x00007ffaec49f000 	C:\Program Files\Java\jdk-17\bin\server\jvm.dll
0x00007ffb40c80000 - 0x00007ffb40c88000 	C:\Windows\System32\PSAPI.DLL
0x00007ffb1f0a0000 - 0x00007ffb1f0a9000 	C:\Windows\SYSTEM32\WSOCK32.dll
0x00007ffb40cf0000 - 0x00007ffb40d5b000 	C:\Windows\System32\WS2_32.dll
0x00007ffb33e40000 - 0x00007ffb33e67000 	C:\Windows\SYSTEM32\WINMM.dll
0x00007ffb3d280000 - 0x00007ffb3d292000 	C:\Windows\SYSTEM32\kernel.appcore.dll
0x00007ffb15440000 - 0x00007ffb1544a000 	C:\Program Files\Java\jdk-17\bin\jimage.dll
0x00007ffb37b20000 - 0x00007ffb37d21000 	C:\Windows\SYSTEM32\DBGHELP.DLL
0x00007ffb36bf0000 - 0x00007ffb36c24000 	C:\Windows\SYSTEM32\dbgcore.DLL
0x00007ffb3eb60000 - 0x00007ffb3ebe2000 	C:\Windows\System32\bcryptPrimitives.dll
0x00007ffb152b0000 - 0x00007ffb152be000 	C:\Program Files\Java\jdk-17\bin\instrument.dll
0x00007ffb0aa60000 - 0x00007ffb0aa85000 	C:\Program Files\Java\jdk-17\bin\java.dll
0x00007ffb0a980000 - 0x00007ffb0aa57000 	C:\Program Files\Java\jdk-17\bin\jsvml.dll
0x00007ffb40510000 - 0x00007ffb40c7e000 	C:\Windows\System32\SHELL32.dll
0x00007ffb3cac0000 - 0x00007ffb3d264000 	C:\Windows\SYSTEM32\windows.storage.dll
0x00007ffb3ff30000 - 0x00007ffb40283000 	C:\Windows\System32\combase.dll
0x00007ffb3e3d0000 - 0x00007ffb3e3fb000 	C:\Windows\SYSTEM32\Wldp.dll
0x00007ffb40370000 - 0x00007ffb4043d000 	C:\Windows\System32\OLEAUT32.dll
0x00007ffb40fc0000 - 0x00007ffb4106d000 	C:\Windows\System32\SHCORE.dll
0x00007ffb40f60000 - 0x00007ffb40fbb000 	C:\Windows\System32\shlwapi.dll
0x00007ffb3e9b0000 - 0x00007ffb3e9d5000 	C:\Windows\SYSTEM32\profapi.dll
0x00007ffb0a960000 - 0x00007ffb0a978000 	C:\Program Files\Java\jdk-17\bin\zip.dll
0x00007ffb2b180000 - 0x00007ffb2b199000 	C:\Program Files\Java\jdk-17\bin\net.dll
0x00007ffb37990000 - 0x00007ffb37a9a000 	C:\Windows\SYSTEM32\WINHTTP.dll
0x00007ffb3e1b0000 - 0x00007ffb3e21a000 	C:\Windows\system32\mswsock.dll
0x00007ffb18030000 - 0x00007ffb18046000 	C:\Program Files\Java\jdk-17\bin\nio.dll
0x00007ffb3b190000 - 0x00007ffb3b1a0000 	C:\Program Files\Java\jdk-17\bin\verify.dll
0x00007ffb0b360000 - 0x00007ffb0b387000 	C:\Users\Александр\.gradle\native\c067742578af261105cb4f569cf0c3c89f3d7b1fecec35dd04571415982c5e48\windows-amd64\native-platform.dll
0x00007ffb0aef0000 - 0x00007ffb0b034000 	C:\Users\Александр\.gradle\native\100fb08df4bc3b14c8652ba06237920a3bd2aa13389f12d3474272988ae205f9\windows-amd64\native-platform-file-events.dll
0x00007ffb331b0000 - 0x00007ffb331ba000 	C:\Program Files\Java\jdk-17\bin\management.dll
0x00007ffb18020000 - 0x00007ffb1802b000 	C:\Program Files\Java\jdk-17\bin\management_ext.dll
0x00007ffb3e410000 - 0x00007ffb3e428000 	C:\Windows\SYSTEM32\CRYPTSP.dll
0x00007ffb3da80000 - 0x00007ffb3dab8000 	C:\Windows\system32\rsaenh.dll
0x00007ffb3e930000 - 0x00007ffb3e95e000 	C:\Windows\SYSTEM32\USERENV.dll
0x00007ffb3e340000 - 0x00007ffb3e34c000 	C:\Windows\SYSTEM32\CRYPTBASE.dll
0x00007ffb3de60000 - 0x00007ffb3de9b000 	C:\Windows\SYSTEM32\IPHLPAPI.DLL
0x00007ffb41270000 - 0x00007ffb41278000 	C:\Windows\System32\NSI.dll
0x00007ffb3bab0000 - 0x00007ffb3bac7000 	C:\Windows\SYSTEM32\dhcpcsvc6.DLL
0x00007ffb3bb10000 - 0x00007ffb3bb2d000 	C:\Windows\SYSTEM32\dhcpcsvc.DLL
0x00007ffb3deb0000 - 0x00007ffb3df7a000 	C:\Windows\SYSTEM32\DNSAPI.dll
0x00007ffb17ff0000 - 0x00007ffb17ffe000 	C:\Program Files\Java\jdk-17\bin\sunmscapi.dll
0x00007ffb3ebf0000 - 0x00007ffb3ed4d000 	C:\Windows\System32\CRYPT32.dll
0x00007ffb3e500000 - 0x00007ffb3e527000 	C:\Windows\SYSTEM32\ncrypt.dll
0x00007ffb3e4c0000 - 0x00007ffb3e4fb000 	C:\Windows\SYSTEM32\NTASN1.dll
0x00007ffb27420000 - 0x00007ffb27427000 	C:\Windows\system32\wshunix.dll

dbghelp: loaded successfully - version: 4.0.5 - missing functions: none
symbol engine: initialized successfully - sym options: 0x614 - pdb path: .;C:\Program Files\Java\jdk-17\bin;C:\Windows\SYSTEM32;C:\Windows\WinSxS\amd64_microsoft.windows.common-controls_6595b64144ccf1df_6.0.19041.5915_none_60b4b9d171f9c7c7;C:\Program Files\Java\jdk-17\bin\server;C:\Users\Александр\.gradle\native\c067742578af261105cb4f569cf0c3c89f3d7b1fecec35dd04571415982c5e48\windows-amd64;C:\Users\Александр\.gradle\native\100fb08df4bc3b14c8652ba06237920a3bd2aa13389f12d3474272988ae205f9\windows-amd64

VM Arguments:
jvm_args: --add-opens=java.base/java.util=ALL-UNNAMED --add-opens=java.base/java.lang=ALL-UNNAMED --add-opens=java.base/java.lang.invoke=ALL-UNNAMED --add-opens=java.prefs/java.util.prefs=ALL-UNNAMED --add-exports=jdk.compiler/com.sun.tools.javac.api=ALL-UNNAMED --add-exports=jdk.compiler/com.sun.tools.javac.util=ALL-UNNAMED --add-opens=java.base/java.nio.charset=ALL-UNNAMED --add-opens=java.base/java.net=ALL-UNNAMED --add-opens=java.base/java.util.concurrent.atomic=ALL-UNNAMED -XX:MaxMetaspaceSize=384m -XX:+HeapDumpOnOutOfMemoryError -Xms256m -Xmx512m -Dfile.encoding=UTF-8 -Duser.country=RU -Duser.language=ru -Duser.variant -javaagent:C:\Users\Александр\.gradle\wrapper\dists\gradle-8.10.2-bin\a04bxjujx95o3nb99gddekhwo\gradle-8.10.2\lib\agents\gradle-instrumentation-agent-8.10.2.jar 
java_command: org.gradle.launcher.daemon.bootstrap.GradleDaemon 8.10.2
java_class_path (initial): C:\Users\Александр\.gradle\wrapper\dists\gradle-8.10.2-bin\a04bxjujx95o3nb99gddekhwo\gradle-8.10.2\lib\gradle-daemon-main-8.10.2.jar
Launcher Type: SUN_STANDARD

[Global flags]
     intx CICompilerCount                          = 4                                         {product} {ergonomic}
   size_t CompressedClassSpaceSize                 = 335544320                                 {product} {ergonomic}
     uint ConcGCThreads                            = 3                                         {product} {ergonomic}
     uint G1ConcRefinementThreads                  = 10                                        {product} {ergonomic}
   size_t G1HeapRegionSize                         = 1048576                                   {product} {ergonomic}
    uintx GCDrainStackTargetSize                   = 64                                        {product} {ergonomic}
     bool HeapDumpOnOutOfMemoryError               = true                                   {manageable} {command line}
   size_t InitialHeapSize                          = 268435456                                 {product} {command line}
   size_t MarkStackSize                            = 4194304                                   {product} {ergonomic}
   size_t MaxHeapSize                              = 536870912                                 {product} {command line}
   size_t MaxMetaspaceSize                         = 402653184                                 {product} {command line}
   size_t MaxNewSize                               = 321912832                                 {product} {ergonomic}
   size_t MinHeapDeltaBytes                        = 1048576                                   {product} {ergonomic}
   size_t MinHeapSize                              = 268435456                                 {product} {command line}
    uintx NonNMethodCodeHeapSize                   = 5839372                                {pd product} {ergonomic}
    uintx NonProfiledCodeHeapSize                  = 122909434                              {pd product} {ergonomic}
    uintx ProfiledCodeHeapSize                     = 122909434                              {pd product} {ergonomic}
    uintx ReservedCodeCacheSize                    = 251658240                              {pd product} {ergonomic}
     bool SegmentedCodeCache                       = true                                      {product} {ergonomic}
   size_t SoftMaxHeapSize                          = 536870912                              {manageable} {ergonomic}
     bool UseCompressedClassPointers               = true                           {product lp64_product} {ergonomic}
     bool UseCompressedOops                        = true                           {product lp64_product} {ergonomic}
     bool UseG1GC                                  = true                                      {product} {ergonomic}
     bool UseLargePagesIndividualAllocation        = false                                  {pd product} {ergonomic}

Logging:
Log output configuration:
 #0: stdout all=warning uptime,level,tags
 #1: stderr all=off uptime,level,tags

Environment Variables:
JAVA_HOME=C:\Program Files\Java\jdk-17
PATH=C:\Program Files\Common Files\Oracle\Java\javapath;C:\Windows\system32;C:\Windows;C:\Windows\System32\Wbem;C:\Windows\System32\WindowsPowerShell\v1.0\;C:\Windows\System32\OpenSSH\;C:\Gradle\bin;C:\Program Files\Git\cmd;C:\Program Files\usbipd-win\;C:\Program Files\MIT\Kerberos\bin;C:\Gradle\gradle-8.10.2\bin;C:\Program Files\Java\jdk-21\bin;C:\Program Files\dotnet\;C:\Users\Александр\AppData\Local\Programs\Python\Python310\Scripts\;C:\Users\Александр\AppData\Local\Programs\Python\Python310\;C:\Users\Александр\AppData\Local\Microsoft\WindowsApps;C:\Program Files\JetBrains\PyCharm 2022.2.1\bin;;C:\Program Files\JetBrains\IntelliJ IDEA Community Edition 2024.1.4\bin;;C:\Users\Александр\AppData\Local\Programs\Microsoft VS Code\bin;C:\Gradle\gradle-8.10.2\bin;C:\Program Files\Java\jdk-21\bin;
USERNAME=Александр
OS=Windows_NT
PROCESSOR_IDENTIFIER=Intel64 Family 6 Model 151 Stepping 5, GenuineIntel



---------------  S Y S T E M  ---------------

OS:
 Windows 10 , 64 bit Build 19041 (10.0.19041.5915)
OS uptime: 7 days 14:19 hours
Hyper-V role detected

CPU: total 12 (initial active 12) (6 cores per cpu, 2 threads per core) family 6 model 151 stepping 5 microcode 0x15, cx8, cmov, fxsr, ht, mmx, 3dnowpref, sse, sse2, sse3, ssse3, sse4.1, sse4.2, popcnt, lzcnt, tsc, tscinvbit, avx, avx2, aes, erms, clmul, bmi1, bmi2, adx, sha, fma, vzeroupper, clflush, clflushopt, clwb, hv

Memory: 4k page, system-wide physical 16225M (234M free)
TotalPageFile size 45952M (AvailPageFile size 426M)
current process WorkingSet (physical memory assigned to process): 159M, peak: 197M
current process commit charge ("private bytes"): 405M, peak: 412M

vm_info: Java HotSpot(TM) 64-Bit Server VM (17.0.10+11-LTS-240) for windows-amd64 JRE (17.0.10+11-LTS-240), built on Dec 19 2023 21:47:25 by "mach5one" with MS VC++ 17.1 (VS2022)

END.
