#
# There is insufficient memory for the Java Runtime Environment to continue.
# Native memory allocation (malloc) failed to allocate 113712 bytes for Chunk::new
# Possible reasons:
#   The system is out of physical RAM or swap space
#   The process is running with CompressedOops enabled, and the Java Heap may be blocking the growth of the native heap
# Possible solutions:
#   Reduce memory load on the system
#   Increase physical memory or swap space
#   Check if swap backing store is full
#   Decrease Java heap size (-Xmx/-Xms)
#   Decrease number of Java threads
#   Decrease Java thread stack sizes (-Xss)
#   Set larger code cache with -XX:ReservedCodeCacheSize=
#   JVM is running with Unscaled Compressed Oops mode in which the Java heap is
#     placed in the first 4GB address space. The Java Heap base address is the
#     maximum limit for the native heap growth. Please use -XX:HeapBaseMinAddress
#     to set the Java Heap base and to place the Java Heap above 4GB virtual address.
# This output file may be truncated or incomplete.
#
#  Out of Memory Error (arena.cpp:189), pid=21244, tid=17740
#
# JRE version: Java(TM) SE Runtime Environment (17.0.10+11) (build 17.0.10+11-LTS-240)
# Java VM: Java HotSpot(TM) 64-Bit Server VM (17.0.10+11-LTS-240, mixed mode, sharing, tiered, compressed oops, compressed class ptrs, g1 gc, windows-amd64)
# No core dump will be written. Minidumps are not enabled by default on client versions of Windows
#

---------------  S U M M A R Y ------------

Command Line: --add-opens=java.base/java.util=ALL-UNNAMED --add-opens=java.base/java.lang=ALL-UNNAMED --add-opens=java.base/java.lang.invoke=ALL-UNNAMED --add-opens=java.prefs/java.util.prefs=ALL-UNNAMED --add-exports=jdk.compiler/com.sun.tools.javac.api=ALL-UNNAMED --add-exports=jdk.compiler/com.sun.tools.javac.util=ALL-UNNAMED --add-opens=java.base/java.nio.charset=ALL-UNNAMED --add-opens=java.base/java.net=ALL-UNNAMED --add-opens=java.base/java.util.concurrent.atomic=ALL-UNNAMED -XX:MaxMetaspaceSize=384m -XX:+HeapDumpOnOutOfMemoryError -Xms256m -Xmx512m -Dfile.encoding=UTF-8 -Duser.country=RU -Duser.language=ru -Duser.variant -javaagent:C:\Users\¿ÎÂÍÒ‡Ì‰\.gradle\wrapper\dists\gradle-8.10.2-bin\a04bxjujx95o3nb99gddekhwo\gradle-8.10.2\lib\agents\gradle-instrumentation-agent-8.10.2.jar org.gradle.launcher.daemon.bootstrap.GradleDaemon 8.10.2

Host: 12th Gen Intel(R) Core(TM) i5-12400F, 12 cores, 15G,  Windows 10 , 64 bit Build 19041 (10.0.19041.5915)
Time: Fri Jun 27 12:38:13 2025 RTZ 2 (s 10 , 64 bit Build 19041 (10.0.19041.5915) elapsed time: 43.867133 seconds (0d 0h 0m 43s)

---------------  T H R E A D  ---------------

Current thread (0x000001cb30949f30):  JavaThread "C2 CompilerThread0" daemon [_thread_in_native, id=17740, stack(0x0000006183100000,0x0000006183200000)]


Current CompileTask:
C2:  43867 2726   !   4       jdk.internal.ref.PhantomCleanable::insert (53 bytes)

Stack: [0x0000006183100000,0x0000006183200000]
Native frames: (J=compiled Java code, j=interpreted, Vv=VM code, C=native code)
V  [jvm.dll+0x677a5a]
V  [jvm.dll+0x7d8b2d]
V  [jvm.dll+0x7da48e]
V  [jvm.dll+0x7daaf3]
V  [jvm.dll+0x2455ff]
V  [jvm.dll+0xaaafb]
V  [jvm.dll+0xab09c]
V  [jvm.dll+0x361bae]
V  [jvm.dll+0x32c211]
V  [jvm.dll+0x32b6aa]
V  [jvm.dll+0x21794f]
V  [jvm.dll+0x216d81]
V  [jvm.dll+0x1a3410]
V  [jvm.dll+0x226aeb]
V  [jvm.dll+0x224cab]
V  [jvm.dll+0x78e45c]
V  [jvm.dll+0x78888a]
V  [jvm.dll+0x676935]
C  [ucrtbase.dll+0x21bb2]
C  [KERNEL32.DLL+0x17374]
C  [ntdll.dll+0x4cc91]


---------------  P R O C E S S  ---------------

Threads class SMR info:
_java_thread_list=0x000001cb4af64750, length=26, elements={
0x000001cb15bfaa30, 0x000001cb3092f620, 0x000001cb309300f0, 0x000001cb309457b0,
0x000001cb30948190, 0x000001cb30948a60, 0x000001cb30949330, 0x000001cb30949f30,
0x000001cb3094a8f0, 0x000001cb3094c210, 0x000001cb30b633a0, 0x000001cb30baf330,
0x000001cb4b6bc290, 0x000001cb4aafb5b0, 0x000001cb4b90d760, 0x000001cb4a3810e0,
0x000001cb4bdb5920, 0x000001cb4bdb35b0, 0x000001cb4bdb6340, 0x000001cb4bdb5410,
0x000001cb4bdb5e30, 0x000001cb4bdb44e0, 0x000001cb4bdb3fd0, 0x000001cb4bdb49f0,
0x000001cb4bdb6850, 0x000001cb4bdb30a0
}

Java Threads: ( => current thread )
  0x000001cb15bfaa30 JavaThread "main" [_thread_blocked, id=7660, stack(0x0000006182400000,0x0000006182500000)]
  0x000001cb3092f620 JavaThread "Reference Handler" daemon [_thread_blocked, id=23204, stack(0x0000006182b00000,0x0000006182c00000)]
  0x000001cb309300f0 JavaThread "Finalizer" daemon [_thread_blocked, id=29584, stack(0x0000006182c00000,0x0000006182d00000)]
  0x000001cb309457b0 JavaThread "Signal Dispatcher" daemon [_thread_blocked, id=20864, stack(0x0000006182d00000,0x0000006182e00000)]
  0x000001cb30948190 JavaThread "Attach Listener" daemon [_thread_blocked, id=25424, stack(0x0000006182e00000,0x0000006182f00000)]
  0x000001cb30948a60 JavaThread "Service Thread" daemon [_thread_blocked, id=27600, stack(0x0000006182f00000,0x0000006183000000)]
  0x000001cb30949330 JavaThread "Monitor Deflation Thread" daemon [_thread_blocked, id=6628, stack(0x0000006183000000,0x0000006183100000)]
=>0x000001cb30949f30 JavaThread "C2 CompilerThread0" daemon [_thread_in_native, id=17740, stack(0x0000006183100000,0x0000006183200000)]
  0x000001cb3094a8f0 JavaThread "C1 CompilerThread0" daemon [_thread_blocked, id=22872, stack(0x0000006183200000,0x0000006183300000)]
  0x000001cb3094c210 JavaThread "Sweeper thread" daemon [_thread_blocked, id=8552, stack(0x0000006183300000,0x0000006183400000)]
  0x000001cb30b633a0 JavaThread "Common-Cleaner" daemon [_thread_blocked, id=1824, stack(0x0000006183400000,0x0000006183500000)]
  0x000001cb30baf330 JavaThread "Notification Thread" daemon [_thread_blocked, id=5516, stack(0x0000006183500000,0x0000006183600000)]
  0x000001cb4b6bc290 JavaThread "Daemon health stats" [_thread_blocked, id=14756, stack(0x0000006183d00000,0x0000006183e00000)]
  0x000001cb4aafb5b0 JavaThread "Incoming local TCP Connector on port 58344" [_thread_in_native, id=27644, stack(0x0000006183c00000,0x0000006183d00000)]
  0x000001cb4b90d760 JavaThread "Daemon periodic checks" [_thread_blocked, id=20848, stack(0x0000006183e00000,0x0000006183f00000)]
  0x000001cb4a3810e0 JavaThread "Daemon" [_thread_blocked, id=3536, stack(0x0000006183f00000,0x0000006184000000)]
  0x000001cb4bdb5920 JavaThread "Handler for socket connection from /127.0.0.1:58344 to /127.0.0.1:58403" [_thread_in_native, id=10268, stack(0x0000006184000000,0x0000006184100000)]
  0x000001cb4bdb35b0 JavaThread "Cancel handler" [_thread_blocked, id=5664, stack(0x0000006184100000,0x0000006184200000)]
  0x000001cb4bdb6340 JavaThread "Daemon worker" [_thread_in_Java, id=17228, stack(0x0000006184200000,0x0000006184300000)]
  0x000001cb4bdb5410 JavaThread "Asynchronous log dispatcher for DefaultDaemonConnection: socket connection from /127.0.0.1:58344 to /127.0.0.1:58403" [_thread_blocked, id=18744, stack(0x0000006184300000,0x0000006184400000)]
  0x000001cb4bdb5e30 JavaThread "Stdin handler" [_thread_blocked, id=23600, stack(0x0000006184400000,0x0000006184500000)]
  0x000001cb4bdb44e0 JavaThread "Daemon client event forwarder" [_thread_blocked, id=19348, stack(0x0000006184500000,0x0000006184600000)]
  0x000001cb4bdb3fd0 JavaThread "Cache worker for journal cache (C:\Users\–ê–ª–µ–∫—Å–∞–Ω–¥—Ä\.gradle\caches\journal-1)" [_thread_blocked, id=15772, stack(0x0000006184600000,0x0000006184700000)]
  0x000001cb4bdb49f0 JavaThread "File lock request listener" [_thread_in_native, id=20856, stack(0x0000006184700000,0x0000006184800000)]
  0x000001cb4bdb6850 JavaThread "File lock release action executor" [_thread_blocked, id=28928, stack(0x0000006182200000,0x0000006182300000)]
  0x000001cb4bdb30a0 JavaThread "Cache worker for file hash cache (C:\Users\–ê–ª–µ–∫—Å–∞–Ω–¥—Ä\.gradle\caches\8.10.2\fileHashes)" [_thread_blocked, id=10272, stack(0x0000006184800000,0x0000006184900000)]

Other Threads:
  0x000001cb309292f0 VMThread "VM Thread" [stack: 0x0000006182a00000,0x0000006182b00000] [id=12736]
  0x000001cb30c14d20 WatcherThread [stack: 0x0000006183600000,0x0000006183700000] [id=21664]
  0x000001cb15c2f680 GCTaskThread "GC Thread#0" [stack: 0x0000006182500000,0x0000006182600000] [id=15876]
  0x000001cb30cf3af0 GCTaskThread "GC Thread#1" [stack: 0x0000006183700000,0x0000006183800000] [id=14244]
  0x000001cb30cf3db0 GCTaskThread "GC Thread#2" [stack: 0x0000006183800000,0x0000006183900000] [id=22160]
  0x000001cb30dc89e0 GCTaskThread "GC Thread#3" [stack: 0x0000006183900000,0x0000006183a00000] [id=28004]
  0x000001cb30dc8ca0 GCTaskThread "GC Thread#4" [stack: 0x0000006183a00000,0x0000006183b00000] [id=19220]
  0x000001cb30eb2cf0 GCTaskThread "GC Thread#5" [stack: 0x0000006183b00000,0x0000006183c00000] [id=15848]
  0x000001cb4abf1c40 GCTaskThread "GC Thread#6" [stack: 0x0000006184b00000,0x0000006184c00000] [id=1216]
  0x000001cb30da2ac0 GCTaskThread "GC Thread#7" [stack: 0x0000006184c00000,0x0000006184d00000] [id=31072]
  0x000001cb4b502fd0 GCTaskThread "GC Thread#8" [stack: 0x0000006184d00000,0x0000006184e00000] [id=16344]
  0x000001cb30d44960 GCTaskThread "GC Thread#9" [stack: 0x0000006184e00000,0x0000006184f00000] [id=29164]
  0x000001cb15c35390 ConcurrentGCThread "G1 Main Marker" [stack: 0x0000006182600000,0x0000006182700000] [id=28432]
  0x000001cb15c35b50 ConcurrentGCThread "G1 Conc#0" [stack: 0x0000006182700000,0x0000006182800000] [id=22616]
  0x000001cb307ea900 ConcurrentGCThread "G1 Refine#0" [stack: 0x0000006182800000,0x0000006182900000] [id=18788]
  0x000001cb307eafe0 ConcurrentGCThread "G1 Service" [stack: 0x0000006182900000,0x0000006182a00000] [id=25636]

Threads with active compile tasks:
C2 CompilerThread0    44003 2726   !   4       jdk.internal.ref.PhantomCleanable::insert (53 bytes)

VM state: not at safepoint (normal execution)

VM Mutex/Monitor currently owned by a thread: None

Heap address: 0x00000000e0000000, size: 512 MB, Compressed Oops mode: 32-bit

CDS archive(s) mapped at: [0x000001cb31000000-0x000001cb31bd0000-0x000001cb31bd0000), size 12386304, SharedBaseAddress: 0x000001cb31000000, ArchiveRelocationMode: 1.
Compressed class space mapped at: 0x000001cb32000000-0x000001cb46000000, reserved size: 335544320
Narrow klass base: 0x000001cb31000000, Narrow klass shift: 0, Narrow klass range: 0x100000000

GC Precious Log:
 CPUs: 12 total, 12 available
 Memory: 16225M
 Large Page Support: Disabled
 NUMA Support: Disabled
 Compressed Oops: Enabled (32-bit)
 Heap Region Size: 1M
 Heap Min Capacity: 256M
 Heap Initial Capacity: 256M
 Heap Max Capacity: 512M
 Pre-touch: Disabled
 Parallel Workers: 10
 Concurrent Workers: 3
 Concurrent Refinement Workers: 10
 Periodic GC: Disabled

Heap:
 garbage-first heap   total 262144K, used 25273K [0x00000000e0000000, 0x0000000100000000)
  region size 1024K, 4 young (4096K), 2 survivors (2048K)
 Metaspace       used 18136K, committed 18368K, reserved 393216K
  class space    used 2592K, committed 2688K, reserved 327680K

Heap Regions: E=young(eden), S=young(survivor), O=old, HS=humongous(starts), HC=humongous(continues), CS=collection set, F=free, OA=open archive, CA=closed archive, TAMS=top-at-mark-start (previous, next)
|   0|0x00000000e0000000, 0x00000000e0100000, 0x00000000e0100000|100%|HS|  |TAMS 0x00000000e0000000, 0x00000000e0000000| Complete 
|   1|0x00000000e0100000, 0x00000000e0200000, 0x00000000e0200000|100%|HC|  |TAMS 0x00000000e0100000, 0x00000000e0100000| Complete 
|   2|0x00000000e0200000, 0x00000000e0300000, 0x00000000e0300000|100%|HC|  |TAMS 0x00000000e0200000, 0x00000000e0200000| Complete 
|   3|0x00000000e0300000, 0x00000000e0400000, 0x00000000e0400000|100%|HC|  |TAMS 0x00000000e0300000, 0x00000000e0300000| Complete 
|   4|0x00000000e0400000, 0x00000000e0500000, 0x00000000e0500000|100%| O|  |TAMS 0x00000000e0400000, 0x00000000e0400000| Untracked 
|   5|0x00000000e0500000, 0x00000000e0600000, 0x00000000e0600000|100%| O|  |TAMS 0x00000000e0500000, 0x00000000e0500000| Untracked 
|   6|0x00000000e0600000, 0x00000000e0700000, 0x00000000e0700000|100%| O|  |TAMS 0x00000000e0600000, 0x00000000e0600000| Untracked 
|   7|0x00000000e0700000, 0x00000000e0800000, 0x00000000e0800000|100%|HS|  |TAMS 0x00000000e0700000, 0x00000000e0700000| Complete 
|   8|0x00000000e0800000, 0x00000000e0900000, 0x00000000e0900000|100%| O|  |TAMS 0x00000000e0800000, 0x00000000e0800000| Untracked 
|   9|0x00000000e0900000, 0x00000000e0a00000, 0x00000000e0a00000|100%| O|  |TAMS 0x00000000e0900000, 0x00000000e0900000| Untracked 
|  10|0x00000000e0a00000, 0x00000000e0b00000, 0x00000000e0b00000|100%| O|  |TAMS 0x00000000e0a00000, 0x00000000e0a00000| Untracked 
|  11|0x00000000e0b00000, 0x00000000e0c00000, 0x00000000e0c00000|100%| O|  |TAMS 0x00000000e0b00000, 0x00000000e0b00000| Untracked 
|  12|0x00000000e0c00000, 0x00000000e0d00000, 0x00000000e0d00000|100%| O|  |TAMS 0x00000000e0c00000, 0x00000000e0c00000| Untracked 
|  13|0x00000000e0d00000, 0x00000000e0e00000, 0x00000000e0e00000|100%| O|  |TAMS 0x00000000e0d00000, 0x00000000e0d00000| Untracked 
|  14|0x00000000e0e00000, 0x00000000e0f00000, 0x00000000e0f00000|100%| O|  |TAMS 0x00000000e0e00000, 0x00000000e0e00000| Untracked 
|  15|0x00000000e0f00000, 0x00000000e1000000, 0x00000000e1000000|100%| O|  |TAMS 0x00000000e0f00000, 0x00000000e0f00000| Untracked 
|  16|0x00000000e1000000, 0x00000000e1100000, 0x00000000e1100000|100%| O|  |TAMS 0x00000000e1000000, 0x00000000e1000000| Untracked 
|  17|0x00000000e1100000, 0x00000000e1200000, 0x00000000e1200000|100%| O|  |TAMS 0x00000000e1100000, 0x00000000e1100000| Untracked 
|  18|0x00000000e1200000, 0x00000000e1300000, 0x00000000e1300000|100%| O|  |TAMS 0x00000000e1200000, 0x00000000e1200000| Untracked 
|  19|0x00000000e1300000, 0x00000000e1400000, 0x00000000e1400000|100%| O|  |TAMS 0x00000000e1300000, 0x00000000e1300000| Untracked 
|  20|0x00000000e1400000, 0x00000000e1500000, 0x00000000e1500000|100%| O|  |TAMS 0x00000000e1400000, 0x00000000e1400000| Untracked 
|  21|0x00000000e1500000, 0x00000000e1600000, 0x00000000e1600000|100%| O|  |TAMS 0x00000000e1500000, 0x00000000e1500000| Untracked 
|  22|0x00000000e1600000, 0x00000000e1686800, 0x00000000e1700000| 52%| O|  |TAMS 0x00000000e1600000, 0x00000000e1600000| Untracked 
|  23|0x00000000e1700000, 0x00000000e1700000, 0x00000000e1800000|  0%| F|  |TAMS 0x00000000e1700000, 0x00000000e1700000| Untracked 
|  24|0x00000000e1800000, 0x00000000e1800000, 0x00000000e1900000|  0%| F|  |TAMS 0x00000000e1800000, 0x00000000e1800000| Untracked 
|  25|0x00000000e1900000, 0x00000000e1900000, 0x00000000e1a00000|  0%| F|  |TAMS 0x00000000e1900000, 0x00000000e1900000| Untracked 
|  26|0x00000000e1a00000, 0x00000000e1a00000, 0x00000000e1b00000|  0%| F|  |TAMS 0x00000000e1a00000, 0x00000000e1a00000| Untracked 
|  27|0x00000000e1b00000, 0x00000000e1b00000, 0x00000000e1c00000|  0%| F|  |TAMS 0x00000000e1b00000, 0x00000000e1b00000| Untracked 
|  28|0x00000000e1c00000, 0x00000000e1c00000, 0x00000000e1d00000|  0%| F|  |TAMS 0x00000000e1c00000, 0x00000000e1c00000| Untracked 
|  29|0x00000000e1d00000, 0x00000000e1d00000, 0x00000000e1e00000|  0%| F|  |TAMS 0x00000000e1d00000, 0x00000000e1d00000| Untracked 
|  30|0x00000000e1e00000, 0x00000000e1e00000, 0x00000000e1f00000|  0%| F|  |TAMS 0x00000000e1e00000, 0x00000000e1e00000| Untracked 
|  31|0x00000000e1f00000, 0x00000000e1f00000, 0x00000000e2000000|  0%| F|  |TAMS 0x00000000e1f00000, 0x00000000e1f00000| Untracked 
|  32|0x00000000e2000000, 0x00000000e2000000, 0x00000000e2100000|  0%| F|  |TAMS 0x00000000e2000000, 0x00000000e2000000| Untracked 
|  33|0x00000000e2100000, 0x00000000e2100000, 0x00000000e2200000|  0%| F|  |TAMS 0x00000000e2100000, 0x00000000e2100000| Untracked 
|  34|0x00000000e2200000, 0x00000000e2200000, 0x00000000e2300000|  0%| F|  |TAMS 0x00000000e2200000, 0x00000000e2200000| Untracked 
|  35|0x00000000e2300000, 0x00000000e2300000, 0x00000000e2400000|  0%| F|  |TAMS 0x00000000e2300000, 0x00000000e2300000| Untracked 
|  36|0x00000000e2400000, 0x00000000e2400000, 0x00000000e2500000|  0%| F|  |TAMS 0x00000000e2400000, 0x00000000e2400000| Untracked 
|  37|0x00000000e2500000, 0x00000000e2500000, 0x00000000e2600000|  0%| F|  |TAMS 0x00000000e2500000, 0x00000000e2500000| Untracked 
|  38|0x00000000e2600000, 0x00000000e2600000, 0x00000000e2700000|  0%| F|  |TAMS 0x00000000e2600000, 0x00000000e2600000| Untracked 
|  39|0x00000000e2700000, 0x00000000e2700000, 0x00000000e2800000|  0%| F|  |TAMS 0x00000000e2700000, 0x00000000e2700000| Untracked 
|  40|0x00000000e2800000, 0x00000000e2800000, 0x00000000e2900000|  0%| F|  |TAMS 0x00000000e2800000, 0x00000000e2800000| Untracked 
|  41|0x00000000e2900000, 0x00000000e2900000, 0x00000000e2a00000|  0%| F|  |TAMS 0x00000000e2900000, 0x00000000e2900000| Untracked 
|  42|0x00000000e2a00000, 0x00000000e2a00000, 0x00000000e2b00000|  0%| F|  |TAMS 0x00000000e2a00000, 0x00000000e2a00000| Untracked 
|  43|0x00000000e2b00000, 0x00000000e2b00000, 0x00000000e2c00000|  0%| F|  |TAMS 0x00000000e2b00000, 0x00000000e2b00000| Untracked 
|  44|0x00000000e2c00000, 0x00000000e2c00000, 0x00000000e2d00000|  0%| F|  |TAMS 0x00000000e2c00000, 0x00000000e2c00000| Untracked 
|  45|0x00000000e2d00000, 0x00000000e2d00000, 0x00000000e2e00000|  0%| F|  |TAMS 0x00000000e2d00000, 0x00000000e2d00000| Untracked 
|  46|0x00000000e2e00000, 0x00000000e2e00000, 0x00000000e2f00000|  0%| F|  |TAMS 0x00000000e2e00000, 0x00000000e2e00000| Untracked 
|  47|0x00000000e2f00000, 0x00000000e2f00000, 0x00000000e3000000|  0%| F|  |TAMS 0x00000000e2f00000, 0x00000000e2f00000| Untracked 
|  48|0x00000000e3000000, 0x00000000e3000000, 0x00000000e3100000|  0%| F|  |TAMS 0x00000000e3000000, 0x00000000e3000000| Untracked 
|  49|0x00000000e3100000, 0x00000000e3100000, 0x00000000e3200000|  0%| F|  |TAMS 0x00000000e3100000, 0x00000000e3100000| Untracked 
|  50|0x00000000e3200000, 0x00000000e3200000, 0x00000000e3300000|  0%| F|  |TAMS 0x00000000e3200000, 0x00000000e3200000| Untracked 
|  51|0x00000000e3300000, 0x00000000e3300000, 0x00000000e3400000|  0%| F|  |TAMS 0x00000000e3300000, 0x00000000e3300000| Untracked 
|  52|0x00000000e3400000, 0x00000000e3400000, 0x00000000e3500000|  0%| F|  |TAMS 0x00000000e3400000, 0x00000000e3400000| Untracked 
|  53|0x00000000e3500000, 0x00000000e3500000, 0x00000000e3600000|  0%| F|  |TAMS 0x00000000e3500000, 0x00000000e3500000| Untracked 
|  54|0x00000000e3600000, 0x00000000e3600000, 0x00000000e3700000|  0%| F|  |TAMS 0x00000000e3600000, 0x00000000e3600000| Untracked 
|  55|0x00000000e3700000, 0x00000000e3700000, 0x00000000e3800000|  0%| F|  |TAMS 0x00000000e3700000, 0x00000000e3700000| Untracked 
|  56|0x00000000e3800000, 0x00000000e3800000, 0x00000000e3900000|  0%| F|  |TAMS 0x00000000e3800000, 0x00000000e3800000| Untracked 
|  57|0x00000000e3900000, 0x00000000e3900000, 0x00000000e3a00000|  0%| F|  |TAMS 0x00000000e3900000, 0x00000000e3900000| Untracked 
|  58|0x00000000e3a00000, 0x00000000e3a00000, 0x00000000e3b00000|  0%| F|  |TAMS 0x00000000e3a00000, 0x00000000e3a00000| Untracked 
|  59|0x00000000e3b00000, 0x00000000e3b00000, 0x00000000e3c00000|  0%| F|  |TAMS 0x00000000e3b00000, 0x00000000e3b00000| Untracked 
|  60|0x00000000e3c00000, 0x00000000e3c00000, 0x00000000e3d00000|  0%| F|  |TAMS 0x00000000e3c00000, 0x00000000e3c00000| Untracked 
|  61|0x00000000e3d00000, 0x00000000e3d00000, 0x00000000e3e00000|  0%| F|  |TAMS 0x00000000e3d00000, 0x00000000e3d00000| Untracked 
|  62|0x00000000e3e00000, 0x00000000e3e00000, 0x00000000e3f00000|  0%| F|  |TAMS 0x00000000e3e00000, 0x00000000e3e00000| Untracked 
|  63|0x00000000e3f00000, 0x00000000e3f00000, 0x00000000e4000000|  0%| F|  |TAMS 0x00000000e3f00000, 0x00000000e3f00000| Untracked 
|  64|0x00000000e4000000, 0x00000000e4000000, 0x00000000e4100000|  0%| F|  |TAMS 0x00000000e4000000, 0x00000000e4000000| Untracked 
|  65|0x00000000e4100000, 0x00000000e4100000, 0x00000000e4200000|  0%| F|  |TAMS 0x00000000e4100000, 0x00000000e4100000| Untracked 
|  66|0x00000000e4200000, 0x00000000e4200000, 0x00000000e4300000|  0%| F|  |TAMS 0x00000000e4200000, 0x00000000e4200000| Untracked 
|  67|0x00000000e4300000, 0x00000000e4300000, 0x00000000e4400000|  0%| F|  |TAMS 0x00000000e4300000, 0x00000000e4300000| Untracked 
|  68|0x00000000e4400000, 0x00000000e4400000, 0x00000000e4500000|  0%| F|  |TAMS 0x00000000e4400000, 0x00000000e4400000| Untracked 
|  69|0x00000000e4500000, 0x00000000e4500000, 0x00000000e4600000|  0%| F|  |TAMS 0x00000000e4500000, 0x00000000e4500000| Untracked 
|  70|0x00000000e4600000, 0x00000000e4600000, 0x00000000e4700000|  0%| F|  |TAMS 0x00000000e4600000, 0x00000000e4600000| Untracked 
|  71|0x00000000e4700000, 0x00000000e4700000, 0x00000000e4800000|  0%| F|  |TAMS 0x00000000e4700000, 0x00000000e4700000| Untracked 
|  72|0x00000000e4800000, 0x00000000e4800000, 0x00000000e4900000|  0%| F|  |TAMS 0x00000000e4800000, 0x00000000e4800000| Untracked 
|  73|0x00000000e4900000, 0x00000000e4900000, 0x00000000e4a00000|  0%| F|  |TAMS 0x00000000e4900000, 0x00000000e4900000| Untracked 
|  74|0x00000000e4a00000, 0x00000000e4a00000, 0x00000000e4b00000|  0%| F|  |TAMS 0x00000000e4a00000, 0x00000000e4a00000| Untracked 
|  75|0x00000000e4b00000, 0x00000000e4b00000, 0x00000000e4c00000|  0%| F|  |TAMS 0x00000000e4b00000, 0x00000000e4b00000| Untracked 
|  76|0x00000000e4c00000, 0x00000000e4c00000, 0x00000000e4d00000|  0%| F|  |TAMS 0x00000000e4c00000, 0x00000000e4c00000| Untracked 
|  77|0x00000000e4d00000, 0x00000000e4d00000, 0x00000000e4e00000|  0%| F|  |TAMS 0x00000000e4d00000, 0x00000000e4d00000| Untracked 
|  78|0x00000000e4e00000, 0x00000000e4e00000, 0x00000000e4f00000|  0%| F|  |TAMS 0x00000000e4e00000, 0x00000000e4e00000| Untracked 
|  79|0x00000000e4f00000, 0x00000000e4f00000, 0x00000000e5000000|  0%| F|  |TAMS 0x00000000e4f00000, 0x00000000e4f00000| Untracked 
|  80|0x00000000e5000000, 0x00000000e5000000, 0x00000000e5100000|  0%| F|  |TAMS 0x00000000e5000000, 0x00000000e5000000| Untracked 
|  81|0x00000000e5100000, 0x00000000e5100000, 0x00000000e5200000|  0%| F|  |TAMS 0x00000000e5100000, 0x00000000e5100000| Untracked 
|  82|0x00000000e5200000, 0x00000000e5200000, 0x00000000e5300000|  0%| F|  |TAMS 0x00000000e5200000, 0x00000000e5200000| Untracked 
|  83|0x00000000e5300000, 0x00000000e5300000, 0x00000000e5400000|  0%| F|  |TAMS 0x00000000e5300000, 0x00000000e5300000| Untracked 
|  84|0x00000000e5400000, 0x00000000e5400000, 0x00000000e5500000|  0%| F|  |TAMS 0x00000000e5400000, 0x00000000e5400000| Untracked 
|  85|0x00000000e5500000, 0x00000000e5500000, 0x00000000e5600000|  0%| F|  |TAMS 0x00000000e5500000, 0x00000000e5500000| Untracked 
|  86|0x00000000e5600000, 0x00000000e5600000, 0x00000000e5700000|  0%| F|  |TAMS 0x00000000e5600000, 0x00000000e5600000| Untracked 
|  87|0x00000000e5700000, 0x00000000e5700000, 0x00000000e5800000|  0%| F|  |TAMS 0x00000000e5700000, 0x00000000e5700000| Untracked 
|  88|0x00000000e5800000, 0x00000000e5800000, 0x00000000e5900000|  0%| F|  |TAMS 0x00000000e5800000, 0x00000000e5800000| Untracked 
|  89|0x00000000e5900000, 0x00000000e5900000, 0x00000000e5a00000|  0%| F|  |TAMS 0x00000000e5900000, 0x00000000e5900000| Untracked 
|  90|0x00000000e5a00000, 0x00000000e5a00000, 0x00000000e5b00000|  0%| F|  |TAMS 0x00000000e5a00000, 0x00000000e5a00000| Untracked 
|  91|0x00000000e5b00000, 0x00000000e5b00000, 0x00000000e5c00000|  0%| F|  |TAMS 0x00000000e5b00000, 0x00000000e5b00000| Untracked 
|  92|0x00000000e5c00000, 0x00000000e5c00000, 0x00000000e5d00000|  0%| F|  |TAMS 0x00000000e5c00000, 0x00000000e5c00000| Untracked 
|  93|0x00000000e5d00000, 0x00000000e5d00000, 0x00000000e5e00000|  0%| F|  |TAMS 0x00000000e5d00000, 0x00000000e5d00000| Untracked 
|  94|0x00000000e5e00000, 0x00000000e5e00000, 0x00000000e5f00000|  0%| F|  |TAMS 0x00000000e5e00000, 0x00000000e5e00000| Untracked 
|  95|0x00000000e5f00000, 0x00000000e5f00000, 0x00000000e6000000|  0%| F|  |TAMS 0x00000000e5f00000, 0x00000000e5f00000| Untracked 
|  96|0x00000000e6000000, 0x00000000e6000000, 0x00000000e6100000|  0%| F|  |TAMS 0x00000000e6000000, 0x00000000e6000000| Untracked 
|  97|0x00000000e6100000, 0x00000000e6100000, 0x00000000e6200000|  0%| F|  |TAMS 0x00000000e6100000, 0x00000000e6100000| Untracked 
|  98|0x00000000e6200000, 0x00000000e6200000, 0x00000000e6300000|  0%| F|  |TAMS 0x00000000e6200000, 0x00000000e6200000| Untracked 
|  99|0x00000000e6300000, 0x00000000e6300000, 0x00000000e6400000|  0%| F|  |TAMS 0x00000000e6300000, 0x00000000e6300000| Untracked 
| 100|0x00000000e6400000, 0x00000000e6400000, 0x00000000e6500000|  0%| F|  |TAMS 0x00000000e6400000, 0x00000000e6400000| Untracked 
| 101|0x00000000e6500000, 0x00000000e6500000, 0x00000000e6600000|  0%| F|  |TAMS 0x00000000e6500000, 0x00000000e6500000| Untracked 
| 102|0x00000000e6600000, 0x00000000e6600000, 0x00000000e6700000|  0%| F|  |TAMS 0x00000000e6600000, 0x00000000e6600000| Untracked 
| 103|0x00000000e6700000, 0x00000000e6700000, 0x00000000e6800000|  0%| F|  |TAMS 0x00000000e6700000, 0x00000000e6700000| Untracked 
| 104|0x00000000e6800000, 0x00000000e6800000, 0x00000000e6900000|  0%| F|  |TAMS 0x00000000e6800000, 0x00000000e6800000| Untracked 
| 105|0x00000000e6900000, 0x00000000e6900000, 0x00000000e6a00000|  0%| F|  |TAMS 0x00000000e6900000, 0x00000000e6900000| Untracked 
| 106|0x00000000e6a00000, 0x00000000e6a00000, 0x00000000e6b00000|  0%| F|  |TAMS 0x00000000e6a00000, 0x00000000e6a00000| Untracked 
| 107|0x00000000e6b00000, 0x00000000e6b00000, 0x00000000e6c00000|  0%| F|  |TAMS 0x00000000e6b00000, 0x00000000e6b00000| Untracked 
| 108|0x00000000e6c00000, 0x00000000e6c00000, 0x00000000e6d00000|  0%| F|  |TAMS 0x00000000e6c00000, 0x00000000e6c00000| Untracked 
| 109|0x00000000e6d00000, 0x00000000e6d00000, 0x00000000e6e00000|  0%| F|  |TAMS 0x00000000e6d00000, 0x00000000e6d00000| Untracked 
| 110|0x00000000e6e00000, 0x00000000e6e00000, 0x00000000e6f00000|  0%| F|  |TAMS 0x00000000e6e00000, 0x00000000e6e00000| Untracked 
| 111|0x00000000e6f00000, 0x00000000e6f00000, 0x00000000e7000000|  0%| F|  |TAMS 0x00000000e6f00000, 0x00000000e6f00000| Untracked 
| 112|0x00000000e7000000, 0x00000000e7000000, 0x00000000e7100000|  0%| F|  |TAMS 0x00000000e7000000, 0x00000000e7000000| Untracked 
| 113|0x00000000e7100000, 0x00000000e7100000, 0x00000000e7200000|  0%| F|  |TAMS 0x00000000e7100000, 0x00000000e7100000| Untracked 
| 114|0x00000000e7200000, 0x00000000e7200000, 0x00000000e7300000|  0%| F|  |TAMS 0x00000000e7200000, 0x00000000e7200000| Untracked 
| 115|0x00000000e7300000, 0x00000000e7300000, 0x00000000e7400000|  0%| F|  |TAMS 0x00000000e7300000, 0x00000000e7300000| Untracked 
| 116|0x00000000e7400000, 0x00000000e7400000, 0x00000000e7500000|  0%| F|  |TAMS 0x00000000e7400000, 0x00000000e7400000| Untracked 
| 117|0x00000000e7500000, 0x00000000e7500000, 0x00000000e7600000|  0%| F|  |TAMS 0x00000000e7500000, 0x00000000e7500000| Untracked 
| 118|0x00000000e7600000, 0x00000000e7600000, 0x00000000e7700000|  0%| F|  |TAMS 0x00000000e7600000, 0x00000000e7600000| Untracked 
| 119|0x00000000e7700000, 0x00000000e7700000, 0x00000000e7800000|  0%| F|  |TAMS 0x00000000e7700000, 0x00000000e7700000| Untracked 
| 120|0x00000000e7800000, 0x00000000e7800000, 0x00000000e7900000|  0%| F|  |TAMS 0x00000000e7800000, 0x00000000e7800000| Untracked 
| 121|0x00000000e7900000, 0x00000000e7900000, 0x00000000e7a00000|  0%| F|  |TAMS 0x00000000e7900000, 0x00000000e7900000| Untracked 
| 122|0x00000000e7a00000, 0x00000000e7a00000, 0x00000000e7b00000|  0%| F|  |TAMS 0x00000000e7a00000, 0x00000000e7a00000| Untracked 
| 123|0x00000000e7b00000, 0x00000000e7b00000, 0x00000000e7c00000|  0%| F|  |TAMS 0x00000000e7b00000, 0x00000000e7b00000| Untracked 
| 124|0x00000000e7c00000, 0x00000000e7c00000, 0x00000000e7d00000|  0%| F|  |TAMS 0x00000000e7c00000, 0x00000000e7c00000| Untracked 
| 125|0x00000000e7d00000, 0x00000000e7d00000, 0x00000000e7e00000|  0%| F|  |TAMS 0x00000000e7d00000, 0x00000000e7d00000| Untracked 
| 126|0x00000000e7e00000, 0x00000000e7e00000, 0x00000000e7f00000|  0%| F|  |TAMS 0x00000000e7e00000, 0x00000000e7e00000| Untracked 
| 127|0x00000000e7f00000, 0x00000000e7f00000, 0x00000000e8000000|  0%| F|  |TAMS 0x00000000e7f00000, 0x00000000e7f00000| Untracked 
| 128|0x00000000e8000000, 0x00000000e8000000, 0x00000000e8100000|  0%| F|  |TAMS 0x00000000e8000000, 0x00000000e8000000| Untracked 
| 129|0x00000000e8100000, 0x00000000e8100000, 0x00000000e8200000|  0%| F|  |TAMS 0x00000000e8100000, 0x00000000e8100000| Untracked 
| 130|0x00000000e8200000, 0x00000000e8200000, 0x00000000e8300000|  0%| F|  |TAMS 0x00000000e8200000, 0x00000000e8200000| Untracked 
| 131|0x00000000e8300000, 0x00000000e8300000, 0x00000000e8400000|  0%| F|  |TAMS 0x00000000e8300000, 0x00000000e8300000| Untracked 
| 132|0x00000000e8400000, 0x00000000e8400000, 0x00000000e8500000|  0%| F|  |TAMS 0x00000000e8400000, 0x00000000e8400000| Untracked 
| 133|0x00000000e8500000, 0x00000000e8500000, 0x00000000e8600000|  0%| F|  |TAMS 0x00000000e8500000, 0x00000000e8500000| Untracked 
| 134|0x00000000e8600000, 0x00000000e8600000, 0x00000000e8700000|  0%| F|  |TAMS 0x00000000e8600000, 0x00000000e8600000| Untracked 
| 135|0x00000000e8700000, 0x00000000e8700000, 0x00000000e8800000|  0%| F|  |TAMS 0x00000000e8700000, 0x00000000e8700000| Untracked 
| 136|0x00000000e8800000, 0x00000000e8800000, 0x00000000e8900000|  0%| F|  |TAMS 0x00000000e8800000, 0x00000000e8800000| Untracked 
| 137|0x00000000e8900000, 0x00000000e8900000, 0x00000000e8a00000|  0%| F|  |TAMS 0x00000000e8900000, 0x00000000e8900000| Untracked 
| 138|0x00000000e8a00000, 0x00000000e8a00000, 0x00000000e8b00000|  0%| F|  |TAMS 0x00000000e8a00000, 0x00000000e8a00000| Untracked 
| 139|0x00000000e8b00000, 0x00000000e8b00000, 0x00000000e8c00000|  0%| F|  |TAMS 0x00000000e8b00000, 0x00000000e8b00000| Untracked 
| 140|0x00000000e8c00000, 0x00000000e8c00000, 0x00000000e8d00000|  0%| F|  |TAMS 0x00000000e8c00000, 0x00000000e8c00000| Untracked 
| 141|0x00000000e8d00000, 0x00000000e8d00000, 0x00000000e8e00000|  0%| F|  |TAMS 0x00000000e8d00000, 0x00000000e8d00000| Untracked 
| 142|0x00000000e8e00000, 0x00000000e8e00000, 0x00000000e8f00000|  0%| F|  |TAMS 0x00000000e8e00000, 0x00000000e8e00000| Untracked 
| 143|0x00000000e8f00000, 0x00000000e8f00000, 0x00000000e9000000|  0%| F|  |TAMS 0x00000000e8f00000, 0x00000000e8f00000| Untracked 
| 144|0x00000000e9000000, 0x00000000e9000000, 0x00000000e9100000|  0%| F|  |TAMS 0x00000000e9000000, 0x00000000e9000000| Untracked 
| 145|0x00000000e9100000, 0x00000000e9100000, 0x00000000e9200000|  0%| F|  |TAMS 0x00000000e9100000, 0x00000000e9100000| Untracked 
| 146|0x00000000e9200000, 0x00000000e9200000, 0x00000000e9300000|  0%| F|  |TAMS 0x00000000e9200000, 0x00000000e9200000| Untracked 
| 147|0x00000000e9300000, 0x00000000e9300000, 0x00000000e9400000|  0%| F|  |TAMS 0x00000000e9300000, 0x00000000e9300000| Untracked 
| 148|0x00000000e9400000, 0x00000000e9400000, 0x00000000e9500000|  0%| F|  |TAMS 0x00000000e9400000, 0x00000000e9400000| Untracked 
| 149|0x00000000e9500000, 0x00000000e9500000, 0x00000000e9600000|  0%| F|  |TAMS 0x00000000e9500000, 0x00000000e9500000| Untracked 
| 150|0x00000000e9600000, 0x00000000e9600000, 0x00000000e9700000|  0%| F|  |TAMS 0x00000000e9600000, 0x00000000e9600000| Untracked 
| 151|0x00000000e9700000, 0x00000000e9700000, 0x00000000e9800000|  0%| F|  |TAMS 0x00000000e9700000, 0x00000000e9700000| Untracked 
| 152|0x00000000e9800000, 0x00000000e9800000, 0x00000000e9900000|  0%| F|  |TAMS 0x00000000e9800000, 0x00000000e9800000| Untracked 
| 153|0x00000000e9900000, 0x00000000e9900000, 0x00000000e9a00000|  0%| F|  |TAMS 0x00000000e9900000, 0x00000000e9900000| Untracked 
| 154|0x00000000e9a00000, 0x00000000e9a00000, 0x00000000e9b00000|  0%| F|  |TAMS 0x00000000e9a00000, 0x00000000e9a00000| Untracked 
| 155|0x00000000e9b00000, 0x00000000e9b00000, 0x00000000e9c00000|  0%| F|  |TAMS 0x00000000e9b00000, 0x00000000e9b00000| Untracked 
| 156|0x00000000e9c00000, 0x00000000e9c00000, 0x00000000e9d00000|  0%| F|  |TAMS 0x00000000e9c00000, 0x00000000e9c00000| Untracked 
| 157|0x00000000e9d00000, 0x00000000e9d00000, 0x00000000e9e00000|  0%| F|  |TAMS 0x00000000e9d00000, 0x00000000e9d00000| Untracked 
| 158|0x00000000e9e00000, 0x00000000e9e00000, 0x00000000e9f00000|  0%| F|  |TAMS 0x00000000e9e00000, 0x00000000e9e00000| Untracked 
| 159|0x00000000e9f00000, 0x00000000e9f00000, 0x00000000ea000000|  0%| F|  |TAMS 0x00000000e9f00000, 0x00000000e9f00000| Untracked 
| 160|0x00000000ea000000, 0x00000000ea000000, 0x00000000ea100000|  0%| F|  |TAMS 0x00000000ea000000, 0x00000000ea000000| Untracked 
| 161|0x00000000ea100000, 0x00000000ea100000, 0x00000000ea200000|  0%| F|  |TAMS 0x00000000ea100000, 0x00000000ea100000| Untracked 
| 162|0x00000000ea200000, 0x00000000ea200000, 0x00000000ea300000|  0%| F|  |TAMS 0x00000000ea200000, 0x00000000ea200000| Untracked 
| 163|0x00000000ea300000, 0x00000000ea300000, 0x00000000ea400000|  0%| F|  |TAMS 0x00000000ea300000, 0x00000000ea300000| Untracked 
| 164|0x00000000ea400000, 0x00000000ea400000, 0x00000000ea500000|  0%| F|  |TAMS 0x00000000ea400000, 0x00000000ea400000| Untracked 
| 165|0x00000000ea500000, 0x00000000ea500000, 0x00000000ea600000|  0%| F|  |TAMS 0x00000000ea500000, 0x00000000ea500000| Untracked 
| 166|0x00000000ea600000, 0x00000000ea600000, 0x00000000ea700000|  0%| F|  |TAMS 0x00000000ea600000, 0x00000000ea600000| Untracked 
| 167|0x00000000ea700000, 0x00000000ea700000, 0x00000000ea800000|  0%| F|  |TAMS 0x00000000ea700000, 0x00000000ea700000| Untracked 
| 168|0x00000000ea800000, 0x00000000ea800000, 0x00000000ea900000|  0%| F|  |TAMS 0x00000000ea800000, 0x00000000ea800000| Untracked 
| 169|0x00000000ea900000, 0x00000000ea900000, 0x00000000eaa00000|  0%| F|  |TAMS 0x00000000ea900000, 0x00000000ea900000| Untracked 
| 170|0x00000000eaa00000, 0x00000000eaa00000, 0x00000000eab00000|  0%| F|  |TAMS 0x00000000eaa00000, 0x00000000eaa00000| Untracked 
| 171|0x00000000eab00000, 0x00000000eab00000, 0x00000000eac00000|  0%| F|  |TAMS 0x00000000eab00000, 0x00000000eab00000| Untracked 
| 172|0x00000000eac00000, 0x00000000eac00000, 0x00000000ead00000|  0%| F|  |TAMS 0x00000000eac00000, 0x00000000eac00000| Untracked 
| 173|0x00000000ead00000, 0x00000000ead00000, 0x00000000eae00000|  0%| F|  |TAMS 0x00000000ead00000, 0x00000000ead00000| Untracked 
| 174|0x00000000eae00000, 0x00000000eae00000, 0x00000000eaf00000|  0%| F|  |TAMS 0x00000000eae00000, 0x00000000eae00000| Untracked 
| 175|0x00000000eaf00000, 0x00000000eaf00000, 0x00000000eb000000|  0%| F|  |TAMS 0x00000000eaf00000, 0x00000000eaf00000| Untracked 
| 176|0x00000000eb000000, 0x00000000eb000000, 0x00000000eb100000|  0%| F|  |TAMS 0x00000000eb000000, 0x00000000eb000000| Untracked 
| 177|0x00000000eb100000, 0x00000000eb100000, 0x00000000eb200000|  0%| F|  |TAMS 0x00000000eb100000, 0x00000000eb100000| Untracked 
| 178|0x00000000eb200000, 0x00000000eb200000, 0x00000000eb300000|  0%| F|  |TAMS 0x00000000eb200000, 0x00000000eb200000| Untracked 
| 179|0x00000000eb300000, 0x00000000eb300000, 0x00000000eb400000|  0%| F|  |TAMS 0x00000000eb300000, 0x00000000eb300000| Untracked 
| 180|0x00000000eb400000, 0x00000000eb400000, 0x00000000eb500000|  0%| F|  |TAMS 0x00000000eb400000, 0x00000000eb400000| Untracked 
| 181|0x00000000eb500000, 0x00000000eb500000, 0x00000000eb600000|  0%| F|  |TAMS 0x00000000eb500000, 0x00000000eb500000| Untracked 
| 182|0x00000000eb600000, 0x00000000eb600000, 0x00000000eb700000|  0%| F|  |TAMS 0x00000000eb600000, 0x00000000eb600000| Untracked 
| 183|0x00000000eb700000, 0x00000000eb700000, 0x00000000eb800000|  0%| F|  |TAMS 0x00000000eb700000, 0x00000000eb700000| Untracked 
| 184|0x00000000eb800000, 0x00000000eb800000, 0x00000000eb900000|  0%| F|  |TAMS 0x00000000eb800000, 0x00000000eb800000| Untracked 
| 185|0x00000000eb900000, 0x00000000eb900000, 0x00000000eba00000|  0%| F|  |TAMS 0x00000000eb900000, 0x00000000eb900000| Untracked 
| 186|0x00000000eba00000, 0x00000000eba00000, 0x00000000ebb00000|  0%| F|  |TAMS 0x00000000eba00000, 0x00000000eba00000| Untracked 
| 187|0x00000000ebb00000, 0x00000000ebb00000, 0x00000000ebc00000|  0%| F|  |TAMS 0x00000000ebb00000, 0x00000000ebb00000| Untracked 
| 188|0x00000000ebc00000, 0x00000000ebc00000, 0x00000000ebd00000|  0%| F|  |TAMS 0x00000000ebc00000, 0x00000000ebc00000| Untracked 
| 189|0x00000000ebd00000, 0x00000000ebd00000, 0x00000000ebe00000|  0%| F|  |TAMS 0x00000000ebd00000, 0x00000000ebd00000| Untracked 
| 190|0x00000000ebe00000, 0x00000000ebe00000, 0x00000000ebf00000|  0%| F|  |TAMS 0x00000000ebe00000, 0x00000000ebe00000| Untracked 
| 191|0x00000000ebf00000, 0x00000000ebf00000, 0x00000000ec000000|  0%| F|  |TAMS 0x00000000ebf00000, 0x00000000ebf00000| Untracked 
| 192|0x00000000ec000000, 0x00000000ec000000, 0x00000000ec100000|  0%| F|  |TAMS 0x00000000ec000000, 0x00000000ec000000| Untracked 
| 193|0x00000000ec100000, 0x00000000ec100000, 0x00000000ec200000|  0%| F|  |TAMS 0x00000000ec100000, 0x00000000ec100000| Untracked 
| 194|0x00000000ec200000, 0x00000000ec200000, 0x00000000ec300000|  0%| F|  |TAMS 0x00000000ec200000, 0x00000000ec200000| Untracked 
| 195|0x00000000ec300000, 0x00000000ec300000, 0x00000000ec400000|  0%| F|  |TAMS 0x00000000ec300000, 0x00000000ec300000| Untracked 
| 196|0x00000000ec400000, 0x00000000ec400000, 0x00000000ec500000|  0%| F|  |TAMS 0x00000000ec400000, 0x00000000ec400000| Untracked 
| 197|0x00000000ec500000, 0x00000000ec500000, 0x00000000ec600000|  0%| F|  |TAMS 0x00000000ec500000, 0x00000000ec500000| Untracked 
| 198|0x00000000ec600000, 0x00000000ec600000, 0x00000000ec700000|  0%| F|  |TAMS 0x00000000ec600000, 0x00000000ec600000| Untracked 
| 199|0x00000000ec700000, 0x00000000ec700000, 0x00000000ec800000|  0%| F|  |TAMS 0x00000000ec700000, 0x00000000ec700000| Untracked 
| 200|0x00000000ec800000, 0x00000000ec800000, 0x00000000ec900000|  0%| F|  |TAMS 0x00000000ec800000, 0x00000000ec800000| Untracked 
| 201|0x00000000ec900000, 0x00000000ec900000, 0x00000000eca00000|  0%| F|  |TAMS 0x00000000ec900000, 0x00000000ec900000| Untracked 
| 202|0x00000000eca00000, 0x00000000eca00000, 0x00000000ecb00000|  0%| F|  |TAMS 0x00000000eca00000, 0x00000000eca00000| Untracked 
| 203|0x00000000ecb00000, 0x00000000ecb00000, 0x00000000ecc00000|  0%| F|  |TAMS 0x00000000ecb00000, 0x00000000ecb00000| Untracked 
| 204|0x00000000ecc00000, 0x00000000ecc00000, 0x00000000ecd00000|  0%| F|  |TAMS 0x00000000ecc00000, 0x00000000ecc00000| Untracked 
| 205|0x00000000ecd00000, 0x00000000ecd00000, 0x00000000ece00000|  0%| F|  |TAMS 0x00000000ecd00000, 0x00000000ecd00000| Untracked 
| 206|0x00000000ece00000, 0x00000000ece00000, 0x00000000ecf00000|  0%| F|  |TAMS 0x00000000ece00000, 0x00000000ece00000| Untracked 
| 207|0x00000000ecf00000, 0x00000000ecf00000, 0x00000000ed000000|  0%| F|  |TAMS 0x00000000ecf00000, 0x00000000ecf00000| Untracked 
| 208|0x00000000ed000000, 0x00000000ed000000, 0x00000000ed100000|  0%| F|  |TAMS 0x00000000ed000000, 0x00000000ed000000| Untracked 
| 209|0x00000000ed100000, 0x00000000ed100000, 0x00000000ed200000|  0%| F|  |TAMS 0x00000000ed100000, 0x00000000ed100000| Untracked 
| 210|0x00000000ed200000, 0x00000000ed200000, 0x00000000ed300000|  0%| F|  |TAMS 0x00000000ed200000, 0x00000000ed200000| Untracked 
| 211|0x00000000ed300000, 0x00000000ed300000, 0x00000000ed400000|  0%| F|  |TAMS 0x00000000ed300000, 0x00000000ed300000| Untracked 
| 212|0x00000000ed400000, 0x00000000ed400000, 0x00000000ed500000|  0%| F|  |TAMS 0x00000000ed400000, 0x00000000ed400000| Untracked 
| 213|0x00000000ed500000, 0x00000000ed500000, 0x00000000ed600000|  0%| F|  |TAMS 0x00000000ed500000, 0x00000000ed500000| Untracked 
| 214|0x00000000ed600000, 0x00000000ed600000, 0x00000000ed700000|  0%| F|  |TAMS 0x00000000ed600000, 0x00000000ed600000| Untracked 
| 215|0x00000000ed700000, 0x00000000ed700000, 0x00000000ed800000|  0%| F|  |TAMS 0x00000000ed700000, 0x00000000ed700000| Untracked 
| 216|0x00000000ed800000, 0x00000000ed800000, 0x00000000ed900000|  0%| F|  |TAMS 0x00000000ed800000, 0x00000000ed800000| Untracked 
| 217|0x00000000ed900000, 0x00000000ed900000, 0x00000000eda00000|  0%| F|  |TAMS 0x00000000ed900000, 0x00000000ed900000| Untracked 
| 218|0x00000000eda00000, 0x00000000eda00000, 0x00000000edb00000|  0%| F|  |TAMS 0x00000000eda00000, 0x00000000eda00000| Untracked 
| 219|0x00000000edb00000, 0x00000000edb00000, 0x00000000edc00000|  0%| F|  |TAMS 0x00000000edb00000, 0x00000000edb00000| Untracked 
| 220|0x00000000edc00000, 0x00000000edc00000, 0x00000000edd00000|  0%| F|  |TAMS 0x00000000edc00000, 0x00000000edc00000| Untracked 
| 221|0x00000000edd00000, 0x00000000edd00000, 0x00000000ede00000|  0%| F|  |TAMS 0x00000000edd00000, 0x00000000edd00000| Untracked 
| 222|0x00000000ede00000, 0x00000000ede00000, 0x00000000edf00000|  0%| F|  |TAMS 0x00000000ede00000, 0x00000000ede00000| Untracked 
| 223|0x00000000edf00000, 0x00000000edf00000, 0x00000000ee000000|  0%| F|  |TAMS 0x00000000edf00000, 0x00000000edf00000| Untracked 
| 224|0x00000000ee000000, 0x00000000ee000000, 0x00000000ee100000|  0%| F|  |TAMS 0x00000000ee000000, 0x00000000ee000000| Untracked 
| 225|0x00000000ee100000, 0x00000000ee100000, 0x00000000ee200000|  0%| F|  |TAMS 0x00000000ee100000, 0x00000000ee100000| Untracked 
| 226|0x00000000ee200000, 0x00000000ee200000, 0x00000000ee300000|  0%| F|  |TAMS 0x00000000ee200000, 0x00000000ee200000| Untracked 
| 227|0x00000000ee300000, 0x00000000ee300000, 0x00000000ee400000|  0%| F|  |TAMS 0x00000000ee300000, 0x00000000ee300000| Untracked 
| 228|0x00000000ee400000, 0x00000000ee400000, 0x00000000ee500000|  0%| F|  |TAMS 0x00000000ee400000, 0x00000000ee400000| Untracked 
| 229|0x00000000ee500000, 0x00000000ee500000, 0x00000000ee600000|  0%| F|  |TAMS 0x00000000ee500000, 0x00000000ee500000| Untracked 
| 230|0x00000000ee600000, 0x00000000ee600000, 0x00000000ee700000|  0%| F|  |TAMS 0x00000000ee600000, 0x00000000ee600000| Untracked 
| 231|0x00000000ee700000, 0x00000000ee700000, 0x00000000ee800000|  0%| F|  |TAMS 0x00000000ee700000, 0x00000000ee700000| Untracked 
| 232|0x00000000ee800000, 0x00000000ee800000, 0x00000000ee900000|  0%| F|  |TAMS 0x00000000ee800000, 0x00000000ee800000| Untracked 
| 233|0x00000000ee900000, 0x00000000ee900000, 0x00000000eea00000|  0%| F|  |TAMS 0x00000000ee900000, 0x00000000ee900000| Untracked 
| 234|0x00000000eea00000, 0x00000000eea00000, 0x00000000eeb00000|  0%| F|  |TAMS 0x00000000eea00000, 0x00000000eea00000| Untracked 
| 235|0x00000000eeb00000, 0x00000000eeb00000, 0x00000000eec00000|  0%| F|  |TAMS 0x00000000eeb00000, 0x00000000eeb00000| Untracked 
| 236|0x00000000eec00000, 0x00000000eec00000, 0x00000000eed00000|  0%| F|  |TAMS 0x00000000eec00000, 0x00000000eec00000| Untracked 
| 237|0x00000000eed00000, 0x00000000eed00000, 0x00000000eee00000|  0%| F|  |TAMS 0x00000000eed00000, 0x00000000eed00000| Untracked 
| 238|0x00000000eee00000, 0x00000000eee00000, 0x00000000eef00000|  0%| F|  |TAMS 0x00000000eee00000, 0x00000000eee00000| Untracked 
| 239|0x00000000eef00000, 0x00000000eef00000, 0x00000000ef000000|  0%| F|  |TAMS 0x00000000eef00000, 0x00000000eef00000| Untracked 
| 240|0x00000000ef000000, 0x00000000ef000000, 0x00000000ef100000|  0%| F|  |TAMS 0x00000000ef000000, 0x00000000ef000000| Untracked 
| 241|0x00000000ef100000, 0x00000000ef100000, 0x00000000ef200000|  0%| F|  |TAMS 0x00000000ef100000, 0x00000000ef100000| Untracked 
| 242|0x00000000ef200000, 0x00000000ef200000, 0x00000000ef300000|  0%| F|  |TAMS 0x00000000ef200000, 0x00000000ef200000| Untracked 
| 243|0x00000000ef300000, 0x00000000ef300000, 0x00000000ef400000|  0%| F|  |TAMS 0x00000000ef300000, 0x00000000ef300000| Untracked 
| 244|0x00000000ef400000, 0x00000000ef400000, 0x00000000ef500000|  0%| F|  |TAMS 0x00000000ef400000, 0x00000000ef400000| Untracked 
| 245|0x00000000ef500000, 0x00000000ef500000, 0x00000000ef600000|  0%| F|  |TAMS 0x00000000ef500000, 0x00000000ef500000| Untracked 
| 246|0x00000000ef600000, 0x00000000ef600000, 0x00000000ef700000|  0%| F|  |TAMS 0x00000000ef600000, 0x00000000ef600000| Untracked 
| 247|0x00000000ef700000, 0x00000000ef700000, 0x00000000ef800000|  0%| F|  |TAMS 0x00000000ef700000, 0x00000000ef700000| Untracked 
| 248|0x00000000ef800000, 0x00000000ef800000, 0x00000000ef900000|  0%| F|  |TAMS 0x00000000ef800000, 0x00000000ef800000| Untracked 
| 249|0x00000000ef900000, 0x00000000ef900000, 0x00000000efa00000|  0%| F|  |TAMS 0x00000000ef900000, 0x00000000ef900000| Untracked 
| 250|0x00000000efa00000, 0x00000000efa00000, 0x00000000efb00000|  0%| F|  |TAMS 0x00000000efa00000, 0x00000000efa00000| Untracked 
| 251|0x00000000efb00000, 0x00000000efb00000, 0x00000000efc00000|  0%| F|  |TAMS 0x00000000efb00000, 0x00000000efb00000| Untracked 
| 252|0x00000000efc00000, 0x00000000efc459c0, 0x00000000efd00000| 27%| E|  |TAMS 0x00000000efc00000, 0x00000000efc00000| Complete 
| 253|0x00000000efd00000, 0x00000000efd27f38, 0x00000000efe00000| 15%| S|CS|TAMS 0x00000000efd00000, 0x00000000efd00000| Complete 
| 254|0x00000000efe00000, 0x00000000eff00000, 0x00000000eff00000|100%| S|CS|TAMS 0x00000000efe00000, 0x00000000efe00000| Complete 
| 255|0x00000000eff00000, 0x00000000f0000000, 0x00000000f0000000|100%| E|CS|TAMS 0x00000000eff00000, 0x00000000eff00000| Complete 

Card table byte_map: [0x000001cb2cb00000,0x000001cb2cc00000] _byte_map_base: 0x000001cb2c400000

Marking Bits (Prev, Next): (CMBitMap*) 0x000001cb15c30a60, (CMBitMap*) 0x000001cb15c30aa0
 Prev Bits: [0x000001cb2cd00000, 0x000001cb2d500000)
 Next Bits: [0x000001cb2d500000, 0x000001cb2dd00000)

Polling page: 0x000001cb13bf0000

Metaspace:

Usage:
  Non-class:     15.18 MB used.
      Class:      2.53 MB used.
       Both:     17.71 MB used.

Virtual space:
  Non-class space:       64.00 MB reserved,      15.31 MB ( 24%) committed,  1 nodes.
      Class space:      320.00 MB reserved,       2.62 MB ( <1%) committed,  1 nodes.
             Both:      384.00 MB reserved,      17.94 MB (  5%) committed. 

Chunk freelists:
   Non-Class:  15.94 MB
       Class:  13.39 MB
        Both:  29.33 MB

MaxMetaspaceSize: 384.00 MB
CompressedClassSpaceSize: 320.00 MB
Initial GC threshold: 21.00 MB
Current GC threshold: 21.00 MB
CDS: on
MetaspaceReclaimPolicy: balanced
 - commit_granule_bytes: 65536.
 - commit_granule_words: 8192.
 - virtual_space_node_default_size: 8388608.
 - enlarge_chunks_in_place: 1.
 - new_chunks_are_fully_committed: 0.
 - uncommit_free_chunks: 1.
 - use_allocation_guard: 0.
 - handle_deallocations: 1.


Internal statistics:

num_allocs_failed_limit: 0.
num_arena_births: 220.
num_arena_deaths: 0.
num_vsnodes_births: 2.
num_vsnodes_deaths: 0.
num_space_committed: 287.
num_space_uncommitted: 0.
num_chunks_returned_to_freelist: 0.
num_chunks_taken_from_freelist: 822.
num_chunk_merges: 0.
num_chunk_splits: 542.
num_chunks_enlarged: 397.
num_inconsistent_stats: 0.

CodeHeap 'non-profiled nmethods': size=120000Kb used=1563Kb max_used=1563Kb free=118436Kb
 bounds [0x000001cb24f80000, 0x000001cb251f0000, 0x000001cb2c4b0000]
CodeHeap 'profiled nmethods': size=120000Kb used=5256Kb max_used=5256Kb free=114743Kb
 bounds [0x000001cb1d4b0000, 0x000001cb1d9e0000, 0x000001cb249e0000]
CodeHeap 'non-nmethods': size=5760Kb used=1232Kb max_used=1278Kb free=4527Kb
 bounds [0x000001cb249e0000, 0x000001cb24c50000, 0x000001cb24f80000]
 total_blobs=3257 nmethods=2716 adapters=453
 compilation: enabled
              stopped_count=0, restarted_count=0
 full_count=0

Compilation events (20 events):
Event: 43.421 Thread 0x000001cb30949f30 nmethod 2716 0x000001cb25103710 code [0x000001cb251038a0, 0x000001cb25103e98]
Event: 43.433 Thread 0x000001cb3094a8f0 2717       3       java.lang.AbstractStringBuilder::append (45 bytes)
Event: 43.434 Thread 0x000001cb3094a8f0 nmethod 2717 0x000001cb1d9d0690 code [0x000001cb1d9d0860, 0x000001cb1d9d0ba8]
Event: 43.460 Thread 0x000001cb30949f30 2718       4       java.io.DataInputStream::readInt (72 bytes)
Event: 43.465 Thread 0x000001cb30949f30 nmethod 2718 0x000001cb25104010 code [0x000001cb25104200, 0x000001cb25105210]
Event: 43.465 Thread 0x000001cb30949f30 2719       4       org.gradle.internal.serialize.InputStreamBackedDecoder::readInt (8 bytes)
Event: 43.465 Thread 0x000001cb30949f30 nmethod 2719 0x000001cb25105710 code [0x000001cb251058a0, 0x000001cb25105968]
Event: 43.540 Thread 0x000001cb3094a8f0 2721       3       java.util.LinkedList$ListItr::next (56 bytes)
Event: 43.541 Thread 0x000001cb3094a8f0 nmethod 2721 0x000001cb1d9d0d10 code [0x000001cb1d9d0f00, 0x000001cb1d9d1438]
Event: 43.541 Thread 0x000001cb3094a8f0 2722       3       java.util.LinkedList$ListItr::checkForComodification (23 bytes)
Event: 43.541 Thread 0x000001cb3094a8f0 nmethod 2722 0x000001cb1d9d1610 code [0x000001cb1d9d17c0, 0x000001cb1d9d19e8]
Event: 43.541 Thread 0x000001cb3094a8f0 2720       3       java.lang.Long::equals (30 bytes)
Event: 43.541 Thread 0x000001cb3094a8f0 nmethod 2720 0x000001cb1d9d1b10 code [0x000001cb1d9d1cc0, 0x000001cb1d9d20b8]
Event: 43.541 Thread 0x000001cb3094a8f0 2723       1       org.gradle.launcher.daemon.context.DefaultDaemonContext::getPid (5 bytes)
Event: 43.541 Thread 0x000001cb3094a8f0 nmethod 2723 0x000001cb25105a10 code [0x000001cb25105ba0, 0x000001cb25105c78]
Event: 43.836 Thread 0x000001cb30949f30 2724       4       java.util.ArrayDeque::pollFirst (36 bytes)
Event: 43.836 Thread 0x000001cb30949f30 nmethod 2724 0x000001cb25105d10 code [0x000001cb25105e80, 0x000001cb25105f98]
Event: 43.838 Thread 0x000001cb30949f30 2725       4       jdk.internal.ref.PhantomCleanable::<init> (49 bytes)
Event: 43.843 Thread 0x000001cb30949f30 nmethod 2725 0x000001cb25106090 code [0x000001cb25106220, 0x000001cb25106bf8]
Event: 43.843 Thread 0x000001cb30949f30 2726   !   4       jdk.internal.ref.PhantomCleanable::insert (53 bytes)

GC Heap History (8 events):
Event: 1.859 GC heap before
{Heap before GC invocations=0 (full 0):
 garbage-first heap   total 262144K, used 23552K [0x00000000e0000000, 0x0000000100000000)
  region size 1024K, 23 young (23552K), 0 survivors (0K)
 Metaspace       used 842K, committed 960K, reserved 393216K
  class space    used 65K, committed 128K, reserved 327680K
}
Event: 4.873 GC heap after
{Heap after GC invocations=1 (full 0):
 garbage-first heap   total 262144K, used 1503K [0x00000000e0000000, 0x0000000100000000)
  region size 1024K, 2 young (2048K), 2 survivors (2048K)
 Metaspace       used 842K, committed 960K, reserved 393216K
  class space    used 65K, committed 128K, reserved 327680K
}
Event: 8.095 GC heap before
{Heap before GC invocations=1 (full 0):
 garbage-first heap   total 262144K, used 41439K [0x00000000e0000000, 0x0000000100000000)
  region size 1024K, 37 young (37888K), 2 survivors (2048K)
 Metaspace       used 4250K, committed 4480K, reserved 393216K
  class space    used 545K, committed 640K, reserved 327680K
}
Event: 8.098 GC heap after
{Heap after GC invocations=2 (full 0):
 garbage-first heap   total 262144K, used 11443K [0x00000000e0000000, 0x0000000100000000)
  region size 1024K, 5 young (5120K), 5 survivors (5120K)
 Metaspace       used 4250K, committed 4480K, reserved 393216K
  class space    used 545K, committed 640K, reserved 327680K
}
Event: 40.510 GC heap before
{Heap before GC invocations=2 (full 0):
 garbage-first heap   total 262144K, used 165043K [0x00000000e0000000, 0x0000000100000000)
  region size 1024K, 153 young (156672K), 5 survivors (5120K)
 Metaspace       used 17942K, committed 18240K, reserved 393216K
  class space    used 2553K, committed 2688K, reserved 327680K
}
Event: 43.279 GC heap after
{Heap after GC invocations=3 (full 0):
 garbage-first heap   total 262144K, used 23226K [0x00000000e0000000, 0x0000000100000000)
  region size 1024K, 16 young (16384K), 16 survivors (16384K)
 Metaspace       used 17942K, committed 18240K, reserved 393216K
  class space    used 2553K, committed 2688K, reserved 327680K
}
Event: 43.566 GC heap before
{Heap before GC invocations=3 (full 0):
 garbage-first heap   total 262144K, used 24250K [0x00000000e0000000, 0x0000000100000000)
  region size 1024K, 17 young (17408K), 16 survivors (16384K)
 Metaspace       used 17999K, committed 18304K, reserved 393216K
  class space    used 2561K, committed 2688K, reserved 327680K
}
Event: 43.807 GC heap after
{Heap after GC invocations=4 (full 0):
 garbage-first heap   total 262144K, used 24249K [0x00000000e0000000, 0x0000000100000000)
  region size 1024K, 2 young (2048K), 2 survivors (2048K)
 Metaspace       used 17999K, committed 18304K, reserved 393216K
  class space    used 2561K, committed 2688K, reserved 327680K
}

Deoptimization events (20 events):
Event: 39.626 Thread 0x000001cb4bdb6340 Uncommon trap: trap_request=0xffffffbe fr.pc=0x000001cb250d0efc relative=0x000000000000073c
Event: 39.626 Thread 0x000001cb4bdb6340 Uncommon trap: reason=profile_predicate action=maybe_recompile pc=0x000001cb250d0efc method=java.lang.Integer.parseInt(Ljava/lang/String;I)I @ 178 c2
Event: 39.626 Thread 0x000001cb4bdb6340 DEOPT PACKING pc=0x000001cb250d0efc sp=0x00000061842fb6b0
Event: 39.626 Thread 0x000001cb4bdb6340 DEOPT UNPACKING pc=0x000001cb24a323a3 sp=0x00000061842fb618 mode 2
Event: 39.626 Thread 0x000001cb4bdb6340 Uncommon trap: trap_request=0xffffffbe fr.pc=0x000001cb250d0efc relative=0x000000000000073c
Event: 39.626 Thread 0x000001cb4bdb6340 Uncommon trap: reason=profile_predicate action=maybe_recompile pc=0x000001cb250d0efc method=java.lang.Integer.parseInt(Ljava/lang/String;I)I @ 178 c2
Event: 39.626 Thread 0x000001cb4bdb6340 DEOPT PACKING pc=0x000001cb250d0efc sp=0x00000061842fb6b0
Event: 39.626 Thread 0x000001cb4bdb6340 DEOPT UNPACKING pc=0x000001cb24a323a3 sp=0x00000061842fb618 mode 2
Event: 39.626 Thread 0x000001cb4bdb6340 Uncommon trap: trap_request=0xffffffbe fr.pc=0x000001cb250d0efc relative=0x000000000000073c
Event: 39.626 Thread 0x000001cb4bdb6340 Uncommon trap: reason=profile_predicate action=maybe_recompile pc=0x000001cb250d0efc method=java.lang.Integer.parseInt(Ljava/lang/String;I)I @ 178 c2
Event: 39.626 Thread 0x000001cb4bdb6340 DEOPT PACKING pc=0x000001cb250d0efc sp=0x00000061842fb6b0
Event: 39.626 Thread 0x000001cb4bdb6340 DEOPT UNPACKING pc=0x000001cb24a323a3 sp=0x00000061842fb618 mode 2
Event: 43.418 Thread 0x000001cb4b90d760 Uncommon trap: trap_request=0xffffff45 fr.pc=0x000001cb24fe7cbc relative=0x0000000000000b7c
Event: 43.418 Thread 0x000001cb4b90d760 Uncommon trap: reason=unstable_if action=reinterpret pc=0x000001cb24fe7cbc method=java.lang.AbstractStringBuilder.append(Ljava/lang/String;)Ljava/lang/AbstractStringBuilder; @ 1 c2
Event: 43.418 Thread 0x000001cb4b90d760 DEOPT PACKING pc=0x000001cb24fe7cbc sp=0x0000006183efe7a0
Event: 43.418 Thread 0x000001cb4b90d760 DEOPT UNPACKING pc=0x000001cb24a323a3 sp=0x0000006183efe788 mode 2
Event: 43.418 Thread 0x000001cb4b90d760 Uncommon trap: trap_request=0xffffff45 fr.pc=0x000001cb250209c4 relative=0x00000000000000a4
Event: 43.418 Thread 0x000001cb4b90d760 Uncommon trap: reason=unstable_if action=reinterpret pc=0x000001cb250209c4 method=java.lang.String$CaseInsensitiveComparator.compare(Ljava/lang/String;Ljava/lang/String;)I @ 28 c2
Event: 43.418 Thread 0x000001cb4b90d760 DEOPT PACKING pc=0x000001cb250209c4 sp=0x0000006183efe930
Event: 43.418 Thread 0x000001cb4b90d760 DEOPT UNPACKING pc=0x000001cb24a323a3 sp=0x0000006183efe8a0 mode 2

Classes unloaded (0 events):
No events

Classes redefined (0 events):
No events

Internal exceptions (20 events):
Event: 27.917 Thread 0x000001cb4a3810e0 Exception <a 'java/lang/NoSuchMethodError'{0x00000000e9b4ee30}: 'void java.lang.invoke.DirectMethodHandle$Holder.invokeSpecial(java.lang.Object, java.lang.Object, java.lang.Object)'> (0x00000000e9b4ee30) 
thrown [s\open\src\hotspot\share\interpreter\linkResolver.cpp, line 759]
Event: 28.297 Thread 0x000001cb4bdb6340 Exception <a 'java/lang/NoSuchMethodError'{0x00000000e988ce20}: 'long java.lang.invoke.DirectMethodHandle$Holder.invokeInterface(java.lang.Object, java.lang.Object)'> (0x00000000e988ce20) 
thrown [s\open\src\hotspot\share\interpreter\linkResolver.cpp, line 759]
Event: 28.689 Thread 0x000001cb4bdb6340 Exception <a 'java/lang/NoSuchMethodError'{0x00000000e9368310}: 'void java.lang.invoke.DirectMethodHandle$Holder.invokeStatic(java.lang.Object, java.lang.Object)'> (0x00000000e9368310) 
thrown [s\open\src\hotspot\share\interpreter\linkResolver.cpp, line 759]
Event: 29.032 Thread 0x000001cb4bdb6340 Exception <a 'java/lang/NoSuchMethodError'{0x00000000e91aa900}: 'int java.lang.invoke.DirectMethodHandle$Holder.invokeVirtual(java.lang.Object, java.lang.Object, java.lang.Object)'> (0x00000000e91aa900) 
thrown [s\open\src\hotspot\share\interpreter\linkResolver.cpp, line 759]
Event: 29.122 Thread 0x000001cb4bdb6340 Exception <a 'java/lang/NoSuchMethodError'{0x00000000e8e5f718}: 'java.lang.Object java.lang.invoke.DirectMethodHandle$Holder.newInvokeSpecial(java.lang.Object, java.lang.Object, java.lang.Object, java.lang.Object, java.lang.Object, java.lang.Object)'> (0x00000000e8e5f718) 
thrown [s\open\src\hotspot\share\interpreter\linkResolver.cpp, line 759]
Event: 29.124 Thread 0x000001cb4bdb6340 Exception <a 'java/lang/NoSuchMethodError'{0x00000000e8e7bce0}: 'void java.lang.invoke.DirectMethodHandle$Holder.invokeSpecial(java.lang.Object, java.lang.Object, java.lang.Object, java.lang.Object, java.lang.Object)'> (0x00000000e8e7bce0) 
thrown [s\open\src\hotspot\share\interpreter\linkResolver.cpp, line 759]
Event: 29.128 Thread 0x000001cb4bdb6340 Exception <a 'java/lang/NoSuchMethodError'{0x00000000e8e90d80}: 'void java.lang.invoke.DirectMethodHandle$Holder.invokeStaticInit(java.lang.Object, java.lang.Object)'> (0x00000000e8e90d80) 
thrown [s\open\src\hotspot\share\interpreter\linkResolver.cpp, line 759]
Event: 29.257 Thread 0x000001cb4bdb6340 Exception <a 'java/lang/NoSuchMethodError'{0x00000000e8b900e8}: 'void java.lang.invoke.DelegatingMethodHandle$Holder.reinvoke_L(java.lang.Object, java.lang.Object, java.lang.Object, java.lang.Object, java.lang.Object, java.lang.Object, java.lang.Object, java.lang.Object, java.lang.Object, java.lang.Object)'> (0x00000000e8b900e8) 
thrown [s\open\src\hotspot\share\interpreter\linkResolver.cpp, line 759]
Event: 29.258 Thread 0x000001cb4bdb6340 Exception <a 'java/lang/NoSuchMethodError'{0x00000000e8b98558}: 'java.lang.Object java.lang.invoke.DirectMethodHandle$Holder.invokeSpecial(java.lang.Object, java.lang.Object, java.lang.Object, java.lang.Object, java.lang.Object, java.lang.Object, java.lang.Object, java.lang.Object, java.lang.Object, java.lang.Object)'> (0x00000000e8b98558) 
thrown [s\open\src\hotspot\share\interpreter\linkResolver.cpp, line 759]
Event: 29.258 Thread 0x000001cb4bdb6340 Exception <a 'java/lang/NoSuchMethodError'{0x00000000e8b9ce28}: 'java.lang.Object java.lang.invoke.Invokers$Holder.invoker(java.lang.Object, java.lang.Object, java.lang.Object, java.lang.Object, java.lang.Object, java.lang.Object, java.lang.Object, java.lang.Object, java.lang.Object, java.lang.Object)'> (0x00000000e8b9ce28) 
thrown [s\open\src\hotspot\share\interpreter\linkResolver.cpp, line 759]
Event: 29.258 Thread 0x000001cb4bdb6340 Exception <a 'java/lang/NoSuchMethodError'{0x00000000e8ba2a30}: 'java.lang.Object java.lang.invoke.DirectMethodHandle$Holder.invokeSpecial(java.lang.Object, java.lang.Object, java.lang.Object, java.lang.Object, java.lang.Object, java.lang.Object, java.lang.Object, java.lang.Object, java.lang.Object, java.lang.Object, java.lang.Object)'> (0x00000000e8ba2a30) 
thrown [s\open\src\hotspot\share\interpreter\linkResolver.cpp, line 759]
Event: 29.631 Thread 0x000001cb4bdb6340 Exception <a 'java/lang/NoSuchMethodError'{0x00000000e83736d0}: 'java.lang.Object java.lang.invoke.DirectMethodHandle$Holder.newInvokeSpecial(java.lang.Object, java.lang.Object, int)'> (0x00000000e83736d0) 
thrown [s\open\src\hotspot\share\interpreter\linkResolver.cpp, line 759]
Event: 36.256 Thread 0x000001cb4bdb6340 Exception <a 'java/lang/NoSuchMethodError'{0x00000000e7b89690}: 'int java.lang.invoke.DirectMethodHandle$Holder.invokeSpecialIFC(java.lang.Object, java.lang.Object, java.lang.Object, java.lang.Object)'> (0x00000000e7b89690) 
thrown [s\open\src\hotspot\share\interpreter\linkResolver.cpp, line 759]
Event: 36.258 Thread 0x000001cb4bdb6340 Exception <a 'java/lang/NoSuchMethodError'{0x00000000e7b987a8}: 'java.lang.Object java.lang.invoke.DirectMethodHandle$Holder.invokeInterface(java.lang.Object, java.lang.Object, java.lang.Object)'> (0x00000000e7b987a8) 
thrown [s\open\src\hotspot\share\interpreter\linkResolver.cpp, line 759]
Event: 36.258 Thread 0x000001cb4bdb6340 Exception <a 'java/lang/IncompatibleClassChangeError'{0x00000000e7b9c668}: Found class java.lang.Object, but interface was expected> (0x00000000e7b9c668) 
thrown [s\open\src\hotspot\share\interpreter\linkResolver.cpp, line 826]
Event: 36.465 Thread 0x000001cb4bdb6340 Exception <a 'java/lang/NoSuchMethodError'{0x00000000e79b32a8}: 'int java.lang.invoke.DirectMethodHandle$Holder.invokeStatic(java.lang.Object, java.lang.Object, java.lang.Object, java.lang.Object)'> (0x00000000e79b32a8) 
thrown [s\open\src\hotspot\share\interpreter\linkResolver.cpp, line 759]
Event: 36.465 Thread 0x000001cb4bdb6340 Exception <a 'java/lang/NoSuchMethodError'{0x00000000e79b7178}: 'java.lang.Object java.lang.invoke.Invokers$Holder.invokeExact_MT(java.lang.Object, java.lang.Object, java.lang.Object, java.lang.Object, java.lang.Object, java.lang.Object)'> (0x00000000e79b7178) 
thrown [s\open\src\hotspot\share\interpreter\linkResolver.cpp, line 759]
Event: 36.861 Thread 0x000001cb4bdb6340 Exception <a 'java/lang/IncompatibleClassChangeError'{0x00000000e76d0010}: Found class java.lang.Object, but interface was expected> (0x00000000e76d0010) 
thrown [s\open\src\hotspot\share\interpreter\linkResolver.cpp, line 826]
Event: 40.038 Thread 0x000001cb4bdb6340 Exception <a 'java/lang/NoSuchMethodError'{0x00000000e68a0d68}: 'int java.lang.invoke.DirectMethodHandle$Holder.invokeStaticInit(java.lang.Object, java.lang.Object, java.lang.Object)'> (0x00000000e68a0d68) 
thrown [s\open\src\hotspot\share\interpreter\linkResolver.cpp, line 759]
Event: 43.418 Thread 0x000001cb4b90d760 Implicit null exception at 0x000001cb24fe7179 to 0x000001cb24fe7ca4

VM Operations (20 events):
Event: 30.206 Executing VM operation: Cleanup
Event: 33.457 Executing VM operation: Cleanup done
Event: 34.472 Executing VM operation: Cleanup
Event: 34.472 Executing VM operation: Cleanup done
Event: 35.472 Executing VM operation: Cleanup
Event: 35.535 Executing VM operation: Cleanup done
Event: 36.548 Executing VM operation: Cleanup
Event: 36.548 Executing VM operation: Cleanup done
Event: 36.785 Executing VM operation: HandshakeAllThreads
Event: 36.785 Executing VM operation: HandshakeAllThreads done
Event: 36.785 Executing VM operation: HandshakeAllThreads
Event: 36.785 Executing VM operation: HandshakeAllThreads done
Event: 37.788 Executing VM operation: Cleanup
Event: 37.806 Executing VM operation: Cleanup done
Event: 39.823 Executing VM operation: Cleanup
Event: 39.839 Executing VM operation: Cleanup done
Event: 40.493 Executing VM operation: G1CollectForAllocation
Event: 43.279 Executing VM operation: G1CollectForAllocation done
Event: 43.566 Executing VM operation: G1CollectForAllocation
Event: 43.807 Executing VM operation: G1CollectForAllocation done

Events (20 events):
Event: 36.157 loading class java/io/File$TempDirectory
Event: 36.164 loading class java/io/File$TempDirectory done
Event: 36.188 loading class java/io/PrintWriter
Event: 36.203 loading class java/io/PrintWriter done
Event: 36.243 loading class java/util/concurrent/Semaphore
Event: 36.253 loading class java/util/concurrent/Semaphore done
Event: 36.255 loading class java/nio/file/FileVisitOption
Event: 36.255 loading class java/nio/file/FileVisitOption done
Event: 36.258 loading class java/util/stream/ReduceOps$1
Event: 36.267 loading class java/util/stream/ReduceOps$1 done
Event: 36.267 loading class java/util/stream/ReduceOps$1ReducingSink
Event: 36.276 loading class java/util/stream/ReduceOps$1ReducingSink done
Event: 36.883 loading class java/util/Collections$2
Event: 36.884 loading class java/util/Collections$2 done
Event: 37.485 loading class java/util/function/LongFunction
Event: 37.485 loading class java/util/function/LongFunction done
Event: 38.785 loading class java/security/InvalidKeyException
Event: 38.797 loading class java/security/KeyException
Event: 38.809 loading class java/security/KeyException done
Event: 38.809 loading class java/security/InvalidKeyException done


Dynamic libraries:
0x00007ff6a7ff0000 - 0x00007ff6a8000000 	C:\Program Files\Java\jdk-17\bin\java.exe
0x00007ffaf3710000 - 0x00007ffaf3908000 	C:\Windows\SYSTEM32\ntdll.dll
0x00007ffaf1f60000 - 0x00007ffaf2022000 	C:\Windows\System32\KERNEL32.DLL
0x00007ffaf10b0000 - 0x00007ffaf13a6000 	C:\Windows\System32\KERNELBASE.dll
0x00007ffaf0fb0000 - 0x00007ffaf10b0000 	C:\Windows\System32\ucrtbase.dll
0x00007ffab9cb0000 - 0x00007ffab9ccb000 	C:\Program Files\Java\jdk-17\bin\VCRUNTIME140.dll
0x00007ffaccab0000 - 0x00007ffaccac9000 	C:\Program Files\Java\jdk-17\bin\jli.dll
0x00007ffaf34d0000 - 0x00007ffaf3581000 	C:\Windows\System32\ADVAPI32.dll
0x00007ffaf3070000 - 0x00007ffaf310e000 	C:\Windows\System32\msvcrt.dll
0x00007ffaf2060000 - 0x00007ffaf20ff000 	C:\Windows\System32\sechost.dll
0x00007ffaf2580000 - 0x00007ffaf26a3000 	C:\Windows\System32\RPCRT4.dll
0x00007ffaf0f80000 - 0x00007ffaf0fa7000 	C:\Windows\System32\bcrypt.dll
0x00007ffae0cc0000 - 0x00007ffae0f5a000 	C:\Windows\WinSxS\amd64_microsoft.windows.common-controls_6595b64144ccf1df_6.0.19041.5915_none_60b4b9d171f9c7c7\COMCTL32.dll
0x00007ffaf2030000 - 0x00007ffaf205b000 	C:\Windows\System32\GDI32.dll
0x00007ffaf14d0000 - 0x00007ffaf14f2000 	C:\Windows\System32\win32u.dll
0x00007ffaf1790000 - 0x00007ffaf192d000 	C:\Windows\System32\USER32.dll
0x00007ffaf13b0000 - 0x00007ffaf14c9000 	C:\Windows\System32\gdi32full.dll
0x00007ffaf1690000 - 0x00007ffaf172d000 	C:\Windows\System32\msvcp_win.dll
0x00007ffae5690000 - 0x00007ffae569a000 	C:\Windows\SYSTEM32\VERSION.dll
0x00007ffaf2840000 - 0x00007ffaf286f000 	C:\Windows\System32\IMM32.DLL
0x00007ffacee80000 - 0x00007ffacee8c000 	C:\Program Files\Java\jdk-17\bin\vcruntime140_1.dll
0x00007ffab90e0000 - 0x00007ffab916e000 	C:\Program Files\Java\jdk-17\bin\msvcp140.dll
0x00007ffa87210000 - 0x00007ffa87def000 	C:\Program Files\Java\jdk-17\bin\server\jvm.dll
0x00007ffaf22b0000 - 0x00007ffaf22b8000 	C:\Windows\System32\PSAPI.DLL
0x00007ffad3290000 - 0x00007ffad3299000 	C:\Windows\SYSTEM32\WSOCK32.dll
0x00007ffaf35b0000 - 0x00007ffaf361b000 	C:\Windows\System32\WS2_32.dll
0x00007ffae5660000 - 0x00007ffae5687000 	C:\Windows\SYSTEM32\WINMM.dll
0x00007ffaef5d0000 - 0x00007ffaef5e2000 	C:\Windows\SYSTEM32\kernel.appcore.dll
0x00007fface480000 - 0x00007fface48a000 	C:\Program Files\Java\jdk-17\bin\jimage.dll
0x00007ffaea990000 - 0x00007ffaeab91000 	C:\Windows\SYSTEM32\DBGHELP.DLL
0x00007ffad85e0000 - 0x00007ffad8614000 	C:\Windows\SYSTEM32\dbgcore.DLL
0x00007ffaf1600000 - 0x00007ffaf1682000 	C:\Windows\System32\bcryptPrimitives.dll
0x00007fface370000 - 0x00007fface37e000 	C:\Program Files\Java\jdk-17\bin\instrument.dll
0x00007ffab9c80000 - 0x00007ffab9ca5000 	C:\Program Files\Java\jdk-17\bin\java.dll
0x00007ffa8a7e0000 - 0x00007ffa8a8b7000 	C:\Program Files\Java\jdk-17\bin\jsvml.dll
0x00007ffaf2870000 - 0x00007ffaf2fde000 	C:\Windows\System32\SHELL32.dll
0x00007ffaeed10000 - 0x00007ffaef4b4000 	C:\Windows\SYSTEM32\windows.storage.dll
0x00007ffaf3110000 - 0x00007ffaf3463000 	C:\Windows\System32\combase.dll
0x00007ffaf06f0000 - 0x00007ffaf071b000 	C:\Windows\SYSTEM32\Wldp.dll
0x00007ffaf22d0000 - 0x00007ffaf239d000 	C:\Windows\System32\OLEAUT32.dll
0x00007ffaf3620000 - 0x00007ffaf36cd000 	C:\Windows\System32\SHCORE.dll
0x00007ffaf3470000 - 0x00007ffaf34cb000 	C:\Windows\System32\shlwapi.dll
0x00007ffaf0cd0000 - 0x00007ffaf0cf5000 	C:\Windows\SYSTEM32\profapi.dll
0x00007ffab91b0000 - 0x00007ffab91c8000 	C:\Program Files\Java\jdk-17\bin\zip.dll
0x00007ffab5f40000 - 0x00007ffab5f59000 	C:\Program Files\Java\jdk-17\bin\net.dll
0x00007ffae9c50000 - 0x00007ffae9d5a000 	C:\Windows\SYSTEM32\WINHTTP.dll
0x00007ffaf04d0000 - 0x00007ffaf053a000 	C:\Windows\system32\mswsock.dll
0x00007ffab5f20000 - 0x00007ffab5f36000 	C:\Program Files\Java\jdk-17\bin\nio.dll
0x00007ffacd4b0000 - 0x00007ffacd4c0000 	C:\Program Files\Java\jdk-17\bin\verify.dll
0x00007ffad25e0000 - 0x00007ffad2607000 	C:\Users\¿ÎÂÍÒ‡Ì‰\.gradle\native\c067742578af261105cb4f569cf0c3c89f3d7b1fecec35dd04571415982c5e48\windows-amd64\native-platform.dll
0x00007ffa8a690000 - 0x00007ffa8a7d4000 	C:\Users\¿ÎÂÍÒ‡Ì‰\.gradle\native\100fb08df4bc3b14c8652ba06237920a3bd2aa13389f12d3474272988ae205f9\windows-amd64\native-platform-file-events.dll
0x00007ffaccc20000 - 0x00007ffaccc2a000 	C:\Program Files\Java\jdk-17\bin\management.dll
0x00007ffaccc10000 - 0x00007ffaccc1b000 	C:\Program Files\Java\jdk-17\bin\management_ext.dll
0x00007ffaf0730000 - 0x00007ffaf0748000 	C:\Windows\SYSTEM32\CRYPTSP.dll
0x00007ffaefda0000 - 0x00007ffaefdd8000 	C:\Windows\system32\rsaenh.dll
0x00007ffaf0c50000 - 0x00007ffaf0c7e000 	C:\Windows\SYSTEM32\USERENV.dll
0x00007ffaf0660000 - 0x00007ffaf066c000 	C:\Windows\SYSTEM32\CRYPTBASE.dll
0x00007ffaf0180000 - 0x00007ffaf01bb000 	C:\Windows\SYSTEM32\IPHLPAPI.DLL
0x00007ffaf23a0000 - 0x00007ffaf23a8000 	C:\Windows\System32\NSI.dll
0x00007ffaebff0000 - 0x00007ffaec007000 	C:\Windows\SYSTEM32\dhcpcsvc6.DLL
0x00007ffaed6b0000 - 0x00007ffaed6cd000 	C:\Windows\SYSTEM32\dhcpcsvc.DLL
0x00007ffaf01d0000 - 0x00007ffaf029a000 	C:\Windows\SYSTEM32\DNSAPI.dll
0x00007ffacbac0000 - 0x00007ffacbace000 	C:\Program Files\Java\jdk-17\bin\sunmscapi.dll
0x00007ffaf0e20000 - 0x00007ffaf0f7d000 	C:\Windows\System32\CRYPT32.dll
0x00007ffaf0840000 - 0x00007ffaf0867000 	C:\Windows\SYSTEM32\ncrypt.dll
0x00007ffaf07e0000 - 0x00007ffaf081b000 	C:\Windows\SYSTEM32\NTASN1.dll
0x00007ffae4ca0000 - 0x00007ffae4ca7000 	C:\Windows\system32\wshunix.dll

dbghelp: loaded successfully - version: 4.0.5 - missing functions: none
symbol engine: initialized successfully - sym options: 0x614 - pdb path: .;C:\Program Files\Java\jdk-17\bin;C:\Windows\SYSTEM32;C:\Windows\WinSxS\amd64_microsoft.windows.common-controls_6595b64144ccf1df_6.0.19041.5915_none_60b4b9d171f9c7c7;C:\Program Files\Java\jdk-17\bin\server;C:\Users\¿ÎÂÍÒ‡Ì‰\.gradle\native\c067742578af261105cb4f569cf0c3c89f3d7b1fecec35dd04571415982c5e48\windows-amd64;C:\Users\¿ÎÂÍÒ‡Ì‰\.gradle\native\100fb08df4bc3b14c8652ba06237920a3bd2aa13389f12d3474272988ae205f9\windows-amd64

VM Arguments:
jvm_args: --add-opens=java.base/java.util=ALL-UNNAMED --add-opens=java.base/java.lang=ALL-UNNAMED --add-opens=java.base/java.lang.invoke=ALL-UNNAMED --add-opens=java.prefs/java.util.prefs=ALL-UNNAMED --add-exports=jdk.compiler/com.sun.tools.javac.api=ALL-UNNAMED --add-exports=jdk.compiler/com.sun.tools.javac.util=ALL-UNNAMED --add-opens=java.base/java.nio.charset=ALL-UNNAMED --add-opens=java.base/java.net=ALL-UNNAMED --add-opens=java.base/java.util.concurrent.atomic=ALL-UNNAMED -XX:MaxMetaspaceSize=384m -XX:+HeapDumpOnOutOfMemoryError -Xms256m -Xmx512m -Dfile.encoding=UTF-8 -Duser.country=RU -Duser.language=ru -Duser.variant -javaagent:C:\Users\¿ÎÂÍÒ‡Ì‰\.gradle\wrapper\dists\gradle-8.10.2-bin\a04bxjujx95o3nb99gddekhwo\gradle-8.10.2\lib\agents\gradle-instrumentation-agent-8.10.2.jar 
java_command: org.gradle.launcher.daemon.bootstrap.GradleDaemon 8.10.2
java_class_path (initial): C:\Users\¿ÎÂÍÒ‡Ì‰\.gradle\wrapper\dists\gradle-8.10.2-bin\a04bxjujx95o3nb99gddekhwo\gradle-8.10.2\lib\gradle-daemon-main-8.10.2.jar
Launcher Type: SUN_STANDARD

[Global flags]
     intx CICompilerCount                          = 4                                         {product} {ergonomic}
   size_t CompressedClassSpaceSize                 = 335544320                                 {product} {ergonomic}
     uint ConcGCThreads                            = 3                                         {product} {ergonomic}
     uint G1ConcRefinementThreads                  = 10                                        {product} {ergonomic}
   size_t G1HeapRegionSize                         = 1048576                                   {product} {ergonomic}
    uintx GCDrainStackTargetSize                   = 64                                        {product} {ergonomic}
     bool HeapDumpOnOutOfMemoryError               = true                                   {manageable} {command line}
   size_t InitialHeapSize                          = 268435456                                 {product} {command line}
   size_t MarkStackSize                            = 4194304                                   {product} {ergonomic}
   size_t MaxHeapSize                              = 536870912                                 {product} {command line}
   size_t MaxMetaspaceSize                         = 402653184                                 {product} {command line}
   size_t MaxNewSize                               = 321912832                                 {product} {ergonomic}
   size_t MinHeapDeltaBytes                        = 1048576                                   {product} {ergonomic}
   size_t MinHeapSize                              = 268435456                                 {product} {command line}
    uintx NonNMethodCodeHeapSize                   = 5839372                                {pd product} {ergonomic}
    uintx NonProfiledCodeHeapSize                  = 122909434                              {pd product} {ergonomic}
    uintx ProfiledCodeHeapSize                     = 122909434                              {pd product} {ergonomic}
    uintx ReservedCodeCacheSize                    = 251658240                              {pd product} {ergonomic}
     bool SegmentedCodeCache                       = true                                      {product} {ergonomic}
   size_t SoftMaxHeapSize                          = 536870912                              {manageable} {ergonomic}
     bool UseCompressedClassPointers               = true                           {product lp64_product} {ergonomic}
     bool UseCompressedOops                        = true                           {product lp64_product} {ergonomic}
     bool UseG1GC                                  = true                                      {product} {ergonomic}
     bool UseLargePagesIndividualAllocation        = false                                  {pd product} {ergonomic}

Logging:
Log output configuration:
 #0: stdout all=warning uptime,level,tags
 #1: stderr all=off uptime,level,tags

Environment Variables:
JAVA_HOME=C:\Program Files\Java\jdk-17
PATH=C:\Program Files\Common Files\Oracle\Java\javapath;C:\Windows\system32;C:\Windows;C:\Windows\System32\Wbem;C:\Windows\System32\WindowsPowerShell\v1.0\;C:\Windows\System32\OpenSSH\;C:\Gradle\bin;C:\Program Files\Git\cmd;C:\Program Files\usbipd-win\;C:\Program Files\MIT\Kerberos\bin;C:\Gradle\gradle-8.10.2\bin;C:\Program Files\Java\jdk-21\bin;C:\Program Files\dotnet\;C:\Users\¿ÎÂÍÒ‡Ì‰\AppData\Local\Programs\Python\Python310\Scripts\;C:\Users\¿ÎÂÍÒ‡Ì‰\AppData\Local\Programs\Python\Python310\;C:\Users\¿ÎÂÍÒ‡Ì‰\AppData\Local\Microsoft\WindowsApps;C:\Program Files\JetBrains\PyCharm 2022.2.1\bin;;C:\Program Files\JetBrains\IntelliJ IDEA Community Edition 2024.1.4\bin;;C:\Users\¿ÎÂÍÒ‡Ì‰\AppData\Local\Programs\Microsoft VS Code\bin;C:\Gradle\gradle-8.10.2\bin;C:\Program Files\Java\jdk-21\bin;;C:\Program Files\JetBrains\IntelliJ IDEA 2025.1.3\bin;
USERNAME=¿ÎÂÍÒ‡Ì‰
OS=Windows_NT
PROCESSOR_IDENTIFIER=Intel64 Family 6 Model 151 Stepping 5, GenuineIntel



---------------  S Y S T E M  ---------------

OS:
 Windows 10 , 64 bit Build 19041 (10.0.19041.5915)
OS uptime: 0 days 0:45 hours
Hyper-V role detected

CPU: total 12 (initial active 12) (6 cores per cpu, 2 threads per core) family 6 model 151 stepping 5 microcode 0x15, cx8, cmov, fxsr, ht, mmx, 3dnowpref, sse, sse2, sse3, ssse3, sse4.1, sse4.2, popcnt, lzcnt, tsc, tscinvbit, avx, avx2, aes, erms, clmul, bmi1, bmi2, adx, sha, fma, vzeroupper, clflush, clflushopt, clwb, hv

Memory: 4k page, system-wide physical 16225M (126M free)
TotalPageFile size 45952M (AvailPageFile size 1M)
current process WorkingSet (physical memory assigned to process): 122M, peak: 182M
current process commit charge ("private bytes"): 398M, peak: 419M

vm_info: Java HotSpot(TM) 64-Bit Server VM (17.0.10+11-LTS-240) for windows-amd64 JRE (17.0.10+11-LTS-240), built on Dec 19 2023 21:47:25 by "mach5one" with MS VC++ 17.1 (VS2022)

END.
