#
# There is insufficient memory for the Java Runtime Environment to continue.
# Native memory allocation (malloc) failed to allocate 1175536 bytes for Chunk::new
# Possible reasons:
#   The system is out of physical RAM or swap space
#   The process is running with CompressedOops enabled, and the Java Heap may be blocking the growth of the native heap
# Possible solutions:
#   Reduce memory load on the system
#   Increase physical memory or swap space
#   Check if swap backing store is full
#   Decrease Java heap size (-Xmx/-Xms)
#   Decrease number of Java threads
#   Decrease Java thread stack sizes (-Xss)
#   Set larger code cache with -XX:ReservedCodeCacheSize=
#   JVM is running with Unscaled Compressed Oops mode in which the Java heap is
#     placed in the first 4GB address space. The Java Heap base address is the
#     maximum limit for the native heap growth. Please use -XX:HeapBaseMinAddress
#     to set the Java Heap base and to place the Java Heap above 4GB virtual address.
# This output file may be truncated or incomplete.
#
#  Out of Memory Error (arena.cpp:189), pid=14148, tid=24204
#
# JRE version: Java(TM) SE Runtime Environment (17.0.10+11) (build 17.0.10+11-LTS-240)
# Java VM: Java HotSpot(TM) 64-Bit Server VM (17.0.10+11-LTS-240, mixed mode, sharing, tiered, compressed oops, compressed class ptrs, g1 gc, windows-amd64)
# No core dump will be written. Minidumps are not enabled by default on client versions of Windows
#

---------------  S U M M A R Y ------------

Command Line: --add-opens=java.base/java.util=ALL-UNNAMED --add-opens=java.base/java.lang=ALL-UNNAMED --add-opens=java.base/java.lang.invoke=ALL-UNNAMED --add-opens=java.prefs/java.util.prefs=ALL-UNNAMED --add-exports=jdk.compiler/com.sun.tools.javac.api=ALL-UNNAMED --add-exports=jdk.compiler/com.sun.tools.javac.util=ALL-UNNAMED --add-opens=java.base/java.nio.charset=ALL-UNNAMED --add-opens=java.base/java.net=ALL-UNNAMED --add-opens=java.base/java.util.concurrent.atomic=ALL-UNNAMED -XX:MaxMetaspaceSize=384m -XX:+HeapDumpOnOutOfMemoryError -Xms256m -Xmx512m -Dfile.encoding=UTF-8 -Duser.country=RU -Duser.language=ru -Duser.variant -javaagent:C:\Users\Александр\.gradle\wrapper\dists\gradle-8.10.2-bin\a04bxjujx95o3nb99gddekhwo\gradle-8.10.2\lib\agents\gradle-instrumentation-agent-8.10.2.jar org.gradle.launcher.daemon.bootstrap.GradleDaemon 8.10.2

Host: 12th Gen Intel(R) Core(TM) i5-12400F, 12 cores, 15G,  Windows 10 , 64 bit Build 19041 (10.0.19041.5915)
Time: Fri Jun 27 11:29:36 2025 RTZ 2 (s 10 , 64 bit Build 19041 (10.0.19041.5915) elapsed time: 24.572226 seconds (0d 0h 0m 24s)

---------------  T H R E A D  ---------------

Current thread (0x0000016b96bb3dd0):  JavaThread "C2 CompilerThread0" daemon [_thread_in_native, id=24204, stack(0x0000001bdc200000,0x0000001bdc300000)]


Current CompileTask:
C2:  24572 2450       4       jdk.internal.org.objectweb.asm.Frame::execute (2305 bytes)

Stack: [0x0000001bdc200000,0x0000001bdc300000]
Native frames: (J=compiled Java code, j=interpreted, Vv=VM code, C=native code)
V  [jvm.dll+0x677a5a]
V  [jvm.dll+0x7d8b2d]
V  [jvm.dll+0x7da48e]
V  [jvm.dll+0x7daaf3]
V  [jvm.dll+0x2455ff]
V  [jvm.dll+0xaaafb]
V  [jvm.dll+0xab09c]
V  [jvm.dll+0x2aafef]
V  [jvm.dll+0x57fd55]
V  [jvm.dll+0x220472]
V  [jvm.dll+0x22084f]
V  [jvm.dll+0x2197a6]
V  [jvm.dll+0x216c79]
V  [jvm.dll+0x1a3410]
V  [jvm.dll+0x226aeb]
V  [jvm.dll+0x224cab]
V  [jvm.dll+0x78e45c]
V  [jvm.dll+0x78888a]
V  [jvm.dll+0x676935]
C  [ucrtbase.dll+0x21bb2]
C  [KERNEL32.DLL+0x17374]
C  [ntdll.dll+0x4cc91]


---------------  P R O C E S S  ---------------

Threads class SMR info:
_java_thread_list=0x0000016bb1f67fa0, length=22, elements={
0x0000016bfbdfd960, 0x0000016b96b94620, 0x0000016b96b953b0, 0x0000016b96baf550,
0x0000016b96bb0020, 0x0000016b96bb2900, 0x0000016b96bb31d0, 0x0000016b96bb3dd0,
0x0000016b96bb4ba0, 0x0000016b96bb84d0, 0x0000016bb00ab5f0, 0x0000016bb0171d70,
0x0000016bb06dbd00, 0x0000016bb17d0080, 0x0000016bb182ca90, 0x0000016bb09e8bd0,
0x0000016bb0858a70, 0x0000016bb0858f80, 0x0000016bb0859490, 0x0000016bb0856c10,
0x0000016bb0859eb0, 0x0000016bb08599a0
}

Java Threads: ( => current thread )
  0x0000016bfbdfd960 JavaThread "main" [_thread_blocked, id=11872, stack(0x0000001bdb500000,0x0000001bdb600000)]
  0x0000016b96b94620 JavaThread "Reference Handler" daemon [_thread_blocked, id=24156, stack(0x0000001bdbc00000,0x0000001bdbd00000)]
  0x0000016b96b953b0 JavaThread "Finalizer" daemon [_thread_blocked, id=16084, stack(0x0000001bdbd00000,0x0000001bdbe00000)]
  0x0000016b96baf550 JavaThread "Signal Dispatcher" daemon [_thread_blocked, id=4744, stack(0x0000001bdbe00000,0x0000001bdbf00000)]
  0x0000016b96bb0020 JavaThread "Attach Listener" daemon [_thread_blocked, id=26748, stack(0x0000001bdbf00000,0x0000001bdc000000)]
  0x0000016b96bb2900 JavaThread "Service Thread" daemon [_thread_blocked, id=17292, stack(0x0000001bdc000000,0x0000001bdc100000)]
  0x0000016b96bb31d0 JavaThread "Monitor Deflation Thread" daemon [_thread_blocked, id=16156, stack(0x0000001bdc100000,0x0000001bdc200000)]
=>0x0000016b96bb3dd0 JavaThread "C2 CompilerThread0" daemon [_thread_in_native, id=24204, stack(0x0000001bdc200000,0x0000001bdc300000)]
  0x0000016b96bb4ba0 JavaThread "C1 CompilerThread0" daemon [_thread_blocked, id=13776, stack(0x0000001bdc300000,0x0000001bdc400000)]
  0x0000016b96bb84d0 JavaThread "Sweeper thread" daemon [_thread_blocked, id=24032, stack(0x0000001bdc400000,0x0000001bdc500000)]
  0x0000016bb00ab5f0 JavaThread "Common-Cleaner" daemon [_thread_blocked, id=28228, stack(0x0000001bdc500000,0x0000001bdc600000)]
  0x0000016bb0171d70 JavaThread "Notification Thread" daemon [_thread_blocked, id=22244, stack(0x0000001bdc600000,0x0000001bdc700000)]
  0x0000016bb06dbd00 JavaThread "Daemon health stats" [_thread_blocked, id=3908, stack(0x0000001bdc900000,0x0000001bdca00000)]
  0x0000016bb17d0080 JavaThread "Incoming local TCP Connector on port 55493" [_thread_in_native, id=19696, stack(0x0000001bdc800000,0x0000001bdc900000)]
  0x0000016bb182ca90 JavaThread "Daemon periodic checks" [_thread_blocked, id=27520, stack(0x0000001bdd000000,0x0000001bdd100000)]
  0x0000016bb09e8bd0 JavaThread "Daemon" [_thread_blocked, id=21964, stack(0x0000001bdcf00000,0x0000001bdd000000)]
  0x0000016bb0858a70 JavaThread "Handler for socket connection from /127.0.0.1:55493 to /127.0.0.1:55537" [_thread_in_native, id=16636, stack(0x0000001bdd100000,0x0000001bdd200000)]
  0x0000016bb0858f80 JavaThread "Cancel handler" [_thread_blocked, id=26260, stack(0x0000001bdd200000,0x0000001bdd300000)]
  0x0000016bb0859490 JavaThread "Daemon worker" [_thread_in_vm, id=17804, stack(0x0000001bdd300000,0x0000001bdd400000)]
  0x0000016bb0856c10 JavaThread "Asynchronous log dispatcher for DefaultDaemonConnection: socket connection from /127.0.0.1:55493 to /127.0.0.1:55537" [_thread_blocked, id=3336, stack(0x0000001bdd400000,0x0000001bdd500000)]
  0x0000016bb0859eb0 JavaThread "Stdin handler" [_thread_blocked, id=24640, stack(0x0000001bdd500000,0x0000001bdd600000)]
  0x0000016bb08599a0 JavaThread "Daemon client event forwarder" [_thread_blocked, id=11660, stack(0x0000001bdd600000,0x0000001bdd700000)]

Other Threads:
  0x0000016b96b90240 VMThread "VM Thread" [stack: 0x0000001bdbb00000,0x0000001bdbc00000] [id=20604] _threads_hazard_ptr=0x0000016bb1f67fa0
  0x0000016bfbdfe730 WatcherThread [stack: 0x0000001bdc700000,0x0000001bdc800000] [id=19704]
  0x0000016bfbe2aa30 GCTaskThread "GC Thread#0" [stack: 0x0000001bdb600000,0x0000001bdb700000] [id=21432]
  0x0000016bb012c180 GCTaskThread "GC Thread#1" [stack: 0x0000001bdca00000,0x0000001bdcb00000] [id=13252]
  0x0000016bb04c5480 GCTaskThread "GC Thread#2" [stack: 0x0000001bdcb00000,0x0000001bdcc00000] [id=18000]
  0x0000016bb026fe30 GCTaskThread "GC Thread#3" [stack: 0x0000001bdcc00000,0x0000001bdcd00000] [id=23052]
  0x0000016bb02700f0 GCTaskThread "GC Thread#4" [stack: 0x0000001bdcd00000,0x0000001bdce00000] [id=12688]
  0x0000016bb02703b0 GCTaskThread "GC Thread#5" [stack: 0x0000001bdce00000,0x0000001bdcf00000] [id=16756]
  0x0000016bf9c0e8b0 ConcurrentGCThread "G1 Main Marker" [stack: 0x0000001bdb700000,0x0000001bdb800000] [id=27628]
  0x0000016bfbe2c1c0 ConcurrentGCThread "G1 Conc#0" [stack: 0x0000001bdb800000,0x0000001bdb900000] [id=2116]
  0x0000016bfbecd0e0 ConcurrentGCThread "G1 Refine#0" [stack: 0x0000001bdb900000,0x0000001bdba00000] [id=1640]
  0x0000016bfbecda20 ConcurrentGCThread "G1 Service" [stack: 0x0000001bdba00000,0x0000001bdbb00000] [id=25756]

Threads with active compile tasks:
C2 CompilerThread0    30546 2450       4       jdk.internal.org.objectweb.asm.Frame::execute (2305 bytes)

VM state: synchronizing (normal execution)

VM Mutex/Monitor currently owned by a thread:  ([mutex/lock_event])
[0x0000016bfbdf6a00] Metaspace_lock - owner thread: 0x0000016bb0859490
[0x0000016bfbdf8790] Threads_lock - owner thread: 0x0000016b96b90240

Heap address: 0x00000000e0000000, size: 512 MB, Compressed Oops mode: 32-bit

CDS archive(s) mapped at: [0x0000016b97000000-0x0000016b97bd0000-0x0000016b97bd0000), size 12386304, SharedBaseAddress: 0x0000016b97000000, ArchiveRelocationMode: 1.
Compressed class space mapped at: 0x0000016b98000000-0x0000016bac000000, reserved size: 335544320
Narrow klass base: 0x0000016b97000000, Narrow klass shift: 0, Narrow klass range: 0x100000000

GC Precious Log:
 CPUs: 12 total, 12 available
 Memory: 16225M
 Large Page Support: Disabled
 NUMA Support: Disabled
 Compressed Oops: Enabled (32-bit)
 Heap Region Size: 1M
 Heap Min Capacity: 256M
 Heap Initial Capacity: 256M
 Heap Max Capacity: 512M
 Pre-touch: Disabled
 Parallel Workers: 10
 Concurrent Workers: 3
 Concurrent Refinement Workers: 10
 Periodic GC: Disabled

Heap:
 garbage-first heap   total 262144K, used 135472K [0x00000000e0000000, 0x0000000100000000)
  region size 1024K, 125 young (128000K), 5 survivors (5120K)
 Metaspace       used 14192K, committed 14464K, reserved 393216K
  class space    used 1957K, committed 2112K, reserved 327680K

Heap Regions: E=young(eden), S=young(survivor), O=old, HS=humongous(starts), HC=humongous(continues), CS=collection set, F=free, OA=open archive, CA=closed archive, TAMS=top-at-mark-start (previous, next)
|   0|0x00000000e0000000, 0x00000000e0100000, 0x00000000e0100000|100%|HS|  |TAMS 0x00000000e0000000, 0x00000000e0000000| Complete 
|   1|0x00000000e0100000, 0x00000000e0200000, 0x00000000e0200000|100%|HC|  |TAMS 0x00000000e0100000, 0x00000000e0100000| Complete 
|   2|0x00000000e0200000, 0x00000000e0300000, 0x00000000e0300000|100%|HC|  |TAMS 0x00000000e0200000, 0x00000000e0200000| Complete 
|   3|0x00000000e0300000, 0x00000000e0400000, 0x00000000e0400000|100%|HC|  |TAMS 0x00000000e0300000, 0x00000000e0300000| Complete 
|   4|0x00000000e0400000, 0x00000000e0500000, 0x00000000e0500000|100%| O|  |TAMS 0x00000000e0400000, 0x00000000e0400000| Untracked 
|   5|0x00000000e0500000, 0x00000000e0600000, 0x00000000e0600000|100%| O|  |TAMS 0x00000000e0500000, 0x00000000e0500000| Untracked 
|   6|0x00000000e0600000, 0x00000000e064c200, 0x00000000e0700000| 29%| O|  |TAMS 0x00000000e0600000, 0x00000000e0600000| Untracked 
|   7|0x00000000e0700000, 0x00000000e0800000, 0x00000000e0800000|100%|HS|  |TAMS 0x00000000e0700000, 0x00000000e0700000| Complete 
|   8|0x00000000e0800000, 0x00000000e0900000, 0x00000000e0900000|100%|HS|  |TAMS 0x00000000e0800000, 0x00000000e0800000| Complete 
|   9|0x00000000e0900000, 0x00000000e0900000, 0x00000000e0a00000|  0%| F|  |TAMS 0x00000000e0900000, 0x00000000e0900000| Untracked 
|  10|0x00000000e0a00000, 0x00000000e0a00000, 0x00000000e0b00000|  0%| F|  |TAMS 0x00000000e0a00000, 0x00000000e0a00000| Untracked 
|  11|0x00000000e0b00000, 0x00000000e0b00000, 0x00000000e0c00000|  0%| F|  |TAMS 0x00000000e0b00000, 0x00000000e0b00000| Untracked 
|  12|0x00000000e0c00000, 0x00000000e0c00000, 0x00000000e0d00000|  0%| F|  |TAMS 0x00000000e0c00000, 0x00000000e0c00000| Untracked 
|  13|0x00000000e0d00000, 0x00000000e0d00000, 0x00000000e0e00000|  0%| F|  |TAMS 0x00000000e0d00000, 0x00000000e0d00000| Untracked 
|  14|0x00000000e0e00000, 0x00000000e0e00000, 0x00000000e0f00000|  0%| F|  |TAMS 0x00000000e0e00000, 0x00000000e0e00000| Untracked 
|  15|0x00000000e0f00000, 0x00000000e0f00000, 0x00000000e1000000|  0%| F|  |TAMS 0x00000000e0f00000, 0x00000000e0f00000| Untracked 
|  16|0x00000000e1000000, 0x00000000e1000000, 0x00000000e1100000|  0%| F|  |TAMS 0x00000000e1000000, 0x00000000e1000000| Untracked 
|  17|0x00000000e1100000, 0x00000000e1100000, 0x00000000e1200000|  0%| F|  |TAMS 0x00000000e1100000, 0x00000000e1100000| Untracked 
|  18|0x00000000e1200000, 0x00000000e1200000, 0x00000000e1300000|  0%| F|  |TAMS 0x00000000e1200000, 0x00000000e1200000| Untracked 
|  19|0x00000000e1300000, 0x00000000e1300000, 0x00000000e1400000|  0%| F|  |TAMS 0x00000000e1300000, 0x00000000e1300000| Untracked 
|  20|0x00000000e1400000, 0x00000000e1400000, 0x00000000e1500000|  0%| F|  |TAMS 0x00000000e1400000, 0x00000000e1400000| Untracked 
|  21|0x00000000e1500000, 0x00000000e1500000, 0x00000000e1600000|  0%| F|  |TAMS 0x00000000e1500000, 0x00000000e1500000| Untracked 
|  22|0x00000000e1600000, 0x00000000e1600000, 0x00000000e1700000|  0%| F|  |TAMS 0x00000000e1600000, 0x00000000e1600000| Untracked 
|  23|0x00000000e1700000, 0x00000000e1700000, 0x00000000e1800000|  0%| F|  |TAMS 0x00000000e1700000, 0x00000000e1700000| Untracked 
|  24|0x00000000e1800000, 0x00000000e1800000, 0x00000000e1900000|  0%| F|  |TAMS 0x00000000e1800000, 0x00000000e1800000| Untracked 
|  25|0x00000000e1900000, 0x00000000e1900000, 0x00000000e1a00000|  0%| F|  |TAMS 0x00000000e1900000, 0x00000000e1900000| Untracked 
|  26|0x00000000e1a00000, 0x00000000e1a00000, 0x00000000e1b00000|  0%| F|  |TAMS 0x00000000e1a00000, 0x00000000e1a00000| Untracked 
|  27|0x00000000e1b00000, 0x00000000e1b00000, 0x00000000e1c00000|  0%| F|  |TAMS 0x00000000e1b00000, 0x00000000e1b00000| Untracked 
|  28|0x00000000e1c00000, 0x00000000e1c00000, 0x00000000e1d00000|  0%| F|  |TAMS 0x00000000e1c00000, 0x00000000e1c00000| Untracked 
|  29|0x00000000e1d00000, 0x00000000e1d00000, 0x00000000e1e00000|  0%| F|  |TAMS 0x00000000e1d00000, 0x00000000e1d00000| Untracked 
|  30|0x00000000e1e00000, 0x00000000e1e00000, 0x00000000e1f00000|  0%| F|  |TAMS 0x00000000e1e00000, 0x00000000e1e00000| Untracked 
|  31|0x00000000e1f00000, 0x00000000e1f00000, 0x00000000e2000000|  0%| F|  |TAMS 0x00000000e1f00000, 0x00000000e1f00000| Untracked 
|  32|0x00000000e2000000, 0x00000000e2000000, 0x00000000e2100000|  0%| F|  |TAMS 0x00000000e2000000, 0x00000000e2000000| Untracked 
|  33|0x00000000e2100000, 0x00000000e2100000, 0x00000000e2200000|  0%| F|  |TAMS 0x00000000e2100000, 0x00000000e2100000| Untracked 
|  34|0x00000000e2200000, 0x00000000e2200000, 0x00000000e2300000|  0%| F|  |TAMS 0x00000000e2200000, 0x00000000e2200000| Untracked 
|  35|0x00000000e2300000, 0x00000000e2300000, 0x00000000e2400000|  0%| F|  |TAMS 0x00000000e2300000, 0x00000000e2300000| Untracked 
|  36|0x00000000e2400000, 0x00000000e2400000, 0x00000000e2500000|  0%| F|  |TAMS 0x00000000e2400000, 0x00000000e2400000| Untracked 
|  37|0x00000000e2500000, 0x00000000e2500000, 0x00000000e2600000|  0%| F|  |TAMS 0x00000000e2500000, 0x00000000e2500000| Untracked 
|  38|0x00000000e2600000, 0x00000000e2600000, 0x00000000e2700000|  0%| F|  |TAMS 0x00000000e2600000, 0x00000000e2600000| Untracked 
|  39|0x00000000e2700000, 0x00000000e2700000, 0x00000000e2800000|  0%| F|  |TAMS 0x00000000e2700000, 0x00000000e2700000| Untracked 
|  40|0x00000000e2800000, 0x00000000e2800000, 0x00000000e2900000|  0%| F|  |TAMS 0x00000000e2800000, 0x00000000e2800000| Untracked 
|  41|0x00000000e2900000, 0x00000000e2900000, 0x00000000e2a00000|  0%| F|  |TAMS 0x00000000e2900000, 0x00000000e2900000| Untracked 
|  42|0x00000000e2a00000, 0x00000000e2a00000, 0x00000000e2b00000|  0%| F|  |TAMS 0x00000000e2a00000, 0x00000000e2a00000| Untracked 
|  43|0x00000000e2b00000, 0x00000000e2b00000, 0x00000000e2c00000|  0%| F|  |TAMS 0x00000000e2b00000, 0x00000000e2b00000| Untracked 
|  44|0x00000000e2c00000, 0x00000000e2c00000, 0x00000000e2d00000|  0%| F|  |TAMS 0x00000000e2c00000, 0x00000000e2c00000| Untracked 
|  45|0x00000000e2d00000, 0x00000000e2d00000, 0x00000000e2e00000|  0%| F|  |TAMS 0x00000000e2d00000, 0x00000000e2d00000| Untracked 
|  46|0x00000000e2e00000, 0x00000000e2e00000, 0x00000000e2f00000|  0%| F|  |TAMS 0x00000000e2e00000, 0x00000000e2e00000| Untracked 
|  47|0x00000000e2f00000, 0x00000000e2f00000, 0x00000000e3000000|  0%| F|  |TAMS 0x00000000e2f00000, 0x00000000e2f00000| Untracked 
|  48|0x00000000e3000000, 0x00000000e3000000, 0x00000000e3100000|  0%| F|  |TAMS 0x00000000e3000000, 0x00000000e3000000| Untracked 
|  49|0x00000000e3100000, 0x00000000e3100000, 0x00000000e3200000|  0%| F|  |TAMS 0x00000000e3100000, 0x00000000e3100000| Untracked 
|  50|0x00000000e3200000, 0x00000000e3200000, 0x00000000e3300000|  0%| F|  |TAMS 0x00000000e3200000, 0x00000000e3200000| Untracked 
|  51|0x00000000e3300000, 0x00000000e3300000, 0x00000000e3400000|  0%| F|  |TAMS 0x00000000e3300000, 0x00000000e3300000| Untracked 
|  52|0x00000000e3400000, 0x00000000e3400000, 0x00000000e3500000|  0%| F|  |TAMS 0x00000000e3400000, 0x00000000e3400000| Untracked 
|  53|0x00000000e3500000, 0x00000000e3500000, 0x00000000e3600000|  0%| F|  |TAMS 0x00000000e3500000, 0x00000000e3500000| Untracked 
|  54|0x00000000e3600000, 0x00000000e3600000, 0x00000000e3700000|  0%| F|  |TAMS 0x00000000e3600000, 0x00000000e3600000| Untracked 
|  55|0x00000000e3700000, 0x00000000e3700000, 0x00000000e3800000|  0%| F|  |TAMS 0x00000000e3700000, 0x00000000e3700000| Untracked 
|  56|0x00000000e3800000, 0x00000000e3800000, 0x00000000e3900000|  0%| F|  |TAMS 0x00000000e3800000, 0x00000000e3800000| Untracked 
|  57|0x00000000e3900000, 0x00000000e3900000, 0x00000000e3a00000|  0%| F|  |TAMS 0x00000000e3900000, 0x00000000e3900000| Untracked 
|  58|0x00000000e3a00000, 0x00000000e3a00000, 0x00000000e3b00000|  0%| F|  |TAMS 0x00000000e3a00000, 0x00000000e3a00000| Untracked 
|  59|0x00000000e3b00000, 0x00000000e3b00000, 0x00000000e3c00000|  0%| F|  |TAMS 0x00000000e3b00000, 0x00000000e3b00000| Untracked 
|  60|0x00000000e3c00000, 0x00000000e3c00000, 0x00000000e3d00000|  0%| F|  |TAMS 0x00000000e3c00000, 0x00000000e3c00000| Untracked 
|  61|0x00000000e3d00000, 0x00000000e3d00000, 0x00000000e3e00000|  0%| F|  |TAMS 0x00000000e3d00000, 0x00000000e3d00000| Untracked 
|  62|0x00000000e3e00000, 0x00000000e3e00000, 0x00000000e3f00000|  0%| F|  |TAMS 0x00000000e3e00000, 0x00000000e3e00000| Untracked 
|  63|0x00000000e3f00000, 0x00000000e3f00000, 0x00000000e4000000|  0%| F|  |TAMS 0x00000000e3f00000, 0x00000000e3f00000| Untracked 
|  64|0x00000000e4000000, 0x00000000e4000000, 0x00000000e4100000|  0%| F|  |TAMS 0x00000000e4000000, 0x00000000e4000000| Untracked 
|  65|0x00000000e4100000, 0x00000000e4100000, 0x00000000e4200000|  0%| F|  |TAMS 0x00000000e4100000, 0x00000000e4100000| Untracked 
|  66|0x00000000e4200000, 0x00000000e4200000, 0x00000000e4300000|  0%| F|  |TAMS 0x00000000e4200000, 0x00000000e4200000| Untracked 
|  67|0x00000000e4300000, 0x00000000e4300000, 0x00000000e4400000|  0%| F|  |TAMS 0x00000000e4300000, 0x00000000e4300000| Untracked 
|  68|0x00000000e4400000, 0x00000000e4400000, 0x00000000e4500000|  0%| F|  |TAMS 0x00000000e4400000, 0x00000000e4400000| Untracked 
|  69|0x00000000e4500000, 0x00000000e4500000, 0x00000000e4600000|  0%| F|  |TAMS 0x00000000e4500000, 0x00000000e4500000| Untracked 
|  70|0x00000000e4600000, 0x00000000e4600000, 0x00000000e4700000|  0%| F|  |TAMS 0x00000000e4600000, 0x00000000e4600000| Untracked 
|  71|0x00000000e4700000, 0x00000000e4700000, 0x00000000e4800000|  0%| F|  |TAMS 0x00000000e4700000, 0x00000000e4700000| Untracked 
|  72|0x00000000e4800000, 0x00000000e4800000, 0x00000000e4900000|  0%| F|  |TAMS 0x00000000e4800000, 0x00000000e4800000| Untracked 
|  73|0x00000000e4900000, 0x00000000e4900000, 0x00000000e4a00000|  0%| F|  |TAMS 0x00000000e4900000, 0x00000000e4900000| Untracked 
|  74|0x00000000e4a00000, 0x00000000e4a00000, 0x00000000e4b00000|  0%| F|  |TAMS 0x00000000e4a00000, 0x00000000e4a00000| Untracked 
|  75|0x00000000e4b00000, 0x00000000e4b00000, 0x00000000e4c00000|  0%| F|  |TAMS 0x00000000e4b00000, 0x00000000e4b00000| Untracked 
|  76|0x00000000e4c00000, 0x00000000e4c00000, 0x00000000e4d00000|  0%| F|  |TAMS 0x00000000e4c00000, 0x00000000e4c00000| Untracked 
|  77|0x00000000e4d00000, 0x00000000e4d00000, 0x00000000e4e00000|  0%| F|  |TAMS 0x00000000e4d00000, 0x00000000e4d00000| Untracked 
|  78|0x00000000e4e00000, 0x00000000e4e00000, 0x00000000e4f00000|  0%| F|  |TAMS 0x00000000e4e00000, 0x00000000e4e00000| Untracked 
|  79|0x00000000e4f00000, 0x00000000e4f00000, 0x00000000e5000000|  0%| F|  |TAMS 0x00000000e4f00000, 0x00000000e4f00000| Untracked 
|  80|0x00000000e5000000, 0x00000000e5000000, 0x00000000e5100000|  0%| F|  |TAMS 0x00000000e5000000, 0x00000000e5000000| Untracked 
|  81|0x00000000e5100000, 0x00000000e5100000, 0x00000000e5200000|  0%| F|  |TAMS 0x00000000e5100000, 0x00000000e5100000| Untracked 
|  82|0x00000000e5200000, 0x00000000e5200000, 0x00000000e5300000|  0%| F|  |TAMS 0x00000000e5200000, 0x00000000e5200000| Untracked 
|  83|0x00000000e5300000, 0x00000000e5300000, 0x00000000e5400000|  0%| F|  |TAMS 0x00000000e5300000, 0x00000000e5300000| Untracked 
|  84|0x00000000e5400000, 0x00000000e5400000, 0x00000000e5500000|  0%| F|  |TAMS 0x00000000e5400000, 0x00000000e5400000| Untracked 
|  85|0x00000000e5500000, 0x00000000e5500000, 0x00000000e5600000|  0%| F|  |TAMS 0x00000000e5500000, 0x00000000e5500000| Untracked 
|  86|0x00000000e5600000, 0x00000000e5600000, 0x00000000e5700000|  0%| F|  |TAMS 0x00000000e5600000, 0x00000000e5600000| Untracked 
|  87|0x00000000e5700000, 0x00000000e5700000, 0x00000000e5800000|  0%| F|  |TAMS 0x00000000e5700000, 0x00000000e5700000| Untracked 
|  88|0x00000000e5800000, 0x00000000e5800000, 0x00000000e5900000|  0%| F|  |TAMS 0x00000000e5800000, 0x00000000e5800000| Untracked 
|  89|0x00000000e5900000, 0x00000000e5900000, 0x00000000e5a00000|  0%| F|  |TAMS 0x00000000e5900000, 0x00000000e5900000| Untracked 
|  90|0x00000000e5a00000, 0x00000000e5a00000, 0x00000000e5b00000|  0%| F|  |TAMS 0x00000000e5a00000, 0x00000000e5a00000| Untracked 
|  91|0x00000000e5b00000, 0x00000000e5b00000, 0x00000000e5c00000|  0%| F|  |TAMS 0x00000000e5b00000, 0x00000000e5b00000| Untracked 
|  92|0x00000000e5c00000, 0x00000000e5c00000, 0x00000000e5d00000|  0%| F|  |TAMS 0x00000000e5c00000, 0x00000000e5c00000| Untracked 
|  93|0x00000000e5d00000, 0x00000000e5d00000, 0x00000000e5e00000|  0%| F|  |TAMS 0x00000000e5d00000, 0x00000000e5d00000| Untracked 
|  94|0x00000000e5e00000, 0x00000000e5e00000, 0x00000000e5f00000|  0%| F|  |TAMS 0x00000000e5e00000, 0x00000000e5e00000| Untracked 
|  95|0x00000000e5f00000, 0x00000000e5f00000, 0x00000000e6000000|  0%| F|  |TAMS 0x00000000e5f00000, 0x00000000e5f00000| Untracked 
|  96|0x00000000e6000000, 0x00000000e6000000, 0x00000000e6100000|  0%| F|  |TAMS 0x00000000e6000000, 0x00000000e6000000| Untracked 
|  97|0x00000000e6100000, 0x00000000e6100000, 0x00000000e6200000|  0%| F|  |TAMS 0x00000000e6100000, 0x00000000e6100000| Untracked 
|  98|0x00000000e6200000, 0x00000000e6200000, 0x00000000e6300000|  0%| F|  |TAMS 0x00000000e6200000, 0x00000000e6200000| Untracked 
|  99|0x00000000e6300000, 0x00000000e6300000, 0x00000000e6400000|  0%| F|  |TAMS 0x00000000e6300000, 0x00000000e6300000| Untracked 
| 100|0x00000000e6400000, 0x00000000e6400000, 0x00000000e6500000|  0%| F|  |TAMS 0x00000000e6400000, 0x00000000e6400000| Untracked 
| 101|0x00000000e6500000, 0x00000000e6500000, 0x00000000e6600000|  0%| F|  |TAMS 0x00000000e6500000, 0x00000000e6500000| Untracked 
| 102|0x00000000e6600000, 0x00000000e6600000, 0x00000000e6700000|  0%| F|  |TAMS 0x00000000e6600000, 0x00000000e6600000| Untracked 
| 103|0x00000000e6700000, 0x00000000e6700000, 0x00000000e6800000|  0%| F|  |TAMS 0x00000000e6700000, 0x00000000e6700000| Untracked 
| 104|0x00000000e6800000, 0x00000000e6800000, 0x00000000e6900000|  0%| F|  |TAMS 0x00000000e6800000, 0x00000000e6800000| Untracked 
| 105|0x00000000e6900000, 0x00000000e6900000, 0x00000000e6a00000|  0%| F|  |TAMS 0x00000000e6900000, 0x00000000e6900000| Untracked 
| 106|0x00000000e6a00000, 0x00000000e6a00000, 0x00000000e6b00000|  0%| F|  |TAMS 0x00000000e6a00000, 0x00000000e6a00000| Untracked 
| 107|0x00000000e6b00000, 0x00000000e6b00000, 0x00000000e6c00000|  0%| F|  |TAMS 0x00000000e6b00000, 0x00000000e6b00000| Untracked 
| 108|0x00000000e6c00000, 0x00000000e6c00000, 0x00000000e6d00000|  0%| F|  |TAMS 0x00000000e6c00000, 0x00000000e6c00000| Untracked 
| 109|0x00000000e6d00000, 0x00000000e6d00000, 0x00000000e6e00000|  0%| F|  |TAMS 0x00000000e6d00000, 0x00000000e6d00000| Untracked 
| 110|0x00000000e6e00000, 0x00000000e6e00000, 0x00000000e6f00000|  0%| F|  |TAMS 0x00000000e6e00000, 0x00000000e6e00000| Untracked 
| 111|0x00000000e6f00000, 0x00000000e6f00000, 0x00000000e7000000|  0%| F|  |TAMS 0x00000000e6f00000, 0x00000000e6f00000| Untracked 
| 112|0x00000000e7000000, 0x00000000e7000000, 0x00000000e7100000|  0%| F|  |TAMS 0x00000000e7000000, 0x00000000e7000000| Untracked 
| 113|0x00000000e7100000, 0x00000000e7100000, 0x00000000e7200000|  0%| F|  |TAMS 0x00000000e7100000, 0x00000000e7100000| Untracked 
| 114|0x00000000e7200000, 0x00000000e7200000, 0x00000000e7300000|  0%| F|  |TAMS 0x00000000e7200000, 0x00000000e7200000| Untracked 
| 115|0x00000000e7300000, 0x00000000e7300000, 0x00000000e7400000|  0%| F|  |TAMS 0x00000000e7300000, 0x00000000e7300000| Untracked 
| 116|0x00000000e7400000, 0x00000000e7400000, 0x00000000e7500000|  0%| F|  |TAMS 0x00000000e7400000, 0x00000000e7400000| Untracked 
| 117|0x00000000e7500000, 0x00000000e7500000, 0x00000000e7600000|  0%| F|  |TAMS 0x00000000e7500000, 0x00000000e7500000| Untracked 
| 118|0x00000000e7600000, 0x00000000e7600000, 0x00000000e7700000|  0%| F|  |TAMS 0x00000000e7600000, 0x00000000e7600000| Untracked 
| 119|0x00000000e7700000, 0x00000000e7700000, 0x00000000e7800000|  0%| F|  |TAMS 0x00000000e7700000, 0x00000000e7700000| Untracked 
| 120|0x00000000e7800000, 0x00000000e7800000, 0x00000000e7900000|  0%| F|  |TAMS 0x00000000e7800000, 0x00000000e7800000| Untracked 
| 121|0x00000000e7900000, 0x00000000e7900000, 0x00000000e7a00000|  0%| F|  |TAMS 0x00000000e7900000, 0x00000000e7900000| Untracked 
| 122|0x00000000e7a00000, 0x00000000e7a00000, 0x00000000e7b00000|  0%| F|  |TAMS 0x00000000e7a00000, 0x00000000e7a00000| Untracked 
| 123|0x00000000e7b00000, 0x00000000e7b00000, 0x00000000e7c00000|  0%| F|  |TAMS 0x00000000e7b00000, 0x00000000e7b00000| Untracked 
| 124|0x00000000e7c00000, 0x00000000e7c00000, 0x00000000e7d00000|  0%| F|  |TAMS 0x00000000e7c00000, 0x00000000e7c00000| Untracked 
| 125|0x00000000e7d00000, 0x00000000e7d00000, 0x00000000e7e00000|  0%| F|  |TAMS 0x00000000e7d00000, 0x00000000e7d00000| Untracked 
| 126|0x00000000e7e00000, 0x00000000e7e00000, 0x00000000e7f00000|  0%| F|  |TAMS 0x00000000e7e00000, 0x00000000e7e00000| Untracked 
| 127|0x00000000e7f00000, 0x00000000e7f00000, 0x00000000e8000000|  0%| F|  |TAMS 0x00000000e7f00000, 0x00000000e7f00000| Untracked 
| 128|0x00000000e8000000, 0x00000000e8000000, 0x00000000e8100000|  0%| F|  |TAMS 0x00000000e8000000, 0x00000000e8000000| Untracked 
| 129|0x00000000e8100000, 0x00000000e8100000, 0x00000000e8200000|  0%| F|  |TAMS 0x00000000e8100000, 0x00000000e8100000| Untracked 
| 130|0x00000000e8200000, 0x00000000e8200000, 0x00000000e8300000|  0%| F|  |TAMS 0x00000000e8200000, 0x00000000e8200000| Untracked 
| 131|0x00000000e8300000, 0x00000000e8382010, 0x00000000e8400000| 50%| E|  |TAMS 0x00000000e8300000, 0x00000000e8300000| Complete 
| 132|0x00000000e8400000, 0x00000000e8500000, 0x00000000e8500000|100%| E|CS|TAMS 0x00000000e8400000, 0x00000000e8400000| Complete 
| 133|0x00000000e8500000, 0x00000000e8600000, 0x00000000e8600000|100%| E|CS|TAMS 0x00000000e8500000, 0x00000000e8500000| Complete 
| 134|0x00000000e8600000, 0x00000000e8700000, 0x00000000e8700000|100%| E|CS|TAMS 0x00000000e8600000, 0x00000000e8600000| Complete 
| 135|0x00000000e8700000, 0x00000000e8800000, 0x00000000e8800000|100%| E|CS|TAMS 0x00000000e8700000, 0x00000000e8700000| Complete 
| 136|0x00000000e8800000, 0x00000000e8900000, 0x00000000e8900000|100%| E|CS|TAMS 0x00000000e8800000, 0x00000000e8800000| Complete 
| 137|0x00000000e8900000, 0x00000000e8a00000, 0x00000000e8a00000|100%| E|CS|TAMS 0x00000000e8900000, 0x00000000e8900000| Complete 
| 138|0x00000000e8a00000, 0x00000000e8b00000, 0x00000000e8b00000|100%| E|CS|TAMS 0x00000000e8a00000, 0x00000000e8a00000| Complete 
| 139|0x00000000e8b00000, 0x00000000e8c00000, 0x00000000e8c00000|100%| E|CS|TAMS 0x00000000e8b00000, 0x00000000e8b00000| Complete 
| 140|0x00000000e8c00000, 0x00000000e8d00000, 0x00000000e8d00000|100%| E|CS|TAMS 0x00000000e8c00000, 0x00000000e8c00000| Complete 
| 141|0x00000000e8d00000, 0x00000000e8e00000, 0x00000000e8e00000|100%| E|CS|TAMS 0x00000000e8d00000, 0x00000000e8d00000| Complete 
| 142|0x00000000e8e00000, 0x00000000e8f00000, 0x00000000e8f00000|100%| E|CS|TAMS 0x00000000e8e00000, 0x00000000e8e00000| Complete 
| 143|0x00000000e8f00000, 0x00000000e9000000, 0x00000000e9000000|100%| E|CS|TAMS 0x00000000e8f00000, 0x00000000e8f00000| Complete 
| 144|0x00000000e9000000, 0x00000000e9100000, 0x00000000e9100000|100%| E|CS|TAMS 0x00000000e9000000, 0x00000000e9000000| Complete 
| 145|0x00000000e9100000, 0x00000000e9200000, 0x00000000e9200000|100%| E|CS|TAMS 0x00000000e9100000, 0x00000000e9100000| Complete 
| 146|0x00000000e9200000, 0x00000000e9300000, 0x00000000e9300000|100%| E|CS|TAMS 0x00000000e9200000, 0x00000000e9200000| Complete 
| 147|0x00000000e9300000, 0x00000000e9400000, 0x00000000e9400000|100%| E|CS|TAMS 0x00000000e9300000, 0x00000000e9300000| Complete 
| 148|0x00000000e9400000, 0x00000000e9500000, 0x00000000e9500000|100%| E|CS|TAMS 0x00000000e9400000, 0x00000000e9400000| Complete 
| 149|0x00000000e9500000, 0x00000000e9600000, 0x00000000e9600000|100%| E|CS|TAMS 0x00000000e9500000, 0x00000000e9500000| Complete 
| 150|0x00000000e9600000, 0x00000000e9700000, 0x00000000e9700000|100%| E|CS|TAMS 0x00000000e9600000, 0x00000000e9600000| Complete 
| 151|0x00000000e9700000, 0x00000000e9800000, 0x00000000e9800000|100%| E|CS|TAMS 0x00000000e9700000, 0x00000000e9700000| Complete 
| 152|0x00000000e9800000, 0x00000000e9900000, 0x00000000e9900000|100%| E|CS|TAMS 0x00000000e9800000, 0x00000000e9800000| Complete 
| 153|0x00000000e9900000, 0x00000000e9a00000, 0x00000000e9a00000|100%| E|CS|TAMS 0x00000000e9900000, 0x00000000e9900000| Complete 
| 154|0x00000000e9a00000, 0x00000000e9b00000, 0x00000000e9b00000|100%| E|CS|TAMS 0x00000000e9a00000, 0x00000000e9a00000| Complete 
| 155|0x00000000e9b00000, 0x00000000e9c00000, 0x00000000e9c00000|100%| E|CS|TAMS 0x00000000e9b00000, 0x00000000e9b00000| Complete 
| 156|0x00000000e9c00000, 0x00000000e9d00000, 0x00000000e9d00000|100%| E|CS|TAMS 0x00000000e9c00000, 0x00000000e9c00000| Complete 
| 157|0x00000000e9d00000, 0x00000000e9e00000, 0x00000000e9e00000|100%| E|CS|TAMS 0x00000000e9d00000, 0x00000000e9d00000| Complete 
| 158|0x00000000e9e00000, 0x00000000e9f00000, 0x00000000e9f00000|100%| E|CS|TAMS 0x00000000e9e00000, 0x00000000e9e00000| Complete 
| 159|0x00000000e9f00000, 0x00000000ea000000, 0x00000000ea000000|100%| E|CS|TAMS 0x00000000e9f00000, 0x00000000e9f00000| Complete 
| 160|0x00000000ea000000, 0x00000000ea100000, 0x00000000ea100000|100%| E|CS|TAMS 0x00000000ea000000, 0x00000000ea000000| Complete 
| 161|0x00000000ea100000, 0x00000000ea200000, 0x00000000ea200000|100%| E|CS|TAMS 0x00000000ea100000, 0x00000000ea100000| Complete 
| 162|0x00000000ea200000, 0x00000000ea300000, 0x00000000ea300000|100%| E|CS|TAMS 0x00000000ea200000, 0x00000000ea200000| Complete 
| 163|0x00000000ea300000, 0x00000000ea400000, 0x00000000ea400000|100%| E|CS|TAMS 0x00000000ea300000, 0x00000000ea300000| Complete 
| 164|0x00000000ea400000, 0x00000000ea500000, 0x00000000ea500000|100%| E|CS|TAMS 0x00000000ea400000, 0x00000000ea400000| Complete 
| 165|0x00000000ea500000, 0x00000000ea600000, 0x00000000ea600000|100%| E|CS|TAMS 0x00000000ea500000, 0x00000000ea500000| Complete 
| 166|0x00000000ea600000, 0x00000000ea700000, 0x00000000ea700000|100%| E|CS|TAMS 0x00000000ea600000, 0x00000000ea600000| Complete 
| 167|0x00000000ea700000, 0x00000000ea800000, 0x00000000ea800000|100%| E|CS|TAMS 0x00000000ea700000, 0x00000000ea700000| Complete 
| 168|0x00000000ea800000, 0x00000000ea900000, 0x00000000ea900000|100%| E|CS|TAMS 0x00000000ea800000, 0x00000000ea800000| Complete 
| 169|0x00000000ea900000, 0x00000000eaa00000, 0x00000000eaa00000|100%| E|CS|TAMS 0x00000000ea900000, 0x00000000ea900000| Complete 
| 170|0x00000000eaa00000, 0x00000000eab00000, 0x00000000eab00000|100%| E|CS|TAMS 0x00000000eaa00000, 0x00000000eaa00000| Complete 
| 171|0x00000000eab00000, 0x00000000eac00000, 0x00000000eac00000|100%| E|CS|TAMS 0x00000000eab00000, 0x00000000eab00000| Complete 
| 172|0x00000000eac00000, 0x00000000ead00000, 0x00000000ead00000|100%| E|CS|TAMS 0x00000000eac00000, 0x00000000eac00000| Complete 
| 173|0x00000000ead00000, 0x00000000eae00000, 0x00000000eae00000|100%| E|CS|TAMS 0x00000000ead00000, 0x00000000ead00000| Complete 
| 174|0x00000000eae00000, 0x00000000eaf00000, 0x00000000eaf00000|100%| E|CS|TAMS 0x00000000eae00000, 0x00000000eae00000| Complete 
| 175|0x00000000eaf00000, 0x00000000eb000000, 0x00000000eb000000|100%| E|CS|TAMS 0x00000000eaf00000, 0x00000000eaf00000| Complete 
| 176|0x00000000eb000000, 0x00000000eb100000, 0x00000000eb100000|100%| E|CS|TAMS 0x00000000eb000000, 0x00000000eb000000| Complete 
| 177|0x00000000eb100000, 0x00000000eb200000, 0x00000000eb200000|100%| E|CS|TAMS 0x00000000eb100000, 0x00000000eb100000| Complete 
| 178|0x00000000eb200000, 0x00000000eb300000, 0x00000000eb300000|100%| E|CS|TAMS 0x00000000eb200000, 0x00000000eb200000| Complete 
| 179|0x00000000eb300000, 0x00000000eb400000, 0x00000000eb400000|100%| E|CS|TAMS 0x00000000eb300000, 0x00000000eb300000| Complete 
| 180|0x00000000eb400000, 0x00000000eb500000, 0x00000000eb500000|100%| E|CS|TAMS 0x00000000eb400000, 0x00000000eb400000| Complete 
| 181|0x00000000eb500000, 0x00000000eb600000, 0x00000000eb600000|100%| E|CS|TAMS 0x00000000eb500000, 0x00000000eb500000| Complete 
| 182|0x00000000eb600000, 0x00000000eb700000, 0x00000000eb700000|100%| E|CS|TAMS 0x00000000eb600000, 0x00000000eb600000| Complete 
| 183|0x00000000eb700000, 0x00000000eb800000, 0x00000000eb800000|100%| E|CS|TAMS 0x00000000eb700000, 0x00000000eb700000| Complete 
| 184|0x00000000eb800000, 0x00000000eb900000, 0x00000000eb900000|100%| E|CS|TAMS 0x00000000eb800000, 0x00000000eb800000| Complete 
| 185|0x00000000eb900000, 0x00000000eba00000, 0x00000000eba00000|100%| E|CS|TAMS 0x00000000eb900000, 0x00000000eb900000| Complete 
| 186|0x00000000eba00000, 0x00000000ebb00000, 0x00000000ebb00000|100%| E|CS|TAMS 0x00000000eba00000, 0x00000000eba00000| Complete 
| 187|0x00000000ebb00000, 0x00000000ebc00000, 0x00000000ebc00000|100%| E|CS|TAMS 0x00000000ebb00000, 0x00000000ebb00000| Complete 
| 188|0x00000000ebc00000, 0x00000000ebd00000, 0x00000000ebd00000|100%| E|CS|TAMS 0x00000000ebc00000, 0x00000000ebc00000| Complete 
| 189|0x00000000ebd00000, 0x00000000ebe00000, 0x00000000ebe00000|100%| E|CS|TAMS 0x00000000ebd00000, 0x00000000ebd00000| Complete 
| 190|0x00000000ebe00000, 0x00000000ebf00000, 0x00000000ebf00000|100%| E|CS|TAMS 0x00000000ebe00000, 0x00000000ebe00000| Complete 
| 191|0x00000000ebf00000, 0x00000000ec000000, 0x00000000ec000000|100%| E|CS|TAMS 0x00000000ebf00000, 0x00000000ebf00000| Complete 
| 192|0x00000000ec000000, 0x00000000ec100000, 0x00000000ec100000|100%| E|CS|TAMS 0x00000000ec000000, 0x00000000ec000000| Complete 
| 193|0x00000000ec100000, 0x00000000ec200000, 0x00000000ec200000|100%| E|CS|TAMS 0x00000000ec100000, 0x00000000ec100000| Complete 
| 194|0x00000000ec200000, 0x00000000ec300000, 0x00000000ec300000|100%| E|CS|TAMS 0x00000000ec200000, 0x00000000ec200000| Complete 
| 195|0x00000000ec300000, 0x00000000ec400000, 0x00000000ec400000|100%| E|CS|TAMS 0x00000000ec300000, 0x00000000ec300000| Complete 
| 196|0x00000000ec400000, 0x00000000ec500000, 0x00000000ec500000|100%| E|CS|TAMS 0x00000000ec400000, 0x00000000ec400000| Complete 
| 197|0x00000000ec500000, 0x00000000ec600000, 0x00000000ec600000|100%| E|CS|TAMS 0x00000000ec500000, 0x00000000ec500000| Complete 
| 198|0x00000000ec600000, 0x00000000ec700000, 0x00000000ec700000|100%| E|CS|TAMS 0x00000000ec600000, 0x00000000ec600000| Complete 
| 199|0x00000000ec700000, 0x00000000ec800000, 0x00000000ec800000|100%| E|CS|TAMS 0x00000000ec700000, 0x00000000ec700000| Complete 
| 200|0x00000000ec800000, 0x00000000ec900000, 0x00000000ec900000|100%| E|CS|TAMS 0x00000000ec800000, 0x00000000ec800000| Complete 
| 201|0x00000000ec900000, 0x00000000eca00000, 0x00000000eca00000|100%| E|CS|TAMS 0x00000000ec900000, 0x00000000ec900000| Complete 
| 202|0x00000000eca00000, 0x00000000ecb00000, 0x00000000ecb00000|100%| E|CS|TAMS 0x00000000eca00000, 0x00000000eca00000| Complete 
| 203|0x00000000ecb00000, 0x00000000ecc00000, 0x00000000ecc00000|100%| E|CS|TAMS 0x00000000ecb00000, 0x00000000ecb00000| Complete 
| 204|0x00000000ecc00000, 0x00000000ecd00000, 0x00000000ecd00000|100%| E|CS|TAMS 0x00000000ecc00000, 0x00000000ecc00000| Complete 
| 205|0x00000000ecd00000, 0x00000000ece00000, 0x00000000ece00000|100%| E|CS|TAMS 0x00000000ecd00000, 0x00000000ecd00000| Complete 
| 206|0x00000000ece00000, 0x00000000ecf00000, 0x00000000ecf00000|100%| E|CS|TAMS 0x00000000ece00000, 0x00000000ece00000| Complete 
| 207|0x00000000ecf00000, 0x00000000ed000000, 0x00000000ed000000|100%| E|CS|TAMS 0x00000000ecf00000, 0x00000000ecf00000| Complete 
| 208|0x00000000ed000000, 0x00000000ed100000, 0x00000000ed100000|100%| E|CS|TAMS 0x00000000ed000000, 0x00000000ed000000| Complete 
| 209|0x00000000ed100000, 0x00000000ed200000, 0x00000000ed200000|100%| E|CS|TAMS 0x00000000ed100000, 0x00000000ed100000| Complete 
| 210|0x00000000ed200000, 0x00000000ed300000, 0x00000000ed300000|100%| E|CS|TAMS 0x00000000ed200000, 0x00000000ed200000| Complete 
| 211|0x00000000ed300000, 0x00000000ed400000, 0x00000000ed400000|100%| E|CS|TAMS 0x00000000ed300000, 0x00000000ed300000| Complete 
| 212|0x00000000ed400000, 0x00000000ed500000, 0x00000000ed500000|100%| E|CS|TAMS 0x00000000ed400000, 0x00000000ed400000| Complete 
| 213|0x00000000ed500000, 0x00000000ed600000, 0x00000000ed600000|100%| E|CS|TAMS 0x00000000ed500000, 0x00000000ed500000| Complete 
| 214|0x00000000ed600000, 0x00000000ed700000, 0x00000000ed700000|100%| S|CS|TAMS 0x00000000ed600000, 0x00000000ed600000| Complete 
| 215|0x00000000ed700000, 0x00000000ed800000, 0x00000000ed800000|100%| S|CS|TAMS 0x00000000ed700000, 0x00000000ed700000| Complete 
| 216|0x00000000ed800000, 0x00000000ed900000, 0x00000000ed900000|100%| S|CS|TAMS 0x00000000ed800000, 0x00000000ed800000| Complete 
| 217|0x00000000ed900000, 0x00000000eda00000, 0x00000000eda00000|100%| S|CS|TAMS 0x00000000ed900000, 0x00000000ed900000| Complete 
| 218|0x00000000eda00000, 0x00000000edb00000, 0x00000000edb00000|100%| S|CS|TAMS 0x00000000eda00000, 0x00000000eda00000| Complete 
| 219|0x00000000edb00000, 0x00000000edc00000, 0x00000000edc00000|100%| E|CS|TAMS 0x00000000edb00000, 0x00000000edb00000| Complete 
| 220|0x00000000edc00000, 0x00000000edd00000, 0x00000000edd00000|100%| E|CS|TAMS 0x00000000edc00000, 0x00000000edc00000| Complete 
| 221|0x00000000edd00000, 0x00000000ede00000, 0x00000000ede00000|100%| E|CS|TAMS 0x00000000edd00000, 0x00000000edd00000| Complete 
| 222|0x00000000ede00000, 0x00000000edf00000, 0x00000000edf00000|100%| E|CS|TAMS 0x00000000ede00000, 0x00000000ede00000| Complete 
| 223|0x00000000edf00000, 0x00000000ee000000, 0x00000000ee000000|100%| E|CS|TAMS 0x00000000edf00000, 0x00000000edf00000| Complete 
| 224|0x00000000ee000000, 0x00000000ee100000, 0x00000000ee100000|100%| E|CS|TAMS 0x00000000ee000000, 0x00000000ee000000| Complete 
| 225|0x00000000ee100000, 0x00000000ee200000, 0x00000000ee200000|100%| E|CS|TAMS 0x00000000ee100000, 0x00000000ee100000| Complete 
| 226|0x00000000ee200000, 0x00000000ee300000, 0x00000000ee300000|100%| E|CS|TAMS 0x00000000ee200000, 0x00000000ee200000| Complete 
| 227|0x00000000ee300000, 0x00000000ee400000, 0x00000000ee400000|100%| E|CS|TAMS 0x00000000ee300000, 0x00000000ee300000| Complete 
| 228|0x00000000ee400000, 0x00000000ee500000, 0x00000000ee500000|100%| E|CS|TAMS 0x00000000ee400000, 0x00000000ee400000| Complete 
| 229|0x00000000ee500000, 0x00000000ee600000, 0x00000000ee600000|100%| E|CS|TAMS 0x00000000ee500000, 0x00000000ee500000| Complete 
| 230|0x00000000ee600000, 0x00000000ee700000, 0x00000000ee700000|100%| E|CS|TAMS 0x00000000ee600000, 0x00000000ee600000| Complete 
| 231|0x00000000ee700000, 0x00000000ee800000, 0x00000000ee800000|100%| E|CS|TAMS 0x00000000ee700000, 0x00000000ee700000| Complete 
| 232|0x00000000ee800000, 0x00000000ee900000, 0x00000000ee900000|100%| E|CS|TAMS 0x00000000ee800000, 0x00000000ee800000| Complete 
| 233|0x00000000ee900000, 0x00000000eea00000, 0x00000000eea00000|100%| E|CS|TAMS 0x00000000ee900000, 0x00000000ee900000| Complete 
| 234|0x00000000eea00000, 0x00000000eeb00000, 0x00000000eeb00000|100%| E|CS|TAMS 0x00000000eea00000, 0x00000000eea00000| Complete 
| 235|0x00000000eeb00000, 0x00000000eec00000, 0x00000000eec00000|100%| E|CS|TAMS 0x00000000eeb00000, 0x00000000eeb00000| Complete 
| 236|0x00000000eec00000, 0x00000000eed00000, 0x00000000eed00000|100%| E|CS|TAMS 0x00000000eec00000, 0x00000000eec00000| Complete 
| 237|0x00000000eed00000, 0x00000000eee00000, 0x00000000eee00000|100%| E|CS|TAMS 0x00000000eed00000, 0x00000000eed00000| Complete 
| 238|0x00000000eee00000, 0x00000000eef00000, 0x00000000eef00000|100%| E|CS|TAMS 0x00000000eee00000, 0x00000000eee00000| Complete 
| 239|0x00000000eef00000, 0x00000000ef000000, 0x00000000ef000000|100%| E|CS|TAMS 0x00000000eef00000, 0x00000000eef00000| Complete 
| 240|0x00000000ef000000, 0x00000000ef100000, 0x00000000ef100000|100%| E|CS|TAMS 0x00000000ef000000, 0x00000000ef000000| Complete 
| 241|0x00000000ef100000, 0x00000000ef200000, 0x00000000ef200000|100%| E|CS|TAMS 0x00000000ef100000, 0x00000000ef100000| Complete 
| 242|0x00000000ef200000, 0x00000000ef300000, 0x00000000ef300000|100%| E|CS|TAMS 0x00000000ef200000, 0x00000000ef200000| Complete 
| 243|0x00000000ef300000, 0x00000000ef400000, 0x00000000ef400000|100%| E|CS|TAMS 0x00000000ef300000, 0x00000000ef300000| Complete 
| 244|0x00000000ef400000, 0x00000000ef500000, 0x00000000ef500000|100%| E|CS|TAMS 0x00000000ef400000, 0x00000000ef400000| Complete 
| 245|0x00000000ef500000, 0x00000000ef600000, 0x00000000ef600000|100%| E|CS|TAMS 0x00000000ef500000, 0x00000000ef500000| Complete 
| 246|0x00000000ef600000, 0x00000000ef700000, 0x00000000ef700000|100%| E|CS|TAMS 0x00000000ef600000, 0x00000000ef600000| Complete 
| 247|0x00000000ef700000, 0x00000000ef800000, 0x00000000ef800000|100%| E|CS|TAMS 0x00000000ef700000, 0x00000000ef700000| Complete 
| 248|0x00000000ef800000, 0x00000000ef900000, 0x00000000ef900000|100%| E|CS|TAMS 0x00000000ef800000, 0x00000000ef800000| Complete 
| 249|0x00000000ef900000, 0x00000000efa00000, 0x00000000efa00000|100%| E|CS|TAMS 0x00000000ef900000, 0x00000000ef900000| Complete 
| 250|0x00000000efa00000, 0x00000000efb00000, 0x00000000efb00000|100%| E|CS|TAMS 0x00000000efa00000, 0x00000000efa00000| Complete 
| 251|0x00000000efb00000, 0x00000000efc00000, 0x00000000efc00000|100%| E|CS|TAMS 0x00000000efb00000, 0x00000000efb00000| Complete 
| 252|0x00000000efc00000, 0x00000000efd00000, 0x00000000efd00000|100%| E|CS|TAMS 0x00000000efc00000, 0x00000000efc00000| Complete 
| 253|0x00000000efd00000, 0x00000000efe00000, 0x00000000efe00000|100%| E|CS|TAMS 0x00000000efd00000, 0x00000000efd00000| Complete 
| 254|0x00000000efe00000, 0x00000000eff00000, 0x00000000eff00000|100%| E|CS|TAMS 0x00000000efe00000, 0x00000000efe00000| Complete 
| 255|0x00000000eff00000, 0x00000000f0000000, 0x00000000f0000000|100%| E|CS|TAMS 0x00000000eff00000, 0x00000000eff00000| Complete 

Card table byte_map: [0x0000016bfc520000,0x0000016bfc620000] _byte_map_base: 0x0000016bfbe20000

Marking Bits (Prev, Next): (CMBitMap*) 0x0000016bf9c09f80, (CMBitMap*) 0x0000016bf9c09fc0
 Prev Bits: [0x0000016bfc720000, 0x0000016bfcf20000)
 Next Bits: [0x0000016bfcf20000, 0x0000016bfd720000)

Polling page: 0x0000016bf9b00000

Metaspace:

Usage:
  Non-class:     11.95 MB used.
      Class:      1.91 MB used.
       Both:     13.86 MB used.

Virtual space:
  Non-class space:       64.00 MB reserved,      12.06 MB ( 19%) committed,  1 nodes.
      Class space:      320.00 MB reserved,       2.06 MB ( <1%) committed,  1 nodes.
             Both:      384.00 MB reserved,      14.12 MB (  4%) committed. 

Chunk freelists:
   Non-Class:  3.86 MB
       Class:  13.98 MB
        Both:  17.84 MB

MaxMetaspaceSize: 384.00 MB
CompressedClassSpaceSize: 320.00 MB
Initial GC threshold: 21.00 MB
Current GC threshold: 21.00 MB
CDS: on
MetaspaceReclaimPolicy: balanced
 - commit_granule_bytes: 65536.
 - commit_granule_words: 8192.
 - virtual_space_node_default_size: 8388608.
 - enlarge_chunks_in_place: 1.
 - new_chunks_are_fully_committed: 0.
 - uncommit_free_chunks: 1.
 - use_allocation_guard: 0.
 - handle_deallocations: 1.


Internal statistics:

num_allocs_failed_limit: 0.
num_arena_births: 200.
num_arena_deaths: 0.
num_vsnodes_births: 2.
num_vsnodes_deaths: 0.
num_space_committed: 226.
num_space_uncommitted: 0.
num_chunks_returned_to_freelist: 0.
num_chunks_taken_from_freelist: 625.
num_chunk_merges: 0.
num_chunk_splits: 419.
num_chunks_enlarged: 311.
num_inconsistent_stats: 0.

CodeHeap 'non-profiled nmethods': size=120000Kb used=1323Kb max_used=1323Kb free=118676Kb
 bounds [0x0000016b8f2b0000, 0x0000016b8f520000, 0x0000016b967e0000]
CodeHeap 'profiled nmethods': size=120000Kb used=4660Kb max_used=4660Kb free=115339Kb
 bounds [0x0000016b877e0000, 0x0000016b87c70000, 0x0000016b8ed10000]
CodeHeap 'non-nmethods': size=5760Kb used=1214Kb max_used=1232Kb free=4545Kb
 bounds [0x0000016b8ed10000, 0x0000016b8ef80000, 0x0000016b8f2b0000]
 total_blobs=2978 nmethods=2456 adapters=434
 compilation: enabled
              stopped_count=0, restarted_count=0
 full_count=0

Compilation events (20 events):
Event: 23.744 Thread 0x0000016b96bb4ba0 nmethod 2439 0x0000016b87c5eb90 code [0x0000016b87c5ede0, 0x0000016b87c5f848]
Event: 23.744 Thread 0x0000016b96bb4ba0 2440       3       org.gradle.internal.service.DefaultServiceRegistry::access$1300 (5 bytes)
Event: 23.744 Thread 0x0000016b96bb4ba0 nmethod 2440 0x0000016b87c5fc10 code [0x0000016b87c5fda0, 0x0000016b87c5fec8]
Event: 23.874 Thread 0x0000016b96bb4ba0 2442       3       com.google.common.collect.RegularImmutableList::listIterator (15 bytes)
Event: 23.874 Thread 0x0000016b96bb4ba0 nmethod 2442 0x0000016b87c5ff90 code [0x0000016b87c60140, 0x0000016b87c60288]
Event: 23.939 Thread 0x0000016b96bb4ba0 2444   !   3       java.util.concurrent.LinkedBlockingQueue::poll (128 bytes)
Event: 23.940 Thread 0x0000016b96bb4ba0 nmethod 2444 0x0000016b87c60390 code [0x0000016b87c60780, 0x0000016b87c624f8]
Event: 23.954 Thread 0x0000016b96bb4ba0 2445       3       org.gradle.launcher.daemon.server.exec.DaemonConnectionBackedEventConsumer$ForwardEvents::moreMessagesToSend (35 bytes)
Event: 23.954 Thread 0x0000016b96bb4ba0 nmethod 2445 0x0000016b87c63190 code [0x0000016b87c63340, 0x0000016b87c63608]
Event: 23.954 Thread 0x0000016b96bb4ba0 2446   !   3       org.gradle.launcher.daemon.server.exec.DaemonConnectionBackedEventConsumer$ForwardEvents::getNextEvent (27 bytes)
Event: 23.954 Thread 0x0000016b96bb4ba0 nmethod 2446 0x0000016b87c63710 code [0x0000016b87c638c0, 0x0000016b87c63b48]
Event: 23.978 Thread 0x0000016b96bb4ba0 2447       3       org.gradle.internal.service.ServiceScopeValidator::whenRegistered (42 bytes)
Event: 24.000 Thread 0x0000016b96bb4ba0 nmethod 2447 0x0000016b87c63c90 code [0x0000016b87c63e80, 0x0000016b87c64518]
Event: 24.000 Thread 0x0000016b96bb4ba0 2448       3       org.gradle.internal.service.DefaultServiceRegistry$RegistrationWrapper::getDeclaredTypes (8 bytes)
Event: 24.000 Thread 0x0000016b96bb4ba0 nmethod 2448 0x0000016b87c64790 code [0x0000016b87c64920, 0x0000016b87c64ad8]
Event: 24.062 Thread 0x0000016b96bb4ba0 2449       3       java.util.concurrent.locks.AbstractQueuedSynchronizer$Node::getAndUnsetStatus (14 bytes)
Event: 24.062 Thread 0x0000016b96bb4ba0 nmethod 2449 0x0000016b87c64b90 code [0x0000016b87c64d40, 0x0000016b87c65048]
Event: 24.069 Thread 0x0000016b96bb3dd0 2450       4       jdk.internal.org.objectweb.asm.Frame::execute (2305 bytes)
Event: 24.220 Thread 0x0000016b96bb4ba0 2451       3       javax.management.ObjectName::addProperty (80 bytes)
Event: 24.220 Thread 0x0000016b96bb4ba0 nmethod 2451 0x0000016b87c65190 code [0x0000016b87c653a0, 0x0000016b87c65b48]

GC Heap History (4 events):
Event: 0.479 GC heap before
{Heap before GC invocations=0 (full 0):
 garbage-first heap   total 262144K, used 23552K [0x00000000e0000000, 0x0000000100000000)
  region size 1024K, 23 young (23552K), 0 survivors (0K)
 Metaspace       used 829K, committed 960K, reserved 393216K
  class space    used 65K, committed 128K, reserved 327680K
}
Event: 1.083 GC heap after
{Heap after GC invocations=1 (full 0):
 garbage-first heap   total 262144K, used 1565K [0x00000000e0000000, 0x0000000100000000)
  region size 1024K, 2 young (2048K), 2 survivors (2048K)
 Metaspace       used 829K, committed 960K, reserved 393216K
  class space    used 65K, committed 128K, reserved 327680K
}
Event: 2.310 GC heap before
{Heap before GC invocations=1 (full 0):
 garbage-first heap   total 262144K, used 41501K [0x00000000e0000000, 0x0000000100000000)
  region size 1024K, 37 young (37888K), 2 survivors (2048K)
 Metaspace       used 4301K, committed 4480K, reserved 393216K
  class space    used 545K, committed 640K, reserved 327680K
}
Event: 2.315 GC heap after
{Heap after GC invocations=2 (full 0):
 garbage-first heap   total 262144K, used 11568K [0x00000000e0000000, 0x0000000100000000)
  region size 1024K, 5 young (5120K), 5 survivors (5120K)
 Metaspace       used 4301K, committed 4480K, reserved 393216K
  class space    used 545K, committed 640K, reserved 327680K
}

Deoptimization events (20 events):
Event: 18.396 Thread 0x0000016bb0859490 DEOPT PACKING pc=0x0000016b8f3cc3e8 sp=0x0000001bdd3fef90
Event: 18.396 Thread 0x0000016bb0859490 DEOPT UNPACKING pc=0x0000016b8ed623a3 sp=0x0000001bdd3fef18 mode 2
Event: 20.787 Thread 0x0000016bb0859490 Uncommon trap: trap_request=0xffffff45 fr.pc=0x0000016b8f36bf88 relative=0x00000000000003c8
Event: 20.787 Thread 0x0000016bb0859490 Uncommon trap: reason=unstable_if action=reinterpret pc=0x0000016b8f36bf88 method=java.util.HashMap.getNode(Ljava/lang/Object;)Ljava/util/HashMap$Node; @ 66 c2
Event: 20.787 Thread 0x0000016bb0859490 DEOPT PACKING pc=0x0000016b8f36bf88 sp=0x0000001bdd3fc320
Event: 20.787 Thread 0x0000016bb0859490 DEOPT UNPACKING pc=0x0000016b8ed623a3 sp=0x0000001bdd3fc230 mode 2
Event: 20.787 Thread 0x0000016bb0859490 Uncommon trap: trap_request=0xffffff45 fr.pc=0x0000016b8f2f7210 relative=0x00000000000003d0
Event: 20.787 Thread 0x0000016bb0859490 Uncommon trap: reason=unstable_if action=reinterpret pc=0x0000016b8f2f7210 method=java.util.HashMap.getNode(Ljava/lang/Object;)Ljava/util/HashMap$Node; @ 66 c2
Event: 20.787 Thread 0x0000016bb0859490 DEOPT PACKING pc=0x0000016b8f2f7210 sp=0x0000001bdd3fc2b0
Event: 20.787 Thread 0x0000016bb0859490 DEOPT UNPACKING pc=0x0000016b8ed623a3 sp=0x0000001bdd3fc230 mode 2
Event: 20.888 Thread 0x0000016bb0859490 Uncommon trap: trap_request=0xffffff45 fr.pc=0x0000016b8f358c70 relative=0x00000000000003b0
Event: 20.888 Thread 0x0000016bb0859490 Uncommon trap: reason=unstable_if action=reinterpret pc=0x0000016b8f358c70 method=java.util.concurrent.ConcurrentHashMap.get(Ljava/lang/Object;)Ljava/lang/Object; @ 76 c2
Event: 20.888 Thread 0x0000016bb0859490 DEOPT PACKING pc=0x0000016b8f358c70 sp=0x0000001bdd3fb800
Event: 20.888 Thread 0x0000016bb0859490 DEOPT UNPACKING pc=0x0000016b8ed623a3 sp=0x0000001bdd3fb778 mode 2
Event: 20.950 Thread 0x0000016bb0859490 Uncommon trap: trap_request=0xffffff45 fr.pc=0x0000016b8f38e2b8 relative=0x0000000000000198
Event: 20.950 Thread 0x0000016bb0859490 Uncommon trap: reason=unstable_if action=reinterpret pc=0x0000016b8f38e2b8 method=java.util.WeakHashMap.expungeStaleEntries()V @ 9 c2
Event: 20.950 Thread 0x0000016bb0859490 DEOPT PACKING pc=0x0000016b8f38e2b8 sp=0x0000001bdd3fb490
Event: 20.950 Thread 0x0000016bb0859490 DEOPT UNPACKING pc=0x0000016b8ed623a3 sp=0x0000001bdd3fb428 mode 2
Event: 23.880 Thread 0x0000016bb0859490 DEOPT PACKING pc=0x0000016b87ba45ea sp=0x0000001bdd3fd0c0
Event: 23.880 Thread 0x0000016bb0859490 DEOPT UNPACKING pc=0x0000016b8ed62b43 sp=0x0000001bdd3fc5d0 mode 0

Classes unloaded (0 events):
No events

Classes redefined (0 events):
No events

Internal exceptions (20 events):
Event: 4.591 Thread 0x0000016bfbdfd960 Exception <a 'java/lang/NoSuchMethodError'{0x00000000ea738a00}: 'java.lang.Object java.lang.invoke.DirectMethodHandle$Holder.invokeStaticInit(java.lang.Object, java.lang.Object, int, int, int, int)'> (0x00000000ea738a00) 
thrown [s\open\src\hotspot\share\interpreter\linkResolver.cpp, line 759]
Event: 4.974 Thread 0x0000016bfbdfd960 Exception <a 'java/lang/NoSuchMethodError'{0x00000000ea560210}: 'void java.lang.invoke.DirectMethodHandle$Holder.invokeStatic(java.lang.Object, java.lang.Object, java.lang.Object)'> (0x00000000ea560210) 
thrown [s\open\src\hotspot\share\interpreter\linkResolver.cpp, line 759]
Event: 5.021 Thread 0x0000016bfbdfd960 Exception <a 'java/io/IOException'{0x00000000ea30ee90}> (0x00000000ea30ee90) 
thrown [s\open\src\hotspot\share\prims\jni.cpp, line 516]
Event: 5.025 Thread 0x0000016bfbdfd960 Implicit null exception at 0x0000016b8f2fb2f9 to 0x0000016b8f2fbe44
Event: 5.039 Thread 0x0000016bfbdfd960 Exception <a 'java/lang/NoSuchMethodError'{0x00000000ea3775d0}: 'java.lang.Object java.lang.invoke.DirectMethodHandle$Holder.newInvokeSpecial(java.lang.Object, java.lang.Object, java.lang.Object, java.lang.Object, java.lang.Object)'> (0x00000000ea3775d0) 
thrown [s\open\src\hotspot\share\interpreter\linkResolver.cpp, line 759]
Event: 18.057 Thread 0x0000016bb0858a70 Exception <a 'java/lang/NoSuchMethodError'{0x00000000e9c6e498}: static Lorg/gradle/tooling/internal/provider/serialization/ClassLoaderDetails;.<clinit>()V> (0x00000000e9c6e498) 
thrown [s\open\src\hotspot\share\prims\jni.cpp, line 1107]
Event: 18.086 Thread 0x0000016bb0858a70 Exception <a 'java/lang/NoSuchMethodError'{0x00000000e9c89350}: static Lorg/gradle/internal/classloader/ClassLoaderSpec;.<clinit>()V> (0x00000000e9c89350) 
thrown [s\open\src\hotspot\share\prims\jni.cpp, line 1107]
Event: 18.086 Thread 0x0000016bb0858a70 Exception <a 'java/lang/NoSuchMethodError'{0x00000000e9c92b40}: static Lorg/gradle/tooling/internal/provider/serialization/WellKnownClassLoaderRegistry$KnownClassLoaderSpec;.<clinit>()V> (0x00000000e9c92b40) 
thrown [s\open\src\hotspot\share\prims\jni.cpp, line 1107]
Event: 18.096 Thread 0x0000016bb0858a70 Exception <a 'java/lang/NoSuchMethodError'{0x00000000e9caa458}: static Lorg/gradle/tooling/internal/provider/serialization/ClientOwnedClassLoaderSpec;.<clinit>()V> (0x00000000e9caa458) 
thrown [s\open\src\hotspot\share\prims\jni.cpp, line 1107]
Event: 18.320 Thread 0x0000016bb09e8bd0 Exception <a 'java/lang/NoSuchMethodError'{0x00000000e9b8b728}: 'void java.lang.invoke.DirectMethodHandle$Holder.invokeSpecial(java.lang.Object, java.lang.Object, java.lang.Object)'> (0x00000000e9b8b728) 
thrown [s\open\src\hotspot\share\interpreter\linkResolver.cpp, line 759]
Event: 20.229 Thread 0x0000016bb0859490 Exception <a 'java/lang/NoSuchMethodError'{0x00000000e978a810}: 'long java.lang.invoke.DirectMethodHandle$Holder.invokeInterface(java.lang.Object, java.lang.Object)'> (0x00000000e978a810) 
thrown [s\open\src\hotspot\share\interpreter\linkResolver.cpp, line 759]
Event: 20.673 Thread 0x0000016bb0859490 Exception <a 'java/lang/NoSuchMethodError'{0x00000000e9261ab8}: 'void java.lang.invoke.DirectMethodHandle$Holder.invokeStatic(java.lang.Object, java.lang.Object)'> (0x00000000e9261ab8) 
thrown [s\open\src\hotspot\share\interpreter\linkResolver.cpp, line 759]
Event: 20.951 Thread 0x0000016bb0859490 Exception <a 'java/lang/NoSuchMethodError'{0x00000000e90a3c58}: 'int java.lang.invoke.DirectMethodHandle$Holder.invokeVirtual(java.lang.Object, java.lang.Object, java.lang.Object)'> (0x00000000e90a3c58) 
thrown [s\open\src\hotspot\share\interpreter\linkResolver.cpp, line 759]
Event: 21.065 Thread 0x0000016bb0859490 Exception <a 'java/lang/NoSuchMethodError'{0x00000000e8d5a220}: 'java.lang.Object java.lang.invoke.DirectMethodHandle$Holder.newInvokeSpecial(java.lang.Object, java.lang.Object, java.lang.Object, java.lang.Object, java.lang.Object, java.lang.Object)'> (0x00000000e8d5a220) 
thrown [s\open\src\hotspot\share\interpreter\linkResolver.cpp, line 759]
Event: 21.067 Thread 0x0000016bb0859490 Exception <a 'java/lang/NoSuchMethodError'{0x00000000e8d76868}: 'void java.lang.invoke.DirectMethodHandle$Holder.invokeSpecial(java.lang.Object, java.lang.Object, java.lang.Object, java.lang.Object, java.lang.Object)'> (0x00000000e8d76868) 
thrown [s\open\src\hotspot\share\interpreter\linkResolver.cpp, line 759]
Event: 21.069 Thread 0x0000016bb0859490 Exception <a 'java/lang/NoSuchMethodError'{0x00000000e8d8b730}: 'void java.lang.invoke.DirectMethodHandle$Holder.invokeStaticInit(java.lang.Object, java.lang.Object)'> (0x00000000e8d8b730) 
thrown [s\open\src\hotspot\share\interpreter\linkResolver.cpp, line 759]
Event: 21.534 Thread 0x0000016bb0859490 Exception <a 'java/lang/NoSuchMethodError'{0x00000000e8a8b990}: 'void java.lang.invoke.DelegatingMethodHandle$Holder.reinvoke_L(java.lang.Object, java.lang.Object, java.lang.Object, java.lang.Object, java.lang.Object, java.lang.Object, java.lang.Object, java.lang.Object, java.lang.Object, java.lang.Object)'> (0x00000000e8a8b990) 
thrown [s\open\src\hotspot\share\interpreter\linkResolver.cpp, line 759]
Event: 21.534 Thread 0x0000016bb0859490 Exception <a 'java/lang/NoSuchMethodError'{0x00000000e8a93e00}: 'java.lang.Object java.lang.invoke.DirectMethodHandle$Holder.invokeSpecial(java.lang.Object, java.lang.Object, java.lang.Object, java.lang.Object, java.lang.Object, java.lang.Object, java.lang.Object, java.lang.Object, java.lang.Object, java.lang.Object)'> (0x00000000e8a93e00) 
thrown [s\open\src\hotspot\share\interpreter\linkResolver.cpp, line 759]
Event: 21.534 Thread 0x0000016bb0859490 Exception <a 'java/lang/NoSuchMethodError'{0x00000000e8a986d0}: 'java.lang.Object java.lang.invoke.Invokers$Holder.invoker(java.lang.Object, java.lang.Object, java.lang.Object, java.lang.Object, java.lang.Object, java.lang.Object, java.lang.Object, java.lang.Object, java.lang.Object, java.lang.Object)'> (0x00000000e8a986d0) 
thrown [s\open\src\hotspot\share\interpreter\linkResolver.cpp, line 759]
Event: 21.535 Thread 0x0000016bb0859490 Exception <a 'java/lang/NoSuchMethodError'{0x00000000e8a9e2d8}: 'java.lang.Object java.lang.invoke.DirectMethodHandle$Holder.invokeSpecial(java.lang.Object, java.lang.Object, java.lang.Object, java.lang.Object, java.lang.Object, java.lang.Object, java.lang.Object, java.lang.Object, java.lang.Object, java.lang.Object, java.lang.Object)'> (0x00000000e8a9e2d8) 
thrown [s\open\src\hotspot\share\interpreter\linkResolver.cpp, line 759]

VM Operations (20 events):
Event: 15.689 Executing VM operation: Cleanup
Event: 15.689 Executing VM operation: Cleanup done
Event: 15.966 Executing VM operation: HandshakeAllThreads
Event: 15.966 Executing VM operation: HandshakeAllThreads done
Event: 16.971 Executing VM operation: Cleanup
Event: 17.006 Executing VM operation: Cleanup done
Event: 17.128 Executing VM operation: HandshakeAllThreads
Event: 17.128 Executing VM operation: HandshakeAllThreads done
Event: 18.140 Executing VM operation: Cleanup
Event: 18.141 Executing VM operation: Cleanup done
Event: 19.144 Executing VM operation: Cleanup
Event: 19.428 Executing VM operation: Cleanup done
Event: 20.436 Executing VM operation: Cleanup
Event: 20.633 Executing VM operation: Cleanup done
Event: 21.639 Executing VM operation: Cleanup
Event: 22.087 Executing VM operation: Cleanup done
Event: 23.095 Executing VM operation: Cleanup
Event: 23.106 Executing VM operation: Cleanup done
Event: 24.109 Executing VM operation: Cleanup
Event: 24.110 Executing VM operation: Cleanup done

Events (20 events):
Event: 20.863 loading class jdk/internal/vm/annotation/IntrinsicCandidate
Event: 20.888 loading class jdk/internal/vm/annotation/IntrinsicCandidate done
Event: 20.890 loading class java/util/stream/MatchOps$MatchKind
Event: 20.913 loading class java/util/stream/MatchOps$MatchKind done
Event: 20.913 loading class java/util/stream/MatchOps
Event: 20.923 loading class java/util/stream/MatchOps done
Event: 20.923 loading class java/util/stream/MatchOps$MatchOp
Event: 20.934 loading class java/util/stream/MatchOps$MatchOp done
Event: 20.935 loading class java/util/stream/MatchOps$BooleanTerminalSink
Event: 20.946 loading class java/util/stream/MatchOps$BooleanTerminalSink done
Event: 20.947 loading class java/util/stream/MatchOps$1MatchSink
Event: 20.949 loading class java/util/stream/MatchOps$1MatchSink done
Event: 21.034 loading class java/lang/TypeNotPresentException
Event: 21.040 loading class java/lang/TypeNotPresentException done
Event: 21.056 loading class java/lang/invoke/MethodHandle$1
Event: 21.056 loading class java/lang/invoke/MethodHandle$1 done
Event: 21.457 loading class java/util/ConcurrentModificationException
Event: 21.457 loading class java/util/ConcurrentModificationException done
Event: 21.499 loading class sun/reflect/generics/scope/ConstructorScope
Event: 21.499 loading class sun/reflect/generics/scope/ConstructorScope done


Dynamic libraries:
0x00007ff75e3d0000 - 0x00007ff75e3e0000 	C:\Program Files\Java\jdk-17\bin\java.exe
0x00007ffb413f0000 - 0x00007ffb415e8000 	C:\Windows\SYSTEM32\ntdll.dll
0x00007ffb40440000 - 0x00007ffb40502000 	C:\Windows\System32\KERNEL32.DLL
0x00007ffb3f090000 - 0x00007ffb3f386000 	C:\Windows\System32\KERNELBASE.dll
0x00007ffb3edd0000 - 0x00007ffb3eed0000 	C:\Windows\System32\ucrtbase.dll
0x00007ffb10f10000 - 0x00007ffb10f29000 	C:\Program Files\Java\jdk-17\bin\jli.dll
0x00007ffb40dc0000 - 0x00007ffb40e71000 	C:\Windows\System32\ADVAPI32.dll
0x00007ffb41070000 - 0x00007ffb4110e000 	C:\Windows\System32\msvcrt.dll
0x00007ffb3f410000 - 0x00007ffb3f4af000 	C:\Windows\System32\sechost.dll
0x00007ffb41280000 - 0x00007ffb413a3000 	C:\Windows\System32\RPCRT4.dll
0x00007ffb3f3e0000 - 0x00007ffb3f407000 	C:\Windows\System32\bcrypt.dll
0x00007ffb3f4b0000 - 0x00007ffb3f64d000 	C:\Windows\System32\USER32.dll
0x00007ffb3ea80000 - 0x00007ffb3eaa2000 	C:\Windows\System32\win32u.dll
0x00007ffb19470000 - 0x00007ffb1948b000 	C:\Program Files\Java\jdk-17\bin\VCRUNTIME140.dll
0x00007ffb411c0000 - 0x00007ffb411eb000 	C:\Windows\System32\GDI32.dll
0x00007ffb3eed0000 - 0x00007ffb3efe9000 	C:\Windows\System32\gdi32full.dll
0x00007ffb3eff0000 - 0x00007ffb3f08d000 	C:\Windows\System32\msvcp_win.dll
0x00007ffb34f70000 - 0x00007ffb34f7a000 	C:\Windows\SYSTEM32\VERSION.dll
0x00007ffb31bc0000 - 0x00007ffb31e5a000 	C:\Windows\WinSxS\amd64_microsoft.windows.common-controls_6595b64144ccf1df_6.0.19041.5915_none_60b4b9d171f9c7c7\COMCTL32.dll
0x00007ffb40340000 - 0x00007ffb4036f000 	C:\Windows\System32\IMM32.DLL
0x00007ffb19f30000 - 0x00007ffb19f3c000 	C:\Program Files\Java\jdk-17\bin\vcruntime140_1.dll
0x00007ffb02db0000 - 0x00007ffb02e3e000 	C:\Program Files\Java\jdk-17\bin\msvcp140.dll
0x00007ffadbf70000 - 0x00007ffadcb4f000 	C:\Program Files\Java\jdk-17\bin\server\jvm.dll
0x00007ffb40c80000 - 0x00007ffb40c88000 	C:\Windows\System32\PSAPI.DLL
0x00007ffb1f0a0000 - 0x00007ffb1f0a9000 	C:\Windows\SYSTEM32\WSOCK32.dll
0x00007ffb33e40000 - 0x00007ffb33e67000 	C:\Windows\SYSTEM32\WINMM.dll
0x00007ffb40cf0000 - 0x00007ffb40d5b000 	C:\Windows\System32\WS2_32.dll
0x00007ffb3d280000 - 0x00007ffb3d292000 	C:\Windows\SYSTEM32\kernel.appcore.dll
0x00007ffb191f0000 - 0x00007ffb191fa000 	C:\Program Files\Java\jdk-17\bin\jimage.dll
0x00007ffb37b20000 - 0x00007ffb37d21000 	C:\Windows\SYSTEM32\DBGHELP.DLL
0x00007ffb36bf0000 - 0x00007ffb36c24000 	C:\Windows\SYSTEM32\dbgcore.DLL
0x00007ffb3eb60000 - 0x00007ffb3ebe2000 	C:\Windows\System32\bcryptPrimitives.dll
0x00007ffb19080000 - 0x00007ffb1908e000 	C:\Program Files\Java\jdk-17\bin\instrument.dll
0x00007ffb014b0000 - 0x00007ffb014d5000 	C:\Program Files\Java\jdk-17\bin\java.dll
0x00007ffaff960000 - 0x00007ffaffa37000 	C:\Program Files\Java\jdk-17\bin\jsvml.dll
0x00007ffb40510000 - 0x00007ffb40c7e000 	C:\Windows\System32\SHELL32.dll
0x00007ffb3cac0000 - 0x00007ffb3d264000 	C:\Windows\SYSTEM32\windows.storage.dll
0x00007ffb3ff30000 - 0x00007ffb40283000 	C:\Windows\System32\combase.dll
0x00007ffb3e3d0000 - 0x00007ffb3e3fb000 	C:\Windows\SYSTEM32\Wldp.dll
0x00007ffb40370000 - 0x00007ffb4043d000 	C:\Windows\System32\OLEAUT32.dll
0x00007ffb40fc0000 - 0x00007ffb4106d000 	C:\Windows\System32\SHCORE.dll
0x00007ffb40f60000 - 0x00007ffb40fbb000 	C:\Windows\System32\shlwapi.dll
0x00007ffb3e9b0000 - 0x00007ffb3e9d5000 	C:\Windows\SYSTEM32\profapi.dll
0x00007ffb0d2b0000 - 0x00007ffb0d2c8000 	C:\Program Files\Java\jdk-17\bin\zip.dll
0x00007ffb02c20000 - 0x00007ffb02c39000 	C:\Program Files\Java\jdk-17\bin\net.dll
0x00007ffb37990000 - 0x00007ffb37a9a000 	C:\Windows\SYSTEM32\WINHTTP.dll
0x00007ffb3e1b0000 - 0x00007ffb3e21a000 	C:\Windows\system32\mswsock.dll
0x00007ffb018f0000 - 0x00007ffb01906000 	C:\Program Files\Java\jdk-17\bin\nio.dll
0x00007ffb17650000 - 0x00007ffb17660000 	C:\Program Files\Java\jdk-17\bin\verify.dll
0x00007ffb11fb0000 - 0x00007ffb11fd7000 	C:\Users\Александр\.gradle\native\c067742578af261105cb4f569cf0c3c89f3d7b1fecec35dd04571415982c5e48\windows-amd64\native-platform.dll
0x00007ffaeb370000 - 0x00007ffaeb4b4000 	C:\Users\Александр\.gradle\native\100fb08df4bc3b14c8652ba06237920a3bd2aa13389f12d3474272988ae205f9\windows-amd64\native-platform-file-events.dll
0x00007ffb15440000 - 0x00007ffb1544a000 	C:\Program Files\Java\jdk-17\bin\management.dll
0x00007ffb152b0000 - 0x00007ffb152bb000 	C:\Program Files\Java\jdk-17\bin\management_ext.dll
0x00007ffb3e410000 - 0x00007ffb3e428000 	C:\Windows\SYSTEM32\CRYPTSP.dll
0x00007ffb3da80000 - 0x00007ffb3dab8000 	C:\Windows\system32\rsaenh.dll
0x00007ffb3e930000 - 0x00007ffb3e95e000 	C:\Windows\SYSTEM32\USERENV.dll
0x00007ffb3e340000 - 0x00007ffb3e34c000 	C:\Windows\SYSTEM32\CRYPTBASE.dll
0x00007ffb3de60000 - 0x00007ffb3de9b000 	C:\Windows\SYSTEM32\IPHLPAPI.DLL
0x00007ffb41270000 - 0x00007ffb41278000 	C:\Windows\System32\NSI.dll
0x00007ffb3bab0000 - 0x00007ffb3bac7000 	C:\Windows\SYSTEM32\dhcpcsvc6.DLL
0x00007ffb3bb10000 - 0x00007ffb3bb2d000 	C:\Windows\SYSTEM32\dhcpcsvc.DLL
0x00007ffb3deb0000 - 0x00007ffb3df7a000 	C:\Windows\SYSTEM32\DNSAPI.dll
0x00007ffb14c70000 - 0x00007ffb14c7e000 	C:\Program Files\Java\jdk-17\bin\sunmscapi.dll
0x00007ffb3ebf0000 - 0x00007ffb3ed4d000 	C:\Windows\System32\CRYPT32.dll
0x00007ffb3e500000 - 0x00007ffb3e527000 	C:\Windows\SYSTEM32\ncrypt.dll
0x00007ffb3e4c0000 - 0x00007ffb3e4fb000 	C:\Windows\SYSTEM32\NTASN1.dll
0x00007ffb27420000 - 0x00007ffb27427000 	C:\Windows\system32\wshunix.dll

dbghelp: loaded successfully - version: 4.0.5 - missing functions: none
symbol engine: initialized successfully - sym options: 0x614 - pdb path: .;C:\Program Files\Java\jdk-17\bin;C:\Windows\SYSTEM32;C:\Windows\WinSxS\amd64_microsoft.windows.common-controls_6595b64144ccf1df_6.0.19041.5915_none_60b4b9d171f9c7c7;C:\Program Files\Java\jdk-17\bin\server;C:\Users\Александр\.gradle\native\c067742578af261105cb4f569cf0c3c89f3d7b1fecec35dd04571415982c5e48\windows-amd64;C:\Users\Александр\.gradle\native\100fb08df4bc3b14c8652ba06237920a3bd2aa13389f12d3474272988ae205f9\windows-amd64

VM Arguments:
jvm_args: --add-opens=java.base/java.util=ALL-UNNAMED --add-opens=java.base/java.lang=ALL-UNNAMED --add-opens=java.base/java.lang.invoke=ALL-UNNAMED --add-opens=java.prefs/java.util.prefs=ALL-UNNAMED --add-exports=jdk.compiler/com.sun.tools.javac.api=ALL-UNNAMED --add-exports=jdk.compiler/com.sun.tools.javac.util=ALL-UNNAMED --add-opens=java.base/java.nio.charset=ALL-UNNAMED --add-opens=java.base/java.net=ALL-UNNAMED --add-opens=java.base/java.util.concurrent.atomic=ALL-UNNAMED -XX:MaxMetaspaceSize=384m -XX:+HeapDumpOnOutOfMemoryError -Xms256m -Xmx512m -Dfile.encoding=UTF-8 -Duser.country=RU -Duser.language=ru -Duser.variant -javaagent:C:\Users\Александр\.gradle\wrapper\dists\gradle-8.10.2-bin\a04bxjujx95o3nb99gddekhwo\gradle-8.10.2\lib\agents\gradle-instrumentation-agent-8.10.2.jar 
java_command: org.gradle.launcher.daemon.bootstrap.GradleDaemon 8.10.2
java_class_path (initial): C:\Users\Александр\.gradle\wrapper\dists\gradle-8.10.2-bin\a04bxjujx95o3nb99gddekhwo\gradle-8.10.2\lib\gradle-daemon-main-8.10.2.jar
Launcher Type: SUN_STANDARD

[Global flags]
     intx CICompilerCount                          = 4                                         {product} {ergonomic}
   size_t CompressedClassSpaceSize                 = 335544320                                 {product} {ergonomic}
     uint ConcGCThreads                            = 3                                         {product} {ergonomic}
     uint G1ConcRefinementThreads                  = 10                                        {product} {ergonomic}
   size_t G1HeapRegionSize                         = 1048576                                   {product} {ergonomic}
    uintx GCDrainStackTargetSize                   = 64                                        {product} {ergonomic}
     bool HeapDumpOnOutOfMemoryError               = true                                   {manageable} {command line}
   size_t InitialHeapSize                          = 268435456                                 {product} {command line}
   size_t MarkStackSize                            = 4194304                                   {product} {ergonomic}
   size_t MaxHeapSize                              = 536870912                                 {product} {command line}
   size_t MaxMetaspaceSize                         = 402653184                                 {product} {command line}
   size_t MaxNewSize                               = 321912832                                 {product} {ergonomic}
   size_t MinHeapDeltaBytes                        = 1048576                                   {product} {ergonomic}
   size_t MinHeapSize                              = 268435456                                 {product} {command line}
    uintx NonNMethodCodeHeapSize                   = 5839372                                {pd product} {ergonomic}
    uintx NonProfiledCodeHeapSize                  = 122909434                              {pd product} {ergonomic}
    uintx ProfiledCodeHeapSize                     = 122909434                              {pd product} {ergonomic}
    uintx ReservedCodeCacheSize                    = 251658240                              {pd product} {ergonomic}
     bool SegmentedCodeCache                       = true                                      {product} {ergonomic}
   size_t SoftMaxHeapSize                          = 536870912                              {manageable} {ergonomic}
     bool UseCompressedClassPointers               = true                           {product lp64_product} {ergonomic}
     bool UseCompressedOops                        = true                           {product lp64_product} {ergonomic}
     bool UseG1GC                                  = true                                      {product} {ergonomic}
     bool UseLargePagesIndividualAllocation        = false                                  {pd product} {ergonomic}

Logging:
Log output configuration:
 #0: stdout all=warning uptime,level,tags
 #1: stderr all=off uptime,level,tags

Environment Variables:
JAVA_HOME=C:\Program Files\Java\jdk-17
PATH=C:\Program Files\Common Files\Oracle\Java\javapath;C:\Windows\system32;C:\Windows;C:\Windows\System32\Wbem;C:\Windows\System32\WindowsPowerShell\v1.0\;C:\Windows\System32\OpenSSH\;C:\Gradle\bin;C:\Program Files\Git\cmd;C:\Program Files\usbipd-win\;C:\Program Files\MIT\Kerberos\bin;C:\Gradle\gradle-8.10.2\bin;C:\Program Files\Java\jdk-21\bin;C:\Program Files\dotnet\;C:\Users\Александр\AppData\Local\Programs\Python\Python310\Scripts\;C:\Users\Александр\AppData\Local\Programs\Python\Python310\;C:\Users\Александр\AppData\Local\Microsoft\WindowsApps;C:\Program Files\JetBrains\PyCharm 2022.2.1\bin;;C:\Program Files\JetBrains\IntelliJ IDEA Community Edition 2024.1.4\bin;;C:\Users\Александр\AppData\Local\Programs\Microsoft VS Code\bin;C:\Gradle\gradle-8.10.2\bin;C:\Program Files\Java\jdk-21\bin;
USERNAME=Александр
OS=Windows_NT
PROCESSOR_IDENTIFIER=Intel64 Family 6 Model 151 Stepping 5, GenuineIntel



---------------  S Y S T E M  ---------------

OS:
 Windows 10 , 64 bit Build 19041 (10.0.19041.5915)
OS uptime: 7 days 13:57 hours
Hyper-V role detected

CPU: total 12 (initial active 12) (6 cores per cpu, 2 threads per core) family 6 model 151 stepping 5 microcode 0x15, cx8, cmov, fxsr, ht, mmx, 3dnowpref, sse, sse2, sse3, ssse3, sse4.1, sse4.2, popcnt, lzcnt, tsc, tscinvbit, avx, avx2, aes, erms, clmul, bmi1, bmi2, adx, sha, fma, vzeroupper, clflush, clflushopt, clwb, hv

Memory: 4k page, system-wide physical 16225M (1238M free)
TotalPageFile size 45952M (AvailPageFile size 1456M)
current process WorkingSet (physical memory assigned to process): 74M, peak: 184M
current process commit charge ("private bytes"): 397M, peak: 398M

vm_info: Java HotSpot(TM) 64-Bit Server VM (17.0.10+11-LTS-240) for windows-amd64 JRE (17.0.10+11-LTS-240), built on Dec 19 2023 21:47:25 by "mach5one" with MS VC++ 17.1 (VS2022)

END.
