#
# There is insufficient memory for the Java Runtime Environment to continue.
# Native memory allocation (malloc) failed to allocate 32744 bytes for ChunkPool::allocate
# Possible reasons:
#   The system is out of physical RAM or swap space
#   The process is running with CompressedOops enabled, and the Java Heap may be blocking the growth of the native heap
# Possible solutions:
#   Reduce memory load on the system
#   Increase physical memory or swap space
#   Check if swap backing store is full
#   Decrease Java heap size (-Xmx/-Xms)
#   Decrease number of Java threads
#   Decrease Java thread stack sizes (-Xss)
#   Set larger code cache with -XX:ReservedCodeCacheSize=
#   JVM is running with Unscaled Compressed Oops mode in which the Java heap is
#     placed in the first 4GB address space. The Java Heap base address is the
#     maximum limit for the native heap growth. Please use -XX:HeapBaseMinAddress
#     to set the Java Heap base and to place the Java Heap above 4GB virtual address.
# This output file may be truncated or incomplete.
#
#  Out of Memory Error (arena.cpp:78), pid=1620, tid=4592
#
# JRE version: Java(TM) SE Runtime Environment (17.0.10+11) (build 17.0.10+11-LTS-240)
# Java VM: Java HotSpot(TM) 64-Bit Server VM (17.0.10+11-LTS-240, mixed mode, sharing, tiered, compressed oops, compressed class ptrs, g1 gc, windows-amd64)
# No core dump will be written. Minidumps are not enabled by default on client versions of Windows
#

---------------  S U M M A R Y ------------

Command Line: --add-opens=java.base/java.util=ALL-UNNAMED --add-opens=java.base/java.lang=ALL-UNNAMED --add-opens=java.base/java.lang.invoke=ALL-UNNAMED --add-opens=java.prefs/java.util.prefs=ALL-UNNAMED --add-exports=jdk.compiler/com.sun.tools.javac.api=ALL-UNNAMED --add-exports=jdk.compiler/com.sun.tools.javac.util=ALL-UNNAMED --add-opens=java.base/java.nio.charset=ALL-UNNAMED --add-opens=java.base/java.net=ALL-UNNAMED --add-opens=java.base/java.util.concurrent.atomic=ALL-UNNAMED -XX:MaxMetaspaceSize=384m -XX:+HeapDumpOnOutOfMemoryError -Xms256m -Xmx512m -Dfile.encoding=UTF-8 -Duser.country=RU -Duser.language=ru -Duser.variant -javaagent:C:\Users\¿ÎÂÍÒ‡Ì‰\.gradle\wrapper\dists\gradle-8.10.2-bin\a04bxjujx95o3nb99gddekhwo\gradle-8.10.2\lib\agents\gradle-instrumentation-agent-8.10.2.jar org.gradle.launcher.daemon.bootstrap.GradleDaemon 8.10.2

Host: 12th Gen Intel(R) Core(TM) i5-12400F, 12 cores, 15G,  Windows 10 , 64 bit Build 19041 (10.0.19041.5915)
Time: Fri Jun 27 13:45:25 2025 RTZ 2 (s 10 , 64 bit Build 19041 (10.0.19041.5915) elapsed time: 66.915625 seconds (0d 0h 1m 6s)

---------------  T H R E A D  ---------------

Current thread (0x000002391f1d1280):  JavaThread "C2 CompilerThread0" daemon [_thread_in_native, id=4592, stack(0x000000c117100000,0x000000c117200000)]


Current CompileTask:
C2:  66933 3105       4       java.lang.invoke.MethodType::makeImpl (109 bytes)

Stack: [0x000000c117100000,0x000000c117200000]
Native frames: (J=compiled Java code, j=interpreted, Vv=VM code, C=native code)
V  [jvm.dll+0x677a5a]
V  [jvm.dll+0x7d8b2d]
V  [jvm.dll+0x7da48e]
V  [jvm.dll+0x7daaf3]
V  [jvm.dll+0x2455ff]
V  [jvm.dll+0xaad50]
V  [jvm.dll+0xab09c]
V  [jvm.dll+0x35f09f]
V  [jvm.dll+0x2d0629]
V  [jvm.dll+0x63e6f1]
V  [jvm.dll+0x1114ec]
V  [jvm.dll+0x33c2aa]
V  [jvm.dll+0x6937d6]
V  [jvm.dll+0x692ad2]
V  [jvm.dll+0x68df7b]
V  [jvm.dll+0x688056]
V  [jvm.dll+0x6876a0]
V  [jvm.dll+0x6855aa]
V  [jvm.dll+0x1a666c]
V  [jvm.dll+0x2aa21c]
V  [jvm.dll+0x690083]
V  [jvm.dll+0x688056]
V  [jvm.dll+0x6876a0]
V  [jvm.dll+0x6855aa]
V  [jvm.dll+0x1a666c]
V  [jvm.dll+0x2aa21c]
V  [jvm.dll+0x690083]
V  [jvm.dll+0x688056]
V  [jvm.dll+0x6876a0]
V  [jvm.dll+0x6855aa]
V  [jvm.dll+0x1a666c]
V  [jvm.dll+0x2aa21c]
V  [jvm.dll+0x690083]
V  [jvm.dll+0x688056]
V  [jvm.dll+0x6876a0]
V  [jvm.dll+0x6855aa]
V  [jvm.dll+0x1a666c]
V  [jvm.dll+0x2aa21c]
V  [jvm.dll+0x690083]
V  [jvm.dll+0x688056]
V  [jvm.dll+0x6876a0]
V  [jvm.dll+0x6855aa]
V  [jvm.dll+0x1a666c]
V  [jvm.dll+0x2aa21c]
V  [jvm.dll+0x690083]
V  [jvm.dll+0x688056]
V  [jvm.dll+0x6876a0]
V  [jvm.dll+0x6855aa]
V  [jvm.dll+0x1a666c]
V  [jvm.dll+0x216938]
V  [jvm.dll+0x1a3410]
V  [jvm.dll+0x226aeb]
V  [jvm.dll+0x224cab]
V  [jvm.dll+0x78e45c]
V  [jvm.dll+0x78888a]
V  [jvm.dll+0x676935]
C  [ucrtbase.dll+0x21bb2]
C  [KERNEL32.DLL+0x17374]
C  [ntdll.dll+0x4cc91]


---------------  P R O C E S S  ---------------

Threads class SMR info:
_java_thread_list=0x000002393a41a7b0, length=28, elements={
0x0000023904488930, 0x000002391f1b49b0, 0x000002391f1b5740, 0x000002391f1cb6e0,
0x000002391f1cd320, 0x000002391f1cfd00, 0x000002391f1d05d0, 0x000002391f1d1280,
0x000002391f1d1c40, 0x000002391f1e6610, 0x000002391f1a04f0, 0x000002391f50da10,
0x000002393a70bd30, 0x000002393a1cc010, 0x0000023939273d70, 0x000002391f398030,
0x00000239398baf90, 0x00000239398bb4a0, 0x00000239398baa80, 0x00000239398bc3d0,
0x00000239398bc8e0, 0x00000239398ba570, 0x00000239398bd300, 0x00000239398bb9b0,
0x00000239398bbec0, 0x00000239398bcdf0, 0x00000239398ba060, 0x00000239398bd810
}

Java Threads: ( => current thread )
  0x0000023904488930 JavaThread "main" [_thread_blocked, id=22040, stack(0x000000c116300000,0x000000c116400000)]
  0x000002391f1b49b0 JavaThread "Reference Handler" daemon [_thread_blocked, id=29972, stack(0x000000c116b00000,0x000000c116c00000)]
  0x000002391f1b5740 JavaThread "Finalizer" daemon [_thread_blocked, id=19476, stack(0x000000c116c00000,0x000000c116d00000)]
  0x000002391f1cb6e0 JavaThread "Signal Dispatcher" daemon [_thread_blocked, id=14564, stack(0x000000c116d00000,0x000000c116e00000)]
  0x000002391f1cd320 JavaThread "Attach Listener" daemon [_thread_blocked, id=28248, stack(0x000000c116e00000,0x000000c116f00000)]
  0x000002391f1cfd00 JavaThread "Service Thread" daemon [_thread_blocked, id=23696, stack(0x000000c116f00000,0x000000c117000000)]
  0x000002391f1d05d0 JavaThread "Monitor Deflation Thread" daemon [_thread_blocked, id=23816, stack(0x000000c117000000,0x000000c117100000)]
=>0x000002391f1d1280 JavaThread "C2 CompilerThread0" daemon [_thread_in_native, id=4592, stack(0x000000c117100000,0x000000c117200000)]
  0x000002391f1d1c40 JavaThread "C1 CompilerThread0" daemon [_thread_blocked, id=26024, stack(0x000000c117200000,0x000000c117300000)]
  0x000002391f1e6610 JavaThread "Sweeper thread" daemon [_thread_blocked, id=23448, stack(0x000000c117300000,0x000000c117400000)]
  0x000002391f1a04f0 JavaThread "Common-Cleaner" daemon [_thread_blocked, id=15844, stack(0x000000c117400000,0x000000c117500000)]
  0x000002391f50da10 JavaThread "Notification Thread" daemon [_thread_blocked, id=24608, stack(0x000000c117600000,0x000000c117700000)]
  0x000002393a70bd30 JavaThread "Daemon health stats" [_thread_blocked, id=18972, stack(0x000000c117800000,0x000000c117900000)]
  0x000002393a1cc010 JavaThread "Incoming local TCP Connector on port 52283" [_thread_in_native, id=18936, stack(0x000000c117500000,0x000000c117600000)]
  0x0000023939273d70 JavaThread "Daemon periodic checks" [_thread_blocked, id=14104, stack(0x000000c117f00000,0x000000c118000000)]
  0x000002391f398030 JavaThread "Daemon" [_thread_blocked, id=15060, stack(0x000000c117e00000,0x000000c117f00000)]
  0x00000239398baf90 JavaThread "Handler for socket connection from /127.0.0.1:52283 to /127.0.0.1:52359" [_thread_in_native, id=15148, stack(0x000000c118000000,0x000000c118100000)]
  0x00000239398bb4a0 JavaThread "Cancel handler" [_thread_blocked, id=6840, stack(0x000000c118100000,0x000000c118200000)]
  0x00000239398baa80 JavaThread "Daemon worker" [_thread_in_Java, id=11956, stack(0x000000c118200000,0x000000c118300000)]
  0x00000239398bc3d0 JavaThread "Asynchronous log dispatcher for DefaultDaemonConnection: socket connection from /127.0.0.1:52283 to /127.0.0.1:52359" [_thread_blocked, id=15080, stack(0x000000c118300000,0x000000c118400000)]
  0x00000239398bc8e0 JavaThread "Stdin handler" [_thread_blocked, id=15192, stack(0x000000c118400000,0x000000c118500000)]
  0x00000239398ba570 JavaThread "Daemon client event forwarder" [_thread_blocked, id=20948, stack(0x000000c118500000,0x000000c118600000)]
  0x00000239398bd300 JavaThread "Cache worker for journal cache (C:\Users\–ê–ª–µ–∫—Å–∞–Ω–¥—Ä\.gradle\caches\journal-1)" [_thread_blocked, id=21192, stack(0x000000c118600000,0x000000c118700000)]
  0x00000239398bb9b0 JavaThread "File lock request listener" [_thread_in_native, id=20492, stack(0x000000c118700000,0x000000c118800000)]
  0x00000239398bbec0 JavaThread "Cache worker for file hash cache (C:\Users\–ê–ª–µ–∫—Å–∞–Ω–¥—Ä\.gradle\caches\8.10.2\fileHashes)" [_thread_blocked, id=26884, stack(0x000000c118800000,0x000000c118900000)]
  0x00000239398bcdf0 JavaThread "File lock release action executor" [_thread_blocked, id=27096, stack(0x000000c118900000,0x000000c118a00000)]
  0x00000239398ba060 JavaThread "Cache worker for file hash cache (C:\ProgrammingBooks\Hexlet\Modul5\03-SpringBoot\02-http-crud-pr\.gradle\8.10.2\fileHashes)" [_thread_blocked, id=26012, stack(0x000000c118e00000,0x000000c118f00000)]
  0x00000239398bd810 JavaThread "Cache worker for Build Output Cleanup Cache (C:\ProgrammingBooks\Hexlet\Modul5\03-SpringBoot\02-http-crud-pr\.gradle\buildOutputCleanup)" [_thread_blocked, id=23072, stack(0x000000c118f00000,0x000000c119000000)]

Other Threads:
  0x000002391f1afa00 VMThread "VM Thread" [stack: 0x000000c116a00000,0x000000c116b00000] [id=20288]
  0x000002391f50e2b0 WatcherThread [stack: 0x000000c117700000,0x000000c117800000] [id=25580]
  0x00000239044b5ae0 GCTaskThread "GC Thread#0" [stack: 0x000000c116500000,0x000000c116600000] [id=27720]
  0x000002391f6bc360 GCTaskThread "GC Thread#1" [stack: 0x000000c117900000,0x000000c117a00000] [id=7180]
  0x000002391f497f90 GCTaskThread "GC Thread#2" [stack: 0x000000c117a00000,0x000000c117b00000] [id=7964]
  0x000002391f498250 GCTaskThread "GC Thread#3" [stack: 0x000000c117b00000,0x000000c117c00000] [id=17652]
  0x000002391f498510 GCTaskThread "GC Thread#4" [stack: 0x000000c117c00000,0x000000c117d00000] [id=13952]
  0x000002391f4987d0 GCTaskThread "GC Thread#5" [stack: 0x000000c117d00000,0x000000c117e00000] [id=20604]
  0x0000023939717610 GCTaskThread "GC Thread#6" [stack: 0x000000c118a00000,0x000000c118b00000] [id=15248]
  0x000002393a8db630 GCTaskThread "GC Thread#7" [stack: 0x000000c118b00000,0x000000c118c00000] [id=29700]
  0x000002393a8db8f0 GCTaskThread "GC Thread#8" [stack: 0x000000c118c00000,0x000000c118d00000] [id=2236]
  0x000002391f7c7ac0 GCTaskThread "GC Thread#9" [stack: 0x000000c118d00000,0x000000c118e00000] [id=7440]
  0x00000239044bb950 ConcurrentGCThread "G1 Main Marker" [stack: 0x000000c116600000,0x000000c116700000] [id=18788]
  0x00000239044bc270 ConcurrentGCThread "G1 Conc#0" [stack: 0x000000c116700000,0x000000c116800000] [id=21500]
  0x000002393a893fc0 ConcurrentGCThread "G1 Conc#1" [stack: 0x000000c119000000,0x000000c119100000] [id=14252]
  0x000002393aa82c70 ConcurrentGCThread "G1 Conc#2" [stack: 0x000000c119100000,0x000000c119200000] [id=26540]
  0x000002390455de70 ConcurrentGCThread "G1 Refine#0" [stack: 0x000000c116800000,0x000000c116900000] [id=30088]
  0x000002390455e7b0 ConcurrentGCThread "G1 Service" [stack: 0x000000c116900000,0x000000c116a00000] [id=26944]

Threads with active compile tasks:
C2 CompilerThread0    67788 3105       4       java.lang.invoke.MethodType::makeImpl (109 bytes)

VM state: not at safepoint (normal execution)

VM Mutex/Monitor currently owned by a thread: None

Heap address: 0x00000000e0000000, size: 512 MB, Compressed Oops mode: 32-bit

CDS archive(s) mapped at: [0x0000023920000000-0x0000023920bd0000-0x0000023920bd0000), size 12386304, SharedBaseAddress: 0x0000023920000000, ArchiveRelocationMode: 1.
Compressed class space mapped at: 0x0000023921000000-0x0000023935000000, reserved size: 335544320
Narrow klass base: 0x0000023920000000, Narrow klass shift: 0, Narrow klass range: 0x100000000

GC Precious Log:
 CPUs: 12 total, 12 available
 Memory: 16225M
 Large Page Support: Disabled
 NUMA Support: Disabled
 Compressed Oops: Enabled (32-bit)
 Heap Region Size: 1M
 Heap Min Capacity: 256M
 Heap Initial Capacity: 256M
 Heap Max Capacity: 512M
 Pre-touch: Disabled
 Parallel Workers: 10
 Concurrent Workers: 3
 Concurrent Refinement Workers: 10
 Periodic GC: Disabled

Heap:
 garbage-first heap   total 262144K, used 37611K [0x00000000e0000000, 0x0000000100000000)
  region size 1024K, 26 young (26624K), 13 survivors (13312K)
 Metaspace       used 22010K, committed 22464K, reserved 393216K
  class space    used 3237K, committed 3456K, reserved 327680K

Heap Regions: E=young(eden), S=young(survivor), O=old, HS=humongous(starts), HC=humongous(continues), CS=collection set, F=free, OA=open archive, CA=closed archive, TAMS=top-at-mark-start (previous, next)
|   0|0x00000000e0000000, 0x00000000e0100000, 0x00000000e0100000|100%|HS|  |TAMS 0x00000000e0100000, 0x00000000e0000000| Complete 
|   1|0x00000000e0100000, 0x00000000e0200000, 0x00000000e0200000|100%|HC|  |TAMS 0x00000000e0200000, 0x00000000e0100000| Complete 
|   2|0x00000000e0200000, 0x00000000e0300000, 0x00000000e0300000|100%|HC|  |TAMS 0x00000000e0300000, 0x00000000e0200000| Complete 
|   3|0x00000000e0300000, 0x00000000e0400000, 0x00000000e0400000|100%|HC|  |TAMS 0x00000000e0400000, 0x00000000e0300000| Complete 
|   4|0x00000000e0400000, 0x00000000e0500000, 0x00000000e0500000|100%| O|  |TAMS 0x00000000e0500000, 0x00000000e0400000| Complete 
|   5|0x00000000e0500000, 0x00000000e0600000, 0x00000000e0600000|100%| O|  |TAMS 0x00000000e0600000, 0x00000000e0500000| Untracked 
|   6|0x00000000e0600000, 0x00000000e0700000, 0x00000000e0700000|100%| O|  |TAMS 0x00000000e0659400, 0x00000000e0600000| Untracked 
|   7|0x00000000e0700000, 0x00000000e0800000, 0x00000000e0800000|100%|HS|  |TAMS 0x00000000e0800000, 0x00000000e0700000| Complete 
|   8|0x00000000e0800000, 0x00000000e0900000, 0x00000000e0900000|100%| O|  |TAMS 0x00000000e0800000, 0x00000000e0800000| Untracked 
|   9|0x00000000e0900000, 0x00000000e0a00000, 0x00000000e0a00000|100%| O|  |TAMS 0x00000000e0900000, 0x00000000e0900000| Untracked 
|  10|0x00000000e0a00000, 0x00000000e0b00000, 0x00000000e0b00000|100%| O|  |TAMS 0x00000000e0a00000, 0x00000000e0a00000| Untracked 
|  11|0x00000000e0b00000, 0x00000000e0c00000, 0x00000000e0c00000|100%| O|  |TAMS 0x00000000e0b00000, 0x00000000e0b00000| Untracked 
|  12|0x00000000e0c00000, 0x00000000e0c3f000, 0x00000000e0d00000| 24%| O|  |TAMS 0x00000000e0c00000, 0x00000000e0c00000| Untracked 
|  13|0x00000000e0d00000, 0x00000000e0d00000, 0x00000000e0e00000|  0%| F|  |TAMS 0x00000000e0d00000, 0x00000000e0d00000| Untracked 
|  14|0x00000000e0e00000, 0x00000000e0e00000, 0x00000000e0f00000|  0%| F|  |TAMS 0x00000000e0e00000, 0x00000000e0e00000| Untracked 
|  15|0x00000000e0f00000, 0x00000000e0f00000, 0x00000000e1000000|  0%| F|  |TAMS 0x00000000e0f00000, 0x00000000e0f00000| Untracked 
|  16|0x00000000e1000000, 0x00000000e1000000, 0x00000000e1100000|  0%| F|  |TAMS 0x00000000e1000000, 0x00000000e1000000| Untracked 
|  17|0x00000000e1100000, 0x00000000e1100000, 0x00000000e1200000|  0%| F|  |TAMS 0x00000000e1100000, 0x00000000e1100000| Untracked 
|  18|0x00000000e1200000, 0x00000000e1200000, 0x00000000e1300000|  0%| F|  |TAMS 0x00000000e1200000, 0x00000000e1200000| Untracked 
|  19|0x00000000e1300000, 0x00000000e1300000, 0x00000000e1400000|  0%| F|  |TAMS 0x00000000e1300000, 0x00000000e1300000| Untracked 
|  20|0x00000000e1400000, 0x00000000e1400000, 0x00000000e1500000|  0%| F|  |TAMS 0x00000000e1400000, 0x00000000e1400000| Untracked 
|  21|0x00000000e1500000, 0x00000000e1500000, 0x00000000e1600000|  0%| F|  |TAMS 0x00000000e1500000, 0x00000000e1500000| Untracked 
|  22|0x00000000e1600000, 0x00000000e1600000, 0x00000000e1700000|  0%| F|  |TAMS 0x00000000e1600000, 0x00000000e1600000| Untracked 
|  23|0x00000000e1700000, 0x00000000e1700000, 0x00000000e1800000|  0%| F|  |TAMS 0x00000000e1700000, 0x00000000e1700000| Untracked 
|  24|0x00000000e1800000, 0x00000000e1800000, 0x00000000e1900000|  0%| F|  |TAMS 0x00000000e1800000, 0x00000000e1800000| Untracked 
|  25|0x00000000e1900000, 0x00000000e1900000, 0x00000000e1a00000|  0%| F|  |TAMS 0x00000000e1900000, 0x00000000e1900000| Untracked 
|  26|0x00000000e1a00000, 0x00000000e1a00000, 0x00000000e1b00000|  0%| F|  |TAMS 0x00000000e1a00000, 0x00000000e1a00000| Untracked 
|  27|0x00000000e1b00000, 0x00000000e1b00000, 0x00000000e1c00000|  0%| F|  |TAMS 0x00000000e1b00000, 0x00000000e1b00000| Untracked 
|  28|0x00000000e1c00000, 0x00000000e1c00000, 0x00000000e1d00000|  0%| F|  |TAMS 0x00000000e1c00000, 0x00000000e1c00000| Untracked 
|  29|0x00000000e1d00000, 0x00000000e1d00000, 0x00000000e1e00000|  0%| F|  |TAMS 0x00000000e1d00000, 0x00000000e1d00000| Untracked 
|  30|0x00000000e1e00000, 0x00000000e1e00000, 0x00000000e1f00000|  0%| F|  |TAMS 0x00000000e1e00000, 0x00000000e1e00000| Untracked 
|  31|0x00000000e1f00000, 0x00000000e1f00000, 0x00000000e2000000|  0%| F|  |TAMS 0x00000000e1f00000, 0x00000000e1f00000| Untracked 
|  32|0x00000000e2000000, 0x00000000e2000000, 0x00000000e2100000|  0%| F|  |TAMS 0x00000000e2000000, 0x00000000e2000000| Untracked 
|  33|0x00000000e2100000, 0x00000000e2100000, 0x00000000e2200000|  0%| F|  |TAMS 0x00000000e2100000, 0x00000000e2100000| Untracked 
|  34|0x00000000e2200000, 0x00000000e2200000, 0x00000000e2300000|  0%| F|  |TAMS 0x00000000e2200000, 0x00000000e2200000| Untracked 
|  35|0x00000000e2300000, 0x00000000e2300000, 0x00000000e2400000|  0%| F|  |TAMS 0x00000000e2300000, 0x00000000e2300000| Untracked 
|  36|0x00000000e2400000, 0x00000000e2400000, 0x00000000e2500000|  0%| F|  |TAMS 0x00000000e2400000, 0x00000000e2400000| Untracked 
|  37|0x00000000e2500000, 0x00000000e2500000, 0x00000000e2600000|  0%| F|  |TAMS 0x00000000e2500000, 0x00000000e2500000| Untracked 
|  38|0x00000000e2600000, 0x00000000e2600000, 0x00000000e2700000|  0%| F|  |TAMS 0x00000000e2600000, 0x00000000e2600000| Untracked 
|  39|0x00000000e2700000, 0x00000000e2700000, 0x00000000e2800000|  0%| F|  |TAMS 0x00000000e2700000, 0x00000000e2700000| Untracked 
|  40|0x00000000e2800000, 0x00000000e2800000, 0x00000000e2900000|  0%| F|  |TAMS 0x00000000e2800000, 0x00000000e2800000| Untracked 
|  41|0x00000000e2900000, 0x00000000e2900000, 0x00000000e2a00000|  0%| F|  |TAMS 0x00000000e2900000, 0x00000000e2900000| Untracked 
|  42|0x00000000e2a00000, 0x00000000e2a00000, 0x00000000e2b00000|  0%| F|  |TAMS 0x00000000e2a00000, 0x00000000e2a00000| Untracked 
|  43|0x00000000e2b00000, 0x00000000e2b00000, 0x00000000e2c00000|  0%| F|  |TAMS 0x00000000e2b00000, 0x00000000e2b00000| Untracked 
|  44|0x00000000e2c00000, 0x00000000e2c00000, 0x00000000e2d00000|  0%| F|  |TAMS 0x00000000e2c00000, 0x00000000e2c00000| Untracked 
|  45|0x00000000e2d00000, 0x00000000e2d00000, 0x00000000e2e00000|  0%| F|  |TAMS 0x00000000e2d00000, 0x00000000e2d00000| Untracked 
|  46|0x00000000e2e00000, 0x00000000e2e00000, 0x00000000e2f00000|  0%| F|  |TAMS 0x00000000e2e00000, 0x00000000e2e00000| Untracked 
|  47|0x00000000e2f00000, 0x00000000e2f00000, 0x00000000e3000000|  0%| F|  |TAMS 0x00000000e2f00000, 0x00000000e2f00000| Untracked 
|  48|0x00000000e3000000, 0x00000000e3000000, 0x00000000e3100000|  0%| F|  |TAMS 0x00000000e3000000, 0x00000000e3000000| Untracked 
|  49|0x00000000e3100000, 0x00000000e3100000, 0x00000000e3200000|  0%| F|  |TAMS 0x00000000e3100000, 0x00000000e3100000| Untracked 
|  50|0x00000000e3200000, 0x00000000e3200000, 0x00000000e3300000|  0%| F|  |TAMS 0x00000000e3200000, 0x00000000e3200000| Untracked 
|  51|0x00000000e3300000, 0x00000000e3300000, 0x00000000e3400000|  0%| F|  |TAMS 0x00000000e3300000, 0x00000000e3300000| Untracked 
|  52|0x00000000e3400000, 0x00000000e3400000, 0x00000000e3500000|  0%| F|  |TAMS 0x00000000e3400000, 0x00000000e3400000| Untracked 
|  53|0x00000000e3500000, 0x00000000e3500000, 0x00000000e3600000|  0%| F|  |TAMS 0x00000000e3500000, 0x00000000e3500000| Untracked 
|  54|0x00000000e3600000, 0x00000000e3600000, 0x00000000e3700000|  0%| F|  |TAMS 0x00000000e3600000, 0x00000000e3600000| Untracked 
|  55|0x00000000e3700000, 0x00000000e3700000, 0x00000000e3800000|  0%| F|  |TAMS 0x00000000e3700000, 0x00000000e3700000| Untracked 
|  56|0x00000000e3800000, 0x00000000e3800000, 0x00000000e3900000|  0%| F|  |TAMS 0x00000000e3800000, 0x00000000e3800000| Untracked 
|  57|0x00000000e3900000, 0x00000000e3900000, 0x00000000e3a00000|  0%| F|  |TAMS 0x00000000e3900000, 0x00000000e3900000| Untracked 
|  58|0x00000000e3a00000, 0x00000000e3a00000, 0x00000000e3b00000|  0%| F|  |TAMS 0x00000000e3a00000, 0x00000000e3a00000| Untracked 
|  59|0x00000000e3b00000, 0x00000000e3b00000, 0x00000000e3c00000|  0%| F|  |TAMS 0x00000000e3b00000, 0x00000000e3b00000| Untracked 
|  60|0x00000000e3c00000, 0x00000000e3c00000, 0x00000000e3d00000|  0%| F|  |TAMS 0x00000000e3c00000, 0x00000000e3c00000| Untracked 
|  61|0x00000000e3d00000, 0x00000000e3d00000, 0x00000000e3e00000|  0%| F|  |TAMS 0x00000000e3d00000, 0x00000000e3d00000| Untracked 
|  62|0x00000000e3e00000, 0x00000000e3e00000, 0x00000000e3f00000|  0%| F|  |TAMS 0x00000000e3e00000, 0x00000000e3e00000| Untracked 
|  63|0x00000000e3f00000, 0x00000000e3f00000, 0x00000000e4000000|  0%| F|  |TAMS 0x00000000e3f00000, 0x00000000e3f00000| Untracked 
|  64|0x00000000e4000000, 0x00000000e4000000, 0x00000000e4100000|  0%| F|  |TAMS 0x00000000e4000000, 0x00000000e4000000| Untracked 
|  65|0x00000000e4100000, 0x00000000e4100000, 0x00000000e4200000|  0%| F|  |TAMS 0x00000000e4100000, 0x00000000e4100000| Untracked 
|  66|0x00000000e4200000, 0x00000000e4200000, 0x00000000e4300000|  0%| F|  |TAMS 0x00000000e4200000, 0x00000000e4200000| Untracked 
|  67|0x00000000e4300000, 0x00000000e4300000, 0x00000000e4400000|  0%| F|  |TAMS 0x00000000e4300000, 0x00000000e4300000| Untracked 
|  68|0x00000000e4400000, 0x00000000e4400000, 0x00000000e4500000|  0%| F|  |TAMS 0x00000000e4400000, 0x00000000e4400000| Untracked 
|  69|0x00000000e4500000, 0x00000000e4500000, 0x00000000e4600000|  0%| F|  |TAMS 0x00000000e4500000, 0x00000000e4500000| Untracked 
|  70|0x00000000e4600000, 0x00000000e4600000, 0x00000000e4700000|  0%| F|  |TAMS 0x00000000e4600000, 0x00000000e4600000| Untracked 
|  71|0x00000000e4700000, 0x00000000e4700000, 0x00000000e4800000|  0%| F|  |TAMS 0x00000000e4700000, 0x00000000e4700000| Untracked 
|  72|0x00000000e4800000, 0x00000000e4800000, 0x00000000e4900000|  0%| F|  |TAMS 0x00000000e4800000, 0x00000000e4800000| Untracked 
|  73|0x00000000e4900000, 0x00000000e4900000, 0x00000000e4a00000|  0%| F|  |TAMS 0x00000000e4900000, 0x00000000e4900000| Untracked 
|  74|0x00000000e4a00000, 0x00000000e4a00000, 0x00000000e4b00000|  0%| F|  |TAMS 0x00000000e4a00000, 0x00000000e4a00000| Untracked 
|  75|0x00000000e4b00000, 0x00000000e4b00000, 0x00000000e4c00000|  0%| F|  |TAMS 0x00000000e4b00000, 0x00000000e4b00000| Untracked 
|  76|0x00000000e4c00000, 0x00000000e4c00000, 0x00000000e4d00000|  0%| F|  |TAMS 0x00000000e4c00000, 0x00000000e4c00000| Untracked 
|  77|0x00000000e4d00000, 0x00000000e4d00000, 0x00000000e4e00000|  0%| F|  |TAMS 0x00000000e4d00000, 0x00000000e4d00000| Untracked 
|  78|0x00000000e4e00000, 0x00000000e4e00000, 0x00000000e4f00000|  0%| F|  |TAMS 0x00000000e4e00000, 0x00000000e4e00000| Untracked 
|  79|0x00000000e4f00000, 0x00000000e4f00000, 0x00000000e5000000|  0%| F|  |TAMS 0x00000000e4f00000, 0x00000000e4f00000| Untracked 
|  80|0x00000000e5000000, 0x00000000e5000000, 0x00000000e5100000|  0%| F|  |TAMS 0x00000000e5000000, 0x00000000e5000000| Untracked 
|  81|0x00000000e5100000, 0x00000000e5100000, 0x00000000e5200000|  0%| F|  |TAMS 0x00000000e5100000, 0x00000000e5100000| Untracked 
|  82|0x00000000e5200000, 0x00000000e5200000, 0x00000000e5300000|  0%| F|  |TAMS 0x00000000e5200000, 0x00000000e5200000| Untracked 
|  83|0x00000000e5300000, 0x00000000e5300000, 0x00000000e5400000|  0%| F|  |TAMS 0x00000000e5300000, 0x00000000e5300000| Untracked 
|  84|0x00000000e5400000, 0x00000000e5400000, 0x00000000e5500000|  0%| F|  |TAMS 0x00000000e5400000, 0x00000000e5400000| Untracked 
|  85|0x00000000e5500000, 0x00000000e5500000, 0x00000000e5600000|  0%| F|  |TAMS 0x00000000e5500000, 0x00000000e5500000| Untracked 
|  86|0x00000000e5600000, 0x00000000e5600000, 0x00000000e5700000|  0%| F|  |TAMS 0x00000000e5600000, 0x00000000e5600000| Untracked 
|  87|0x00000000e5700000, 0x00000000e5700000, 0x00000000e5800000|  0%| F|  |TAMS 0x00000000e5700000, 0x00000000e5700000| Untracked 
|  88|0x00000000e5800000, 0x00000000e5800000, 0x00000000e5900000|  0%| F|  |TAMS 0x00000000e5800000, 0x00000000e5800000| Untracked 
|  89|0x00000000e5900000, 0x00000000e5900000, 0x00000000e5a00000|  0%| F|  |TAMS 0x00000000e5900000, 0x00000000e5900000| Untracked 
|  90|0x00000000e5a00000, 0x00000000e5a00000, 0x00000000e5b00000|  0%| F|  |TAMS 0x00000000e5a00000, 0x00000000e5a00000| Untracked 
|  91|0x00000000e5b00000, 0x00000000e5b00000, 0x00000000e5c00000|  0%| F|  |TAMS 0x00000000e5b00000, 0x00000000e5b00000| Untracked 
|  92|0x00000000e5c00000, 0x00000000e5c00000, 0x00000000e5d00000|  0%| F|  |TAMS 0x00000000e5c00000, 0x00000000e5c00000| Untracked 
|  93|0x00000000e5d00000, 0x00000000e5d00000, 0x00000000e5e00000|  0%| F|  |TAMS 0x00000000e5d00000, 0x00000000e5d00000| Untracked 
|  94|0x00000000e5e00000, 0x00000000e5e00000, 0x00000000e5f00000|  0%| F|  |TAMS 0x00000000e5e00000, 0x00000000e5e00000| Untracked 
|  95|0x00000000e5f00000, 0x00000000e5f00000, 0x00000000e6000000|  0%| F|  |TAMS 0x00000000e5f00000, 0x00000000e5f00000| Untracked 
|  96|0x00000000e6000000, 0x00000000e6000000, 0x00000000e6100000|  0%| F|  |TAMS 0x00000000e6000000, 0x00000000e6000000| Untracked 
|  97|0x00000000e6100000, 0x00000000e6100000, 0x00000000e6200000|  0%| F|  |TAMS 0x00000000e6100000, 0x00000000e6100000| Untracked 
|  98|0x00000000e6200000, 0x00000000e6200000, 0x00000000e6300000|  0%| F|  |TAMS 0x00000000e6200000, 0x00000000e6200000| Untracked 
|  99|0x00000000e6300000, 0x00000000e6300000, 0x00000000e6400000|  0%| F|  |TAMS 0x00000000e6300000, 0x00000000e6300000| Untracked 
| 100|0x00000000e6400000, 0x00000000e6400000, 0x00000000e6500000|  0%| F|  |TAMS 0x00000000e6400000, 0x00000000e6400000| Untracked 
| 101|0x00000000e6500000, 0x00000000e6500000, 0x00000000e6600000|  0%| F|  |TAMS 0x00000000e6500000, 0x00000000e6500000| Untracked 
| 102|0x00000000e6600000, 0x00000000e6600000, 0x00000000e6700000|  0%| F|  |TAMS 0x00000000e6600000, 0x00000000e6600000| Untracked 
| 103|0x00000000e6700000, 0x00000000e6700000, 0x00000000e6800000|  0%| F|  |TAMS 0x00000000e6700000, 0x00000000e6700000| Untracked 
| 104|0x00000000e6800000, 0x00000000e6800000, 0x00000000e6900000|  0%| F|  |TAMS 0x00000000e6800000, 0x00000000e6800000| Untracked 
| 105|0x00000000e6900000, 0x00000000e6900000, 0x00000000e6a00000|  0%| F|  |TAMS 0x00000000e6900000, 0x00000000e6900000| Untracked 
| 106|0x00000000e6a00000, 0x00000000e6a00000, 0x00000000e6b00000|  0%| F|  |TAMS 0x00000000e6a00000, 0x00000000e6a00000| Untracked 
| 107|0x00000000e6b00000, 0x00000000e6b00000, 0x00000000e6c00000|  0%| F|  |TAMS 0x00000000e6b00000, 0x00000000e6b00000| Untracked 
| 108|0x00000000e6c00000, 0x00000000e6c00000, 0x00000000e6d00000|  0%| F|  |TAMS 0x00000000e6c00000, 0x00000000e6c00000| Untracked 
| 109|0x00000000e6d00000, 0x00000000e6d00000, 0x00000000e6e00000|  0%| F|  |TAMS 0x00000000e6d00000, 0x00000000e6d00000| Untracked 
| 110|0x00000000e6e00000, 0x00000000e6e00000, 0x00000000e6f00000|  0%| F|  |TAMS 0x00000000e6e00000, 0x00000000e6e00000| Untracked 
| 111|0x00000000e6f00000, 0x00000000e6f00000, 0x00000000e7000000|  0%| F|  |TAMS 0x00000000e6f00000, 0x00000000e6f00000| Untracked 
| 112|0x00000000e7000000, 0x00000000e7000000, 0x00000000e7100000|  0%| F|  |TAMS 0x00000000e7000000, 0x00000000e7000000| Untracked 
| 113|0x00000000e7100000, 0x00000000e7100000, 0x00000000e7200000|  0%| F|  |TAMS 0x00000000e7100000, 0x00000000e7100000| Untracked 
| 114|0x00000000e7200000, 0x00000000e7200000, 0x00000000e7300000|  0%| F|  |TAMS 0x00000000e7200000, 0x00000000e7200000| Untracked 
| 115|0x00000000e7300000, 0x00000000e7300000, 0x00000000e7400000|  0%| F|  |TAMS 0x00000000e7300000, 0x00000000e7300000| Untracked 
| 116|0x00000000e7400000, 0x00000000e7400000, 0x00000000e7500000|  0%| F|  |TAMS 0x00000000e7400000, 0x00000000e7400000| Untracked 
| 117|0x00000000e7500000, 0x00000000e7500000, 0x00000000e7600000|  0%| F|  |TAMS 0x00000000e7500000, 0x00000000e7500000| Untracked 
| 118|0x00000000e7600000, 0x00000000e7600000, 0x00000000e7700000|  0%| F|  |TAMS 0x00000000e7600000, 0x00000000e7600000| Untracked 
| 119|0x00000000e7700000, 0x00000000e7700000, 0x00000000e7800000|  0%| F|  |TAMS 0x00000000e7700000, 0x00000000e7700000| Untracked 
| 120|0x00000000e7800000, 0x00000000e7800000, 0x00000000e7900000|  0%| F|  |TAMS 0x00000000e7800000, 0x00000000e7800000| Untracked 
| 121|0x00000000e7900000, 0x00000000e7900000, 0x00000000e7a00000|  0%| F|  |TAMS 0x00000000e7900000, 0x00000000e7900000| Untracked 
| 122|0x00000000e7a00000, 0x00000000e7a00000, 0x00000000e7b00000|  0%| F|  |TAMS 0x00000000e7a00000, 0x00000000e7a00000| Untracked 
| 123|0x00000000e7b00000, 0x00000000e7b00000, 0x00000000e7c00000|  0%| F|  |TAMS 0x00000000e7b00000, 0x00000000e7b00000| Untracked 
| 124|0x00000000e7c00000, 0x00000000e7c00000, 0x00000000e7d00000|  0%| F|  |TAMS 0x00000000e7c00000, 0x00000000e7c00000| Untracked 
| 125|0x00000000e7d00000, 0x00000000e7d00000, 0x00000000e7e00000|  0%| F|  |TAMS 0x00000000e7d00000, 0x00000000e7d00000| Untracked 
| 126|0x00000000e7e00000, 0x00000000e7e00000, 0x00000000e7f00000|  0%| F|  |TAMS 0x00000000e7e00000, 0x00000000e7e00000| Untracked 
| 127|0x00000000e7f00000, 0x00000000e7f00000, 0x00000000e8000000|  0%| F|  |TAMS 0x00000000e7f00000, 0x00000000e7f00000| Untracked 
| 128|0x00000000e8000000, 0x00000000e8000000, 0x00000000e8100000|  0%| F|  |TAMS 0x00000000e8000000, 0x00000000e8000000| Untracked 
| 129|0x00000000e8100000, 0x00000000e8100000, 0x00000000e8200000|  0%| F|  |TAMS 0x00000000e8100000, 0x00000000e8100000| Untracked 
| 130|0x00000000e8200000, 0x00000000e8200000, 0x00000000e8300000|  0%| F|  |TAMS 0x00000000e8200000, 0x00000000e8200000| Untracked 
| 131|0x00000000e8300000, 0x00000000e8300000, 0x00000000e8400000|  0%| F|  |TAMS 0x00000000e8300000, 0x00000000e8300000| Untracked 
| 132|0x00000000e8400000, 0x00000000e8400000, 0x00000000e8500000|  0%| F|  |TAMS 0x00000000e8400000, 0x00000000e8400000| Untracked 
| 133|0x00000000e8500000, 0x00000000e8500000, 0x00000000e8600000|  0%| F|  |TAMS 0x00000000e8500000, 0x00000000e8500000| Untracked 
| 134|0x00000000e8600000, 0x00000000e8600000, 0x00000000e8700000|  0%| F|  |TAMS 0x00000000e8600000, 0x00000000e8600000| Untracked 
| 135|0x00000000e8700000, 0x00000000e8700000, 0x00000000e8800000|  0%| F|  |TAMS 0x00000000e8700000, 0x00000000e8700000| Untracked 
| 136|0x00000000e8800000, 0x00000000e8800000, 0x00000000e8900000|  0%| F|  |TAMS 0x00000000e8800000, 0x00000000e8800000| Untracked 
| 137|0x00000000e8900000, 0x00000000e8900000, 0x00000000e8a00000|  0%| F|  |TAMS 0x00000000e8900000, 0x00000000e8900000| Untracked 
| 138|0x00000000e8a00000, 0x00000000e8a00000, 0x00000000e8b00000|  0%| F|  |TAMS 0x00000000e8a00000, 0x00000000e8a00000| Untracked 
| 139|0x00000000e8b00000, 0x00000000e8b00000, 0x00000000e8c00000|  0%| F|  |TAMS 0x00000000e8b00000, 0x00000000e8b00000| Untracked 
| 140|0x00000000e8c00000, 0x00000000e8c00000, 0x00000000e8d00000|  0%| F|  |TAMS 0x00000000e8c00000, 0x00000000e8c00000| Untracked 
| 141|0x00000000e8d00000, 0x00000000e8d00000, 0x00000000e8e00000|  0%| F|  |TAMS 0x00000000e8d00000, 0x00000000e8d00000| Untracked 
| 142|0x00000000e8e00000, 0x00000000e8e00000, 0x00000000e8f00000|  0%| F|  |TAMS 0x00000000e8e00000, 0x00000000e8e00000| Untracked 
| 143|0x00000000e8f00000, 0x00000000e8f00000, 0x00000000e9000000|  0%| F|  |TAMS 0x00000000e8f00000, 0x00000000e8f00000| Untracked 
| 144|0x00000000e9000000, 0x00000000e9000000, 0x00000000e9100000|  0%| F|  |TAMS 0x00000000e9000000, 0x00000000e9000000| Untracked 
| 145|0x00000000e9100000, 0x00000000e9100000, 0x00000000e9200000|  0%| F|  |TAMS 0x00000000e9100000, 0x00000000e9100000| Untracked 
| 146|0x00000000e9200000, 0x00000000e9200000, 0x00000000e9300000|  0%| F|  |TAMS 0x00000000e9200000, 0x00000000e9200000| Untracked 
| 147|0x00000000e9300000, 0x00000000e9300000, 0x00000000e9400000|  0%| F|  |TAMS 0x00000000e9300000, 0x00000000e9300000| Untracked 
| 148|0x00000000e9400000, 0x00000000e9400000, 0x00000000e9500000|  0%| F|  |TAMS 0x00000000e9400000, 0x00000000e9400000| Untracked 
| 149|0x00000000e9500000, 0x00000000e9500000, 0x00000000e9600000|  0%| F|  |TAMS 0x00000000e9500000, 0x00000000e9500000| Untracked 
| 150|0x00000000e9600000, 0x00000000e9600000, 0x00000000e9700000|  0%| F|  |TAMS 0x00000000e9600000, 0x00000000e9600000| Untracked 
| 151|0x00000000e9700000, 0x00000000e9700000, 0x00000000e9800000|  0%| F|  |TAMS 0x00000000e9700000, 0x00000000e9700000| Untracked 
| 152|0x00000000e9800000, 0x00000000e9800000, 0x00000000e9900000|  0%| F|  |TAMS 0x00000000e9800000, 0x00000000e9800000| Untracked 
| 153|0x00000000e9900000, 0x00000000e9900000, 0x00000000e9a00000|  0%| F|  |TAMS 0x00000000e9900000, 0x00000000e9900000| Untracked 
| 154|0x00000000e9a00000, 0x00000000e9a00000, 0x00000000e9b00000|  0%| F|  |TAMS 0x00000000e9a00000, 0x00000000e9a00000| Untracked 
| 155|0x00000000e9b00000, 0x00000000e9b00000, 0x00000000e9c00000|  0%| F|  |TAMS 0x00000000e9b00000, 0x00000000e9b00000| Untracked 
| 156|0x00000000e9c00000, 0x00000000e9c00000, 0x00000000e9d00000|  0%| F|  |TAMS 0x00000000e9c00000, 0x00000000e9c00000| Untracked 
| 157|0x00000000e9d00000, 0x00000000e9d00000, 0x00000000e9e00000|  0%| F|  |TAMS 0x00000000e9d00000, 0x00000000e9d00000| Untracked 
| 158|0x00000000e9e00000, 0x00000000e9e00000, 0x00000000e9f00000|  0%| F|  |TAMS 0x00000000e9e00000, 0x00000000e9e00000| Untracked 
| 159|0x00000000e9f00000, 0x00000000e9f00000, 0x00000000ea000000|  0%| F|  |TAMS 0x00000000e9f00000, 0x00000000e9f00000| Untracked 
| 160|0x00000000ea000000, 0x00000000ea000000, 0x00000000ea100000|  0%| F|  |TAMS 0x00000000ea000000, 0x00000000ea000000| Untracked 
| 161|0x00000000ea100000, 0x00000000ea100000, 0x00000000ea200000|  0%| F|  |TAMS 0x00000000ea100000, 0x00000000ea100000| Untracked 
| 162|0x00000000ea200000, 0x00000000ea200000, 0x00000000ea300000|  0%| F|  |TAMS 0x00000000ea200000, 0x00000000ea200000| Untracked 
| 163|0x00000000ea300000, 0x00000000ea300000, 0x00000000ea400000|  0%| F|  |TAMS 0x00000000ea300000, 0x00000000ea300000| Untracked 
| 164|0x00000000ea400000, 0x00000000ea400000, 0x00000000ea500000|  0%| F|  |TAMS 0x00000000ea400000, 0x00000000ea400000| Untracked 
| 165|0x00000000ea500000, 0x00000000ea500000, 0x00000000ea600000|  0%| F|  |TAMS 0x00000000ea500000, 0x00000000ea500000| Untracked 
| 166|0x00000000ea600000, 0x00000000ea600000, 0x00000000ea700000|  0%| F|  |TAMS 0x00000000ea600000, 0x00000000ea600000| Untracked 
| 167|0x00000000ea700000, 0x00000000ea700000, 0x00000000ea800000|  0%| F|  |TAMS 0x00000000ea700000, 0x00000000ea700000| Untracked 
| 168|0x00000000ea800000, 0x00000000ea800000, 0x00000000ea900000|  0%| F|  |TAMS 0x00000000ea800000, 0x00000000ea800000| Untracked 
| 169|0x00000000ea900000, 0x00000000ea900000, 0x00000000eaa00000|  0%| F|  |TAMS 0x00000000ea900000, 0x00000000ea900000| Untracked 
| 170|0x00000000eaa00000, 0x00000000eaa00000, 0x00000000eab00000|  0%| F|  |TAMS 0x00000000eaa00000, 0x00000000eaa00000| Untracked 
| 171|0x00000000eab00000, 0x00000000eab00000, 0x00000000eac00000|  0%| F|  |TAMS 0x00000000eab00000, 0x00000000eab00000| Untracked 
| 172|0x00000000eac00000, 0x00000000eac00000, 0x00000000ead00000|  0%| F|  |TAMS 0x00000000eac00000, 0x00000000eac00000| Untracked 
| 173|0x00000000ead00000, 0x00000000ead00000, 0x00000000eae00000|  0%| F|  |TAMS 0x00000000ead00000, 0x00000000ead00000| Untracked 
| 174|0x00000000eae00000, 0x00000000eae00000, 0x00000000eaf00000|  0%| F|  |TAMS 0x00000000eae00000, 0x00000000eae00000| Untracked 
| 175|0x00000000eaf00000, 0x00000000eaf00000, 0x00000000eb000000|  0%| F|  |TAMS 0x00000000eaf00000, 0x00000000eaf00000| Untracked 
| 176|0x00000000eb000000, 0x00000000eb000000, 0x00000000eb100000|  0%| F|  |TAMS 0x00000000eb000000, 0x00000000eb000000| Untracked 
| 177|0x00000000eb100000, 0x00000000eb100000, 0x00000000eb200000|  0%| F|  |TAMS 0x00000000eb100000, 0x00000000eb100000| Untracked 
| 178|0x00000000eb200000, 0x00000000eb200000, 0x00000000eb300000|  0%| F|  |TAMS 0x00000000eb200000, 0x00000000eb200000| Untracked 
| 179|0x00000000eb300000, 0x00000000eb300000, 0x00000000eb400000|  0%| F|  |TAMS 0x00000000eb300000, 0x00000000eb300000| Untracked 
| 180|0x00000000eb400000, 0x00000000eb400000, 0x00000000eb500000|  0%| F|  |TAMS 0x00000000eb400000, 0x00000000eb400000| Untracked 
| 181|0x00000000eb500000, 0x00000000eb500000, 0x00000000eb600000|  0%| F|  |TAMS 0x00000000eb500000, 0x00000000eb500000| Untracked 
| 182|0x00000000eb600000, 0x00000000eb600000, 0x00000000eb700000|  0%| F|  |TAMS 0x00000000eb600000, 0x00000000eb600000| Untracked 
| 183|0x00000000eb700000, 0x00000000eb700000, 0x00000000eb800000|  0%| F|  |TAMS 0x00000000eb700000, 0x00000000eb700000| Untracked 
| 184|0x00000000eb800000, 0x00000000eb800000, 0x00000000eb900000|  0%| F|  |TAMS 0x00000000eb800000, 0x00000000eb800000| Untracked 
| 185|0x00000000eb900000, 0x00000000eb900000, 0x00000000eba00000|  0%| F|  |TAMS 0x00000000eb900000, 0x00000000eb900000| Untracked 
| 186|0x00000000eba00000, 0x00000000eba00000, 0x00000000ebb00000|  0%| F|  |TAMS 0x00000000eba00000, 0x00000000eba00000| Untracked 
| 187|0x00000000ebb00000, 0x00000000ebb00000, 0x00000000ebc00000|  0%| F|  |TAMS 0x00000000ebb00000, 0x00000000ebb00000| Untracked 
| 188|0x00000000ebc00000, 0x00000000ebc00000, 0x00000000ebd00000|  0%| F|  |TAMS 0x00000000ebc00000, 0x00000000ebc00000| Untracked 
| 189|0x00000000ebd00000, 0x00000000ebd00000, 0x00000000ebe00000|  0%| F|  |TAMS 0x00000000ebd00000, 0x00000000ebd00000| Untracked 
| 190|0x00000000ebe00000, 0x00000000ebe00000, 0x00000000ebf00000|  0%| F|  |TAMS 0x00000000ebe00000, 0x00000000ebe00000| Untracked 
| 191|0x00000000ebf00000, 0x00000000ebf00000, 0x00000000ec000000|  0%| F|  |TAMS 0x00000000ebf00000, 0x00000000ebf00000| Untracked 
| 192|0x00000000ec000000, 0x00000000ec000000, 0x00000000ec100000|  0%| F|  |TAMS 0x00000000ec000000, 0x00000000ec000000| Untracked 
| 193|0x00000000ec100000, 0x00000000ec100000, 0x00000000ec200000|  0%| F|  |TAMS 0x00000000ec100000, 0x00000000ec100000| Untracked 
| 194|0x00000000ec200000, 0x00000000ec200000, 0x00000000ec300000|  0%| F|  |TAMS 0x00000000ec200000, 0x00000000ec200000| Untracked 
| 195|0x00000000ec300000, 0x00000000ec300000, 0x00000000ec400000|  0%| F|  |TAMS 0x00000000ec300000, 0x00000000ec300000| Untracked 
| 196|0x00000000ec400000, 0x00000000ec400000, 0x00000000ec500000|  0%| F|  |TAMS 0x00000000ec400000, 0x00000000ec400000| Untracked 
| 197|0x00000000ec500000, 0x00000000ec500000, 0x00000000ec600000|  0%| F|  |TAMS 0x00000000ec500000, 0x00000000ec500000| Untracked 
| 198|0x00000000ec600000, 0x00000000ec600000, 0x00000000ec700000|  0%| F|  |TAMS 0x00000000ec600000, 0x00000000ec600000| Untracked 
| 199|0x00000000ec700000, 0x00000000ec700000, 0x00000000ec800000|  0%| F|  |TAMS 0x00000000ec700000, 0x00000000ec700000| Untracked 
| 200|0x00000000ec800000, 0x00000000ec800000, 0x00000000ec900000|  0%| F|  |TAMS 0x00000000ec800000, 0x00000000ec800000| Untracked 
| 201|0x00000000ec900000, 0x00000000ec900000, 0x00000000eca00000|  0%| F|  |TAMS 0x00000000ec900000, 0x00000000ec900000| Untracked 
| 202|0x00000000eca00000, 0x00000000eca00000, 0x00000000ecb00000|  0%| F|  |TAMS 0x00000000eca00000, 0x00000000eca00000| Untracked 
| 203|0x00000000ecb00000, 0x00000000ecb00000, 0x00000000ecc00000|  0%| F|  |TAMS 0x00000000ecb00000, 0x00000000ecb00000| Untracked 
| 204|0x00000000ecc00000, 0x00000000ecc00000, 0x00000000ecd00000|  0%| F|  |TAMS 0x00000000ecc00000, 0x00000000ecc00000| Untracked 
| 205|0x00000000ecd00000, 0x00000000ecd00000, 0x00000000ece00000|  0%| F|  |TAMS 0x00000000ecd00000, 0x00000000ecd00000| Untracked 
| 206|0x00000000ece00000, 0x00000000ece00000, 0x00000000ecf00000|  0%| F|  |TAMS 0x00000000ece00000, 0x00000000ece00000| Untracked 
| 207|0x00000000ecf00000, 0x00000000ecf00000, 0x00000000ed000000|  0%| F|  |TAMS 0x00000000ecf00000, 0x00000000ecf00000| Untracked 
| 208|0x00000000ed000000, 0x00000000ed000000, 0x00000000ed100000|  0%| F|  |TAMS 0x00000000ed000000, 0x00000000ed000000| Untracked 
| 209|0x00000000ed100000, 0x00000000ed17bf48, 0x00000000ed200000| 48%| S|CS|TAMS 0x00000000ed100000, 0x00000000ed100000| Complete 
| 210|0x00000000ed200000, 0x00000000ed300000, 0x00000000ed300000|100%| S|CS|TAMS 0x00000000ed200000, 0x00000000ed200000| Complete 
| 211|0x00000000ed300000, 0x00000000ed400000, 0x00000000ed400000|100%| S|CS|TAMS 0x00000000ed300000, 0x00000000ed300000| Complete 
| 212|0x00000000ed400000, 0x00000000ed500000, 0x00000000ed500000|100%| S|CS|TAMS 0x00000000ed400000, 0x00000000ed400000| Complete 
| 213|0x00000000ed500000, 0x00000000ed600000, 0x00000000ed600000|100%| S|CS|TAMS 0x00000000ed500000, 0x00000000ed500000| Complete 
| 214|0x00000000ed600000, 0x00000000ed700000, 0x00000000ed700000|100%| S|CS|TAMS 0x00000000ed600000, 0x00000000ed600000| Complete 
| 215|0x00000000ed700000, 0x00000000ed800000, 0x00000000ed800000|100%| S|CS|TAMS 0x00000000ed700000, 0x00000000ed700000| Complete 
| 216|0x00000000ed800000, 0x00000000ed900000, 0x00000000ed900000|100%| S|CS|TAMS 0x00000000ed800000, 0x00000000ed800000| Complete 
| 217|0x00000000ed900000, 0x00000000eda00000, 0x00000000eda00000|100%| S|CS|TAMS 0x00000000ed900000, 0x00000000ed900000| Complete 
| 218|0x00000000eda00000, 0x00000000edb00000, 0x00000000edb00000|100%| S|CS|TAMS 0x00000000eda00000, 0x00000000eda00000| Complete 
| 219|0x00000000edb00000, 0x00000000edc00000, 0x00000000edc00000|100%| S|CS|TAMS 0x00000000edb00000, 0x00000000edb00000| Complete 
| 220|0x00000000edc00000, 0x00000000edd00000, 0x00000000edd00000|100%| S|CS|TAMS 0x00000000edc00000, 0x00000000edc00000| Complete 
| 221|0x00000000edd00000, 0x00000000ede00000, 0x00000000ede00000|100%| S|CS|TAMS 0x00000000edd00000, 0x00000000edd00000| Complete 
| 222|0x00000000ede00000, 0x00000000ede00000, 0x00000000edf00000|  0%| F|  |TAMS 0x00000000ede00000, 0x00000000ede00000| Untracked 
| 223|0x00000000edf00000, 0x00000000edf00000, 0x00000000ee000000|  0%| F|  |TAMS 0x00000000edf00000, 0x00000000edf00000| Untracked 
| 224|0x00000000ee000000, 0x00000000ee000000, 0x00000000ee100000|  0%| F|  |TAMS 0x00000000ee000000, 0x00000000ee000000| Untracked 
| 225|0x00000000ee100000, 0x00000000ee100000, 0x00000000ee200000|  0%| F|  |TAMS 0x00000000ee100000, 0x00000000ee100000| Untracked 
| 226|0x00000000ee200000, 0x00000000ee200000, 0x00000000ee300000|  0%| F|  |TAMS 0x00000000ee200000, 0x00000000ee200000| Untracked 
| 227|0x00000000ee300000, 0x00000000ee300000, 0x00000000ee400000|  0%| F|  |TAMS 0x00000000ee300000, 0x00000000ee300000| Untracked 
| 228|0x00000000ee400000, 0x00000000ee400000, 0x00000000ee500000|  0%| F|  |TAMS 0x00000000ee400000, 0x00000000ee400000| Untracked 
| 229|0x00000000ee500000, 0x00000000ee500000, 0x00000000ee600000|  0%| F|  |TAMS 0x00000000ee500000, 0x00000000ee500000| Untracked 
| 230|0x00000000ee600000, 0x00000000ee600000, 0x00000000ee700000|  0%| F|  |TAMS 0x00000000ee600000, 0x00000000ee600000| Untracked 
| 231|0x00000000ee700000, 0x00000000ee700000, 0x00000000ee800000|  0%| F|  |TAMS 0x00000000ee700000, 0x00000000ee700000| Untracked 
| 232|0x00000000ee800000, 0x00000000ee800000, 0x00000000ee900000|  0%| F|  |TAMS 0x00000000ee800000, 0x00000000ee800000| Untracked 
| 233|0x00000000ee900000, 0x00000000ee900000, 0x00000000eea00000|  0%| F|  |TAMS 0x00000000ee900000, 0x00000000ee900000| Untracked 
| 234|0x00000000eea00000, 0x00000000eea00000, 0x00000000eeb00000|  0%| F|  |TAMS 0x00000000eea00000, 0x00000000eea00000| Untracked 
| 235|0x00000000eeb00000, 0x00000000eeb00000, 0x00000000eec00000|  0%| F|  |TAMS 0x00000000eeb00000, 0x00000000eeb00000| Untracked 
| 236|0x00000000eec00000, 0x00000000eec00000, 0x00000000eed00000|  0%| F|  |TAMS 0x00000000eec00000, 0x00000000eec00000| Untracked 
| 237|0x00000000eed00000, 0x00000000eed00000, 0x00000000eee00000|  0%| F|  |TAMS 0x00000000eed00000, 0x00000000eed00000| Untracked 
| 238|0x00000000eee00000, 0x00000000eee00000, 0x00000000eef00000|  0%| F|  |TAMS 0x00000000eee00000, 0x00000000eee00000| Untracked 
| 239|0x00000000eef00000, 0x00000000eef00000, 0x00000000ef000000|  0%| F|  |TAMS 0x00000000eef00000, 0x00000000eef00000| Untracked 
| 240|0x00000000ef000000, 0x00000000ef000000, 0x00000000ef100000|  0%| F|  |TAMS 0x00000000ef000000, 0x00000000ef000000| Untracked 
| 241|0x00000000ef100000, 0x00000000ef100000, 0x00000000ef200000|  0%| F|  |TAMS 0x00000000ef100000, 0x00000000ef100000| Untracked 
| 242|0x00000000ef200000, 0x00000000ef200000, 0x00000000ef300000|  0%| F|  |TAMS 0x00000000ef200000, 0x00000000ef200000| Untracked 
| 243|0x00000000ef300000, 0x00000000ef400000, 0x00000000ef400000|100%| E|  |TAMS 0x00000000ef300000, 0x00000000ef300000| Complete 
| 244|0x00000000ef400000, 0x00000000ef500000, 0x00000000ef500000|100%| E|CS|TAMS 0x00000000ef400000, 0x00000000ef400000| Complete 
| 245|0x00000000ef500000, 0x00000000ef600000, 0x00000000ef600000|100%| E|CS|TAMS 0x00000000ef500000, 0x00000000ef500000| Complete 
| 246|0x00000000ef600000, 0x00000000ef700000, 0x00000000ef700000|100%| E|CS|TAMS 0x00000000ef600000, 0x00000000ef600000| Complete 
| 247|0x00000000ef700000, 0x00000000ef800000, 0x00000000ef800000|100%| E|CS|TAMS 0x00000000ef700000, 0x00000000ef700000| Complete 
| 248|0x00000000ef800000, 0x00000000ef900000, 0x00000000ef900000|100%| E|CS|TAMS 0x00000000ef800000, 0x00000000ef800000| Complete 
| 249|0x00000000ef900000, 0x00000000efa00000, 0x00000000efa00000|100%| E|CS|TAMS 0x00000000ef900000, 0x00000000ef900000| Complete 
| 250|0x00000000efa00000, 0x00000000efb00000, 0x00000000efb00000|100%| E|CS|TAMS 0x00000000efa00000, 0x00000000efa00000| Complete 
| 251|0x00000000efb00000, 0x00000000efc00000, 0x00000000efc00000|100%| E|CS|TAMS 0x00000000efb00000, 0x00000000efb00000| Complete 
| 252|0x00000000efc00000, 0x00000000efd00000, 0x00000000efd00000|100%| E|CS|TAMS 0x00000000efc00000, 0x00000000efc00000| Complete 
| 253|0x00000000efd00000, 0x00000000efe00000, 0x00000000efe00000|100%| E|CS|TAMS 0x00000000efd00000, 0x00000000efd00000| Complete 
| 254|0x00000000efe00000, 0x00000000eff00000, 0x00000000eff00000|100%| E|CS|TAMS 0x00000000efe00000, 0x00000000efe00000| Complete 
| 255|0x00000000eff00000, 0x00000000f0000000, 0x00000000f0000000|100%| E|CS|TAMS 0x00000000eff00000, 0x00000000eff00000| Complete 

Card table byte_map: [0x000002391b390000,0x000002391b490000] _byte_map_base: 0x000002391ac90000

Marking Bits (Prev, Next): (CMBitMap*) 0x00000239044b7060, (CMBitMap*) 0x00000239044b7020
 Prev Bits: [0x000002391bd90000, 0x000002391c590000)
 Next Bits: [0x000002391b590000, 0x000002391bd90000)

Polling page: 0x0000023902440000

Metaspace:

Usage:
  Non-class:     18.33 MB used.
      Class:      3.16 MB used.
       Both:     21.49 MB used.

Virtual space:
  Non-class space:       64.00 MB reserved,      18.56 MB ( 29%) committed,  1 nodes.
      Class space:      320.00 MB reserved,       3.38 MB (  1%) committed,  1 nodes.
             Both:      384.00 MB reserved,      21.94 MB (  6%) committed. 

Chunk freelists:
   Non-Class:  13.17 MB
       Class:  12.61 MB
        Both:  25.78 MB

MaxMetaspaceSize: 384.00 MB
CompressedClassSpaceSize: 320.00 MB
Initial GC threshold: 21.00 MB
Current GC threshold: 35.12 MB
CDS: on
MetaspaceReclaimPolicy: balanced
 - commit_granule_bytes: 65536.
 - commit_granule_words: 8192.
 - virtual_space_node_default_size: 8388608.
 - enlarge_chunks_in_place: 1.
 - new_chunks_are_fully_committed: 0.
 - uncommit_free_chunks: 1.
 - use_allocation_guard: 0.
 - handle_deallocations: 1.


Internal statistics:

num_allocs_failed_limit: 3.
num_arena_births: 320.
num_arena_deaths: 0.
num_vsnodes_births: 2.
num_vsnodes_deaths: 0.
num_space_committed: 351.
num_space_uncommitted: 0.
num_chunks_returned_to_freelist: 3.
num_chunks_taken_from_freelist: 1124.
num_chunk_merges: 3.
num_chunk_splits: 737.
num_chunks_enlarged: 522.
num_inconsistent_stats: 0.

CodeHeap 'non-profiled nmethods': size=120000Kb used=1836Kb max_used=1836Kb free=118163Kb
 bounds [0x0000023913810000, 0x0000023913a80000, 0x000002391ad40000]
CodeHeap 'profiled nmethods': size=120000Kb used=6163Kb max_used=6163Kb free=113836Kb
 bounds [0x000002390bd40000, 0x000002390c350000, 0x0000023913270000]
CodeHeap 'non-nmethods': size=5760Kb used=1244Kb max_used=1287Kb free=4515Kb
 bounds [0x0000023913270000, 0x00000239134e0000, 0x0000023913810000]
 total_blobs=3651 nmethods=3099 adapters=464
 compilation: enabled
              stopped_count=0, restarted_count=0
 full_count=0

Compilation events (20 events):
Event: 59.135 Thread 0x000002391f1d1280 nmethod 3093 0x00000239139d9310 code [0x00000239139d94a0, 0x00000239139d98f8]
Event: 59.135 Thread 0x000002391f1d1280 3094       4       java.util.UUID::hashCode (19 bytes)
Event: 59.135 Thread 0x000002391f1d1280 nmethod 3094 0x00000239139d9b90 code [0x00000239139d9d00, 0x00000239139d9d98]
Event: 62.134 Thread 0x000002391f1d1c40 3097       3       java.util.HashMap$ValueSpliterator::forEachRemaining (186 bytes)
Event: 62.147 Thread 0x000002391f1d1c40 nmethod 3097 0x000002390c33ef90 code [0x000002390c33f1a0, 0x000002390c33fa08]
Event: 63.045 Thread 0x000002391f1d1c40 3098       3       java.util.RegularEnumSet::contains (57 bytes)
Event: 63.213 Thread 0x000002391f1d1c40 nmethod 3098 0x000002390c33fc90 code [0x000002390c33fe60, 0x000002390c340288]
Event: 65.012 Thread 0x000002391f1d1c40 3099       1       java.lang.management.DefaultPlatformMBeanProvider$7::mbeanInterfaceNames (5 bytes)
Event: 65.021 Thread 0x000002391f1d1c40 nmethod 3099 0x00000239139d9e90 code [0x00000239139da020, 0x00000239139da0f8]
Event: 65.021 Thread 0x000002391f1d1c40 3100       1       com.sun.management.internal.PlatformMBeanProviderImpl$2::mbeanInterfaceNames (5 bytes)
Event: 65.043 Thread 0x000002391f1d1280 3104       4       java.lang.Class::cast (27 bytes)
Event: 65.043 Thread 0x000002391f1d1c40 nmethod 3100 0x00000239139da190 code [0x00000239139da320, 0x00000239139da3f8]
Event: 65.043 Thread 0x000002391f1d1c40 3101       1       com.sun.management.internal.PlatformMBeanProviderImpl$3::mbeanInterfaceNames (5 bytes)
Event: 65.043 Thread 0x000002391f1d1c40 nmethod 3101 0x00000239139da490 code [0x00000239139da620, 0x00000239139da6f8]
Event: 65.043 Thread 0x000002391f1d1c40 3102       1       java.lang.management.DefaultPlatformMBeanProvider$5::mbeanInterfaceNames (5 bytes)
Event: 65.043 Thread 0x000002391f1d1c40 nmethod 3102 0x00000239139da790 code [0x00000239139da920, 0x00000239139da9f8]
Event: 65.043 Thread 0x000002391f1d1c40 3103       1       java.lang.management.DefaultPlatformMBeanProvider$6::mbeanInterfaceNames (5 bytes)
Event: 65.043 Thread 0x000002391f1d1c40 nmethod 3103 0x00000239139daa90 code [0x00000239139dac20, 0x00000239139dacf8]
Event: 65.044 Thread 0x000002391f1d1280 nmethod 3104 0x00000239139dad90 code [0x00000239139daf00, 0x00000239139daff8]
Event: 65.806 Thread 0x000002391f1d1280 3105       4       java.lang.invoke.MethodType::makeImpl (109 bytes)

GC Heap History (8 events):
Event: 0.929 GC heap before
{Heap before GC invocations=0 (full 0):
 garbage-first heap   total 262144K, used 23552K [0x00000000e0000000, 0x0000000100000000)
  region size 1024K, 23 young (23552K), 0 survivors (0K)
 Metaspace       used 843K, committed 960K, reserved 393216K
  class space    used 65K, committed 128K, reserved 327680K
}
Event: 1.288 GC heap after
{Heap after GC invocations=1 (full 0):
 garbage-first heap   total 262144K, used 1618K [0x00000000e0000000, 0x0000000100000000)
  region size 1024K, 2 young (2048K), 2 survivors (2048K)
 Metaspace       used 843K, committed 960K, reserved 393216K
  class space    used 65K, committed 128K, reserved 327680K
}
Event: 2.912 GC heap before
{Heap before GC invocations=1 (full 0):
 garbage-first heap   total 262144K, used 39506K [0x00000000e0000000, 0x0000000100000000)
  region size 1024K, 36 young (36864K), 2 survivors (2048K)
 Metaspace       used 4311K, committed 4544K, reserved 393216K
  class space    used 545K, committed 640K, reserved 327680K
}
Event: 2.915 GC heap after
{Heap after GC invocations=2 (full 0):
 garbage-first heap   total 262144K, used 11621K [0x00000000e0000000, 0x0000000100000000)
  region size 1024K, 5 young (5120K), 5 survivors (5120K)
 Metaspace       used 4311K, committed 4544K, reserved 393216K
  class space    used 545K, committed 640K, reserved 327680K
}
Event: 26.441 GC heap before
{Heap before GC invocations=2 (full 0):
 garbage-first heap   total 262144K, used 165221K [0x00000000e0000000, 0x0000000100000000)
  region size 1024K, 153 young (156672K), 5 survivors (5120K)
 Metaspace       used 17658K, committed 17920K, reserved 393216K
  class space    used 2515K, committed 2624K, reserved 327680K
}
Event: 26.526 GC heap after
{Heap after GC invocations=3 (full 0):
 garbage-first heap   total 262144K, used 23022K [0x00000000e0000000, 0x0000000100000000)
  region size 1024K, 16 young (16384K), 16 survivors (16384K)
 Metaspace       used 17658K, committed 17920K, reserved 393216K
  class space    used 2515K, committed 2624K, reserved 327680K
}
Event: 26.976 GC heap before
{Heap before GC invocations=3 (full 0):
 garbage-first heap   total 262144K, used 56814K [0x00000000e0000000, 0x0000000100000000)
  region size 1024K, 50 young (51200K), 16 survivors (16384K)
 Metaspace       used 21142K, committed 21504K, reserved 393216K
  class space    used 3083K, committed 3264K, reserved 327680K
}
Event: 26.984 GC heap after
{Heap after GC invocations=4 (full 0):
 garbage-first heap   total 262144K, used 25323K [0x00000000e0000000, 0x0000000100000000)
  region size 1024K, 13 young (13312K), 13 survivors (13312K)
 Metaspace       used 21142K, committed 21504K, reserved 393216K
  class space    used 3083K, committed 3264K, reserved 327680K
}

Deoptimization events (20 events):
Event: 26.747 Thread 0x00000239398baa80 DEOPT PACKING pc=0x00000239139989cc sp=0x000000c1182faf70
Event: 26.747 Thread 0x00000239398baa80 DEOPT UNPACKING pc=0x00000239132c23a3 sp=0x000000c1182faef0 mode 2
Event: 26.824 Thread 0x00000239398baa80 Uncommon trap: trap_request=0xffffff6e fr.pc=0x00000239138ecbb0 relative=0x0000000000000310
Event: 26.824 Thread 0x00000239398baa80 Uncommon trap: reason=loop_limit_check action=maybe_recompile pc=0x00000239138ecbb0 method=java.lang.StringUTF16.indexOfLatin1Unsafe([BI[BII)I @ 120 c2
Event: 26.824 Thread 0x00000239398baa80 DEOPT PACKING pc=0x00000239138ecbb0 sp=0x000000c1182f9050
Event: 26.824 Thread 0x00000239398baa80 DEOPT UNPACKING pc=0x00000239132c23a3 sp=0x000000c1182f8fb0 mode 2
Event: 26.825 Thread 0x00000239398baa80 DEOPT PACKING pc=0x000002390be240cb sp=0x000000c1182f92b0
Event: 26.825 Thread 0x00000239398baa80 DEOPT UNPACKING pc=0x00000239132c2b43 sp=0x000000c1182f87d0 mode 0
Event: 26.825 Thread 0x00000239398baa80 Uncommon trap: trap_request=0xffffff45 fr.pc=0x00000239138540e4 relative=0x0000000000000064
Event: 26.825 Thread 0x00000239398baa80 Uncommon trap: reason=unstable_if action=reinterpret pc=0x00000239138540e4 method=java.io.WinNTFileSystem.isSlash(C)Z @ 9 c2
Event: 26.825 Thread 0x00000239398baa80 DEOPT PACKING pc=0x00000239138540e4 sp=0x000000c1182f92d0
Event: 26.825 Thread 0x00000239398baa80 DEOPT UNPACKING pc=0x00000239132c23a3 sp=0x000000c1182f9258 mode 2
Event: 26.893 Thread 0x00000239398baa80 Uncommon trap: trap_request=0xffffff45 fr.pc=0x0000023913966864 relative=0x0000000000006764
Event: 26.893 Thread 0x00000239398baa80 Uncommon trap: reason=unstable_if action=reinterpret pc=0x0000023913966864 method=jdk.internal.org.objectweb.asm.Frame.execute(IILjdk/internal/org/objectweb/asm/Symbol;Ljdk/internal/org/objectweb/asm/SymbolTable;)V @ 1 c2
Event: 26.893 Thread 0x00000239398baa80 DEOPT PACKING pc=0x0000023913966864 sp=0x000000c1182f9bf0
Event: 26.893 Thread 0x00000239398baa80 DEOPT UNPACKING pc=0x00000239132c23a3 sp=0x000000c1182f9b98 mode 2
Event: 27.091 Thread 0x00000239398baa80 Uncommon trap: trap_request=0xffffff76 fr.pc=0x00000239139b4ed8 relative=0x00000000000002b8
Event: 27.091 Thread 0x00000239398baa80 Uncommon trap: reason=predicate action=maybe_recompile pc=0x00000239139b4ed8 method=com.google.common.base.CharMatcher.indexIn(Ljava/lang/CharSequence;I)I @ 19 c2
Event: 27.091 Thread 0x00000239398baa80 DEOPT PACKING pc=0x00000239139b4ed8 sp=0x000000c1182fa6f0
Event: 27.091 Thread 0x00000239398baa80 DEOPT UNPACKING pc=0x00000239132c23a3 sp=0x000000c1182fa670 mode 2

Classes unloaded (0 events):
No events

Classes redefined (0 events):
No events

Internal exceptions (20 events):
Event: 26.754 Thread 0x00000239398baa80 Exception <a 'java/lang/NoSuchMethodError'{0x00000000eee146a0}: 'java.lang.Object java.lang.invoke.Invokers$Holder.linkToTargetMethod(java.lang.Object, java.lang.Object, java.lang.Object, java.lang.Object, java.lang.Object, java.lang.Object, java.lang.Object)'> (0x00000000eee146a0) 
thrown [s\open\src\hotspot\share\interpreter\linkResolver.cpp, line 759]
Event: 26.886 Thread 0x00000239398baa80 Exception <a 'java/lang/NoSuchMethodError'{0x00000000ee590858}: 'java.lang.Object java.lang.invoke.DelegatingMethodHandle$Holder.reinvoke_L(java.lang.Object, java.lang.Object, java.lang.Object, java.lang.Object, java.lang.Object, java.lang.Object, java.lang.Object, java.lang.Object, java.lang.Object, java.lang.Object, java.lang.Object, java.lang.Object, java.lang.Object, java.lang.Object, java.lang.Object, java.lang.Object, java.lang.Object, java.lang.Object, java.lang.Object, java.lang.Object, java.lang.O
Event: 26.887 Thread 0x00000239398baa80 Exception <a 'java/lang/NoSuchMethodError'{0x00000000ee59c930}: 'java.lang.Object java.lang.invoke.DirectMethodHandle$Holder.invokeSpecial(java.lang.Object, java.lang.Object, java.lang.Object, java.lang.Object, java.lang.Object, java.lang.Object, java.lang.Object, java.lang.Object, java.lang.Object, java.lang.Object, java.lang.Object, java.lang.Object, java.lang.Object, java.lang.Object, java.lang.Object, java.lang.Object, java.lang.Object, java.lang.Object, java.lang.Object, java.lang.Object, java.lang.Ob
Event: 26.887 Thread 0x00000239398baa80 Exception <a 'java/lang/NoSuchMethodError'{0x00000000ee5a25b8}: 'java.lang.Object java.lang.invoke.Invokers$Holder.invoker(java.lang.Object, java.lang.Object, java.lang.Object, java.lang.Object, java.lang.Object, java.lang.Object, java.lang.Object, java.lang.Object, java.lang.Object, java.lang.Object, java.lang.Object, java.lang.Object, java.lang.Object, java.lang.Object, java.lang.Object, java.lang.Object, java.lang.Object, java.lang.Object, java.lang.Object, java.lang.Object, java.lang.Object, java.lang.
Event: 26.887 Thread 0x00000239398baa80 Exception <a 'java/lang/NoSuchMethodError'{0x00000000ee5a9168}: 'java.lang.Object java.lang.invoke.DelegatingMethodHandle$Holder.delegate(java.lang.Object, java.lang.Object, java.lang.Object, java.lang.Object, java.lang.Object, java.lang.Object, java.lang.Object, java.lang.Object, java.lang.Object, java.lang.Object, java.lang.Object, java.lang.Object, java.lang.Object, java.lang.Object, java.lang.Object, java.lang.Object, java.lang.Object, java.lang.Object, java.lang.Object, java.lang.Object, java.lang.Obj
Event: 26.895 Thread 0x00000239398baa80 Exception <a 'java/lang/NoSuchMethodError'{0x00000000ee4240a8}: 'java.lang.Object java.lang.invoke.DirectMethodHandle$Holder.invokeStatic(java.lang.Object, java.lang.Object, java.lang.Object, java.lang.Object, java.lang.Object, java.lang.Object, java.lang.Object, java.lang.Object, java.lang.Object, java.lang.Object, java.lang.Object, java.lang.Object, java.lang.Object, java.lang.Object, java.lang.Object, java.lang.Object, java.lang.Object)'> (0x00000000ee4240a8) 
thrown [s\open\src\hotspot\share\interprete
Event: 26.897 Thread 0x00000239398baa80 Exception <a 'java/lang/NoSuchMethodError'{0x00000000ee44d310}: 'java.lang.Object java.lang.invoke.DirectMethodHandle$Holder.invokeStatic(java.lang.Object, java.lang.Object, java.lang.Object, java.lang.Object, java.lang.Object, java.lang.Object, java.lang.Object, java.lang.Object, java.lang.Object, java.lang.Object, java.lang.Object, java.lang.Object, java.lang.Object, java.lang.Object, java.lang.Object, java.lang.Object, java.lang.Object, java.lang.Object)'> (0x00000000ee44d310) 
thrown [s\open\src\hotspo
Event: 26.900 Thread 0x00000239398baa80 Exception <a 'java/lang/NoSuchMethodError'{0x00000000ee477878}: 'java.lang.Object java.lang.invoke.DirectMethodHandle$Holder.invokeStatic(java.lang.Object, java.lang.Object, java.lang.Object, java.lang.Object, java.lang.Object, java.lang.Object, java.lang.Object, java.lang.Object, java.lang.Object, java.lang.Object, java.lang.Object, java.lang.Object, java.lang.Object, java.lang.Object, java.lang.Object, java.lang.Object, java.lang.Object, java.lang.Object, java.lang.Object)'> (0x00000000ee477878) 
thrown 
Event: 26.902 Thread 0x00000239398baa80 Exception <a 'java/lang/NoSuchMethodError'{0x00000000ee4a34a8}: 'java.lang.Object java.lang.invoke.DirectMethodHandle$Holder.invokeStatic(java.lang.Object, java.lang.Object, java.lang.Object, java.lang.Object, java.lang.Object, java.lang.Object, java.lang.Object, java.lang.Object, java.lang.Object, java.lang.Object, java.lang.Object, java.lang.Object, java.lang.Object, java.lang.Object, java.lang.Object, java.lang.Object, java.lang.Object, java.lang.Object, java.lang.Object, java.lang.Object)'> (0x00000000
Event: 26.904 Thread 0x00000239398baa80 Exception <a 'java/lang/NoSuchMethodError'{0x00000000ee4cf858}: 'java.lang.Object java.lang.invoke.DirectMethodHandle$Holder.invokeStatic(java.lang.Object, java.lang.Object, java.lang.Object, java.lang.Object, java.lang.Object, java.lang.Object, java.lang.Object, java.lang.Object, java.lang.Object, java.lang.Object, java.lang.Object, java.lang.Object, java.lang.Object, java.lang.Object, java.lang.Object, java.lang.Object, java.lang.Object, java.lang.Object, java.lang.Object, java.lang.Object, java.lang.Obj
Event: 26.905 Thread 0x00000239398baa80 Exception <a 'java/lang/NoSuchMethodError'{0x00000000ee4fcd68}: 'java.lang.Object java.lang.invoke.DirectMethodHandle$Holder.invokeStatic(java.lang.Object, java.lang.Object, java.lang.Object, java.lang.Object, java.lang.Object, java.lang.Object, java.lang.Object, java.lang.Object, java.lang.Object, java.lang.Object, java.lang.Object, java.lang.Object, java.lang.Object, java.lang.Object, java.lang.Object, java.lang.Object, java.lang.Object, java.lang.Object, java.lang.Object, java.lang.Object, java.lang.Obj
Event: 26.907 Thread 0x00000239398baa80 Exception <a 'java/lang/NoSuchMethodError'{0x00000000ee32bcf8}: 'java.lang.Object java.lang.invoke.DirectMethodHandle$Holder.invokeStatic(java.lang.Object, java.lang.Object, java.lang.Object, java.lang.Object, java.lang.Object, java.lang.Object, java.lang.Object, java.lang.Object, java.lang.Object, java.lang.Object, java.lang.Object, java.lang.Object, java.lang.Object, java.lang.Object, java.lang.Object, java.lang.Object, java.lang.Object, java.lang.Object, java.lang.Object, java.lang.Object, java.lang.Obj
Event: 26.908 Thread 0x00000239398baa80 Exception <a 'java/lang/NoSuchMethodError'{0x00000000ee35ad28}: 'java.lang.Object java.lang.invoke.DirectMethodHandle$Holder.invokeStatic(java.lang.Object, java.lang.Object, java.lang.Object, java.lang.Object, java.lang.Object, java.lang.Object, java.lang.Object, java.lang.Object, java.lang.Object, java.lang.Object, java.lang.Object, java.lang.Object, java.lang.Object, java.lang.Object, java.lang.Object, java.lang.Object, java.lang.Object, java.lang.Object, java.lang.Object, java.lang.Object, java.lang.Obj
Event: 26.910 Thread 0x00000239398baa80 Exception <a 'java/lang/NoSuchMethodError'{0x00000000ee38be40}: 'java.lang.Object java.lang.invoke.DirectMethodHandle$Holder.invokeStatic(java.lang.Object, java.lang.Object, java.lang.Object, java.lang.Object, java.lang.Object, java.lang.Object, java.lang.Object, java.lang.Object, java.lang.Object, java.lang.Object, java.lang.Object, java.lang.Object, java.lang.Object, java.lang.Object, java.lang.Object, java.lang.Object, java.lang.Object, java.lang.Object, java.lang.Object, java.lang.Object, java.lang.Obj
Event: 26.912 Thread 0x00000239398baa80 Exception <a 'java/lang/NoSuchMethodError'{0x00000000ee3be2d0}: 'java.lang.Object java.lang.invoke.DirectMethodHandle$Holder.invokeStatic(java.lang.Object, java.lang.Object, java.lang.Object, java.lang.Object, java.lang.Object, java.lang.Object, java.lang.Object, java.lang.Object, java.lang.Object, java.lang.Object, java.lang.Object, java.lang.Object, java.lang.Object, java.lang.Object, java.lang.Object, java.lang.Object, java.lang.Object, java.lang.Object, java.lang.Object, java.lang.Object, java.lang.Obj
Event: 26.940 Thread 0x00000239398baa80 Exception <a 'java/lang/NoSuchMethodError'{0x00000000ee183eb8}: 'java.lang.Object java.lang.invoke.DirectMethodHandle$Holder.invokeStaticInit(java.lang.Object, java.lang.Object, java.lang.Object, java.lang.Object)'> (0x00000000ee183eb8) 
thrown [s\open\src\hotspot\share\interpreter\linkResolver.cpp, line 759]
Event: 26.964 Thread 0x00000239398baa80 Exception <a 'java/lang/NoSuchMethodError'{0x00000000edf4fdf8}: 'java.lang.Object java.lang.invoke.DirectMethodHandle$Holder.newInvokeSpecial(java.lang.Object, java.lang.Object, java.lang.Object, java.lang.Object, java.lang.Object, java.lang.Object, java.lang.Object, java.lang.Object)'> (0x00000000edf4fdf8) 
thrown [s\open\src\hotspot\share\interpreter\linkResolver.cpp, line 759]
Event: 26.964 Thread 0x00000239398baa80 Exception <a 'java/lang/NoSuchMethodError'{0x00000000edf55800}: 'java.lang.Object java.lang.invoke.DirectMethodHandle$Holder.invokeSpecial(java.lang.Object, java.lang.Object, java.lang.Object, java.lang.Object, java.lang.Object, java.lang.Object, java.lang.Object, java.lang.Object, java.lang.Object)'> (0x00000000edf55800) 
thrown [s\open\src\hotspot\share\interpreter\linkResolver.cpp, line 759]
Event: 26.964 Thread 0x00000239398baa80 Exception <a 'java/lang/NoSuchMethodError'{0x00000000edf5abb0}: 'java.lang.Object java.lang.invoke.Invokers$Holder.linkToTargetMethod(java.lang.Object, java.lang.Object, java.lang.Object, java.lang.Object, java.lang.Object, java.lang.Object, java.lang.Object, java.lang.Object)'> (0x00000000edf5abb0) 
thrown [s\open\src\hotspot\share\interpreter\linkResolver.cpp, line 759]
Event: 26.968 Thread 0x00000239398baa80 Exception <a 'java/lang/NoSuchMethodError'{0x00000000edfa9b38}: 'void java.lang.invoke.DirectMethodHandle$Holder.invokeStatic(java.lang.Object, java.lang.Object, java.lang.Object, java.lang.Object)'> (0x00000000edfa9b38) 
thrown [s\open\src\hotspot\share\interpreter\linkResolver.cpp, line 759]

VM Operations (20 events):
Event: 29.014 Executing VM operation: Cleanup
Event: 29.014 Executing VM operation: Cleanup done
Event: 30.023 Executing VM operation: Cleanup
Event: 30.023 Executing VM operation: Cleanup done
Event: 31.035 Executing VM operation: Cleanup
Event: 31.036 Executing VM operation: Cleanup done
Event: 37.097 Executing VM operation: Cleanup
Event: 37.108 Executing VM operation: Cleanup done
Event: 39.118 Executing VM operation: Cleanup
Event: 39.129 Executing VM operation: Cleanup done
Event: 45.165 Executing VM operation: Cleanup
Event: 45.176 Executing VM operation: Cleanup done
Event: 51.222 Executing VM operation: Cleanup
Event: 51.234 Executing VM operation: Cleanup done
Event: 59.299 Executing VM operation: Cleanup
Event: 59.311 Executing VM operation: Cleanup done
Event: 60.050 Executing VM operation: HandshakeAllThreads
Event: 60.056 Executing VM operation: HandshakeAllThreads done
Event: 63.095 Executing VM operation: Cleanup
Event: 63.212 Executing VM operation: Cleanup done

Events (20 events):
Event: 26.898 loading class java/lang/invoke/BoundMethodHandle$Species_LLLLLLLLLLLLLLLL
Event: 26.898 loading class java/lang/invoke/BoundMethodHandle$Species_LLLLLLLLLLLLLLLL done
Event: 26.901 loading class java/lang/invoke/BoundMethodHandle$Species_LLLLLLLLLLLLLLLLL
Event: 26.901 loading class java/lang/invoke/BoundMethodHandle$Species_LLLLLLLLLLLLLLLLL done
Event: 26.903 loading class java/lang/invoke/BoundMethodHandle$Species_LLLLLLLLLLLLLLLLLL
Event: 26.903 loading class java/lang/invoke/BoundMethodHandle$Species_LLLLLLLLLLLLLLLLLL done
Event: 26.905 loading class java/lang/invoke/BoundMethodHandle$Species_LLLLLLLLLLLLLLLLLLL
Event: 26.905 loading class java/lang/invoke/BoundMethodHandle$Species_LLLLLLLLLLLLLLLLLLL done
Event: 26.906 loading class java/lang/invoke/BoundMethodHandle$Species_LLLLLLLLLLLLLLLLLLLL
Event: 26.906 loading class java/lang/invoke/BoundMethodHandle$Species_LLLLLLLLLLLLLLLLLLLL done
Event: 26.908 loading class java/lang/invoke/BoundMethodHandle$Species_LLLLLLLLLLLLLLLLLLLLL
Event: 26.908 loading class java/lang/invoke/BoundMethodHandle$Species_LLLLLLLLLLLLLLLLLLLLL done
Event: 26.909 loading class java/lang/invoke/BoundMethodHandle$Species_LLLLLLLLLLLLLLLLLLLLLL
Event: 26.909 loading class java/lang/invoke/BoundMethodHandle$Species_LLLLLLLLLLLLLLLLLLLLLL done
Event: 26.911 loading class java/lang/invoke/BoundMethodHandle$Species_LLLLLLLLLLLLLLLLLLLLLLL
Event: 26.911 loading class java/lang/invoke/BoundMethodHandle$Species_LLLLLLLLLLLLLLLLLLLLLLL done
Event: 27.082 loading class java/util/concurrent/CancellationException
Event: 27.083 loading class java/util/concurrent/CancellationException done
Event: 27.084 loading class java/util/concurrent/TimeoutException
Event: 27.084 loading class java/util/concurrent/TimeoutException done


Dynamic libraries:
0x00007ff6a7ff0000 - 0x00007ff6a8000000 	C:\Program Files\Java\jdk-17\bin\java.exe
0x00007ffaf3710000 - 0x00007ffaf3908000 	C:\Windows\SYSTEM32\ntdll.dll
0x00007ffaf1f60000 - 0x00007ffaf2022000 	C:\Windows\System32\KERNEL32.DLL
0x00007ffaf10b0000 - 0x00007ffaf13a6000 	C:\Windows\System32\KERNELBASE.dll
0x00007ffaf0fb0000 - 0x00007ffaf10b0000 	C:\Windows\System32\ucrtbase.dll
0x00007ffade350000 - 0x00007ffade369000 	C:\Program Files\Java\jdk-17\bin\jli.dll
0x00007ffaf34d0000 - 0x00007ffaf3581000 	C:\Windows\System32\ADVAPI32.dll
0x00007ffaf3070000 - 0x00007ffaf310e000 	C:\Windows\System32\msvcrt.dll
0x00007ffaf2060000 - 0x00007ffaf20ff000 	C:\Windows\System32\sechost.dll
0x00007ffaf2580000 - 0x00007ffaf26a3000 	C:\Windows\System32\RPCRT4.dll
0x00007ffaf0f80000 - 0x00007ffaf0fa7000 	C:\Windows\System32\bcrypt.dll
0x00007ffaf1790000 - 0x00007ffaf192d000 	C:\Windows\System32\USER32.dll
0x00007ffaf14d0000 - 0x00007ffaf14f2000 	C:\Windows\System32\win32u.dll
0x00007ffaf2030000 - 0x00007ffaf205b000 	C:\Windows\System32\GDI32.dll
0x00007ffaf13b0000 - 0x00007ffaf14c9000 	C:\Windows\System32\gdi32full.dll
0x00007ffaf1690000 - 0x00007ffaf172d000 	C:\Windows\System32\msvcp_win.dll
0x00007ffaddd90000 - 0x00007ffadddab000 	C:\Program Files\Java\jdk-17\bin\VCRUNTIME140.dll
0x00007ffae0cc0000 - 0x00007ffae0f5a000 	C:\Windows\WinSxS\amd64_microsoft.windows.common-controls_6595b64144ccf1df_6.0.19041.5915_none_60b4b9d171f9c7c7\COMCTL32.dll
0x00007ffae5690000 - 0x00007ffae569a000 	C:\Windows\SYSTEM32\VERSION.dll
0x00007ffaf2840000 - 0x00007ffaf286f000 	C:\Windows\System32\IMM32.DLL
0x00007ffadfde0000 - 0x00007ffadfdec000 	C:\Program Files\Java\jdk-17\bin\vcruntime140_1.dll
0x00007ffac5fa0000 - 0x00007ffac602e000 	C:\Program Files\Java\jdk-17\bin\msvcp140.dll
0x00007ffaa19e0000 - 0x00007ffaa25bf000 	C:\Program Files\Java\jdk-17\bin\server\jvm.dll
0x00007ffaf22b0000 - 0x00007ffaf22b8000 	C:\Windows\System32\PSAPI.DLL
0x00007ffad3290000 - 0x00007ffad3299000 	C:\Windows\SYSTEM32\WSOCK32.dll
0x00007ffaf35b0000 - 0x00007ffaf361b000 	C:\Windows\System32\WS2_32.dll
0x00007ffae5660000 - 0x00007ffae5687000 	C:\Windows\SYSTEM32\WINMM.dll
0x00007ffaef5d0000 - 0x00007ffaef5e2000 	C:\Windows\SYSTEM32\kernel.appcore.dll
0x00007ffad3b10000 - 0x00007ffad3b1a000 	C:\Program Files\Java\jdk-17\bin\jimage.dll
0x00007ffaea990000 - 0x00007ffaeab91000 	C:\Windows\SYSTEM32\DBGHELP.DLL
0x00007ffad85e0000 - 0x00007ffad8614000 	C:\Windows\SYSTEM32\dbgcore.DLL
0x00007ffaf1600000 - 0x00007ffaf1682000 	C:\Windows\System32\bcryptPrimitives.dll
0x00007ffad2d00000 - 0x00007ffad2d0e000 	C:\Program Files\Java\jdk-17\bin\instrument.dll
0x00007ffad25e0000 - 0x00007ffad2605000 	C:\Program Files\Java\jdk-17\bin\java.dll
0x00007ffaba210000 - 0x00007ffaba2e7000 	C:\Program Files\Java\jdk-17\bin\jsvml.dll
0x00007ffaf2870000 - 0x00007ffaf2fde000 	C:\Windows\System32\SHELL32.dll
0x00007ffaeed10000 - 0x00007ffaef4b4000 	C:\Windows\SYSTEM32\windows.storage.dll
0x00007ffaf3110000 - 0x00007ffaf3463000 	C:\Windows\System32\combase.dll
0x00007ffaf06f0000 - 0x00007ffaf071b000 	C:\Windows\SYSTEM32\Wldp.dll
0x00007ffaf22d0000 - 0x00007ffaf239d000 	C:\Windows\System32\OLEAUT32.dll
0x00007ffaf3620000 - 0x00007ffaf36cd000 	C:\Windows\System32\SHCORE.dll
0x00007ffaf3470000 - 0x00007ffaf34cb000 	C:\Windows\System32\shlwapi.dll
0x00007ffaf0cd0000 - 0x00007ffaf0cf5000 	C:\Windows\SYSTEM32\profapi.dll
0x00007ffad2820000 - 0x00007ffad2838000 	C:\Program Files\Java\jdk-17\bin\zip.dll
0x00007ffacbba0000 - 0x00007ffacbbb9000 	C:\Program Files\Java\jdk-17\bin\net.dll
0x00007ffae9c50000 - 0x00007ffae9d5a000 	C:\Windows\SYSTEM32\WINHTTP.dll
0x00007ffaf04d0000 - 0x00007ffaf053a000 	C:\Windows\system32\mswsock.dll
0x00007ffacba50000 - 0x00007ffacba66000 	C:\Program Files\Java\jdk-17\bin\nio.dll
0x00007ffad2cf0000 - 0x00007ffad2d00000 	C:\Program Files\Java\jdk-17\bin\verify.dll
0x00007ffad3b20000 - 0x00007ffad3b47000 	C:\Users\¿ÎÂÍÒ‡Ì‰\.gradle\native\c067742578af261105cb4f569cf0c3c89f3d7b1fecec35dd04571415982c5e48\windows-amd64\native-platform.dll
0x00007ffaa1890000 - 0x00007ffaa19d4000 	C:\Users\¿ÎÂÍÒ‡Ì‰\.gradle\native\100fb08df4bc3b14c8652ba06237920a3bd2aa13389f12d3474272988ae205f9\windows-amd64\native-platform-file-events.dll
0x00007ffaccab0000 - 0x00007ffaccaba000 	C:\Program Files\Java\jdk-17\bin\management.dll
0x00007ffacc780000 - 0x00007ffacc78b000 	C:\Program Files\Java\jdk-17\bin\management_ext.dll
0x00007ffaf0730000 - 0x00007ffaf0748000 	C:\Windows\SYSTEM32\CRYPTSP.dll
0x00007ffaefda0000 - 0x00007ffaefdd8000 	C:\Windows\system32\rsaenh.dll
0x00007ffaf0c50000 - 0x00007ffaf0c7e000 	C:\Windows\SYSTEM32\USERENV.dll
0x00007ffaf0660000 - 0x00007ffaf066c000 	C:\Windows\SYSTEM32\CRYPTBASE.dll
0x00007ffaf0180000 - 0x00007ffaf01bb000 	C:\Windows\SYSTEM32\IPHLPAPI.DLL
0x00007ffaf23a0000 - 0x00007ffaf23a8000 	C:\Windows\System32\NSI.dll
0x00007ffaebff0000 - 0x00007ffaec007000 	C:\Windows\SYSTEM32\dhcpcsvc6.DLL
0x00007ffaed6b0000 - 0x00007ffaed6cd000 	C:\Windows\SYSTEM32\dhcpcsvc.DLL
0x00007ffaf01d0000 - 0x00007ffaf029a000 	C:\Windows\SYSTEM32\DNSAPI.dll
0x00007ffacbac0000 - 0x00007ffacbace000 	C:\Program Files\Java\jdk-17\bin\sunmscapi.dll
0x00007ffaf0e20000 - 0x00007ffaf0f7d000 	C:\Windows\System32\CRYPT32.dll
0x00007ffaf0840000 - 0x00007ffaf0867000 	C:\Windows\SYSTEM32\ncrypt.dll
0x00007ffaf07e0000 - 0x00007ffaf081b000 	C:\Windows\SYSTEM32\NTASN1.dll
0x00007ffae4ca0000 - 0x00007ffae4ca7000 	C:\Windows\system32\wshunix.dll

dbghelp: loaded successfully - version: 4.0.5 - missing functions: none
symbol engine: initialized successfully - sym options: 0x614 - pdb path: .;C:\Program Files\Java\jdk-17\bin;C:\Windows\SYSTEM32;C:\Windows\WinSxS\amd64_microsoft.windows.common-controls_6595b64144ccf1df_6.0.19041.5915_none_60b4b9d171f9c7c7;C:\Program Files\Java\jdk-17\bin\server;C:\Users\¿ÎÂÍÒ‡Ì‰\.gradle\native\c067742578af261105cb4f569cf0c3c89f3d7b1fecec35dd04571415982c5e48\windows-amd64;C:\Users\¿ÎÂÍÒ‡Ì‰\.gradle\native\100fb08df4bc3b14c8652ba06237920a3bd2aa13389f12d3474272988ae205f9\windows-amd64

VM Arguments:
jvm_args: --add-opens=java.base/java.util=ALL-UNNAMED --add-opens=java.base/java.lang=ALL-UNNAMED --add-opens=java.base/java.lang.invoke=ALL-UNNAMED --add-opens=java.prefs/java.util.prefs=ALL-UNNAMED --add-exports=jdk.compiler/com.sun.tools.javac.api=ALL-UNNAMED --add-exports=jdk.compiler/com.sun.tools.javac.util=ALL-UNNAMED --add-opens=java.base/java.nio.charset=ALL-UNNAMED --add-opens=java.base/java.net=ALL-UNNAMED --add-opens=java.base/java.util.concurrent.atomic=ALL-UNNAMED -XX:MaxMetaspaceSize=384m -XX:+HeapDumpOnOutOfMemoryError -Xms256m -Xmx512m -Dfile.encoding=UTF-8 -Duser.country=RU -Duser.language=ru -Duser.variant -javaagent:C:\Users\¿ÎÂÍÒ‡Ì‰\.gradle\wrapper\dists\gradle-8.10.2-bin\a04bxjujx95o3nb99gddekhwo\gradle-8.10.2\lib\agents\gradle-instrumentation-agent-8.10.2.jar 
java_command: org.gradle.launcher.daemon.bootstrap.GradleDaemon 8.10.2
java_class_path (initial): C:\Users\¿ÎÂÍÒ‡Ì‰\.gradle\wrapper\dists\gradle-8.10.2-bin\a04bxjujx95o3nb99gddekhwo\gradle-8.10.2\lib\gradle-daemon-main-8.10.2.jar
Launcher Type: SUN_STANDARD

[Global flags]
     intx CICompilerCount                          = 4                                         {product} {ergonomic}
   size_t CompressedClassSpaceSize                 = 335544320                                 {product} {ergonomic}
     uint ConcGCThreads                            = 3                                         {product} {ergonomic}
     uint G1ConcRefinementThreads                  = 10                                        {product} {ergonomic}
   size_t G1HeapRegionSize                         = 1048576                                   {product} {ergonomic}
    uintx GCDrainStackTargetSize                   = 64                                        {product} {ergonomic}
     bool HeapDumpOnOutOfMemoryError               = true                                   {manageable} {command line}
   size_t InitialHeapSize                          = 268435456                                 {product} {command line}
   size_t MarkStackSize                            = 4194304                                   {product} {ergonomic}
   size_t MaxHeapSize                              = 536870912                                 {product} {command line}
   size_t MaxMetaspaceSize                         = 402653184                                 {product} {command line}
   size_t MaxNewSize                               = 321912832                                 {product} {ergonomic}
   size_t MinHeapDeltaBytes                        = 1048576                                   {product} {ergonomic}
   size_t MinHeapSize                              = 268435456                                 {product} {command line}
    uintx NonNMethodCodeHeapSize                   = 5839372                                {pd product} {ergonomic}
    uintx NonProfiledCodeHeapSize                  = 122909434                              {pd product} {ergonomic}
    uintx ProfiledCodeHeapSize                     = 122909434                              {pd product} {ergonomic}
    uintx ReservedCodeCacheSize                    = 251658240                              {pd product} {ergonomic}
     bool SegmentedCodeCache                       = true                                      {product} {ergonomic}
   size_t SoftMaxHeapSize                          = 536870912                              {manageable} {ergonomic}
     bool UseCompressedClassPointers               = true                           {product lp64_product} {ergonomic}
     bool UseCompressedOops                        = true                           {product lp64_product} {ergonomic}
     bool UseG1GC                                  = true                                      {product} {ergonomic}
     bool UseLargePagesIndividualAllocation        = false                                  {pd product} {ergonomic}

Logging:
Log output configuration:
 #0: stdout all=warning uptime,level,tags
 #1: stderr all=off uptime,level,tags

Environment Variables:
JAVA_HOME=C:\Program Files\Java\jdk-17
PATH=C:\Program Files\Common Files\Oracle\Java\javapath;C:\Windows\system32;C:\Windows;C:\Windows\System32\Wbem;C:\Windows\System32\WindowsPowerShell\v1.0\;C:\Windows\System32\OpenSSH\;C:\Gradle\bin;C:\Program Files\Git\cmd;C:\Program Files\usbipd-win\;C:\Program Files\MIT\Kerberos\bin;C:\Gradle\gradle-8.10.2\bin;C:\Program Files\Java\jdk-21\bin;C:\Program Files\dotnet\;C:\Users\¿ÎÂÍÒ‡Ì‰\AppData\Local\Programs\Python\Python310\Scripts\;C:\Users\¿ÎÂÍÒ‡Ì‰\AppData\Local\Programs\Python\Python310\;C:\Users\¿ÎÂÍÒ‡Ì‰\AppData\Local\Microsoft\WindowsApps;C:\Program Files\JetBrains\PyCharm 2022.2.1\bin;;C:\Program Files\JetBrains\IntelliJ IDEA Community Edition 2024.1.4\bin;;C:\Users\¿ÎÂÍÒ‡Ì‰\AppData\Local\Programs\Microsoft VS Code\bin;C:\Gradle\gradle-8.10.2\bin;C:\Program Files\Java\jdk-21\bin;;C:\Program Files\JetBrains\IntelliJ IDEA 2025.1.3\bin;
USERNAME=¿ÎÂÍÒ‡Ì‰
OS=Windows_NT
PROCESSOR_IDENTIFIER=Intel64 Family 6 Model 151 Stepping 5, GenuineIntel



---------------  S Y S T E M  ---------------

OS:
 Windows 10 , 64 bit Build 19041 (10.0.19041.5915)
OS uptime: 0 days 1:52 hours
Hyper-V role detected

CPU: total 12 (initial active 12) (6 cores per cpu, 2 threads per core) family 6 model 151 stepping 5 microcode 0x15, cx8, cmov, fxsr, ht, mmx, 3dnowpref, sse, sse2, sse3, ssse3, sse4.1, sse4.2, popcnt, lzcnt, tsc, tscinvbit, avx, avx2, aes, erms, clmul, bmi1, bmi2, adx, sha, fma, vzeroupper, clflush, clflushopt, clwb, hv

Memory: 4k page, system-wide physical 16225M (471M free)
TotalPageFile size 45952M (AvailPageFile size 1156M)
current process WorkingSet (physical memory assigned to process): 20M, peak: 300M
current process commit charge ("private bytes"): 405M, peak: 431M

vm_info: Java HotSpot(TM) 64-Bit Server VM (17.0.10+11-LTS-240) for windows-amd64 JRE (17.0.10+11-LTS-240), built on Dec 19 2023 21:47:25 by "mach5one" with MS VC++ 17.1 (VS2022)

END.
