#
# There is insufficient memory for the Java Runtime Environment to continue.
# Native memory allocation (malloc) failed to allocate 32744 bytes for ChunkPool::allocate
# Possible reasons:
#   The system is out of physical RAM or swap space
#   The process is running with CompressedOops enabled, and the Java Heap may be blocking the growth of the native heap
# Possible solutions:
#   Reduce memory load on the system
#   Increase physical memory or swap space
#   Check if swap backing store is full
#   Decrease Java heap size (-Xmx/-Xms)
#   Decrease number of Java threads
#   Decrease Java thread stack sizes (-Xss)
#   Set larger code cache with -XX:ReservedCodeCacheSize=
#   JVM is running with Unscaled Compressed Oops mode in which the Java heap is
#     placed in the first 4GB address space. The Java Heap base address is the
#     maximum limit for the native heap growth. Please use -XX:HeapBaseMinAddress
#     to set the Java Heap base and to place the Java Heap above 4GB virtual address.
# This output file may be truncated or incomplete.
#
#  Out of Memory Error (arena.cpp:78), pid=24232, tid=5240
#
# JRE version: Java(TM) SE Runtime Environment (17.0.10+11) (build 17.0.10+11-LTS-240)
# Java VM: Java HotSpot(TM) 64-Bit Server VM (17.0.10+11-LTS-240, mixed mode, sharing, tiered, compressed oops, compressed class ptrs, g1 gc, windows-amd64)
# No core dump will be written. Minidumps are not enabled by default on client versions of Windows
#

---------------  S U M M A R Y ------------

Command Line: --add-opens=java.base/java.util=ALL-UNNAMED --add-opens=java.base/java.lang=ALL-UNNAMED --add-opens=java.base/java.lang.invoke=ALL-UNNAMED --add-opens=java.prefs/java.util.prefs=ALL-UNNAMED --add-exports=jdk.compiler/com.sun.tools.javac.api=ALL-UNNAMED --add-exports=jdk.compiler/com.sun.tools.javac.util=ALL-UNNAMED --add-opens=java.base/java.nio.charset=ALL-UNNAMED --add-opens=java.base/java.net=ALL-UNNAMED --add-opens=java.base/java.util.concurrent.atomic=ALL-UNNAMED -XX:MaxMetaspaceSize=384m -XX:+HeapDumpOnOutOfMemoryError -Xms256m -Xmx512m -Dfile.encoding=UTF-8 -Duser.country=RU -Duser.language=ru -Duser.variant -javaagent:C:\Users\¿ÎÂÍÒ‡Ì‰\.gradle\wrapper\dists\gradle-8.10.2-bin\a04bxjujx95o3nb99gddekhwo\gradle-8.10.2\lib\agents\gradle-instrumentation-agent-8.10.2.jar org.gradle.launcher.daemon.bootstrap.GradleDaemon 8.10.2

Host: 12th Gen Intel(R) Core(TM) i5-12400F, 12 cores, 15G,  Windows 10 , 64 bit Build 19041 (10.0.19041.5915)
Time: Fri Jun 27 11:39:28 2025 RTZ 2 (s 10 , 64 bit Build 19041 (10.0.19041.5915) elapsed time: 43.298557 seconds (0d 0h 0m 43s)

---------------  T H R E A D  ---------------

Current thread (0x000001e6fd587d40):  JavaThread "C1 CompilerThread0" daemon [_thread_in_native, id=5240, stack(0x000000dd1a100000,0x000000dd1a200000)]


Current CompileTask:
C1:  43298 3049       3       java.util.ComparableTimSort::countRunAndMakeAscending (123 bytes)

Stack: [0x000000dd1a100000,0x000000dd1a200000]
Native frames: (J=compiled Java code, j=interpreted, Vv=VM code, C=native code)
V  [jvm.dll+0x677a5a]
V  [jvm.dll+0x7d8b2d]
V  [jvm.dll+0x7da48e]
V  [jvm.dll+0x7daaf3]
V  [jvm.dll+0x2455ff]
V  [jvm.dll+0xaad50]
V  [jvm.dll+0xab09c]
V  [jvm.dll+0x177d68]
V  [jvm.dll+0x179ed1]
V  [jvm.dll+0x134e33]
V  [jvm.dll+0x13474f]
V  [jvm.dll+0x134988]
V  [jvm.dll+0x133e21]
V  [jvm.dll+0x135abd]
V  [jvm.dll+0x226aeb]
V  [jvm.dll+0x224cab]
V  [jvm.dll+0x78e45c]
V  [jvm.dll+0x78888a]
V  [jvm.dll+0x676935]
C  [ucrtbase.dll+0x21bb2]
C  [KERNEL32.DLL+0x17374]
C  [ntdll.dll+0x4cc91]


---------------  P R O C E S S  ---------------

Threads class SMR info:
_java_thread_list=0x000001e6b2fb8600, length=30, elements={
0x000001e6f900c900, 0x000001e6fd566980, 0x000001e6fd567710, 0x000001e6fd57f4d0,
0x000001e6fd581110, 0x000001e6fd5839f0, 0x000001e6fd5842c0, 0x000001e6fd587380,
0x000001e6fd587d40, 0x000001e6fd591670, 0x000001e6969ac5e0, 0x000001e696ab74e0,
0x000001e6b0d25d30, 0x000001e6b1a9ab70, 0x000001e696ce3c70, 0x000001e6b1d6c000,
0x000001e6b1d6c4e0, 0x000001e6b07e6010, 0x000001e6b07e3ca0, 0x000001e6b07e41b0,
0x000001e6b07e7450, 0x000001e6b07e55f0, 0x000001e6b07e46c0, 0x000001e6b07e4bd0,
0x000001e6b07e6a30, 0x000001e6b07e50e0, 0x000001e6b07e5b00, 0x000001e6b07e6520,
0x000001e6b21bf250, 0x000001e6b21bde10
}

Java Threads: ( => current thread )
  0x000001e6f900c900 JavaThread "main" [_thread_blocked, id=18888, stack(0x000000dd19300000,0x000000dd19400000)]
  0x000001e6fd566980 JavaThread "Reference Handler" daemon [_thread_blocked, id=920, stack(0x000000dd19a00000,0x000000dd19b00000)]
  0x000001e6fd567710 JavaThread "Finalizer" daemon [_thread_blocked, id=8500, stack(0x000000dd19b00000,0x000000dd19c00000)]
  0x000001e6fd57f4d0 JavaThread "Signal Dispatcher" daemon [_thread_blocked, id=18900, stack(0x000000dd19c00000,0x000000dd19d00000)]
  0x000001e6fd581110 JavaThread "Attach Listener" daemon [_thread_blocked, id=24808, stack(0x000000dd19d00000,0x000000dd19e00000)]
  0x000001e6fd5839f0 JavaThread "Service Thread" daemon [_thread_blocked, id=26192, stack(0x000000dd19e00000,0x000000dd19f00000)]
  0x000001e6fd5842c0 JavaThread "Monitor Deflation Thread" daemon [_thread_blocked, id=18132, stack(0x000000dd19f00000,0x000000dd1a000000)]
  0x000001e6fd587380 JavaThread "C2 CompilerThread0" daemon [_thread_blocked, id=13352, stack(0x000000dd1a000000,0x000000dd1a100000)]
=>0x000001e6fd587d40 JavaThread "C1 CompilerThread0" daemon [_thread_in_native, id=5240, stack(0x000000dd1a100000,0x000000dd1a200000)]
  0x000001e6fd591670 JavaThread "Sweeper thread" daemon [_thread_blocked, id=29468, stack(0x000000dd1a200000,0x000000dd1a300000)]
  0x000001e6969ac5e0 JavaThread "Common-Cleaner" daemon [_thread_blocked, id=27212, stack(0x000000dd1a300000,0x000000dd1a400000)]
  0x000001e696ab74e0 JavaThread "Notification Thread" daemon [_thread_blocked, id=25804, stack(0x000000dd1a500000,0x000000dd1a600000)]
  0x000001e6b0d25d30 JavaThread "Daemon health stats" [_thread_blocked, id=29048, stack(0x000000dd1a700000,0x000000dd1a800000)]
  0x000001e6b1a9ab70 JavaThread "Incoming local TCP Connector on port 56257" [_thread_in_native, id=14800, stack(0x000000dd1a400000,0x000000dd1a500000)]
  0x000001e696ce3c70 JavaThread "Daemon periodic checks" [_thread_blocked, id=19368, stack(0x000000dd1ad00000,0x000000dd1ae00000)]
  0x000001e6b1d6c000 JavaThread "Daemon" [_thread_blocked, id=2056, stack(0x000000dd1ae00000,0x000000dd1af00000)]
  0x000001e6b1d6c4e0 JavaThread "Handler for socket connection from /127.0.0.1:56257 to /127.0.0.1:56288" [_thread_in_native, id=29652, stack(0x000000dd1af00000,0x000000dd1b000000)]
  0x000001e6b07e6010 JavaThread "Cancel handler" [_thread_blocked, id=24052, stack(0x000000dd1b000000,0x000000dd1b100000)]
  0x000001e6b07e3ca0 JavaThread "Daemon worker" [_thread_blocked, id=31116, stack(0x000000dd1b100000,0x000000dd1b200000)]
  0x000001e6b07e41b0 JavaThread "Asynchronous log dispatcher for DefaultDaemonConnection: socket connection from /127.0.0.1:56257 to /127.0.0.1:56288" [_thread_blocked, id=26344, stack(0x000000dd1b200000,0x000000dd1b300000)]
  0x000001e6b07e7450 JavaThread "Stdin handler" [_thread_blocked, id=30192, stack(0x000000dd1b300000,0x000000dd1b400000)]
  0x000001e6b07e55f0 JavaThread "Daemon client event forwarder" [_thread_blocked, id=30692, stack(0x000000dd1b400000,0x000000dd1b500000)]
  0x000001e6b07e46c0 JavaThread "Cache worker for journal cache (C:\Users\–ê–ª–µ–∫—Å–∞–Ω–¥—Ä\.gradle\caches\journal-1)" [_thread_blocked, id=27224, stack(0x000000dd1b500000,0x000000dd1b600000)]
  0x000001e6b07e4bd0 JavaThread "File lock request listener" [_thread_in_native, id=25028, stack(0x000000dd1b600000,0x000000dd1b700000)]
  0x000001e6b07e6a30 JavaThread "File lock release action executor" [_thread_blocked, id=22716, stack(0x000000dd1b700000,0x000000dd1b800000)]
  0x000001e6b07e50e0 JavaThread "Cache worker for file hash cache (C:\Users\–ê–ª–µ–∫—Å–∞–Ω–¥—Ä\.gradle\caches\8.10.2\fileHashes)" [_thread_blocked, id=29196, stack(0x000000dd1b800000,0x000000dd1b900000)]
  0x000001e6b07e5b00 JavaThread "Cache worker for file hash cache (C:\ProgrammingBooks\Hexlet\Modul4\08-Java-Web-Technology\13-Validation-dz\.gradle\8.10.2\fileHashes)" [_thread_blocked, id=20460, stack(0x000000dd1bd00000,0x000000dd1be00000)]
  0x000001e6b07e6520 JavaThread "Cache worker for Build Output Cleanup Cache (C:\ProgrammingBooks\Hexlet\Modul4\08-Java-Web-Technology\13-Validation-dz\.gradle\buildOutputCleanup)" [_thread_blocked, id=17896, stack(0x000000dd1be00000,0x000000dd1bf00000)]
  0x000001e6b21bf250 JavaThread "File watcher server" daemon [_thread_in_native, id=916, stack(0x000000dd19000000,0x000000dd19100000)]
  0x000001e6b21bde10 JavaThread "File watcher consumer" daemon [_thread_blocked, id=2788, stack(0x000000dd1c100000,0x000000dd1c200000)]

Other Threads:
  0x000001e6fd5616a0 VMThread "VM Thread" [stack: 0x000000dd19900000,0x000000dd19a00000] [id=29756]
  0x000001e696a7e030 WatcherThread [stack: 0x000000dd1a600000,0x000000dd1a700000] [id=18476]
  0x000001e6f903bbd0 GCTaskThread "GC Thread#0" [stack: 0x000000dd19400000,0x000000dd19500000] [id=19324]
  0x000001e696c96c90 GCTaskThread "GC Thread#1" [stack: 0x000000dd1a800000,0x000000dd1a900000] [id=16640]
  0x000001e696c96f50 GCTaskThread "GC Thread#2" [stack: 0x000000dd1a900000,0x000000dd1aa00000] [id=30408]
  0x000001e696c97210 GCTaskThread "GC Thread#3" [stack: 0x000000dd1aa00000,0x000000dd1ab00000] [id=31564]
  0x000001e696cf74c0 GCTaskThread "GC Thread#4" [stack: 0x000000dd1ab00000,0x000000dd1ac00000] [id=14064]
  0x000001e696cf7780 GCTaskThread "GC Thread#5" [stack: 0x000000dd1ac00000,0x000000dd1ad00000] [id=15616]
  0x000001e696958fd0 GCTaskThread "GC Thread#6" [stack: 0x000000dd1b900000,0x000000dd1ba00000] [id=19044]
  0x000001e6b0fd1110 GCTaskThread "GC Thread#7" [stack: 0x000000dd1ba00000,0x000000dd1bb00000] [id=27116]
  0x000001e6b0fd13d0 GCTaskThread "GC Thread#8" [stack: 0x000000dd1bb00000,0x000000dd1bc00000] [id=20192]
  0x000001e6b0fd1690 GCTaskThread "GC Thread#9" [stack: 0x000000dd1bc00000,0x000000dd1bd00000] [id=21920]
  0x000001e6f6e4ea40 ConcurrentGCThread "G1 Main Marker" [stack: 0x000000dd19500000,0x000000dd19600000] [id=16348]
  0x000001e6f903c380 ConcurrentGCThread "G1 Conc#0" [stack: 0x000000dd19600000,0x000000dd19700000] [id=11220]
  0x000001e6b1bbec10 ConcurrentGCThread "G1 Conc#1" [stack: 0x000000dd1bf00000,0x000000dd1c000000] [id=24452]
  0x000001e6b1bbd090 ConcurrentGCThread "G1 Conc#2" [stack: 0x000000dd1c000000,0x000000dd1c100000] [id=30672]
  0x000001e6f90de8d0 ConcurrentGCThread "G1 Refine#0" [stack: 0x000000dd19700000,0x000000dd19800000] [id=8888]
  0x000001e6fd425350 ConcurrentGCThread "G1 Service" [stack: 0x000000dd19800000,0x000000dd19900000] [id=18588]

Threads with active compile tasks:
C1 CompilerThread0    45869 3049       3       java.util.ComparableTimSort::countRunAndMakeAscending (123 bytes)

VM state: not at safepoint (normal execution)

VM Mutex/Monitor currently owned by a thread: None

Heap address: 0x00000000e0000000, size: 512 MB, Compressed Oops mode: 32-bit

CDS archive(s) mapped at: [0x000001e697000000-0x000001e697bd0000-0x000001e697bd0000), size 12386304, SharedBaseAddress: 0x000001e697000000, ArchiveRelocationMode: 1.
Compressed class space mapped at: 0x000001e698000000-0x000001e6ac000000, reserved size: 335544320
Narrow klass base: 0x000001e697000000, Narrow klass shift: 0, Narrow klass range: 0x100000000

GC Precious Log:
 CPUs: 12 total, 12 available
 Memory: 16225M
 Large Page Support: Disabled
 NUMA Support: Disabled
 Compressed Oops: Enabled (32-bit)
 Heap Region Size: 1M
 Heap Min Capacity: 256M
 Heap Initial Capacity: 256M
 Heap Max Capacity: 512M
 Pre-touch: Disabled
 Parallel Workers: 10
 Concurrent Workers: 3
 Concurrent Refinement Workers: 10
 Periodic GC: Disabled

Heap:
 garbage-first heap   total 262144K, used 35866K [0x00000000e0000000, 0x0000000100000000)
  region size 1024K, 14 young (14336K), 3 survivors (3072K)
 Metaspace       used 22253K, committed 22592K, reserved 393216K
  class space    used 3290K, committed 3456K, reserved 327680K

Heap Regions: E=young(eden), S=young(survivor), O=old, HS=humongous(starts), HC=humongous(continues), CS=collection set, F=free, OA=open archive, CA=closed archive, TAMS=top-at-mark-start (previous, next)
|   0|0x00000000e0000000, 0x00000000e0100000, 0x00000000e0100000|100%|HS|  |TAMS 0x00000000e0100000, 0x00000000e0000000| Complete 
|   1|0x00000000e0100000, 0x00000000e0200000, 0x00000000e0200000|100%|HC|  |TAMS 0x00000000e0200000, 0x00000000e0100000| Complete 
|   2|0x00000000e0200000, 0x00000000e0300000, 0x00000000e0300000|100%|HC|  |TAMS 0x00000000e0300000, 0x00000000e0200000| Complete 
|   3|0x00000000e0300000, 0x00000000e0400000, 0x00000000e0400000|100%|HC|  |TAMS 0x00000000e0400000, 0x00000000e0300000| Complete 
|   4|0x00000000e0400000, 0x00000000e0500000, 0x00000000e0500000|100%| O|  |TAMS 0x00000000e0500000, 0x00000000e0400000| Untracked 
|   5|0x00000000e0500000, 0x00000000e0600000, 0x00000000e0600000|100%| O|  |TAMS 0x00000000e0600000, 0x00000000e0500000| Untracked 
|   6|0x00000000e0600000, 0x00000000e0700000, 0x00000000e0700000|100%| O|  |TAMS 0x00000000e0642e00, 0x00000000e0600000| Untracked 
|   7|0x00000000e0700000, 0x00000000e0800000, 0x00000000e0800000|100%|HS|  |TAMS 0x00000000e0800000, 0x00000000e0700000| Complete 
|   8|0x00000000e0800000, 0x00000000e0900000, 0x00000000e0900000|100%| O|  |TAMS 0x00000000e0800000, 0x00000000e0800000| Untracked 
|   9|0x00000000e0900000, 0x00000000e0a00000, 0x00000000e0a00000|100%| O|  |TAMS 0x00000000e0900000, 0x00000000e0900000| Untracked 
|  10|0x00000000e0a00000, 0x00000000e0b00000, 0x00000000e0b00000|100%| O|  |TAMS 0x00000000e0a00000, 0x00000000e0a00000| Untracked 
|  11|0x00000000e0b00000, 0x00000000e0c00000, 0x00000000e0c00000|100%| O|  |TAMS 0x00000000e0b00000, 0x00000000e0b00000| Untracked 
|  12|0x00000000e0c00000, 0x00000000e0d00000, 0x00000000e0d00000|100%| O|  |TAMS 0x00000000e0c00000, 0x00000000e0c00000| Untracked 
|  13|0x00000000e0d00000, 0x00000000e0e00000, 0x00000000e0e00000|100%| O|  |TAMS 0x00000000e0d00000, 0x00000000e0d00000| Untracked 
|  14|0x00000000e0e00000, 0x00000000e0f00000, 0x00000000e0f00000|100%| O|  |TAMS 0x00000000e0e00000, 0x00000000e0e00000| Untracked 
|  15|0x00000000e0f00000, 0x00000000e1000000, 0x00000000e1000000|100%| O|  |TAMS 0x00000000e0f00000, 0x00000000e0f00000| Untracked 
|  16|0x00000000e1000000, 0x00000000e1100000, 0x00000000e1100000|100%| O|  |TAMS 0x00000000e1000000, 0x00000000e1000000| Untracked 
|  17|0x00000000e1100000, 0x00000000e1200000, 0x00000000e1200000|100%| O|  |TAMS 0x00000000e1100000, 0x00000000e1100000| Untracked 
|  18|0x00000000e1200000, 0x00000000e1300000, 0x00000000e1300000|100%| O|  |TAMS 0x00000000e1200000, 0x00000000e1200000| Untracked 
|  19|0x00000000e1300000, 0x00000000e1400000, 0x00000000e1400000|100%| O|  |TAMS 0x00000000e1300000, 0x00000000e1300000| Untracked 
|  20|0x00000000e1400000, 0x00000000e1500000, 0x00000000e1500000|100%| O|  |TAMS 0x00000000e1400000, 0x00000000e1400000| Untracked 
|  21|0x00000000e1500000, 0x00000000e1600000, 0x00000000e1600000|100%| O|  |TAMS 0x00000000e1500000, 0x00000000e1500000| Untracked 
|  22|0x00000000e1600000, 0x00000000e165a600, 0x00000000e1700000| 35%| O|  |TAMS 0x00000000e1600000, 0x00000000e1600000| Untracked 
|  23|0x00000000e1700000, 0x00000000e1700000, 0x00000000e1800000|  0%| F|  |TAMS 0x00000000e1700000, 0x00000000e1700000| Untracked 
|  24|0x00000000e1800000, 0x00000000e1800000, 0x00000000e1900000|  0%| F|  |TAMS 0x00000000e1800000, 0x00000000e1800000| Untracked 
|  25|0x00000000e1900000, 0x00000000e1900000, 0x00000000e1a00000|  0%| F|  |TAMS 0x00000000e1900000, 0x00000000e1900000| Untracked 
|  26|0x00000000e1a00000, 0x00000000e1a00000, 0x00000000e1b00000|  0%| F|  |TAMS 0x00000000e1a00000, 0x00000000e1a00000| Untracked 
|  27|0x00000000e1b00000, 0x00000000e1b00000, 0x00000000e1c00000|  0%| F|  |TAMS 0x00000000e1b00000, 0x00000000e1b00000| Untracked 
|  28|0x00000000e1c00000, 0x00000000e1c00000, 0x00000000e1d00000|  0%| F|  |TAMS 0x00000000e1c00000, 0x00000000e1c00000| Untracked 
|  29|0x00000000e1d00000, 0x00000000e1d00000, 0x00000000e1e00000|  0%| F|  |TAMS 0x00000000e1d00000, 0x00000000e1d00000| Untracked 
|  30|0x00000000e1e00000, 0x00000000e1e00000, 0x00000000e1f00000|  0%| F|  |TAMS 0x00000000e1e00000, 0x00000000e1e00000| Untracked 
|  31|0x00000000e1f00000, 0x00000000e1f00000, 0x00000000e2000000|  0%| F|  |TAMS 0x00000000e1f00000, 0x00000000e1f00000| Untracked 
|  32|0x00000000e2000000, 0x00000000e2000000, 0x00000000e2100000|  0%| F|  |TAMS 0x00000000e2000000, 0x00000000e2000000| Untracked 
|  33|0x00000000e2100000, 0x00000000e2100000, 0x00000000e2200000|  0%| F|  |TAMS 0x00000000e2100000, 0x00000000e2100000| Untracked 
|  34|0x00000000e2200000, 0x00000000e2200000, 0x00000000e2300000|  0%| F|  |TAMS 0x00000000e2200000, 0x00000000e2200000| Untracked 
|  35|0x00000000e2300000, 0x00000000e2300000, 0x00000000e2400000|  0%| F|  |TAMS 0x00000000e2300000, 0x00000000e2300000| Untracked 
|  36|0x00000000e2400000, 0x00000000e2400000, 0x00000000e2500000|  0%| F|  |TAMS 0x00000000e2400000, 0x00000000e2400000| Untracked 
|  37|0x00000000e2500000, 0x00000000e2500000, 0x00000000e2600000|  0%| F|  |TAMS 0x00000000e2500000, 0x00000000e2500000| Untracked 
|  38|0x00000000e2600000, 0x00000000e2600000, 0x00000000e2700000|  0%| F|  |TAMS 0x00000000e2600000, 0x00000000e2600000| Untracked 
|  39|0x00000000e2700000, 0x00000000e2700000, 0x00000000e2800000|  0%| F|  |TAMS 0x00000000e2700000, 0x00000000e2700000| Untracked 
|  40|0x00000000e2800000, 0x00000000e2800000, 0x00000000e2900000|  0%| F|  |TAMS 0x00000000e2800000, 0x00000000e2800000| Untracked 
|  41|0x00000000e2900000, 0x00000000e2900000, 0x00000000e2a00000|  0%| F|  |TAMS 0x00000000e2900000, 0x00000000e2900000| Untracked 
|  42|0x00000000e2a00000, 0x00000000e2a00000, 0x00000000e2b00000|  0%| F|  |TAMS 0x00000000e2a00000, 0x00000000e2a00000| Untracked 
|  43|0x00000000e2b00000, 0x00000000e2b00000, 0x00000000e2c00000|  0%| F|  |TAMS 0x00000000e2b00000, 0x00000000e2b00000| Untracked 
|  44|0x00000000e2c00000, 0x00000000e2c00000, 0x00000000e2d00000|  0%| F|  |TAMS 0x00000000e2c00000, 0x00000000e2c00000| Untracked 
|  45|0x00000000e2d00000, 0x00000000e2d00000, 0x00000000e2e00000|  0%| F|  |TAMS 0x00000000e2d00000, 0x00000000e2d00000| Untracked 
|  46|0x00000000e2e00000, 0x00000000e2e00000, 0x00000000e2f00000|  0%| F|  |TAMS 0x00000000e2e00000, 0x00000000e2e00000| Untracked 
|  47|0x00000000e2f00000, 0x00000000e2f00000, 0x00000000e3000000|  0%| F|  |TAMS 0x00000000e2f00000, 0x00000000e2f00000| Untracked 
|  48|0x00000000e3000000, 0x00000000e3000000, 0x00000000e3100000|  0%| F|  |TAMS 0x00000000e3000000, 0x00000000e3000000| Untracked 
|  49|0x00000000e3100000, 0x00000000e3100000, 0x00000000e3200000|  0%| F|  |TAMS 0x00000000e3100000, 0x00000000e3100000| Untracked 
|  50|0x00000000e3200000, 0x00000000e3200000, 0x00000000e3300000|  0%| F|  |TAMS 0x00000000e3200000, 0x00000000e3200000| Untracked 
|  51|0x00000000e3300000, 0x00000000e3300000, 0x00000000e3400000|  0%| F|  |TAMS 0x00000000e3300000, 0x00000000e3300000| Untracked 
|  52|0x00000000e3400000, 0x00000000e3400000, 0x00000000e3500000|  0%| F|  |TAMS 0x00000000e3400000, 0x00000000e3400000| Untracked 
|  53|0x00000000e3500000, 0x00000000e3500000, 0x00000000e3600000|  0%| F|  |TAMS 0x00000000e3500000, 0x00000000e3500000| Untracked 
|  54|0x00000000e3600000, 0x00000000e3600000, 0x00000000e3700000|  0%| F|  |TAMS 0x00000000e3600000, 0x00000000e3600000| Untracked 
|  55|0x00000000e3700000, 0x00000000e3700000, 0x00000000e3800000|  0%| F|  |TAMS 0x00000000e3700000, 0x00000000e3700000| Untracked 
|  56|0x00000000e3800000, 0x00000000e3800000, 0x00000000e3900000|  0%| F|  |TAMS 0x00000000e3800000, 0x00000000e3800000| Untracked 
|  57|0x00000000e3900000, 0x00000000e3900000, 0x00000000e3a00000|  0%| F|  |TAMS 0x00000000e3900000, 0x00000000e3900000| Untracked 
|  58|0x00000000e3a00000, 0x00000000e3a00000, 0x00000000e3b00000|  0%| F|  |TAMS 0x00000000e3a00000, 0x00000000e3a00000| Untracked 
|  59|0x00000000e3b00000, 0x00000000e3b00000, 0x00000000e3c00000|  0%| F|  |TAMS 0x00000000e3b00000, 0x00000000e3b00000| Untracked 
|  60|0x00000000e3c00000, 0x00000000e3c00000, 0x00000000e3d00000|  0%| F|  |TAMS 0x00000000e3c00000, 0x00000000e3c00000| Untracked 
|  61|0x00000000e3d00000, 0x00000000e3d00000, 0x00000000e3e00000|  0%| F|  |TAMS 0x00000000e3d00000, 0x00000000e3d00000| Untracked 
|  62|0x00000000e3e00000, 0x00000000e3e00000, 0x00000000e3f00000|  0%| F|  |TAMS 0x00000000e3e00000, 0x00000000e3e00000| Untracked 
|  63|0x00000000e3f00000, 0x00000000e3f00000, 0x00000000e4000000|  0%| F|  |TAMS 0x00000000e3f00000, 0x00000000e3f00000| Untracked 
|  64|0x00000000e4000000, 0x00000000e4000000, 0x00000000e4100000|  0%| F|  |TAMS 0x00000000e4000000, 0x00000000e4000000| Untracked 
|  65|0x00000000e4100000, 0x00000000e4100000, 0x00000000e4200000|  0%| F|  |TAMS 0x00000000e4100000, 0x00000000e4100000| Untracked 
|  66|0x00000000e4200000, 0x00000000e4200000, 0x00000000e4300000|  0%| F|  |TAMS 0x00000000e4200000, 0x00000000e4200000| Untracked 
|  67|0x00000000e4300000, 0x00000000e4300000, 0x00000000e4400000|  0%| F|  |TAMS 0x00000000e4300000, 0x00000000e4300000| Untracked 
|  68|0x00000000e4400000, 0x00000000e4400000, 0x00000000e4500000|  0%| F|  |TAMS 0x00000000e4400000, 0x00000000e4400000| Untracked 
|  69|0x00000000e4500000, 0x00000000e4500000, 0x00000000e4600000|  0%| F|  |TAMS 0x00000000e4500000, 0x00000000e4500000| Untracked 
|  70|0x00000000e4600000, 0x00000000e4600000, 0x00000000e4700000|  0%| F|  |TAMS 0x00000000e4600000, 0x00000000e4600000| Untracked 
|  71|0x00000000e4700000, 0x00000000e4700000, 0x00000000e4800000|  0%| F|  |TAMS 0x00000000e4700000, 0x00000000e4700000| Untracked 
|  72|0x00000000e4800000, 0x00000000e4800000, 0x00000000e4900000|  0%| F|  |TAMS 0x00000000e4800000, 0x00000000e4800000| Untracked 
|  73|0x00000000e4900000, 0x00000000e4900000, 0x00000000e4a00000|  0%| F|  |TAMS 0x00000000e4900000, 0x00000000e4900000| Untracked 
|  74|0x00000000e4a00000, 0x00000000e4a00000, 0x00000000e4b00000|  0%| F|  |TAMS 0x00000000e4a00000, 0x00000000e4a00000| Untracked 
|  75|0x00000000e4b00000, 0x00000000e4b00000, 0x00000000e4c00000|  0%| F|  |TAMS 0x00000000e4b00000, 0x00000000e4b00000| Untracked 
|  76|0x00000000e4c00000, 0x00000000e4c00000, 0x00000000e4d00000|  0%| F|  |TAMS 0x00000000e4c00000, 0x00000000e4c00000| Untracked 
|  77|0x00000000e4d00000, 0x00000000e4d00000, 0x00000000e4e00000|  0%| F|  |TAMS 0x00000000e4d00000, 0x00000000e4d00000| Untracked 
|  78|0x00000000e4e00000, 0x00000000e4e00000, 0x00000000e4f00000|  0%| F|  |TAMS 0x00000000e4e00000, 0x00000000e4e00000| Untracked 
|  79|0x00000000e4f00000, 0x00000000e4f00000, 0x00000000e5000000|  0%| F|  |TAMS 0x00000000e4f00000, 0x00000000e4f00000| Untracked 
|  80|0x00000000e5000000, 0x00000000e5000000, 0x00000000e5100000|  0%| F|  |TAMS 0x00000000e5000000, 0x00000000e5000000| Untracked 
|  81|0x00000000e5100000, 0x00000000e5100000, 0x00000000e5200000|  0%| F|  |TAMS 0x00000000e5100000, 0x00000000e5100000| Untracked 
|  82|0x00000000e5200000, 0x00000000e5200000, 0x00000000e5300000|  0%| F|  |TAMS 0x00000000e5200000, 0x00000000e5200000| Untracked 
|  83|0x00000000e5300000, 0x00000000e5300000, 0x00000000e5400000|  0%| F|  |TAMS 0x00000000e5300000, 0x00000000e5300000| Untracked 
|  84|0x00000000e5400000, 0x00000000e5400000, 0x00000000e5500000|  0%| F|  |TAMS 0x00000000e5400000, 0x00000000e5400000| Untracked 
|  85|0x00000000e5500000, 0x00000000e5500000, 0x00000000e5600000|  0%| F|  |TAMS 0x00000000e5500000, 0x00000000e5500000| Untracked 
|  86|0x00000000e5600000, 0x00000000e5600000, 0x00000000e5700000|  0%| F|  |TAMS 0x00000000e5600000, 0x00000000e5600000| Untracked 
|  87|0x00000000e5700000, 0x00000000e5700000, 0x00000000e5800000|  0%| F|  |TAMS 0x00000000e5700000, 0x00000000e5700000| Untracked 
|  88|0x00000000e5800000, 0x00000000e5800000, 0x00000000e5900000|  0%| F|  |TAMS 0x00000000e5800000, 0x00000000e5800000| Untracked 
|  89|0x00000000e5900000, 0x00000000e5900000, 0x00000000e5a00000|  0%| F|  |TAMS 0x00000000e5900000, 0x00000000e5900000| Untracked 
|  90|0x00000000e5a00000, 0x00000000e5a00000, 0x00000000e5b00000|  0%| F|  |TAMS 0x00000000e5a00000, 0x00000000e5a00000| Untracked 
|  91|0x00000000e5b00000, 0x00000000e5b00000, 0x00000000e5c00000|  0%| F|  |TAMS 0x00000000e5b00000, 0x00000000e5b00000| Untracked 
|  92|0x00000000e5c00000, 0x00000000e5c00000, 0x00000000e5d00000|  0%| F|  |TAMS 0x00000000e5c00000, 0x00000000e5c00000| Untracked 
|  93|0x00000000e5d00000, 0x00000000e5d00000, 0x00000000e5e00000|  0%| F|  |TAMS 0x00000000e5d00000, 0x00000000e5d00000| Untracked 
|  94|0x00000000e5e00000, 0x00000000e5e00000, 0x00000000e5f00000|  0%| F|  |TAMS 0x00000000e5e00000, 0x00000000e5e00000| Untracked 
|  95|0x00000000e5f00000, 0x00000000e5f00000, 0x00000000e6000000|  0%| F|  |TAMS 0x00000000e5f00000, 0x00000000e5f00000| Untracked 
|  96|0x00000000e6000000, 0x00000000e6000000, 0x00000000e6100000|  0%| F|  |TAMS 0x00000000e6000000, 0x00000000e6000000| Untracked 
|  97|0x00000000e6100000, 0x00000000e6100000, 0x00000000e6200000|  0%| F|  |TAMS 0x00000000e6100000, 0x00000000e6100000| Untracked 
|  98|0x00000000e6200000, 0x00000000e6200000, 0x00000000e6300000|  0%| F|  |TAMS 0x00000000e6200000, 0x00000000e6200000| Untracked 
|  99|0x00000000e6300000, 0x00000000e6300000, 0x00000000e6400000|  0%| F|  |TAMS 0x00000000e6300000, 0x00000000e6300000| Untracked 
| 100|0x00000000e6400000, 0x00000000e6400000, 0x00000000e6500000|  0%| F|  |TAMS 0x00000000e6400000, 0x00000000e6400000| Untracked 
| 101|0x00000000e6500000, 0x00000000e6500000, 0x00000000e6600000|  0%| F|  |TAMS 0x00000000e6500000, 0x00000000e6500000| Untracked 
| 102|0x00000000e6600000, 0x00000000e6600000, 0x00000000e6700000|  0%| F|  |TAMS 0x00000000e6600000, 0x00000000e6600000| Untracked 
| 103|0x00000000e6700000, 0x00000000e6700000, 0x00000000e6800000|  0%| F|  |TAMS 0x00000000e6700000, 0x00000000e6700000| Untracked 
| 104|0x00000000e6800000, 0x00000000e6800000, 0x00000000e6900000|  0%| F|  |TAMS 0x00000000e6800000, 0x00000000e6800000| Untracked 
| 105|0x00000000e6900000, 0x00000000e6900000, 0x00000000e6a00000|  0%| F|  |TAMS 0x00000000e6900000, 0x00000000e6900000| Untracked 
| 106|0x00000000e6a00000, 0x00000000e6a00000, 0x00000000e6b00000|  0%| F|  |TAMS 0x00000000e6a00000, 0x00000000e6a00000| Untracked 
| 107|0x00000000e6b00000, 0x00000000e6b00000, 0x00000000e6c00000|  0%| F|  |TAMS 0x00000000e6b00000, 0x00000000e6b00000| Untracked 
| 108|0x00000000e6c00000, 0x00000000e6c00000, 0x00000000e6d00000|  0%| F|  |TAMS 0x00000000e6c00000, 0x00000000e6c00000| Untracked 
| 109|0x00000000e6d00000, 0x00000000e6d00000, 0x00000000e6e00000|  0%| F|  |TAMS 0x00000000e6d00000, 0x00000000e6d00000| Untracked 
| 110|0x00000000e6e00000, 0x00000000e6e00000, 0x00000000e6f00000|  0%| F|  |TAMS 0x00000000e6e00000, 0x00000000e6e00000| Untracked 
| 111|0x00000000e6f00000, 0x00000000e6f00000, 0x00000000e7000000|  0%| F|  |TAMS 0x00000000e6f00000, 0x00000000e6f00000| Untracked 
| 112|0x00000000e7000000, 0x00000000e7000000, 0x00000000e7100000|  0%| F|  |TAMS 0x00000000e7000000, 0x00000000e7000000| Untracked 
| 113|0x00000000e7100000, 0x00000000e7100000, 0x00000000e7200000|  0%| F|  |TAMS 0x00000000e7100000, 0x00000000e7100000| Untracked 
| 114|0x00000000e7200000, 0x00000000e7200000, 0x00000000e7300000|  0%| F|  |TAMS 0x00000000e7200000, 0x00000000e7200000| Untracked 
| 115|0x00000000e7300000, 0x00000000e7300000, 0x00000000e7400000|  0%| F|  |TAMS 0x00000000e7300000, 0x00000000e7300000| Untracked 
| 116|0x00000000e7400000, 0x00000000e7400000, 0x00000000e7500000|  0%| F|  |TAMS 0x00000000e7400000, 0x00000000e7400000| Untracked 
| 117|0x00000000e7500000, 0x00000000e7500000, 0x00000000e7600000|  0%| F|  |TAMS 0x00000000e7500000, 0x00000000e7500000| Untracked 
| 118|0x00000000e7600000, 0x00000000e7600000, 0x00000000e7700000|  0%| F|  |TAMS 0x00000000e7600000, 0x00000000e7600000| Untracked 
| 119|0x00000000e7700000, 0x00000000e7700000, 0x00000000e7800000|  0%| F|  |TAMS 0x00000000e7700000, 0x00000000e7700000| Untracked 
| 120|0x00000000e7800000, 0x00000000e7800000, 0x00000000e7900000|  0%| F|  |TAMS 0x00000000e7800000, 0x00000000e7800000| Untracked 
| 121|0x00000000e7900000, 0x00000000e7900000, 0x00000000e7a00000|  0%| F|  |TAMS 0x00000000e7900000, 0x00000000e7900000| Untracked 
| 122|0x00000000e7a00000, 0x00000000e7a00000, 0x00000000e7b00000|  0%| F|  |TAMS 0x00000000e7a00000, 0x00000000e7a00000| Untracked 
| 123|0x00000000e7b00000, 0x00000000e7b00000, 0x00000000e7c00000|  0%| F|  |TAMS 0x00000000e7b00000, 0x00000000e7b00000| Untracked 
| 124|0x00000000e7c00000, 0x00000000e7c00000, 0x00000000e7d00000|  0%| F|  |TAMS 0x00000000e7c00000, 0x00000000e7c00000| Untracked 
| 125|0x00000000e7d00000, 0x00000000e7d00000, 0x00000000e7e00000|  0%| F|  |TAMS 0x00000000e7d00000, 0x00000000e7d00000| Untracked 
| 126|0x00000000e7e00000, 0x00000000e7e00000, 0x00000000e7f00000|  0%| F|  |TAMS 0x00000000e7e00000, 0x00000000e7e00000| Untracked 
| 127|0x00000000e7f00000, 0x00000000e7f00000, 0x00000000e8000000|  0%| F|  |TAMS 0x00000000e7f00000, 0x00000000e7f00000| Untracked 
| 128|0x00000000e8000000, 0x00000000e8000000, 0x00000000e8100000|  0%| F|  |TAMS 0x00000000e8000000, 0x00000000e8000000| Untracked 
| 129|0x00000000e8100000, 0x00000000e8100000, 0x00000000e8200000|  0%| F|  |TAMS 0x00000000e8100000, 0x00000000e8100000| Untracked 
| 130|0x00000000e8200000, 0x00000000e8200000, 0x00000000e8300000|  0%| F|  |TAMS 0x00000000e8200000, 0x00000000e8200000| Untracked 
| 131|0x00000000e8300000, 0x00000000e8300000, 0x00000000e8400000|  0%| F|  |TAMS 0x00000000e8300000, 0x00000000e8300000| Untracked 
| 132|0x00000000e8400000, 0x00000000e8400000, 0x00000000e8500000|  0%| F|  |TAMS 0x00000000e8400000, 0x00000000e8400000| Untracked 
| 133|0x00000000e8500000, 0x00000000e8500000, 0x00000000e8600000|  0%| F|  |TAMS 0x00000000e8500000, 0x00000000e8500000| Untracked 
| 134|0x00000000e8600000, 0x00000000e8600000, 0x00000000e8700000|  0%| F|  |TAMS 0x00000000e8600000, 0x00000000e8600000| Untracked 
| 135|0x00000000e8700000, 0x00000000e8700000, 0x00000000e8800000|  0%| F|  |TAMS 0x00000000e8700000, 0x00000000e8700000| Untracked 
| 136|0x00000000e8800000, 0x00000000e8800000, 0x00000000e8900000|  0%| F|  |TAMS 0x00000000e8800000, 0x00000000e8800000| Untracked 
| 137|0x00000000e8900000, 0x00000000e8900000, 0x00000000e8a00000|  0%| F|  |TAMS 0x00000000e8900000, 0x00000000e8900000| Untracked 
| 138|0x00000000e8a00000, 0x00000000e8a00000, 0x00000000e8b00000|  0%| F|  |TAMS 0x00000000e8a00000, 0x00000000e8a00000| Untracked 
| 139|0x00000000e8b00000, 0x00000000e8b00000, 0x00000000e8c00000|  0%| F|  |TAMS 0x00000000e8b00000, 0x00000000e8b00000| Untracked 
| 140|0x00000000e8c00000, 0x00000000e8c00000, 0x00000000e8d00000|  0%| F|  |TAMS 0x00000000e8c00000, 0x00000000e8c00000| Untracked 
| 141|0x00000000e8d00000, 0x00000000e8d00000, 0x00000000e8e00000|  0%| F|  |TAMS 0x00000000e8d00000, 0x00000000e8d00000| Untracked 
| 142|0x00000000e8e00000, 0x00000000e8e00000, 0x00000000e8f00000|  0%| F|  |TAMS 0x00000000e8e00000, 0x00000000e8e00000| Untracked 
| 143|0x00000000e8f00000, 0x00000000e8f00000, 0x00000000e9000000|  0%| F|  |TAMS 0x00000000e8f00000, 0x00000000e8f00000| Untracked 
| 144|0x00000000e9000000, 0x00000000e9000000, 0x00000000e9100000|  0%| F|  |TAMS 0x00000000e9000000, 0x00000000e9000000| Untracked 
| 145|0x00000000e9100000, 0x00000000e9100000, 0x00000000e9200000|  0%| F|  |TAMS 0x00000000e9100000, 0x00000000e9100000| Untracked 
| 146|0x00000000e9200000, 0x00000000e9200000, 0x00000000e9300000|  0%| F|  |TAMS 0x00000000e9200000, 0x00000000e9200000| Untracked 
| 147|0x00000000e9300000, 0x00000000e9300000, 0x00000000e9400000|  0%| F|  |TAMS 0x00000000e9300000, 0x00000000e9300000| Untracked 
| 148|0x00000000e9400000, 0x00000000e9400000, 0x00000000e9500000|  0%| F|  |TAMS 0x00000000e9400000, 0x00000000e9400000| Untracked 
| 149|0x00000000e9500000, 0x00000000e9500000, 0x00000000e9600000|  0%| F|  |TAMS 0x00000000e9500000, 0x00000000e9500000| Untracked 
| 150|0x00000000e9600000, 0x00000000e9600000, 0x00000000e9700000|  0%| F|  |TAMS 0x00000000e9600000, 0x00000000e9600000| Untracked 
| 151|0x00000000e9700000, 0x00000000e9700000, 0x00000000e9800000|  0%| F|  |TAMS 0x00000000e9700000, 0x00000000e9700000| Untracked 
| 152|0x00000000e9800000, 0x00000000e9800000, 0x00000000e9900000|  0%| F|  |TAMS 0x00000000e9800000, 0x00000000e9800000| Untracked 
| 153|0x00000000e9900000, 0x00000000e9900000, 0x00000000e9a00000|  0%| F|  |TAMS 0x00000000e9900000, 0x00000000e9900000| Untracked 
| 154|0x00000000e9a00000, 0x00000000e9a00000, 0x00000000e9b00000|  0%| F|  |TAMS 0x00000000e9a00000, 0x00000000e9a00000| Untracked 
| 155|0x00000000e9b00000, 0x00000000e9b00000, 0x00000000e9c00000|  0%| F|  |TAMS 0x00000000e9b00000, 0x00000000e9b00000| Untracked 
| 156|0x00000000e9c00000, 0x00000000e9c00000, 0x00000000e9d00000|  0%| F|  |TAMS 0x00000000e9c00000, 0x00000000e9c00000| Untracked 
| 157|0x00000000e9d00000, 0x00000000e9d00000, 0x00000000e9e00000|  0%| F|  |TAMS 0x00000000e9d00000, 0x00000000e9d00000| Untracked 
| 158|0x00000000e9e00000, 0x00000000e9e00000, 0x00000000e9f00000|  0%| F|  |TAMS 0x00000000e9e00000, 0x00000000e9e00000| Untracked 
| 159|0x00000000e9f00000, 0x00000000e9f00000, 0x00000000ea000000|  0%| F|  |TAMS 0x00000000e9f00000, 0x00000000e9f00000| Untracked 
| 160|0x00000000ea000000, 0x00000000ea000000, 0x00000000ea100000|  0%| F|  |TAMS 0x00000000ea000000, 0x00000000ea000000| Untracked 
| 161|0x00000000ea100000, 0x00000000ea100000, 0x00000000ea200000|  0%| F|  |TAMS 0x00000000ea100000, 0x00000000ea100000| Untracked 
| 162|0x00000000ea200000, 0x00000000ea200000, 0x00000000ea300000|  0%| F|  |TAMS 0x00000000ea200000, 0x00000000ea200000| Untracked 
| 163|0x00000000ea300000, 0x00000000ea300000, 0x00000000ea400000|  0%| F|  |TAMS 0x00000000ea300000, 0x00000000ea300000| Untracked 
| 164|0x00000000ea400000, 0x00000000ea400000, 0x00000000ea500000|  0%| F|  |TAMS 0x00000000ea400000, 0x00000000ea400000| Untracked 
| 165|0x00000000ea500000, 0x00000000ea500000, 0x00000000ea600000|  0%| F|  |TAMS 0x00000000ea500000, 0x00000000ea500000| Untracked 
| 166|0x00000000ea600000, 0x00000000ea600000, 0x00000000ea700000|  0%| F|  |TAMS 0x00000000ea600000, 0x00000000ea600000| Untracked 
| 167|0x00000000ea700000, 0x00000000ea700000, 0x00000000ea800000|  0%| F|  |TAMS 0x00000000ea700000, 0x00000000ea700000| Untracked 
| 168|0x00000000ea800000, 0x00000000ea800000, 0x00000000ea900000|  0%| F|  |TAMS 0x00000000ea800000, 0x00000000ea800000| Untracked 
| 169|0x00000000ea900000, 0x00000000ea900000, 0x00000000eaa00000|  0%| F|  |TAMS 0x00000000ea900000, 0x00000000ea900000| Untracked 
| 170|0x00000000eaa00000, 0x00000000eaa00000, 0x00000000eab00000|  0%| F|  |TAMS 0x00000000eaa00000, 0x00000000eaa00000| Untracked 
| 171|0x00000000eab00000, 0x00000000eab00000, 0x00000000eac00000|  0%| F|  |TAMS 0x00000000eab00000, 0x00000000eab00000| Untracked 
| 172|0x00000000eac00000, 0x00000000eac00000, 0x00000000ead00000|  0%| F|  |TAMS 0x00000000eac00000, 0x00000000eac00000| Untracked 
| 173|0x00000000ead00000, 0x00000000ead00000, 0x00000000eae00000|  0%| F|  |TAMS 0x00000000ead00000, 0x00000000ead00000| Untracked 
| 174|0x00000000eae00000, 0x00000000eae00000, 0x00000000eaf00000|  0%| F|  |TAMS 0x00000000eae00000, 0x00000000eae00000| Untracked 
| 175|0x00000000eaf00000, 0x00000000eaf00000, 0x00000000eb000000|  0%| F|  |TAMS 0x00000000eaf00000, 0x00000000eaf00000| Untracked 
| 176|0x00000000eb000000, 0x00000000eb000000, 0x00000000eb100000|  0%| F|  |TAMS 0x00000000eb000000, 0x00000000eb000000| Untracked 
| 177|0x00000000eb100000, 0x00000000eb100000, 0x00000000eb200000|  0%| F|  |TAMS 0x00000000eb100000, 0x00000000eb100000| Untracked 
| 178|0x00000000eb200000, 0x00000000eb200000, 0x00000000eb300000|  0%| F|  |TAMS 0x00000000eb200000, 0x00000000eb200000| Untracked 
| 179|0x00000000eb300000, 0x00000000eb300000, 0x00000000eb400000|  0%| F|  |TAMS 0x00000000eb300000, 0x00000000eb300000| Untracked 
| 180|0x00000000eb400000, 0x00000000eb400000, 0x00000000eb500000|  0%| F|  |TAMS 0x00000000eb400000, 0x00000000eb400000| Untracked 
| 181|0x00000000eb500000, 0x00000000eb500000, 0x00000000eb600000|  0%| F|  |TAMS 0x00000000eb500000, 0x00000000eb500000| Untracked 
| 182|0x00000000eb600000, 0x00000000eb600000, 0x00000000eb700000|  0%| F|  |TAMS 0x00000000eb600000, 0x00000000eb600000| Untracked 
| 183|0x00000000eb700000, 0x00000000eb700000, 0x00000000eb800000|  0%| F|  |TAMS 0x00000000eb700000, 0x00000000eb700000| Untracked 
| 184|0x00000000eb800000, 0x00000000eb800000, 0x00000000eb900000|  0%| F|  |TAMS 0x00000000eb800000, 0x00000000eb800000| Untracked 
| 185|0x00000000eb900000, 0x00000000eb900000, 0x00000000eba00000|  0%| F|  |TAMS 0x00000000eb900000, 0x00000000eb900000| Untracked 
| 186|0x00000000eba00000, 0x00000000eba00000, 0x00000000ebb00000|  0%| F|  |TAMS 0x00000000eba00000, 0x00000000eba00000| Untracked 
| 187|0x00000000ebb00000, 0x00000000ebb00000, 0x00000000ebc00000|  0%| F|  |TAMS 0x00000000ebb00000, 0x00000000ebb00000| Untracked 
| 188|0x00000000ebc00000, 0x00000000ebc00000, 0x00000000ebd00000|  0%| F|  |TAMS 0x00000000ebc00000, 0x00000000ebc00000| Untracked 
| 189|0x00000000ebd00000, 0x00000000ebd00000, 0x00000000ebe00000|  0%| F|  |TAMS 0x00000000ebd00000, 0x00000000ebd00000| Untracked 
| 190|0x00000000ebe00000, 0x00000000ebe00000, 0x00000000ebf00000|  0%| F|  |TAMS 0x00000000ebe00000, 0x00000000ebe00000| Untracked 
| 191|0x00000000ebf00000, 0x00000000ebf00000, 0x00000000ec000000|  0%| F|  |TAMS 0x00000000ebf00000, 0x00000000ebf00000| Untracked 
| 192|0x00000000ec000000, 0x00000000ec000000, 0x00000000ec100000|  0%| F|  |TAMS 0x00000000ec000000, 0x00000000ec000000| Untracked 
| 193|0x00000000ec100000, 0x00000000ec100000, 0x00000000ec200000|  0%| F|  |TAMS 0x00000000ec100000, 0x00000000ec100000| Untracked 
| 194|0x00000000ec200000, 0x00000000ec200000, 0x00000000ec300000|  0%| F|  |TAMS 0x00000000ec200000, 0x00000000ec200000| Untracked 
| 195|0x00000000ec300000, 0x00000000ec300000, 0x00000000ec400000|  0%| F|  |TAMS 0x00000000ec300000, 0x00000000ec300000| Untracked 
| 196|0x00000000ec400000, 0x00000000ec400000, 0x00000000ec500000|  0%| F|  |TAMS 0x00000000ec400000, 0x00000000ec400000| Untracked 
| 197|0x00000000ec500000, 0x00000000ec500000, 0x00000000ec600000|  0%| F|  |TAMS 0x00000000ec500000, 0x00000000ec500000| Untracked 
| 198|0x00000000ec600000, 0x00000000ec600000, 0x00000000ec700000|  0%| F|  |TAMS 0x00000000ec600000, 0x00000000ec600000| Untracked 
| 199|0x00000000ec700000, 0x00000000ec700000, 0x00000000ec800000|  0%| F|  |TAMS 0x00000000ec700000, 0x00000000ec700000| Untracked 
| 200|0x00000000ec800000, 0x00000000ec800000, 0x00000000ec900000|  0%| F|  |TAMS 0x00000000ec800000, 0x00000000ec800000| Untracked 
| 201|0x00000000ec900000, 0x00000000ec900000, 0x00000000eca00000|  0%| F|  |TAMS 0x00000000ec900000, 0x00000000ec900000| Untracked 
| 202|0x00000000eca00000, 0x00000000eca00000, 0x00000000ecb00000|  0%| F|  |TAMS 0x00000000eca00000, 0x00000000eca00000| Untracked 
| 203|0x00000000ecb00000, 0x00000000ecb00000, 0x00000000ecc00000|  0%| F|  |TAMS 0x00000000ecb00000, 0x00000000ecb00000| Untracked 
| 204|0x00000000ecc00000, 0x00000000ecc00000, 0x00000000ecd00000|  0%| F|  |TAMS 0x00000000ecc00000, 0x00000000ecc00000| Untracked 
| 205|0x00000000ecd00000, 0x00000000ecd00000, 0x00000000ece00000|  0%| F|  |TAMS 0x00000000ecd00000, 0x00000000ecd00000| Untracked 
| 206|0x00000000ece00000, 0x00000000ece00000, 0x00000000ecf00000|  0%| F|  |TAMS 0x00000000ece00000, 0x00000000ece00000| Untracked 
| 207|0x00000000ecf00000, 0x00000000ecf00000, 0x00000000ed000000|  0%| F|  |TAMS 0x00000000ecf00000, 0x00000000ecf00000| Untracked 
| 208|0x00000000ed000000, 0x00000000ed000000, 0x00000000ed100000|  0%| F|  |TAMS 0x00000000ed000000, 0x00000000ed000000| Untracked 
| 209|0x00000000ed100000, 0x00000000ed100000, 0x00000000ed200000|  0%| F|  |TAMS 0x00000000ed100000, 0x00000000ed100000| Untracked 
| 210|0x00000000ed200000, 0x00000000ed200000, 0x00000000ed300000|  0%| F|  |TAMS 0x00000000ed200000, 0x00000000ed200000| Untracked 
| 211|0x00000000ed300000, 0x00000000ed300000, 0x00000000ed400000|  0%| F|  |TAMS 0x00000000ed300000, 0x00000000ed300000| Untracked 
| 212|0x00000000ed400000, 0x00000000ed400000, 0x00000000ed500000|  0%| F|  |TAMS 0x00000000ed400000, 0x00000000ed400000| Untracked 
| 213|0x00000000ed500000, 0x00000000ed500000, 0x00000000ed600000|  0%| F|  |TAMS 0x00000000ed500000, 0x00000000ed500000| Untracked 
| 214|0x00000000ed600000, 0x00000000ed600000, 0x00000000ed700000|  0%| F|  |TAMS 0x00000000ed600000, 0x00000000ed600000| Untracked 
| 215|0x00000000ed700000, 0x00000000ed700000, 0x00000000ed800000|  0%| F|  |TAMS 0x00000000ed700000, 0x00000000ed700000| Untracked 
| 216|0x00000000ed800000, 0x00000000ed800000, 0x00000000ed900000|  0%| F|  |TAMS 0x00000000ed800000, 0x00000000ed800000| Untracked 
| 217|0x00000000ed900000, 0x00000000ed900000, 0x00000000eda00000|  0%| F|  |TAMS 0x00000000ed900000, 0x00000000ed900000| Untracked 
| 218|0x00000000eda00000, 0x00000000eda00000, 0x00000000edb00000|  0%| F|  |TAMS 0x00000000eda00000, 0x00000000eda00000| Untracked 
| 219|0x00000000edb00000, 0x00000000edb00000, 0x00000000edc00000|  0%| F|  |TAMS 0x00000000edb00000, 0x00000000edb00000| Untracked 
| 220|0x00000000edc00000, 0x00000000edc00000, 0x00000000edd00000|  0%| F|  |TAMS 0x00000000edc00000, 0x00000000edc00000| Untracked 
| 221|0x00000000edd00000, 0x00000000edd00000, 0x00000000ede00000|  0%| F|  |TAMS 0x00000000edd00000, 0x00000000edd00000| Untracked 
| 222|0x00000000ede00000, 0x00000000ede00000, 0x00000000edf00000|  0%| F|  |TAMS 0x00000000ede00000, 0x00000000ede00000| Untracked 
| 223|0x00000000edf00000, 0x00000000edfac420, 0x00000000ee000000| 67%| S|CS|TAMS 0x00000000edf00000, 0x00000000edf00000| Complete 
| 224|0x00000000ee000000, 0x00000000ee100000, 0x00000000ee100000|100%| S|CS|TAMS 0x00000000ee000000, 0x00000000ee000000| Complete 
| 225|0x00000000ee100000, 0x00000000ee200000, 0x00000000ee200000|100%| S|CS|TAMS 0x00000000ee100000, 0x00000000ee100000| Complete 
| 226|0x00000000ee200000, 0x00000000ee200000, 0x00000000ee300000|  0%| F|  |TAMS 0x00000000ee200000, 0x00000000ee200000| Untracked 
| 227|0x00000000ee300000, 0x00000000ee300000, 0x00000000ee400000|  0%| F|  |TAMS 0x00000000ee300000, 0x00000000ee300000| Untracked 
| 228|0x00000000ee400000, 0x00000000ee400000, 0x00000000ee500000|  0%| F|  |TAMS 0x00000000ee400000, 0x00000000ee400000| Untracked 
| 229|0x00000000ee500000, 0x00000000ee500000, 0x00000000ee600000|  0%| F|  |TAMS 0x00000000ee500000, 0x00000000ee500000| Untracked 
| 230|0x00000000ee600000, 0x00000000ee600000, 0x00000000ee700000|  0%| F|  |TAMS 0x00000000ee600000, 0x00000000ee600000| Untracked 
| 231|0x00000000ee700000, 0x00000000ee700000, 0x00000000ee800000|  0%| F|  |TAMS 0x00000000ee700000, 0x00000000ee700000| Untracked 
| 232|0x00000000ee800000, 0x00000000ee800000, 0x00000000ee900000|  0%| F|  |TAMS 0x00000000ee800000, 0x00000000ee800000| Untracked 
| 233|0x00000000ee900000, 0x00000000ee900000, 0x00000000eea00000|  0%| F|  |TAMS 0x00000000ee900000, 0x00000000ee900000| Untracked 
| 234|0x00000000eea00000, 0x00000000eea00000, 0x00000000eeb00000|  0%| F|  |TAMS 0x00000000eea00000, 0x00000000eea00000| Untracked 
| 235|0x00000000eeb00000, 0x00000000eeb00000, 0x00000000eec00000|  0%| F|  |TAMS 0x00000000eeb00000, 0x00000000eeb00000| Untracked 
| 236|0x00000000eec00000, 0x00000000eec00000, 0x00000000eed00000|  0%| F|  |TAMS 0x00000000eec00000, 0x00000000eec00000| Untracked 
| 237|0x00000000eed00000, 0x00000000eed00000, 0x00000000eee00000|  0%| F|  |TAMS 0x00000000eed00000, 0x00000000eed00000| Untracked 
| 238|0x00000000eee00000, 0x00000000eee00000, 0x00000000eef00000|  0%| F|  |TAMS 0x00000000eee00000, 0x00000000eee00000| Untracked 
| 239|0x00000000eef00000, 0x00000000eef00000, 0x00000000ef000000|  0%| F|  |TAMS 0x00000000eef00000, 0x00000000eef00000| Untracked 
| 240|0x00000000ef000000, 0x00000000ef000000, 0x00000000ef100000|  0%| F|  |TAMS 0x00000000ef000000, 0x00000000ef000000| Untracked 
| 241|0x00000000ef100000, 0x00000000ef100000, 0x00000000ef200000|  0%| F|  |TAMS 0x00000000ef100000, 0x00000000ef100000| Untracked 
| 242|0x00000000ef200000, 0x00000000ef200000, 0x00000000ef300000|  0%| F|  |TAMS 0x00000000ef200000, 0x00000000ef200000| Untracked 
| 243|0x00000000ef300000, 0x00000000ef300000, 0x00000000ef400000|  0%| F|  |TAMS 0x00000000ef300000, 0x00000000ef300000| Untracked 
| 244|0x00000000ef400000, 0x00000000ef400000, 0x00000000ef500000|  0%| F|  |TAMS 0x00000000ef400000, 0x00000000ef400000| Untracked 
| 245|0x00000000ef500000, 0x00000000ef541620, 0x00000000ef600000| 25%| E|  |TAMS 0x00000000ef500000, 0x00000000ef500000| Complete 
| 246|0x00000000ef600000, 0x00000000ef700000, 0x00000000ef700000|100%| E|CS|TAMS 0x00000000ef600000, 0x00000000ef600000| Complete 
| 247|0x00000000ef700000, 0x00000000ef800000, 0x00000000ef800000|100%| E|CS|TAMS 0x00000000ef700000, 0x00000000ef700000| Complete 
| 248|0x00000000ef800000, 0x00000000ef900000, 0x00000000ef900000|100%| E|CS|TAMS 0x00000000ef800000, 0x00000000ef800000| Complete 
| 249|0x00000000ef900000, 0x00000000efa00000, 0x00000000efa00000|100%| E|CS|TAMS 0x00000000ef900000, 0x00000000ef900000| Complete 
| 250|0x00000000efa00000, 0x00000000efb00000, 0x00000000efb00000|100%| E|CS|TAMS 0x00000000efa00000, 0x00000000efa00000| Complete 
| 251|0x00000000efb00000, 0x00000000efc00000, 0x00000000efc00000|100%| E|CS|TAMS 0x00000000efb00000, 0x00000000efb00000| Complete 
| 252|0x00000000efc00000, 0x00000000efd00000, 0x00000000efd00000|100%| E|CS|TAMS 0x00000000efc00000, 0x00000000efc00000| Complete 
| 253|0x00000000efd00000, 0x00000000efe00000, 0x00000000efe00000|100%| E|CS|TAMS 0x00000000efd00000, 0x00000000efd00000| Complete 
| 254|0x00000000efe00000, 0x00000000eff00000, 0x00000000eff00000|100%| E|CS|TAMS 0x00000000efe00000, 0x00000000efe00000| Complete 
| 255|0x00000000eff00000, 0x00000000f0000000, 0x00000000f0000000|100%| E|CS|TAMS 0x00000000eff00000, 0x00000000eff00000| Complete 

Card table byte_map: [0x000001e6f9740000,0x000001e6f9840000] _byte_map_base: 0x000001e6f9040000

Marking Bits (Prev, Next): (CMBitMap*) 0x000001e6f6e4a150, (CMBitMap*) 0x000001e6f6e4a110
 Prev Bits: [0x000001e6fa140000, 0x000001e6fa940000)
 Next Bits: [0x000001e6f9940000, 0x000001e6fa140000)

Polling page: 0x000001e6f6fb0000

Metaspace:

Usage:
  Non-class:     18.52 MB used.
      Class:      3.21 MB used.
       Both:     21.73 MB used.

Virtual space:
  Non-class space:       64.00 MB reserved,      18.69 MB ( 29%) committed,  1 nodes.
      Class space:      320.00 MB reserved,       3.38 MB (  1%) committed,  1 nodes.
             Both:      384.00 MB reserved,      22.06 MB (  6%) committed. 

Chunk freelists:
   Non-Class:  13.16 MB
       Class:  12.57 MB
        Both:  25.73 MB

MaxMetaspaceSize: 384.00 MB
CompressedClassSpaceSize: 320.00 MB
Initial GC threshold: 21.00 MB
Current GC threshold: 35.31 MB
CDS: on
MetaspaceReclaimPolicy: balanced
 - commit_granule_bytes: 65536.
 - commit_granule_words: 8192.
 - virtual_space_node_default_size: 8388608.
 - enlarge_chunks_in_place: 1.
 - new_chunks_are_fully_committed: 0.
 - uncommit_free_chunks: 1.
 - use_allocation_guard: 0.
 - handle_deallocations: 1.


Internal statistics:

num_allocs_failed_limit: 3.
num_arena_births: 322.
num_arena_deaths: 0.
num_vsnodes_births: 2.
num_vsnodes_deaths: 0.
num_space_committed: 353.
num_space_uncommitted: 0.
num_chunks_returned_to_freelist: 3.
num_chunks_taken_from_freelist: 1136.
num_chunk_merges: 3.
num_chunk_splits: 756.
num_chunks_enlarged: 522.
num_inconsistent_stats: 0.

CodeHeap 'non-profiled nmethods': size=120000Kb used=1786Kb max_used=1786Kb free=118213Kb
 bounds [0x000001e68f2b0000, 0x000001e68f520000, 0x000001e6967e0000]
CodeHeap 'profiled nmethods': size=120000Kb used=5893Kb max_used=5893Kb free=114106Kb
 bounds [0x000001e6877e0000, 0x000001e687db0000, 0x000001e68ed10000]
CodeHeap 'non-nmethods': size=5760Kb used=1244Kb max_used=1286Kb free=4515Kb
 bounds [0x000001e68ed10000, 0x000001e68ef80000, 0x000001e68f2b0000]
 total_blobs=3550 nmethods=2997 adapters=465
 compilation: enabled
              stopped_count=0, restarted_count=0
 full_count=0

Compilation events (20 events):
Event: 41.579 Thread 0x000001e6fd587d40 3041       3       java.lang.Short::<init> (10 bytes)
Event: 41.579 Thread 0x000001e6fd587d40 nmethod 3041 0x000001e687d9f890 code [0x000001e687d9fa40, 0x000001e687d9fc18]
Event: 41.589 Thread 0x000001e6fd587d40 3042       3       org.gradle.internal.logging.slf4j.OutputEventListenerBackedLogger::isLevelAtMost (20 bytes)
Event: 41.590 Thread 0x000001e6fd587d40 nmethod 3042 0x000001e687d9fd10 code [0x000001e687d9fec0, 0x000001e687da0208]
Event: 41.590 Thread 0x000001e6fd587d40 3043       3       org.gradle.internal.logging.slf4j.OutputEventListenerBackedLoggerContext::getLevel (11 bytes)
Event: 41.590 Thread 0x000001e6fd587d40 nmethod 3043 0x000001e687da0390 code [0x000001e687da0520, 0x000001e687da0758]
Event: 41.590 Thread 0x000001e6fd587d40 3044       3       java.util.HashMap::remove (26 bytes)
Event: 41.590 Thread 0x000001e6fd587d40 nmethod 3044 0x000001e687da0810 code [0x000001e687da09e0, 0x000001e687da0d58]
Event: 41.590 Thread 0x000001e6fd587d40 3045       1       org.gradle.cache.internal.filelock.FileLockOutcome$3::isLockWasAcquired (2 bytes)
Event: 41.590 Thread 0x000001e6fd587d40 nmethod 3045 0x000001e68f462210 code [0x000001e68f4623a0, 0x000001e68f462478]
Event: 41.591 Thread 0x000001e6fd587d40 3046       1       java.net.InetSocketAddress$InetSocketAddressHolder::getPort (5 bytes)
Event: 41.592 Thread 0x000001e6fd587d40 nmethod 3046 0x000001e68f462510 code [0x000001e68f4626a0, 0x000001e68f462778]
Event: 41.605 Thread 0x000001e6fd587380 nmethod 3020 0x000001e68f462810 code [0x000001e68f462ee0, 0x000001e68f469f18]
Event: 41.606 Thread 0x000001e6fd587380 3021       4       java.lang.invoke.MethodType$ConcurrentWeakInternSet::get (47 bytes)
Event: 41.618 Thread 0x000001e6fd587380 nmethod 3021 0x000001e68f46cc10 code [0x000001e68f46ce00, 0x000001e68f46dd68]
Event: 41.661 Thread 0x000001e6fd587d40 3047       3       java.util.HashMap::afterNodeRemoval (1 bytes)
Event: 41.661 Thread 0x000001e6fd587d40 nmethod 3047 0x000001e687da0e90 code [0x000001e687da1020, 0x000001e687da1138]
Event: 41.741 Thread 0x000001e6fd587d40 3048       3       java.util.concurrent.atomic.AtomicLong::compareAndSet (13 bytes)
Event: 41.742 Thread 0x000001e6fd587d40 nmethod 3048 0x000001e687da1210 code [0x000001e687da13a0, 0x000001e687da14d8]
Event: 42.574 Thread 0x000001e6fd587d40 3049       3       java.util.ComparableTimSort::countRunAndMakeAscending (123 bytes)

GC Heap History (8 events):
Event: 1.799 GC heap before
{Heap before GC invocations=0 (full 0):
 garbage-first heap   total 262144K, used 22528K [0x00000000e0000000, 0x0000000100000000)
  region size 1024K, 23 young (23552K), 0 survivors (0K)
 Metaspace       used 816K, committed 896K, reserved 393216K
  class space    used 65K, committed 128K, reserved 327680K
}
Event: 4.947 GC heap after
{Heap after GC invocations=1 (full 0):
 garbage-first heap   total 262144K, used 1503K [0x00000000e0000000, 0x0000000100000000)
  region size 1024K, 2 young (2048K), 2 survivors (2048K)
 Metaspace       used 816K, committed 896K, reserved 393216K
  class space    used 65K, committed 128K, reserved 327680K
}
Event: 8.897 GC heap before
{Heap before GC invocations=1 (full 0):
 garbage-first heap   total 262144K, used 41439K [0x00000000e0000000, 0x0000000100000000)
  region size 1024K, 37 young (37888K), 2 survivors (2048K)
 Metaspace       used 4276K, committed 4480K, reserved 393216K
  class space    used 546K, committed 640K, reserved 327680K
}
Event: 8.901 GC heap after
{Heap after GC invocations=2 (full 0):
 garbage-first heap   total 262144K, used 11531K [0x00000000e0000000, 0x0000000100000000)
  region size 1024K, 5 young (5120K), 5 survivors (5120K)
 Metaspace       used 4276K, committed 4480K, reserved 393216K
  class space    used 546K, committed 640K, reserved 327680K
}
Event: 25.134 GC heap before
{Heap before GC invocations=2 (full 0):
 garbage-first heap   total 262144K, used 165131K [0x00000000e0000000, 0x0000000100000000)
  region size 1024K, 153 young (156672K), 5 survivors (5120K)
 Metaspace       used 18104K, committed 18432K, reserved 393216K
  class space    used 2598K, committed 2752K, reserved 327680K
}
Event: 25.209 GC heap after
{Heap after GC invocations=3 (full 0):
 garbage-first heap   total 262144K, used 22701K [0x00000000e0000000, 0x0000000100000000)
  region size 1024K, 15 young (15360K), 15 survivors (15360K)
 Metaspace       used 18104K, committed 18432K, reserved 393216K
  class space    used 2598K, committed 2752K, reserved 327680K
}
Event: 26.350 GC heap before
{Heap before GC invocations=3 (full 0):
 garbage-first heap   total 262144K, used 52397K [0x00000000e0000000, 0x0000000100000000)
  region size 1024K, 45 young (46080K), 15 survivors (15360K)
 Metaspace       used 21195K, committed 21504K, reserved 393216K
  class space    used 3098K, committed 3264K, reserved 327680K
}
Event: 26.355 GC heap after
{Heap after GC invocations=4 (full 0):
 garbage-first heap   total 262144K, used 25626K [0x00000000e0000000, 0x0000000100000000)
  region size 1024K, 3 young (3072K), 3 survivors (3072K)
 Metaspace       used 21195K, committed 21504K, reserved 393216K
  class space    used 3098K, committed 3264K, reserved 327680K
}

Deoptimization events (20 events):
Event: 24.508 Thread 0x000001e6b07e3ca0 DEOPT PACKING pc=0x000001e687b7e0c9 sp=0x000000dd1b1fae30
Event: 24.508 Thread 0x000001e6b07e3ca0 DEOPT UNPACKING pc=0x000001e68ed62b43 sp=0x000000dd1b1fa340 mode 0
Event: 24.543 Thread 0x000001e6b07e3ca0 DEOPT PACKING pc=0x000001e687b7e0c9 sp=0x000000dd1b1fbb80
Event: 24.543 Thread 0x000001e6b07e3ca0 DEOPT UNPACKING pc=0x000001e68ed62b43 sp=0x000000dd1b1fb090 mode 0
Event: 25.678 Thread 0x000001e6b07e3ca0 Uncommon trap: trap_request=0xffffff45 fr.pc=0x000001e68f339dc4 relative=0x00000000000000a4
Event: 25.678 Thread 0x000001e6b07e3ca0 Uncommon trap: reason=unstable_if action=reinterpret pc=0x000001e68f339dc4 method=java.lang.String$CaseInsensitiveComparator.compare(Ljava/lang/String;Ljava/lang/String;)I @ 28 c2
Event: 25.678 Thread 0x000001e6b07e3ca0 DEOPT PACKING pc=0x000001e68f339dc4 sp=0x000000dd1b1fae20
Event: 25.678 Thread 0x000001e6b07e3ca0 DEOPT UNPACKING pc=0x000001e68ed623a3 sp=0x000000dd1b1fad90 mode 2
Event: 25.962 Thread 0x000001e6b07e3ca0 Uncommon trap: trap_request=0xffffff6e fr.pc=0x000001e68f38adb0 relative=0x0000000000000310
Event: 25.962 Thread 0x000001e6b07e3ca0 Uncommon trap: reason=loop_limit_check action=maybe_recompile pc=0x000001e68f38adb0 method=java.lang.StringUTF16.indexOfLatin1Unsafe([BI[BII)I @ 120 c2
Event: 25.962 Thread 0x000001e6b07e3ca0 DEOPT PACKING pc=0x000001e68f38adb0 sp=0x000000dd1b1f8b30
Event: 25.962 Thread 0x000001e6b07e3ca0 DEOPT UNPACKING pc=0x000001e68ed623a3 sp=0x000000dd1b1f8a90 mode 2
Event: 26.179 Thread 0x000001e6b07e3ca0 Uncommon trap: trap_request=0xffffff45 fr.pc=0x000001e68f3ef5d0 relative=0x0000000000006750
Event: 26.179 Thread 0x000001e6b07e3ca0 Uncommon trap: reason=unstable_if action=reinterpret pc=0x000001e68f3ef5d0 method=jdk.internal.org.objectweb.asm.Frame.execute(IILjdk/internal/org/objectweb/asm/Symbol;Ljdk/internal/org/objectweb/asm/SymbolTable;)V @ 1 c2
Event: 26.179 Thread 0x000001e6b07e3ca0 DEOPT PACKING pc=0x000001e68f3ef5d0 sp=0x000000dd1b1f96d0
Event: 26.179 Thread 0x000001e6b07e3ca0 DEOPT UNPACKING pc=0x000001e68ed623a3 sp=0x000000dd1b1f9678 mode 2
Event: 26.563 Thread 0x000001e6b07e3ca0 Uncommon trap: trap_request=0xffffff76 fr.pc=0x000001e68f4393d8 relative=0x00000000000002b8
Event: 26.563 Thread 0x000001e6b07e3ca0 Uncommon trap: reason=predicate action=maybe_recompile pc=0x000001e68f4393d8 method=com.google.common.base.CharMatcher.indexIn(Ljava/lang/CharSequence;I)I @ 19 c2
Event: 26.563 Thread 0x000001e6b07e3ca0 DEOPT PACKING pc=0x000001e68f4393d8 sp=0x000000dd1b1fa2b0
Event: 26.563 Thread 0x000001e6b07e3ca0 DEOPT UNPACKING pc=0x000001e68ed623a3 sp=0x000000dd1b1fa230 mode 2

Classes unloaded (0 events):
No events

Classes redefined (0 events):
No events

Internal exceptions (20 events):
Event: 26.172 Thread 0x000001e6b07e3ca0 Exception <a 'java/lang/NoSuchMethodError'{0x00000000ee98b3e0}: 'java.lang.Object java.lang.invoke.DelegatingMethodHandle$Holder.reinvoke_L(java.lang.Object, java.lang.Object, java.lang.Object, java.lang.Object, java.lang.Object, java.lang.Object, java.lang.Object, java.lang.Object, java.lang.Object, java.lang.Object, java.lang.Object, java.lang.Object, java.lang.Object, java.lang.Object, java.lang.Object, java.lang.Object, java.lang.Object, java.lang.Object, java.lang.Object, java.lang.Object, java.lang.O
Event: 26.173 Thread 0x000001e6b07e3ca0 Exception <a 'java/lang/NoSuchMethodError'{0x00000000ee9974b8}: 'java.lang.Object java.lang.invoke.DirectMethodHandle$Holder.invokeSpecial(java.lang.Object, java.lang.Object, java.lang.Object, java.lang.Object, java.lang.Object, java.lang.Object, java.lang.Object, java.lang.Object, java.lang.Object, java.lang.Object, java.lang.Object, java.lang.Object, java.lang.Object, java.lang.Object, java.lang.Object, java.lang.Object, java.lang.Object, java.lang.Object, java.lang.Object, java.lang.Object, java.lang.Ob
Event: 26.173 Thread 0x000001e6b07e3ca0 Exception <a 'java/lang/NoSuchMethodError'{0x00000000ee99d140}: 'java.lang.Object java.lang.invoke.Invokers$Holder.invoker(java.lang.Object, java.lang.Object, java.lang.Object, java.lang.Object, java.lang.Object, java.lang.Object, java.lang.Object, java.lang.Object, java.lang.Object, java.lang.Object, java.lang.Object, java.lang.Object, java.lang.Object, java.lang.Object, java.lang.Object, java.lang.Object, java.lang.Object, java.lang.Object, java.lang.Object, java.lang.Object, java.lang.Object, java.lang.
Event: 26.173 Thread 0x000001e6b07e3ca0 Exception <a 'java/lang/NoSuchMethodError'{0x00000000ee9a3cf0}: 'java.lang.Object java.lang.invoke.DelegatingMethodHandle$Holder.delegate(java.lang.Object, java.lang.Object, java.lang.Object, java.lang.Object, java.lang.Object, java.lang.Object, java.lang.Object, java.lang.Object, java.lang.Object, java.lang.Object, java.lang.Object, java.lang.Object, java.lang.Object, java.lang.Object, java.lang.Object, java.lang.Object, java.lang.Object, java.lang.Object, java.lang.Object, java.lang.Object, java.lang.Obj
Event: 26.180 Thread 0x000001e6b07e3ca0 Exception <a 'java/lang/NoSuchMethodError'{0x00000000ee81ebf0}: 'java.lang.Object java.lang.invoke.DirectMethodHandle$Holder.invokeStatic(java.lang.Object, java.lang.Object, java.lang.Object, java.lang.Object, java.lang.Object, java.lang.Object, java.lang.Object, java.lang.Object, java.lang.Object, java.lang.Object, java.lang.Object, java.lang.Object, java.lang.Object, java.lang.Object, java.lang.Object, java.lang.Object, java.lang.Object)'> (0x00000000ee81ebf0) 
thrown [s\open\src\hotspot\share\interprete
Event: 26.184 Thread 0x000001e6b07e3ca0 Exception <a 'java/lang/NoSuchMethodError'{0x00000000ee848068}: 'java.lang.Object java.lang.invoke.DirectMethodHandle$Holder.invokeStatic(java.lang.Object, java.lang.Object, java.lang.Object, java.lang.Object, java.lang.Object, java.lang.Object, java.lang.Object, java.lang.Object, java.lang.Object, java.lang.Object, java.lang.Object, java.lang.Object, java.lang.Object, java.lang.Object, java.lang.Object, java.lang.Object, java.lang.Object, java.lang.Object)'> (0x00000000ee848068) 
thrown [s\open\src\hotspo
Event: 26.187 Thread 0x000001e6b07e3ca0 Exception <a 'java/lang/NoSuchMethodError'{0x00000000ee8725d0}: 'java.lang.Object java.lang.invoke.DirectMethodHandle$Holder.invokeStatic(java.lang.Object, java.lang.Object, java.lang.Object, java.lang.Object, java.lang.Object, java.lang.Object, java.lang.Object, java.lang.Object, java.lang.Object, java.lang.Object, java.lang.Object, java.lang.Object, java.lang.Object, java.lang.Object, java.lang.Object, java.lang.Object, java.lang.Object, java.lang.Object, java.lang.Object)'> (0x00000000ee8725d0) 
thrown 
Event: 26.191 Thread 0x000001e6b07e3ca0 Exception <a 'java/lang/NoSuchMethodError'{0x00000000ee89e220}: 'java.lang.Object java.lang.invoke.DirectMethodHandle$Holder.invokeStatic(java.lang.Object, java.lang.Object, java.lang.Object, java.lang.Object, java.lang.Object, java.lang.Object, java.lang.Object, java.lang.Object, java.lang.Object, java.lang.Object, java.lang.Object, java.lang.Object, java.lang.Object, java.lang.Object, java.lang.Object, java.lang.Object, java.lang.Object, java.lang.Object, java.lang.Object, java.lang.Object)'> (0x00000000
Event: 26.192 Thread 0x000001e6b07e3ca0 Exception <a 'java/lang/NoSuchMethodError'{0x00000000ee8ca5d0}: 'java.lang.Object java.lang.invoke.DirectMethodHandle$Holder.invokeStatic(java.lang.Object, java.lang.Object, java.lang.Object, java.lang.Object, java.lang.Object, java.lang.Object, java.lang.Object, java.lang.Object, java.lang.Object, java.lang.Object, java.lang.Object, java.lang.Object, java.lang.Object, java.lang.Object, java.lang.Object, java.lang.Object, java.lang.Object, java.lang.Object, java.lang.Object, java.lang.Object, java.lang.Obj
Event: 26.194 Thread 0x000001e6b07e3ca0 Exception <a 'java/lang/NoSuchMethodError'{0x00000000ee8f7aa8}: 'java.lang.Object java.lang.invoke.DirectMethodHandle$Holder.invokeStatic(java.lang.Object, java.lang.Object, java.lang.Object, java.lang.Object, java.lang.Object, java.lang.Object, java.lang.Object, java.lang.Object, java.lang.Object, java.lang.Object, java.lang.Object, java.lang.Object, java.lang.Object, java.lang.Object, java.lang.Object, java.lang.Object, java.lang.Object, java.lang.Object, java.lang.Object, java.lang.Object, java.lang.Obj
Event: 26.195 Thread 0x000001e6b07e3ca0 Exception <a 'java/lang/NoSuchMethodError'{0x00000000ee7264f0}: 'java.lang.Object java.lang.invoke.DirectMethodHandle$Holder.invokeStatic(java.lang.Object, java.lang.Object, java.lang.Object, java.lang.Object, java.lang.Object, java.lang.Object, java.lang.Object, java.lang.Object, java.lang.Object, java.lang.Object, java.lang.Object, java.lang.Object, java.lang.Object, java.lang.Object, java.lang.Object, java.lang.Object, java.lang.Object, java.lang.Object, java.lang.Object, java.lang.Object, java.lang.Obj
Event: 26.197 Thread 0x000001e6b07e3ca0 Exception <a 'java/lang/NoSuchMethodError'{0x00000000ee7555b8}: 'java.lang.Object java.lang.invoke.DirectMethodHandle$Holder.invokeStatic(java.lang.Object, java.lang.Object, java.lang.Object, java.lang.Object, java.lang.Object, java.lang.Object, java.lang.Object, java.lang.Object, java.lang.Object, java.lang.Object, java.lang.Object, java.lang.Object, java.lang.Object, java.lang.Object, java.lang.Object, java.lang.Object, java.lang.Object, java.lang.Object, java.lang.Object, java.lang.Object, java.lang.Obj
Event: 26.200 Thread 0x000001e6b07e3ca0 Exception <a 'java/lang/NoSuchMethodError'{0x00000000ee786658}: 'java.lang.Object java.lang.invoke.DirectMethodHandle$Holder.invokeStatic(java.lang.Object, java.lang.Object, java.lang.Object, java.lang.Object, java.lang.Object, java.lang.Object, java.lang.Object, java.lang.Object, java.lang.Object, java.lang.Object, java.lang.Object, java.lang.Object, java.lang.Object, java.lang.Object, java.lang.Object, java.lang.Object, java.lang.Object, java.lang.Object, java.lang.Object, java.lang.Object, java.lang.Obj
Event: 26.203 Thread 0x000001e6b07e3ca0 Exception <a 'java/lang/NoSuchMethodError'{0x00000000ee7b8b20}: 'java.lang.Object java.lang.invoke.DirectMethodHandle$Holder.invokeStatic(java.lang.Object, java.lang.Object, java.lang.Object, java.lang.Object, java.lang.Object, java.lang.Object, java.lang.Object, java.lang.Object, java.lang.Object, java.lang.Object, java.lang.Object, java.lang.Object, java.lang.Object, java.lang.Object, java.lang.Object, java.lang.Object, java.lang.Object, java.lang.Object, java.lang.Object, java.lang.Object, java.lang.Obj
Event: 26.226 Thread 0x000001e6b07e3ca0 Exception <a 'java/lang/NoSuchMethodError'{0x00000000ee57cb70}: 'java.lang.Object java.lang.invoke.DirectMethodHandle$Holder.invokeStaticInit(java.lang.Object, java.lang.Object, java.lang.Object, java.lang.Object)'> (0x00000000ee57cb70) 
thrown [s\open\src\hotspot\share\interpreter\linkResolver.cpp, line 759]
Event: 26.256 Thread 0x000001e6b07e3ca0 Exception <a 'java/lang/NoSuchMethodError'{0x00000000ee349a90}: 'java.lang.Object java.lang.invoke.DirectMethodHandle$Holder.newInvokeSpecial(java.lang.Object, java.lang.Object, java.lang.Object, java.lang.Object, java.lang.Object, java.lang.Object, java.lang.Object, java.lang.Object)'> (0x00000000ee349a90) 
thrown [s\open\src\hotspot\share\interpreter\linkResolver.cpp, line 759]
Event: 26.256 Thread 0x000001e6b07e3ca0 Exception <a 'java/lang/NoSuchMethodError'{0x00000000ee34f498}: 'java.lang.Object java.lang.invoke.DirectMethodHandle$Holder.invokeSpecial(java.lang.Object, java.lang.Object, java.lang.Object, java.lang.Object, java.lang.Object, java.lang.Object, java.lang.Object, java.lang.Object, java.lang.Object)'> (0x00000000ee34f498) 
thrown [s\open\src\hotspot\share\interpreter\linkResolver.cpp, line 759]
Event: 26.256 Thread 0x000001e6b07e3ca0 Exception <a 'java/lang/NoSuchMethodError'{0x00000000ee354848}: 'java.lang.Object java.lang.invoke.Invokers$Holder.linkToTargetMethod(java.lang.Object, java.lang.Object, java.lang.Object, java.lang.Object, java.lang.Object, java.lang.Object, java.lang.Object, java.lang.Object)'> (0x00000000ee354848) 
thrown [s\open\src\hotspot\share\interpreter\linkResolver.cpp, line 759]
Event: 26.261 Thread 0x000001e6b07e3ca0 Exception <a 'java/lang/NoSuchMethodError'{0x00000000ee3a6bf0}: 'void java.lang.invoke.DirectMethodHandle$Holder.invokeStatic(java.lang.Object, java.lang.Object, java.lang.Object, java.lang.Object)'> (0x00000000ee3a6bf0) 
thrown [s\open\src\hotspot\share\interpreter\linkResolver.cpp, line 759]
Event: 41.498 Thread 0x000001e6b07e3ca0 Exception <a 'java/lang/NoSuchMethodError'{0x00000000ef753a78}: 'int java.lang.invoke.DirectMethodHandle$Holder.invokeVirtual(java.lang.Object, java.lang.Object)'> (0x00000000ef753a78) 
thrown [s\open\src\hotspot\share\interpreter\linkResolver.cpp, line 759]

VM Operations (20 events):
Event: 26.355 Executing VM operation: CollectForMetadataAllocation done
Event: 26.413 Executing VM operation: G1Concurrent
Event: 26.440 Executing VM operation: G1Concurrent done
Event: 26.442 Executing VM operation: G1Concurrent
Event: 26.442 Executing VM operation: G1Concurrent done
Event: 27.457 Executing VM operation: Cleanup
Event: 27.458 Executing VM operation: Cleanup done
Event: 28.467 Executing VM operation: Cleanup
Event: 28.467 Executing VM operation: Cleanup done
Event: 29.475 Executing VM operation: Cleanup
Event: 29.484 Executing VM operation: Cleanup done
Event: 33.512 Executing VM operation: Cleanup
Event: 33.513 Executing VM operation: Cleanup done
Event: 34.516 Executing VM operation: Cleanup
Event: 34.525 Executing VM operation: Cleanup done
Event: 36.545 Executing VM operation: Cleanup
Event: 36.546 Executing VM operation: Cleanup done
Event: 37.549 Executing VM operation: Cleanup
Event: 41.792 Executing VM operation: Cleanup done
Event: 42.806 Executing VM operation: Cleanup

Events (20 events):
Event: 26.198 loading class java/lang/invoke/BoundMethodHandle$Species_LLLLLLLLLLLLLLLLLLLLLL
Event: 26.198 loading class java/lang/invoke/BoundMethodHandle$Species_LLLLLLLLLLLLLLLLLLLLLL done
Event: 26.202 loading class java/lang/invoke/BoundMethodHandle$Species_LLLLLLLLLLLLLLLLLLLLLLL
Event: 26.202 loading class java/lang/invoke/BoundMethodHandle$Species_LLLLLLLLLLLLLLLLLLLLLLL done
Event: 26.549 loading class java/util/concurrent/TimeoutException
Event: 26.557 loading class java/util/concurrent/TimeoutException done
Event: 26.558 loading class java/util/concurrent/CancellationException
Event: 26.558 loading class java/util/concurrent/CancellationException done
Event: 37.332 Thread 0x000001e6b21bf250 Thread added: 0x000001e6b21bf250
Event: 37.333 loading class java/util/concurrent/locks/AbstractQueuedSynchronizer$SharedNode
Event: 37.333 loading class java/util/concurrent/locks/AbstractQueuedSynchronizer$SharedNode done
Event: 41.468 loading class java/io/InterruptedIOException
Event: 41.468 loading class java/io/InterruptedIOException done
Event: 41.476 Thread 0x000001e6b21bde10 Thread added: 0x000001e6b21bde10
Event: 41.509 loading class java/util/ArrayDeque$DeqSpliterator
Event: 41.509 loading class java/util/ArrayDeque$DeqSpliterator done
Event: 41.570 loading class java/nio/charset/CharacterCodingException
Event: 41.570 loading class java/nio/charset/CharacterCodingException done
Event: 41.579 loading class java/lang/Short$ShortCache
Event: 41.579 loading class java/lang/Short$ShortCache done


Dynamic libraries:
0x00007ff75e3d0000 - 0x00007ff75e3e0000 	C:\Program Files\Java\jdk-17\bin\java.exe
0x00007ffb413f0000 - 0x00007ffb415e8000 	C:\Windows\SYSTEM32\ntdll.dll
0x00007ffb40440000 - 0x00007ffb40502000 	C:\Windows\System32\KERNEL32.DLL
0x00007ffb3f090000 - 0x00007ffb3f386000 	C:\Windows\System32\KERNELBASE.dll
0x00007ffb3edd0000 - 0x00007ffb3eed0000 	C:\Windows\System32\ucrtbase.dll
0x00007ffb104a0000 - 0x00007ffb104b9000 	C:\Program Files\Java\jdk-17\bin\jli.dll
0x00007ffb40dc0000 - 0x00007ffb40e71000 	C:\Windows\System32\ADVAPI32.dll
0x00007ffb41070000 - 0x00007ffb4110e000 	C:\Windows\System32\msvcrt.dll
0x00007ffb3f410000 - 0x00007ffb3f4af000 	C:\Windows\System32\sechost.dll
0x00007ffb41280000 - 0x00007ffb413a3000 	C:\Windows\System32\RPCRT4.dll
0x00007ffb3f3e0000 - 0x00007ffb3f407000 	C:\Windows\System32\bcrypt.dll
0x00007ffb3f4b0000 - 0x00007ffb3f64d000 	C:\Windows\System32\USER32.dll
0x00007ffb3ea80000 - 0x00007ffb3eaa2000 	C:\Windows\System32\win32u.dll
0x00007ffb411c0000 - 0x00007ffb411eb000 	C:\Windows\System32\GDI32.dll
0x00007ffb3eed0000 - 0x00007ffb3efe9000 	C:\Windows\System32\gdi32full.dll
0x00007ffb3eff0000 - 0x00007ffb3f08d000 	C:\Windows\System32\msvcp_win.dll
0x00007ffb0d2b0000 - 0x00007ffb0d2cb000 	C:\Program Files\Java\jdk-17\bin\VCRUNTIME140.dll
0x00007ffb31bc0000 - 0x00007ffb31e5a000 	C:\Windows\WinSxS\amd64_microsoft.windows.common-controls_6595b64144ccf1df_6.0.19041.5915_none_60b4b9d171f9c7c7\COMCTL32.dll
0x00007ffb34f70000 - 0x00007ffb34f7a000 	C:\Windows\SYSTEM32\VERSION.dll
0x00007ffb40340000 - 0x00007ffb4036f000 	C:\Windows\System32\IMM32.DLL
0x00007ffb17650000 - 0x00007ffb1765c000 	C:\Program Files\Java\jdk-17\bin\vcruntime140_1.dll
0x00007ffb0aa90000 - 0x00007ffb0ab1e000 	C:\Program Files\Java\jdk-17\bin\msvcp140.dll
0x00007ffaeb8c0000 - 0x00007ffaec49f000 	C:\Program Files\Java\jdk-17\bin\server\jvm.dll
0x00007ffb40c80000 - 0x00007ffb40c88000 	C:\Windows\System32\PSAPI.DLL
0x00007ffb1f0a0000 - 0x00007ffb1f0a9000 	C:\Windows\SYSTEM32\WSOCK32.dll
0x00007ffb40cf0000 - 0x00007ffb40d5b000 	C:\Windows\System32\WS2_32.dll
0x00007ffb33e40000 - 0x00007ffb33e67000 	C:\Windows\SYSTEM32\WINMM.dll
0x00007ffb3d280000 - 0x00007ffb3d292000 	C:\Windows\SYSTEM32\kernel.appcore.dll
0x00007ffb15440000 - 0x00007ffb1544a000 	C:\Program Files\Java\jdk-17\bin\jimage.dll
0x00007ffb37b20000 - 0x00007ffb37d21000 	C:\Windows\SYSTEM32\DBGHELP.DLL
0x00007ffb36bf0000 - 0x00007ffb36c24000 	C:\Windows\SYSTEM32\dbgcore.DLL
0x00007ffb3eb60000 - 0x00007ffb3ebe2000 	C:\Windows\System32\bcryptPrimitives.dll
0x00007ffb152b0000 - 0x00007ffb152be000 	C:\Program Files\Java\jdk-17\bin\instrument.dll
0x00007ffb0aa60000 - 0x00007ffb0aa85000 	C:\Program Files\Java\jdk-17\bin\java.dll
0x00007ffb0a980000 - 0x00007ffb0aa57000 	C:\Program Files\Java\jdk-17\bin\jsvml.dll
0x00007ffb40510000 - 0x00007ffb40c7e000 	C:\Windows\System32\SHELL32.dll
0x00007ffb3cac0000 - 0x00007ffb3d264000 	C:\Windows\SYSTEM32\windows.storage.dll
0x00007ffb3ff30000 - 0x00007ffb40283000 	C:\Windows\System32\combase.dll
0x00007ffb3e3d0000 - 0x00007ffb3e3fb000 	C:\Windows\SYSTEM32\Wldp.dll
0x00007ffb40370000 - 0x00007ffb4043d000 	C:\Windows\System32\OLEAUT32.dll
0x00007ffb40fc0000 - 0x00007ffb4106d000 	C:\Windows\System32\SHCORE.dll
0x00007ffb40f60000 - 0x00007ffb40fbb000 	C:\Windows\System32\shlwapi.dll
0x00007ffb3e9b0000 - 0x00007ffb3e9d5000 	C:\Windows\SYSTEM32\profapi.dll
0x00007ffb0a960000 - 0x00007ffb0a978000 	C:\Program Files\Java\jdk-17\bin\zip.dll
0x00007ffb0a940000 - 0x00007ffb0a959000 	C:\Program Files\Java\jdk-17\bin\net.dll
0x00007ffb37990000 - 0x00007ffb37a9a000 	C:\Windows\SYSTEM32\WINHTTP.dll
0x00007ffb3e1b0000 - 0x00007ffb3e21a000 	C:\Windows\system32\mswsock.dll
0x00007ffb0a920000 - 0x00007ffb0a936000 	C:\Program Files\Java\jdk-17\bin\nio.dll
0x00007ffb14c70000 - 0x00007ffb14c80000 	C:\Program Files\Java\jdk-17\bin\verify.dll
0x00007ffb0b360000 - 0x00007ffb0b387000 	C:\Users\¿ÎÂÍÒ‡Ì‰\.gradle\native\c067742578af261105cb4f569cf0c3c89f3d7b1fecec35dd04571415982c5e48\windows-amd64\native-platform.dll
0x00007ffb0a7d0000 - 0x00007ffb0a914000 	C:\Users\¿ÎÂÍÒ‡Ì‰\.gradle\native\100fb08df4bc3b14c8652ba06237920a3bd2aa13389f12d3474272988ae205f9\windows-amd64\native-platform-file-events.dll
0x00007ffb149f0000 - 0x00007ffb149fa000 	C:\Program Files\Java\jdk-17\bin\management.dll
0x00007ffb147b0000 - 0x00007ffb147bb000 	C:\Program Files\Java\jdk-17\bin\management_ext.dll
0x00007ffb3e410000 - 0x00007ffb3e428000 	C:\Windows\SYSTEM32\CRYPTSP.dll
0x00007ffb3da80000 - 0x00007ffb3dab8000 	C:\Windows\system32\rsaenh.dll
0x00007ffb3e930000 - 0x00007ffb3e95e000 	C:\Windows\SYSTEM32\USERENV.dll
0x00007ffb3e340000 - 0x00007ffb3e34c000 	C:\Windows\SYSTEM32\CRYPTBASE.dll
0x00007ffb3de60000 - 0x00007ffb3de9b000 	C:\Windows\SYSTEM32\IPHLPAPI.DLL
0x00007ffb41270000 - 0x00007ffb41278000 	C:\Windows\System32\NSI.dll
0x00007ffb3bab0000 - 0x00007ffb3bac7000 	C:\Windows\SYSTEM32\dhcpcsvc6.DLL
0x00007ffb3bb10000 - 0x00007ffb3bb2d000 	C:\Windows\SYSTEM32\dhcpcsvc.DLL
0x00007ffb3deb0000 - 0x00007ffb3df7a000 	C:\Windows\SYSTEM32\DNSAPI.dll
0x00007ffb13be0000 - 0x00007ffb13bee000 	C:\Program Files\Java\jdk-17\bin\sunmscapi.dll
0x00007ffb3ebf0000 - 0x00007ffb3ed4d000 	C:\Windows\System32\CRYPT32.dll
0x00007ffb3e500000 - 0x00007ffb3e527000 	C:\Windows\SYSTEM32\ncrypt.dll
0x00007ffb3e4c0000 - 0x00007ffb3e4fb000 	C:\Windows\SYSTEM32\NTASN1.dll
0x00007ffb27420000 - 0x00007ffb27427000 	C:\Windows\system32\wshunix.dll

dbghelp: loaded successfully - version: 4.0.5 - missing functions: none
symbol engine: initialized successfully - sym options: 0x614 - pdb path: .;C:\Program Files\Java\jdk-17\bin;C:\Windows\SYSTEM32;C:\Windows\WinSxS\amd64_microsoft.windows.common-controls_6595b64144ccf1df_6.0.19041.5915_none_60b4b9d171f9c7c7;C:\Program Files\Java\jdk-17\bin\server;C:\Users\¿ÎÂÍÒ‡Ì‰\.gradle\native\c067742578af261105cb4f569cf0c3c89f3d7b1fecec35dd04571415982c5e48\windows-amd64;C:\Users\¿ÎÂÍÒ‡Ì‰\.gradle\native\100fb08df4bc3b14c8652ba06237920a3bd2aa13389f12d3474272988ae205f9\windows-amd64

VM Arguments:
jvm_args: --add-opens=java.base/java.util=ALL-UNNAMED --add-opens=java.base/java.lang=ALL-UNNAMED --add-opens=java.base/java.lang.invoke=ALL-UNNAMED --add-opens=java.prefs/java.util.prefs=ALL-UNNAMED --add-exports=jdk.compiler/com.sun.tools.javac.api=ALL-UNNAMED --add-exports=jdk.compiler/com.sun.tools.javac.util=ALL-UNNAMED --add-opens=java.base/java.nio.charset=ALL-UNNAMED --add-opens=java.base/java.net=ALL-UNNAMED --add-opens=java.base/java.util.concurrent.atomic=ALL-UNNAMED -XX:MaxMetaspaceSize=384m -XX:+HeapDumpOnOutOfMemoryError -Xms256m -Xmx512m -Dfile.encoding=UTF-8 -Duser.country=RU -Duser.language=ru -Duser.variant -javaagent:C:\Users\¿ÎÂÍÒ‡Ì‰\.gradle\wrapper\dists\gradle-8.10.2-bin\a04bxjujx95o3nb99gddekhwo\gradle-8.10.2\lib\agents\gradle-instrumentation-agent-8.10.2.jar 
java_command: org.gradle.launcher.daemon.bootstrap.GradleDaemon 8.10.2
java_class_path (initial): C:\Users\¿ÎÂÍÒ‡Ì‰\.gradle\wrapper\dists\gradle-8.10.2-bin\a04bxjujx95o3nb99gddekhwo\gradle-8.10.2\lib\gradle-daemon-main-8.10.2.jar
Launcher Type: SUN_STANDARD

[Global flags]
     intx CICompilerCount                          = 4                                         {product} {ergonomic}
   size_t CompressedClassSpaceSize                 = 335544320                                 {product} {ergonomic}
     uint ConcGCThreads                            = 3                                         {product} {ergonomic}
     uint G1ConcRefinementThreads                  = 10                                        {product} {ergonomic}
   size_t G1HeapRegionSize                         = 1048576                                   {product} {ergonomic}
    uintx GCDrainStackTargetSize                   = 64                                        {product} {ergonomic}
     bool HeapDumpOnOutOfMemoryError               = true                                   {manageable} {command line}
   size_t InitialHeapSize                          = 268435456                                 {product} {command line}
   size_t MarkStackSize                            = 4194304                                   {product} {ergonomic}
   size_t MaxHeapSize                              = 536870912                                 {product} {command line}
   size_t MaxMetaspaceSize                         = 402653184                                 {product} {command line}
   size_t MaxNewSize                               = 321912832                                 {product} {ergonomic}
   size_t MinHeapDeltaBytes                        = 1048576                                   {product} {ergonomic}
   size_t MinHeapSize                              = 268435456                                 {product} {command line}
    uintx NonNMethodCodeHeapSize                   = 5839372                                {pd product} {ergonomic}
    uintx NonProfiledCodeHeapSize                  = 122909434                              {pd product} {ergonomic}
    uintx ProfiledCodeHeapSize                     = 122909434                              {pd product} {ergonomic}
    uintx ReservedCodeCacheSize                    = 251658240                              {pd product} {ergonomic}
     bool SegmentedCodeCache                       = true                                      {product} {ergonomic}
   size_t SoftMaxHeapSize                          = 536870912                              {manageable} {ergonomic}
     bool UseCompressedClassPointers               = true                           {product lp64_product} {ergonomic}
     bool UseCompressedOops                        = true                           {product lp64_product} {ergonomic}
     bool UseG1GC                                  = true                                      {product} {ergonomic}
     bool UseLargePagesIndividualAllocation        = false                                  {pd product} {ergonomic}

Logging:
Log output configuration:
 #0: stdout all=warning uptime,level,tags
 #1: stderr all=off uptime,level,tags

Environment Variables:
JAVA_HOME=C:\Program Files\Java\jdk-17
PATH=C:\Program Files\Common Files\Oracle\Java\javapath;C:\Windows\system32;C:\Windows;C:\Windows\System32\Wbem;C:\Windows\System32\WindowsPowerShell\v1.0\;C:\Windows\System32\OpenSSH\;C:\Gradle\bin;C:\Program Files\Git\cmd;C:\Program Files\usbipd-win\;C:\Program Files\MIT\Kerberos\bin;C:\Gradle\gradle-8.10.2\bin;C:\Program Files\Java\jdk-21\bin;C:\Program Files\dotnet\;C:\Users\¿ÎÂÍÒ‡Ì‰\AppData\Local\Programs\Python\Python310\Scripts\;C:\Users\¿ÎÂÍÒ‡Ì‰\AppData\Local\Programs\Python\Python310\;C:\Users\¿ÎÂÍÒ‡Ì‰\AppData\Local\Microsoft\WindowsApps;C:\Program Files\JetBrains\PyCharm 2022.2.1\bin;;C:\Program Files\JetBrains\IntelliJ IDEA Community Edition 2024.1.4\bin;;C:\Users\¿ÎÂÍÒ‡Ì‰\AppData\Local\Programs\Microsoft VS Code\bin;C:\Gradle\gradle-8.10.2\bin;C:\Program Files\Java\jdk-21\bin;
USERNAME=¿ÎÂÍÒ‡Ì‰
OS=Windows_NT
PROCESSOR_IDENTIFIER=Intel64 Family 6 Model 151 Stepping 5, GenuineIntel



---------------  S Y S T E M  ---------------

OS:
 Windows 10 , 64 bit Build 19041 (10.0.19041.5915)
OS uptime: 7 days 14:07 hours
Hyper-V role detected

CPU: total 12 (initial active 12) (6 cores per cpu, 2 threads per core) family 6 model 151 stepping 5 microcode 0x15, cx8, cmov, fxsr, ht, mmx, 3dnowpref, sse, sse2, sse3, ssse3, sse4.1, sse4.2, popcnt, lzcnt, tsc, tscinvbit, avx, avx2, aes, erms, clmul, bmi1, bmi2, adx, sha, fma, vzeroupper, clflush, clflushopt, clwb, hv

Memory: 4k page, system-wide physical 16225M (1147M free)
TotalPageFile size 45952M (AvailPageFile size 1866M)
current process WorkingSet (physical memory assigned to process): 49M, peak: 303M
current process commit charge ("private bytes"): 405M, peak: 424M

vm_info: Java HotSpot(TM) 64-Bit Server VM (17.0.10+11-LTS-240) for windows-amd64 JRE (17.0.10+11-LTS-240), built on Dec 19 2023 21:47:25 by "mach5one" with MS VC++ 17.1 (VS2022)

END.
