#
# There is insufficient memory for the Java Runtime Environment to continue.
# Native memory allocation (malloc) failed to allocate 1148496 bytes for Chunk::new
# Possible reasons:
#   The system is out of physical RAM or swap space
#   The process is running with CompressedOops enabled, and the Java Heap may be blocking the growth of the native heap
# Possible solutions:
#   Reduce memory load on the system
#   Increase physical memory or swap space
#   Check if swap backing store is full
#   Decrease Java heap size (-Xmx/-Xms)
#   Decrease number of Java threads
#   Decrease Java thread stack sizes (-Xss)
#   Set larger code cache with -XX:ReservedCodeCacheSize=
#   JVM is running with Unscaled Compressed Oops mode in which the Java heap is
#     placed in the first 4GB address space. The Java Heap base address is the
#     maximum limit for the native heap growth. Please use -XX:HeapBaseMinAddress
#     to set the Java Heap base and to place the Java Heap above 4GB virtual address.
# This output file may be truncated or incomplete.
#
#  Out of Memory Error (arena.cpp:189), pid=7976, tid=15548
#
# JRE version: Java(TM) SE Runtime Environment (17.0.10+11) (build 17.0.10+11-LTS-240)
# Java VM: Java HotSpot(TM) 64-Bit Server VM (17.0.10+11-LTS-240, mixed mode, sharing, tiered, compressed oops, compressed class ptrs, g1 gc, windows-amd64)
# No core dump will be written. Minidumps are not enabled by default on client versions of Windows
#

---------------  S U M M A R Y ------------

Command Line: --add-opens=java.base/java.util=ALL-UNNAMED --add-opens=java.base/java.lang=ALL-UNNAMED --add-opens=java.base/java.lang.invoke=ALL-UNNAMED --add-opens=java.prefs/java.util.prefs=ALL-UNNAMED --add-exports=jdk.compiler/com.sun.tools.javac.api=ALL-UNNAMED --add-exports=jdk.compiler/com.sun.tools.javac.util=ALL-UNNAMED --add-opens=java.base/java.nio.charset=ALL-UNNAMED --add-opens=java.base/java.net=ALL-UNNAMED --add-opens=java.base/java.util.concurrent.atomic=ALL-UNNAMED -XX:MaxMetaspaceSize=384m -XX:+HeapDumpOnOutOfMemoryError -Xms256m -Xmx512m -Dfile.encoding=UTF-8 -Duser.country=RU -Duser.language=ru -Duser.variant -javaagent:C:\Users\¿ÎÂÍÒ‡Ì‰\.gradle\wrapper\dists\gradle-8.10.2-bin\a04bxjujx95o3nb99gddekhwo\gradle-8.10.2\lib\agents\gradle-instrumentation-agent-8.10.2.jar org.gradle.launcher.daemon.bootstrap.GradleDaemon 8.10.2

Host: 12th Gen Intel(R) Core(TM) i5-12400F, 12 cores, 15G,  Windows 10 , 64 bit Build 19041 (10.0.19041.5915)
Time: Fri Jun 27 13:11:14 2025 RTZ 2 (s 10 , 64 bit Build 19041 (10.0.19041.5915) elapsed time: 55.867633 seconds (0d 0h 0m 55s)

---------------  T H R E A D  ---------------

Current thread (0x00000298fe452a50):  JavaThread "C2 CompilerThread0" daemon [_thread_in_native, id=15548, stack(0x0000009e79d00000,0x0000009e79e00000)]


Current CompileTask:
C2:  55878 2822   !   4       java.net.URL::<init> (543 bytes)

Stack: [0x0000009e79d00000,0x0000009e79e00000]
Native frames: (J=compiled Java code, j=interpreted, Vv=VM code, C=native code)
V  [jvm.dll+0x677a5a]
V  [jvm.dll+0x7d8b2d]
V  [jvm.dll+0x7da48e]
V  [jvm.dll+0x7daaf3]
V  [jvm.dll+0x2455ff]
V  [jvm.dll+0xaaafb]
V  [jvm.dll+0xab09c]
V  [jvm.dll+0x361b5f]
V  [jvm.dll+0x32c211]
V  [jvm.dll+0x32b6aa]
V  [jvm.dll+0x21794f]
V  [jvm.dll+0x216d81]
V  [jvm.dll+0x1a3410]
V  [jvm.dll+0x226aeb]
V  [jvm.dll+0x224cab]
V  [jvm.dll+0x78e45c]
V  [jvm.dll+0x78888a]
V  [jvm.dll+0x676935]
C  [ucrtbase.dll+0x21bb2]
C  [KERNEL32.DLL+0x17374]
C  [ntdll.dll+0x4cc91]


---------------  P R O C E S S  ---------------

Threads class SMR info:
_java_thread_list=0x00000298b14fb120, length=26, elements={
0x00000298f9edd860, 0x00000298fe433480, 0x00000298fe434210, 0x00000298fe44ceb0,
0x00000298fe44eaf0, 0x00000298fe4514d0, 0x00000298fe451da0, 0x00000298fe452a50,
0x00000298fe455420, 0x00000298fe456d40, 0x00000298fe41d1a0, 0x0000029896a44d10,
0x00000298b0cc13a0, 0x00000298b0d713b0, 0x00000298b15161e0, 0x00000298b1496300,
0x00000298b0248230, 0x00000298b0247810, 0x00000298b024a090, 0x00000298b0247300,
0x00000298b0247d20, 0x00000298b0248740, 0x00000298b0249160, 0x00000298b0248c50,
0x00000298b0249670, 0x00000298b0249b80
}

Java Threads: ( => current thread )
  0x00000298f9edd860 JavaThread "main" [_thread_blocked, id=9188, stack(0x0000009e79000000,0x0000009e79100000)]
  0x00000298fe433480 JavaThread "Reference Handler" daemon [_thread_blocked, id=19084, stack(0x0000009e79700000,0x0000009e79800000)]
  0x00000298fe434210 JavaThread "Finalizer" daemon [_thread_blocked, id=25336, stack(0x0000009e79800000,0x0000009e79900000)]
  0x00000298fe44ceb0 JavaThread "Signal Dispatcher" daemon [_thread_blocked, id=25244, stack(0x0000009e79900000,0x0000009e79a00000)]
  0x00000298fe44eaf0 JavaThread "Attach Listener" daemon [_thread_blocked, id=18476, stack(0x0000009e79a00000,0x0000009e79b00000)]
  0x00000298fe4514d0 JavaThread "Service Thread" daemon [_thread_blocked, id=15796, stack(0x0000009e79b00000,0x0000009e79c00000)]
  0x00000298fe451da0 JavaThread "Monitor Deflation Thread" daemon [_thread_blocked, id=24140, stack(0x0000009e79c00000,0x0000009e79d00000)]
=>0x00000298fe452a50 JavaThread "C2 CompilerThread0" daemon [_thread_in_native, id=15548, stack(0x0000009e79d00000,0x0000009e79e00000)]
  0x00000298fe455420 JavaThread "C1 CompilerThread0" daemon [_thread_blocked, id=26976, stack(0x0000009e79e00000,0x0000009e79f00000)]
  0x00000298fe456d40 JavaThread "Sweeper thread" daemon [_thread_blocked, id=21748, stack(0x0000009e79f00000,0x0000009e7a000000)]
  0x00000298fe41d1a0 JavaThread "Common-Cleaner" daemon [_thread_blocked, id=24312, stack(0x0000009e7a000000,0x0000009e7a100000)]
  0x0000029896a44d10 JavaThread "Notification Thread" daemon [_thread_blocked, id=31236, stack(0x0000009e7a100000,0x0000009e7a200000)]
  0x00000298b0cc13a0 JavaThread "Daemon health stats" [_thread_blocked, id=13068, stack(0x0000009e7a900000,0x0000009e7aa00000)]
  0x00000298b0d713b0 JavaThread "Incoming local TCP Connector on port 51693" [_thread_in_native, id=31196, stack(0x0000009e7a300000,0x0000009e7a400000)]
  0x00000298b15161e0 JavaThread "Daemon periodic checks" [_thread_blocked, id=25872, stack(0x0000009e7ab00000,0x0000009e7ac00000)]
  0x00000298b1496300 JavaThread "Daemon" [_thread_blocked, id=29104, stack(0x0000009e7aa00000,0x0000009e7ab00000)]
  0x00000298b0248230 JavaThread "Handler for socket connection from /127.0.0.1:51693 to /127.0.0.1:51717" [_thread_in_native, id=27004, stack(0x0000009e7ac00000,0x0000009e7ad00000)]
  0x00000298b0247810 JavaThread "Cancel handler" [_thread_blocked, id=14780, stack(0x0000009e7ad00000,0x0000009e7ae00000)]
  0x00000298b024a090 JavaThread "Daemon worker" [_thread_in_native, id=2156, stack(0x0000009e7ae00000,0x0000009e7af00000)]
  0x00000298b0247300 JavaThread "Asynchronous log dispatcher for DefaultDaemonConnection: socket connection from /127.0.0.1:51693 to /127.0.0.1:51717" [_thread_blocked, id=31528, stack(0x0000009e7af00000,0x0000009e7b000000)]
  0x00000298b0247d20 JavaThread "Stdin handler" [_thread_blocked, id=17172, stack(0x0000009e7b000000,0x0000009e7b100000)]
  0x00000298b0248740 JavaThread "Daemon client event forwarder" [_thread_blocked, id=17356, stack(0x0000009e7b100000,0x0000009e7b200000)]
  0x00000298b0249160 JavaThread "Cache worker for journal cache (C:\Users\–ê–ª–µ–∫—Å–∞–Ω–¥—Ä\.gradle\caches\journal-1)" [_thread_blocked, id=13388, stack(0x0000009e7b200000,0x0000009e7b300000)]
  0x00000298b0248c50 JavaThread "File lock request listener" [_thread_in_native, id=25808, stack(0x0000009e7b300000,0x0000009e7b400000)]
  0x00000298b0249670 JavaThread "File lock release action executor" [_thread_blocked, id=27348, stack(0x0000009e7b400000,0x0000009e7b500000)]
  0x00000298b0249b80 JavaThread "Cache worker for file hash cache (C:\Users\–ê–ª–µ–∫—Å–∞–Ω–¥—Ä\.gradle\caches\8.10.2\fileHashes)" [_thread_blocked, id=26488, stack(0x0000009e7b500000,0x0000009e7b600000)]

Other Threads:
  0x00000298fe42ddc0 VMThread "VM Thread" [stack: 0x0000009e79600000,0x0000009e79700000] [id=19556]
  0x0000029896a47610 WatcherThread [stack: 0x0000009e7a200000,0x0000009e7a300000] [id=15968]
  0x00000298f9f0bae0 GCTaskThread "GC Thread#0" [stack: 0x0000009e79100000,0x0000009e79200000] [id=18368]