#
# There is insufficient memory for the Java Runtime Environment to continue.
# Native memory allocation (malloc) failed to allocate 50096 bytes for Chunk::new
# Possible reasons:
#   The system is out of physical RAM or swap space
#   The process is running with CompressedOops enabled, and the Java Heap may be blocking the growth of the native heap
# Possible solutions:
#   Reduce memory load on the system
#   Increase physical memory or swap space
#   Check if swap backing store is full
#   Decrease Java heap size (-Xmx/-Xms)
#   Decrease number of Java threads
#   Decrease Java thread stack sizes (-Xss)
#   Set larger code cache with -XX:ReservedCodeCacheSize=
#   JVM is running with Unscaled Compressed Oops mode in which the Java heap is
#     placed in the first 4GB address space. The Java Heap base address is the
#     maximum limit for the native heap growth. Please use -XX:HeapBaseMinAddress
#     to set the Java Heap base and to place the Java Heap above 4GB virtual address.
# This output file may be truncated or incomplete.
#
#  Out of Memory Error (arena.cpp:189), pid=18136, tid=23812
#
# JRE version: Java(TM) SE Runtime Environment (17.0.10+11) (build 17.0.10+11-LTS-240)
# Java VM: Java HotSpot(TM) 64-Bit Server VM (17.0.10+11-LTS-240, mixed mode, sharing, tiered, compressed oops, compressed class ptrs, g1 gc, windows-amd64)
# No core dump will be written. Minidumps are not enabled by default on client versions of Windows
#

---------------  S U M M A R Y ------------

Command Line: --add-opens=java.base/java.util=ALL-UNNAMED --add-opens=java.base/java.lang=ALL-UNNAMED --add-opens=java.base/java.lang.invoke=ALL-UNNAMED --add-opens=java.prefs/java.util.prefs=ALL-UNNAMED --add-exports=jdk.compiler/com.sun.tools.javac.api=ALL-UNNAMED --add-exports=jdk.compiler/com.sun.tools.javac.util=ALL-UNNAMED --add-opens=java.base/java.nio.charset=ALL-UNNAMED --add-opens=java.base/java.net=ALL-UNNAMED --add-opens=java.base/java.util.concurrent.atomic=ALL-UNNAMED -XX:MaxMetaspaceSize=384m -XX:+HeapDumpOnOutOfMemoryError -Xms256m -Xmx512m -Dfile.encoding=UTF-8 -Duser.country=RU -Duser.language=ru -Duser.variant -javaagent:C:\Users\¿ÎÂÍÒ‡Ì‰\.gradle\wrapper\dists\gradle-8.10.2-bin\a04bxjujx95o3nb99gddekhwo\gradle-8.10.2\lib\agents\gradle-instrumentation-agent-8.10.2.jar org.gradle.launcher.daemon.bootstrap.GradleDaemon 8.10.2

Host: 12th Gen Intel(R) Core(TM) i5-12400F, 12 cores, 15G,  Windows 10 , 64 bit Build 19041 (10.0.19041.5915)
Time: Fri Jun 27 12:12:26 2025 RTZ 2 (s 10 , 64 bit Build 19041 (10.0.19041.5915) elapsed time: 71.629976 seconds (0d 0h 1m 11s)

---------------  T H R E A D  ---------------

Current thread (0x000001b882cf0920):  JavaThread "C2 CompilerThread0" daemon [_thread_in_native, id=23812, stack(0x00000002be600000,0x00000002be700000)]


Current CompileTask:
C2:  71630 3644       4       org.objectweb.asm.SymbolTable::put (150 bytes)

Stack: [0x00000002be600000,0x00000002be700000]
Native frames: (J=compiled Java code, j=interpreted, Vv=VM code, C=native code)
V  [jvm.dll+0x677a5a]
V  [jvm.dll+0x7d8b2d]
V  [jvm.dll+0x7da48e]
V  [jvm.dll+0x7daaf3]
V  [jvm.dll+0x2455ff]
V  [jvm.dll+0xaaafb]
V  [jvm.dll+0xab09c]
V  [jvm.dll+0x361b5f]
V  [jvm.dll+0x1bae64]
V  [jvm.dll+0x217aa7]
V  [jvm.dll+0x216d81]
V  [jvm.dll+0x1a3410]
V  [jvm.dll+0x226aeb]
V  [jvm.dll+0x224cab]
V  [jvm.dll+0x78e45c]
V  [jvm.dll+0x78888a]
V  [jvm.dll+0x676935]
C  [ucrtbase.dll+0x21bb2]
C  [KERNEL32.DLL+0x17374]
C  [ntdll.dll+0x4cc91]


---------------  P R O C E S S  ---------------

Threads class SMR info:
_java_thread_list=0x000001b89c333940, length=44, elements={
0x000001b8e7f0ada0, 0x000001b882cd7140, 0x000001b882cd7ed0, 0x000001b882ceafe0,
0x000001b882cecac0, 0x000001b882cef3a0, 0x000001b882cefc70, 0x000001b882cf0920,
0x000001b882cf12e0, 0x000001b882cf4c10, 0x000001b882cc2110, 0x000001b89c139b80,
0x000001b89cf98c70, 0x000001b89c36dad0, 0x000001b89d4f45f0, 0x000001b89cf4a8e0,
0x000001b89c8eea00, 0x000001b89c089460, 0x000001b89c089e80, 0x000001b89c08a390,
0x000001b89c08a8a0, 0x000001b89c08c1f0, 0x000001b89c08b2c0, 0x000001b89c08adb0,
0x000001b89c08b7d0, 0x000001b89c08bce0, 0x000001b89c08cc10, 0x000001b89c089970,
0x000001b89e47cce0, 0x000001b89e47f560, 0x000001b89e481de0, 0x000001b89e47bdb0,
0x000001b89e47e630, 0x000001b89e483730, 0x000001b89e47f050, 0x000001b89e47fa70,
0x000001b89e47ff80, 0x000001b89e480490, 0x000001b89e4809a0, 0x000001b89e47c2c0,
0x000001b89e480eb0, 0x000001b89e4813c0, 0x000001b89e47eb40, 0x000001b89e482800
}

Java Threads: ( => current thread )
  0x000001b8e7f0ada0 JavaThread "main" [_thread_blocked, id=21856, stack(0x00000002bd900000,0x00000002bda00000)]
  0x000001b882cd7140 JavaThread "Reference Handler" daemon [_thread_blocked, id=23660, stack(0x00000002be000000,0x00000002be100000)]
  0x000001b882cd7ed0 JavaThread "Finalizer" daemon [_thread_blocked, id=23664, stack(0x00000002be100000,0x00000002be200000)]
  0x000001b882ceafe0 JavaThread "Signal Dispatcher" daemon [_thread_blocked, id=23792, stack(0x00000002be200000,0x00000002be300000)]
  0x000001b882cecac0 JavaThread "Attach Listener" daemon [_thread_blocked, id=23800, stack(0x00000002be300000,0x00000002be400000)]
  0x000001b882cef3a0 JavaThread "Service Thread" daemon [_thread_blocked, id=23804, stack(0x00000002be400000,0x00000002be500000)]
  0x000001b882cefc70 JavaThread "Monitor Deflation Thread" daemon [_thread_blocked, id=23808, stack(0x00000002be500000,0x00000002be600000)]
=>0x000001b882cf0920 JavaThread "C2 CompilerThread0" daemon [_thread_in_native, id=23812, stack(0x00000002be600000,0x00000002be700000)]
  0x000001b882cf12e0 JavaThread "C1 CompilerThread0" daemon [_thread_blocked, id=23832, stack(0x00000002be700000,0x00000002be800000)]
  0x000001b882cf4c10 JavaThread "Sweeper thread" daemon [_thread_blocked, id=23872, stack(0x00000002be800000,0x00000002be900000)]
  0x000001b882cc2110 JavaThread "Common-Cleaner" daemon [_thread_blocked, id=24128, stack(0x00000002be900000,0x00000002bea00000)]
  0x000001b89c139b80 JavaThread "Notification Thread" daemon [_thread_blocked, id=24640, stack(0x00000002bea00000,0x00000002beb00000)]
  0x000001b89cf98c70 JavaThread "Daemon health stats" [_thread_blocked, id=18440, stack(0x00000002bf300000,0x00000002bf400000)]
  0x000001b89c36dad0 JavaThread "Incoming local TCP Connector on port 65143" [_thread_in_native, id=25784, stack(0x00000002bec00000,0x00000002bed00000)]
  0x000001b89d4f45f0 JavaThread "Daemon periodic checks" [_thread_blocked, id=3880, stack(0x00000002bed00000,0x00000002bee00000)]
  0x000001b89cf4a8e0 JavaThread "Daemon" [_thread_blocked, id=2952, stack(0x00000002bf400000,0x00000002bf500000)]
  0x000001b89c8eea00 JavaThread "Handler for socket connection from /127.0.0.1:65143 to /127.0.0.1:65153" [_thread_in_native, id=11652, stack(0x00000002bf500000,0x00000002bf600000)]
  0x000001b89c089460 JavaThread "Cancel handler" [_thread_blocked, id=7304, stack(0x00000002bf600000,0x00000002bf700000)]
  0x000001b89c089e80 JavaThread "Daemon worker" [_thread_in_vm, id=7624, stack(0x00000002bf700000,0x00000002bf800000)]
  0x000001b89c08a390 JavaThread "Asynchronous log dispatcher for DefaultDaemonConnection: socket connection from /127.0.0.1:65143 to /127.0.0.1:65153" [_thread_blocked, id=27092, stack(0x00000002bf800000,0x00000002bf900000)]
  0x000001b89c08a8a0 JavaThread "Stdin handler" [_thread_blocked, id=17768, stack(0x00000002bf900000,0x00000002bfa00000)]
  0x000001b89c08c1f0 JavaThread "Daemon client event forwarder" [_thread_blocked, id=18276, stack(0x00000002bfa00000,0x00000002bfb00000)]
  0x000001b89c08b2c0 JavaThread "Cache worker for journal cache (C:\Users\–ê–ª–µ–∫—Å–∞–Ω–¥—Ä\.gradle\caches\journal-1)" [_thread_blocked, id=7852, stack(0x00000002bfb00000,0x00000002bfc00000)]
  0x000001b89c08adb0 JavaThread "File lock request listener" [_thread_in_native, id=2664, stack(0x00000002bfc00000,0x00000002bfd00000)]
  0x000001b89c08b7d0 JavaThread "Cache worker for file hash cache (C:\Users\–ê–ª–µ–∫—Å–∞–Ω–¥—Ä\.gradle\caches\8.10.2\fileHashes)" [_thread_blocked, id=25368, stack(0x00000002bfd00000,0x00000002bfe00000)]
  0x000001b89c08bce0 JavaThread "File lock release action executor" [_thread_blocked, id=27692, stack(0x00000002bfe00000,0x00000002bff00000)]
  0x000001b89c08cc10 JavaThread "Cache worker for file hash cache (C:\ProgrammingBooks\Hexlet\Modul4\08-Java-Web-Technology\isp3-Base-auth\.gradle\8.10.2\fileHashes)" [_thread_blocked, id=28252, stack(0x00000002c0300000,0x00000002c0400000)]
  0x000001b89c089970 JavaThread "Cache worker for Build Output Cleanup Cache (C:\ProgrammingBooks\Hexlet\Modul4\08-Java-Web-Technology\isp3-Base-auth\.gradle\buildOutputCleanup)" [_thread_blocked, id=28264, stack(0x00000002c0400000,0x00000002c0500000)]
  0x000001b89e47cce0 JavaThread "File watcher server" daemon [_thread_in_native, id=4020, stack(0x00000002c0700000,0x00000002c0800000)]
  0x000001b89e47f560 JavaThread "File watcher consumer" daemon [_thread_blocked, id=28744, stack(0x00000002c0800000,0x00000002c0900000)]
  0x000001b89e481de0 JavaThread "jar transforms" [_thread_blocked, id=29904, stack(0x00000002c0a00000,0x00000002c0b00000)]
  0x000001b89e47bdb0 JavaThread "jar transforms Thread 2" [_thread_blocked, id=29908, stack(0x00000002c0b00000,0x00000002c0c00000)]
  0x000001b89e47e630 JavaThread "jar transforms Thread 3" [_thread_blocked, id=29912, stack(0x00000002c0c00000,0x00000002c0d00000)]
  0x000001b89e483730 JavaThread "jar transforms Thread 4" [_thread_blocked, id=29916, stack(0x00000002c0d00000,0x00000002c0e00000)]
  0x000001b89e47f050 JavaThread "jar transforms Thread 5" [_thread_blocked, id=29920, stack(0x00000002c0e00000,0x00000002c0f00000)]
  0x000001b89e47fa70 JavaThread "jar transforms Thread 6" [_thread_blocked, id=29924, stack(0x00000002c0f00000,0x00000002c1000000)]
  0x000001b89e47ff80 JavaThread "jar transforms Thread 7" [_thread_blocked, id=29928, stack(0x00000002c1000000,0x00000002c1100000)]
  0x000001b89e480490 JavaThread "jar transforms Thread 8" [_thread_blocked, id=29932, stack(0x00000002c1100000,0x00000002c1200000)]
  0x000001b89e4809a0 JavaThread "jar transforms Thread 9" [_thread_blocked, id=29936, stack(0x00000002c1200000,0x00000002c1300000)]
  0x000001b89e47c2c0 JavaThread "jar transforms Thread 10" [_thread_blocked, id=29940, stack(0x00000002c1300000,0x00000002c1400000)]
  0x000001b89e480eb0 JavaThread "jar transforms Thread 11" [_thread_blocked, id=29944, stack(0x00000002c1400000,0x00000002c1500000)]
  0x000001b89e4813c0 JavaThread "jar transforms Thread 12" [_thread_blocked, id=29948, stack(0x00000002c1500000,0x00000002c1600000)]
  0x000001b89e47eb40 JavaThread "Cache worker for checksums cache (C:\ProgrammingBooks\Hexlet\Modul4\08-Java-Web-Technology\isp3-Base-auth\.gradle\8.10.2\checksums)" [_thread_blocked, id=30680, stack(0x00000002c1600000,0x00000002c1700000)]
  0x000001b89e482800 JavaThread "Cache worker for file content cache (C:\Users\–ê–ª–µ–∫—Å–∞–Ω–¥—Ä\.gradle\caches\8.10.2\fileContent)" [_thread_blocked, id=30708, stack(0x00000002c1700000,0x00000002c1800000)]

Other Threads:
  0x000001b882cd11c0 VMThread "VM Thread" [stack: 0x00000002bdf00000,0x00000002be000000] [id=23592]
  0x000001b8e7f0bb70 WatcherThread [stack: 0x00000002beb00000,0x00000002bec00000] [id=24652]
  0x000001b8e7f37f50 GCTaskThread "GC Thread#0" [stack: 0x00000002bda00000,0x00000002bdb00000] [id=17772]
  0x000001b89c36eaf0 GCTaskThread "GC Thread#1" [stack: 0x00000002bee00000,0x00000002bef00000] [id=25728]
  0x000001b89c2220d0 GCTaskThread "GC Thread#2" [stack: 0x00000002bef00000,0x00000002bf000000] [id=25732]
  0x000001b89c36d3e0 GCTaskThread "GC Thread#3" [stack: 0x00000002bf000000,0x00000002bf100000] [id=25736]
  0x000001b89c04fc60 GCTaskThread "GC Thread#4" [stack: 0x00000002bf100000,0x00000002bf200000] [id=25740]
  0x000001b89c1df390 GCTaskThread "GC Thread#5" [stack: 0x00000002bf200000,0x00000002bf300000] [id=25744]
  0x000001b89cf84790 GCTaskThread "GC Thread#6" [stack: 0x00000002bff00000,0x00000002c0000000] [id=27944]
  0x000001b89cf85ad0 GCTaskThread "GC Thread#7" [stack: 0x00000002c0000000,0x00000002c0100000] [id=27948]
  0x000001b89cf85290 GCTaskThread "GC Thread#8" [stack: 0x00000002c0100000,0x00000002c0200000] [id=27952]
  0x000001b89cf85d90 GCTaskThread "GC Thread#9" [stack: 0x00000002c0200000,0x00000002c0300000] [id=27956]
  0x000001b8e7f3ddc0 ConcurrentGCThread "G1 Main Marker" [stack: 0x00000002bdb00000,0x00000002bdc00000] [id=17432]
  0x000001b8e7f3e6e0 ConcurrentGCThread "G1 Conc#0" [stack: 0x00000002bdc00000,0x00000002bdd00000] [id=960]
  0x000001b89cf85810 ConcurrentGCThread "G1 Conc#1" [stack: 0x00000002c0500000,0x00000002c0600000] [id=28268]
  0x000001b89cf84d10 ConcurrentGCThread "G1 Conc#2" [stack: 0x00000002c0600000,0x00000002c0700000] [id=28272]
  0x000001b8e7fde670 ConcurrentGCThread "G1 Refine#0" [stack: 0x00000002bdd00000,0x00000002bde00000] [id=22804]
  0x000001b882b964f0 ConcurrentGCThread "G1 Service" [stack: 0x00000002bde00000,0x00000002bdf00000] [id=22808]

Threads with active compile tasks:
C2 CompilerThread0    72133 3644       4       org.objectweb.asm.SymbolTable::put (150 bytes)

VM state: not at safepoint (normal execution)

VM Mutex/Monitor currently owned by a thread: None

Heap address: 0x00000000e0000000, size: 512 MB, Compressed Oops mode: 32-bit

CDS archive(s) mapped at: [0x000001b883000000-0x000001b883bd0000-0x000001b883bd0000), size 12386304, SharedBaseAddress: 0x000001b883000000, ArchiveRelocationMode: 1.
Compressed class space mapped at: 0x000001b884000000-0x000001b898000000, reserved size: 335544320
Narrow klass base: 0x000001b883000000, Narrow klass shift: 0, Narrow klass range: 0x100000000

GC Precious Log:
 CPUs: 12 total, 12 available
 Memory: 16225M
 Large Page Support: Disabled
 NUMA Support: Disabled
 Compressed Oops: Enabled (32-bit)
 Heap Region Size: 1M
 Heap Min Capacity: 256M
 Heap Initial Capacity: 256M
 Heap Max Capacity: 512M
 Pre-touch: Disabled
 Parallel Workers: 10
 Concurrent Workers: 3
 Concurrent Refinement Workers: 10
 Periodic GC: Disabled

Heap:
 garbage-first heap   total 262144K, used 111220K [0x00000000e0000000, 0x0000000100000000)
  region size 1024K, 75 young (76800K), 13 survivors (13312K)
 Metaspace       used 27126K, committed 27584K, reserved 393216K
  class space    used 4051K, committed 4288K, reserved 327680K

Heap Regions: E=young(eden), S=young(survivor), O=old, HS=humongous(starts), HC=humongous(continues), CS=collection set, F=free, OA=open archive, CA=closed archive, TAMS=top-at-mark-start (previous, next)
|   0|0x00000000e0000000, 0x00000000e0100000, 0x00000000e0100000|100%|HS|  |TAMS 0x00000000e0100000, 0x00000000e0000000| Complete 
|   1|0x00000000e0100000, 0x00000000e0200000, 0x00000000e0200000|100%|HC|  |TAMS 0x00000000e0200000, 0x00000000e0100000| Complete 
|   2|0x00000000e0200000, 0x00000000e0300000, 0x00000000e0300000|100%|HC|  |TAMS 0x00000000e0300000, 0x00000000e0200000| Complete 
|   3|0x00000000e0300000, 0x00000000e0400000, 0x00000000e0400000|100%|HC|  |TAMS 0x00000000e0400000, 0x00000000e0300000| Complete 
|   4|0x00000000e0400000, 0x00000000e0500000, 0x00000000e0500000|100%| O|  |TAMS 0x00000000e0500000, 0x00000000e0400000| Untracked 
|   5|0x00000000e0500000, 0x00000000e0600000, 0x00000000e0600000|100%| O|  |TAMS 0x00000000e0600000, 0x00000000e0500000| Untracked 
|   6|0x00000000e0600000, 0x00000000e0700000, 0x00000000e0700000|100%| O|  |TAMS 0x00000000e0630600, 0x00000000e0600000| Untracked 
|   7|0x00000000e0700000, 0x00000000e0800000, 0x00000000e0800000|100%|HS|  |TAMS 0x00000000e0800000, 0x00000000e0700000| Complete 
|   8|0x00000000e0800000, 0x00000000e0900000, 0x00000000e0900000|100%| O|  |TAMS 0x00000000e0800000, 0x00000000e0800000| Untracked 
|   9|0x00000000e0900000, 0x00000000e0a00000, 0x00000000e0a00000|100%| O|  |TAMS 0x00000000e0900000, 0x00000000e0900000| Untracked 
|  10|0x00000000e0a00000, 0x00000000e0b00000, 0x00000000e0b00000|100%| O|  |TAMS 0x00000000e0a00000, 0x00000000e0a00000| Untracked 
|  11|0x00000000e0b00000, 0x00000000e0bff000, 0x00000000e0c00000| 99%| O|  |TAMS 0x00000000e0b00000, 0x00000000e0b00000| Untracked 
|  12|0x00000000e0c00000, 0x00000000e0d00000, 0x00000000e0d00000|100%|HS|  |TAMS 0x00000000e0c00000, 0x00000000e0c00000| Complete 
|  13|0x00000000e0d00000, 0x00000000e0e00000, 0x00000000e0e00000|100%|HC|  |TAMS 0x00000000e0d00000, 0x00000000e0d00000| Complete 
|  14|0x00000000e0e00000, 0x00000000e0f00000, 0x00000000e0f00000|100%|HC|  |TAMS 0x00000000e0e00000, 0x00000000e0e00000| Complete 
|  15|0x00000000e0f00000, 0x00000000e1000000, 0x00000000e1000000|100%|HC|  |TAMS 0x00000000e0f00000, 0x00000000e0f00000| Complete 
|  16|0x00000000e1000000, 0x00000000e1100000, 0x00000000e1100000|100%|HC|  |TAMS 0x00000000e1000000, 0x00000000e1000000| Complete 
|  17|0x00000000e1100000, 0x00000000e1200000, 0x00000000e1200000|100%|HC|  |TAMS 0x00000000e1100000, 0x00000000e1100000| Complete 
|  18|0x00000000e1200000, 0x00000000e1300000, 0x00000000e1300000|100%|HS|  |TAMS 0x00000000e1200000, 0x00000000e1200000| Complete 
|  19|0x00000000e1300000, 0x00000000e1400000, 0x00000000e1400000|100%|HC|  |TAMS 0x00000000e1300000, 0x00000000e1300000| Complete 
|  20|0x00000000e1400000, 0x00000000e1500000, 0x00000000e1500000|100%|HC|  |TAMS 0x00000000e1400000, 0x00000000e1400000| Complete 
|  21|0x00000000e1500000, 0x00000000e1600000, 0x00000000e1600000|100%|HS|  |TAMS 0x00000000e1500000, 0x00000000e1500000| Complete 
|  22|0x00000000e1600000, 0x00000000e1700000, 0x00000000e1700000|100%|HC|  |TAMS 0x00000000e1600000, 0x00000000e1600000| Complete 
|  23|0x00000000e1700000, 0x00000000e1800000, 0x00000000e1800000|100%|HS|  |TAMS 0x00000000e1700000, 0x00000000e1700000| Complete 
|  24|0x00000000e1800000, 0x00000000e1900000, 0x00000000e1900000|100%|HS|  |TAMS 0x00000000e1800000, 0x00000000e1800000| Complete 
|  25|0x00000000e1900000, 0x00000000e1a00000, 0x00000000e1a00000|100%|HC|  |TAMS 0x00000000e1900000, 0x00000000e1900000| Complete 
|  26|0x00000000e1a00000, 0x00000000e1b00000, 0x00000000e1b00000|100%|HC|  |TAMS 0x00000000e1a00000, 0x00000000e1a00000| Complete 
|  27|0x00000000e1b00000, 0x00000000e1c00000, 0x00000000e1c00000|100%|HC|  |TAMS 0x00000000e1b00000, 0x00000000e1b00000| Complete 
|  28|0x00000000e1c00000, 0x00000000e1d00000, 0x00000000e1d00000|100%|HC|  |TAMS 0x00000000e1c00000, 0x00000000e1c00000| Complete 
|  29|0x00000000e1d00000, 0x00000000e1e00000, 0x00000000e1e00000|100%|HC|  |TAMS 0x00000000e1d00000, 0x00000000e1d00000| Complete 
|  30|0x00000000e1e00000, 0x00000000e1f00000, 0x00000000e1f00000|100%|HS|  |TAMS 0x00000000e1e00000, 0x00000000e1e00000| Complete 
|  31|0x00000000e1f00000, 0x00000000e2000000, 0x00000000e2000000|100%|HC|  |TAMS 0x00000000e1f00000, 0x00000000e1f00000| Complete 
|  32|0x00000000e2000000, 0x00000000e2100000, 0x00000000e2100000|100%|HC|  |TAMS 0x00000000e2000000, 0x00000000e2000000| Complete 
|  33|0x00000000e2100000, 0x00000000e2200000, 0x00000000e2200000|100%|HS|  |TAMS 0x00000000e2100000, 0x00000000e2100000| Complete 
|  34|0x00000000e2200000, 0x00000000e2300000, 0x00000000e2300000|100%|HC|  |TAMS 0x00000000e2200000, 0x00000000e2200000| Complete 
|  35|0x00000000e2300000, 0x00000000e2400000, 0x00000000e2400000|100%|HS|  |TAMS 0x00000000e2300000, 0x00000000e2300000| Complete 
|  36|0x00000000e2400000, 0x00000000e2400000, 0x00000000e2500000|  0%| F|  |TAMS 0x00000000e2400000, 0x00000000e2400000| Untracked 
|  37|0x00000000e2500000, 0x00000000e2500000, 0x00000000e2600000|  0%| F|  |TAMS 0x00000000e2500000, 0x00000000e2500000| Untracked 
|  38|0x00000000e2600000, 0x00000000e2600000, 0x00000000e2700000|  0%| F|  |TAMS 0x00000000e2600000, 0x00000000e2600000| Untracked 
|  39|0x00000000e2700000, 0x00000000e2700000, 0x00000000e2800000|  0%| F|  |TAMS 0x00000000e2700000, 0x00000000e2700000| Untracked 
|  40|0x00000000e2800000, 0x00000000e2800000, 0x00000000e2900000|  0%| F|  |TAMS 0x00000000e2800000, 0x00000000e2800000| Untracked 
|  41|0x00000000e2900000, 0x00000000e2900000, 0x00000000e2a00000|  0%| F|  |TAMS 0x00000000e2900000, 0x00000000e2900000| Untracked 
|  42|0x00000000e2a00000, 0x00000000e2a00000, 0x00000000e2b00000|  0%| F|  |TAMS 0x00000000e2a00000, 0x00000000e2a00000| Untracked 
|  43|0x00000000e2b00000, 0x00000000e2b00000, 0x00000000e2c00000|  0%| F|  |TAMS 0x00000000e2b00000, 0x00000000e2b00000| Untracked 
|  44|0x00000000e2c00000, 0x00000000e2c00000, 0x00000000e2d00000|  0%| F|  |TAMS 0x00000000e2c00000, 0x00000000e2c00000| Untracked 
|  45|0x00000000e2d00000, 0x00000000e2d00000, 0x00000000e2e00000|  0%| F|  |TAMS 0x00000000e2d00000, 0x00000000e2d00000| Untracked 
|  46|0x00000000e2e00000, 0x00000000e2e00000, 0x00000000e2f00000|  0%| F|  |TAMS 0x00000000e2e00000, 0x00000000e2e00000| Untracked 
|  47|0x00000000e2f00000, 0x00000000e2f00000, 0x00000000e3000000|  0%| F|  |TAMS 0x00000000e2f00000, 0x00000000e2f00000| Untracked 
|  48|0x00000000e3000000, 0x00000000e3000000, 0x00000000e3100000|  0%| F|  |TAMS 0x00000000e3000000, 0x00000000e3000000| Untracked 
|  49|0x00000000e3100000, 0x00000000e3100000, 0x00000000e3200000|  0%| F|  |TAMS 0x00000000e3100000, 0x00000000e3100000| Untracked 
|  50|0x00000000e3200000, 0x00000000e3200000, 0x00000000e3300000|  0%| F|  |TAMS 0x00000000e3200000, 0x00000000e3200000| Untracked 
|  51|0x00000000e3300000, 0x00000000e3300000, 0x00000000e3400000|  0%| F|  |TAMS 0x00000000e3300000, 0x00000000e3300000| Untracked 
|  52|0x00000000e3400000, 0x00000000e3400000, 0x00000000e3500000|  0%| F|  |TAMS 0x00000000e3400000, 0x00000000e3400000| Untracked 
|  53|0x00000000e3500000, 0x00000000e3500000, 0x00000000e3600000|  0%| F|  |TAMS 0x00000000e3500000, 0x00000000e3500000| Untracked 
|  54|0x00000000e3600000, 0x00000000e3600000, 0x00000000e3700000|  0%| F|  |TAMS 0x00000000e3600000, 0x00000000e3600000| Untracked 
|  55|0x00000000e3700000, 0x00000000e3700000, 0x00000000e3800000|  0%| F|  |TAMS 0x00000000e3700000, 0x00000000e3700000| Untracked 
|  56|0x00000000e3800000, 0x00000000e3800000, 0x00000000e3900000|  0%| F|  |TAMS 0x00000000e3800000, 0x00000000e3800000| Untracked 
|  57|0x00000000e3900000, 0x00000000e3900000, 0x00000000e3a00000|  0%| F|  |TAMS 0x00000000e3900000, 0x00000000e3900000| Untracked 
|  58|0x00000000e3a00000, 0x00000000e3a00000, 0x00000000e3b00000|  0%| F|  |TAMS 0x00000000e3a00000, 0x00000000e3a00000| Untracked 
|  59|0x00000000e3b00000, 0x00000000e3b00000, 0x00000000e3c00000|  0%| F|  |TAMS 0x00000000e3b00000, 0x00000000e3b00000| Untracked 
|  60|0x00000000e3c00000, 0x00000000e3c00000, 0x00000000e3d00000|  0%| F|  |TAMS 0x00000000e3c00000, 0x00000000e3c00000| Untracked 
|  61|0x00000000e3d00000, 0x00000000e3d00000, 0x00000000e3e00000|  0%| F|  |TAMS 0x00000000e3d00000, 0x00000000e3d00000| Untracked 
|  62|0x00000000e3e00000, 0x00000000e3e00000, 0x00000000e3f00000|  0%| F|  |TAMS 0x00000000e3e00000, 0x00000000e3e00000| Untracked 
|  63|0x00000000e3f00000, 0x00000000e3f00000, 0x00000000e4000000|  0%| F|  |TAMS 0x00000000e3f00000, 0x00000000e3f00000| Untracked 
|  64|0x00000000e4000000, 0x00000000e4000000, 0x00000000e4100000|  0%| F|  |TAMS 0x00000000e4000000, 0x00000000e4000000| Untracked 
|  65|0x00000000e4100000, 0x00000000e4100000, 0x00000000e4200000|  0%| F|  |TAMS 0x00000000e4100000, 0x00000000e4100000| Untracked 
|  66|0x00000000e4200000, 0x00000000e4200000, 0x00000000e4300000|  0%| F|  |TAMS 0x00000000e4200000, 0x00000000e4200000| Untracked 
|  67|0x00000000e4300000, 0x00000000e4300000, 0x00000000e4400000|  0%| F|  |TAMS 0x00000000e4300000, 0x00000000e4300000| Untracked 
|  68|0x00000000e4400000, 0x00000000e4400000, 0x00000000e4500000|  0%| F|  |TAMS 0x00000000e4400000, 0x00000000e4400000| Untracked 
|  69|0x00000000e4500000, 0x00000000e4500000, 0x00000000e4600000|  0%| F|  |TAMS 0x00000000e4500000, 0x00000000e4500000| Untracked 
|  70|0x00000000e4600000, 0x00000000e4600000, 0x00000000e4700000|  0%| F|  |TAMS 0x00000000e4600000, 0x00000000e4600000| Untracked 
|  71|0x00000000e4700000, 0x00000000e4700000, 0x00000000e4800000|  0%| F|  |TAMS 0x00000000e4700000, 0x00000000e4700000| Untracked 
|  72|0x00000000e4800000, 0x00000000e4800000, 0x00000000e4900000|  0%| F|  |TAMS 0x00000000e4800000, 0x00000000e4800000| Untracked 
|  73|0x00000000e4900000, 0x00000000e4900000, 0x00000000e4a00000|  0%| F|  |TAMS 0x00000000e4900000, 0x00000000e4900000| Untracked 
|  74|0x00000000e4a00000, 0x00000000e4a00000, 0x00000000e4b00000|  0%| F|  |TAMS 0x00000000e4a00000, 0x00000000e4a00000| Untracked 
|  75|0x00000000e4b00000, 0x00000000e4b00000, 0x00000000e4c00000|  0%| F|  |TAMS 0x00000000e4b00000, 0x00000000e4b00000| Untracked 
|  76|0x00000000e4c00000, 0x00000000e4c00000, 0x00000000e4d00000|  0%| F|  |TAMS 0x00000000e4c00000, 0x00000000e4c00000| Untracked 
|  77|0x00000000e4d00000, 0x00000000e4d00000, 0x00000000e4e00000|  0%| F|  |TAMS 0x00000000e4d00000, 0x00000000e4d00000| Untracked 
|  78|0x00000000e4e00000, 0x00000000e4e00000, 0x00000000e4f00000|  0%| F|  |TAMS 0x00000000e4e00000, 0x00000000e4e00000| Untracked 
|  79|0x00000000e4f00000, 0x00000000e4f00000, 0x00000000e5000000|  0%| F|  |TAMS 0x00000000e4f00000, 0x00000000e4f00000| Untracked 
|  80|0x00000000e5000000, 0x00000000e5000000, 0x00000000e5100000|  0%| F|  |TAMS 0x00000000e5000000, 0x00000000e5000000| Untracked 
|  81|0x00000000e5100000, 0x00000000e5100000, 0x00000000e5200000|  0%| F|  |TAMS 0x00000000e5100000, 0x00000000e5100000| Untracked 
|  82|0x00000000e5200000, 0x00000000e5200000, 0x00000000e5300000|  0%| F|  |TAMS 0x00000000e5200000, 0x00000000e5200000| Untracked 
|  83|0x00000000e5300000, 0x00000000e5300000, 0x00000000e5400000|  0%| F|  |TAMS 0x00000000e5300000, 0x00000000e5300000| Untracked 
|  84|0x00000000e5400000, 0x00000000e5400000, 0x00000000e5500000|  0%| F|  |TAMS 0x00000000e5400000, 0x00000000e5400000| Untracked 
|  85|0x00000000e5500000, 0x00000000e5500000, 0x00000000e5600000|  0%| F|  |TAMS 0x00000000e5500000, 0x00000000e5500000| Untracked 
|  86|0x00000000e5600000, 0x00000000e5600000, 0x00000000e5700000|  0%| F|  |TAMS 0x00000000e5600000, 0x00000000e5600000| Untracked 
|  87|0x00000000e5700000, 0x00000000e5700000, 0x00000000e5800000|  0%| F|  |TAMS 0x00000000e5700000, 0x00000000e5700000| Untracked 
|  88|0x00000000e5800000, 0x00000000e5800000, 0x00000000e5900000|  0%| F|  |TAMS 0x00000000e5800000, 0x00000000e5800000| Untracked 
|  89|0x00000000e5900000, 0x00000000e5900000, 0x00000000e5a00000|  0%| F|  |TAMS 0x00000000e5900000, 0x00000000e5900000| Untracked 
|  90|0x00000000e5a00000, 0x00000000e5a00000, 0x00000000e5b00000|  0%| F|  |TAMS 0x00000000e5a00000, 0x00000000e5a00000| Untracked 
|  91|0x00000000e5b00000, 0x00000000e5b00000, 0x00000000e5c00000|  0%| F|  |TAMS 0x00000000e5b00000, 0x00000000e5b00000| Untracked 
|  92|0x00000000e5c00000, 0x00000000e5c00000, 0x00000000e5d00000|  0%| F|  |TAMS 0x00000000e5c00000, 0x00000000e5c00000| Untracked 
|  93|0x00000000e5d00000, 0x00000000e5d00000, 0x00000000e5e00000|  0%| F|  |TAMS 0x00000000e5d00000, 0x00000000e5d00000| Untracked 
|  94|0x00000000e5e00000, 0x00000000e5e00000, 0x00000000e5f00000|  0%| F|  |TAMS 0x00000000e5e00000, 0x00000000e5e00000| Untracked 
|  95|0x00000000e5f00000, 0x00000000e5f00000, 0x00000000e6000000|  0%| F|  |TAMS 0x00000000e5f00000, 0x00000000e5f00000| Untracked 
|  96|0x00000000e6000000, 0x00000000e6000000, 0x00000000e6100000|  0%| F|  |TAMS 0x00000000e6000000, 0x00000000e6000000| Untracked 
|  97|0x00000000e6100000, 0x00000000e6100000, 0x00000000e6200000|  0%| F|  |TAMS 0x00000000e6100000, 0x00000000e6100000| Untracked 
|  98|0x00000000e6200000, 0x00000000e6200000, 0x00000000e6300000|  0%| F|  |TAMS 0x00000000e6200000, 0x00000000e6200000| Untracked 
|  99|0x00000000e6300000, 0x00000000e6300000, 0x00000000e6400000|  0%| F|  |TAMS 0x00000000e6300000, 0x00000000e6300000| Untracked 
| 100|0x00000000e6400000, 0x00000000e6400000, 0x00000000e6500000|  0%| F|  |TAMS 0x00000000e6400000, 0x00000000e6400000| Untracked 
| 101|0x00000000e6500000, 0x00000000e6500000, 0x00000000e6600000|  0%| F|  |TAMS 0x00000000e6500000, 0x00000000e6500000| Untracked 
| 102|0x00000000e6600000, 0x00000000e6600000, 0x00000000e6700000|  0%| F|  |TAMS 0x00000000e6600000, 0x00000000e6600000| Untracked 
| 103|0x00000000e6700000, 0x00000000e6700000, 0x00000000e6800000|  0%| F|  |TAMS 0x00000000e6700000, 0x00000000e6700000| Untracked 
| 104|0x00000000e6800000, 0x00000000e6800000, 0x00000000e6900000|  0%| F|  |TAMS 0x00000000e6800000, 0x00000000e6800000| Untracked 
| 105|0x00000000e6900000, 0x00000000e6900000, 0x00000000e6a00000|  0%| F|  |TAMS 0x00000000e6900000, 0x00000000e6900000| Untracked 
| 106|0x00000000e6a00000, 0x00000000e6a00000, 0x00000000e6b00000|  0%| F|  |TAMS 0x00000000e6a00000, 0x00000000e6a00000| Untracked 
| 107|0x00000000e6b00000, 0x00000000e6b00000, 0x00000000e6c00000|  0%| F|  |TAMS 0x00000000e6b00000, 0x00000000e6b00000| Untracked 
| 108|0x00000000e6c00000, 0x00000000e6c00000, 0x00000000e6d00000|  0%| F|  |TAMS 0x00000000e6c00000, 0x00000000e6c00000| Untracked 
| 109|0x00000000e6d00000, 0x00000000e6d00000, 0x00000000e6e00000|  0%| F|  |TAMS 0x00000000e6d00000, 0x00000000e6d00000| Untracked 
| 110|0x00000000e6e00000, 0x00000000e6e00000, 0x00000000e6f00000|  0%| F|  |TAMS 0x00000000e6e00000, 0x00000000e6e00000| Untracked 
| 111|0x00000000e6f00000, 0x00000000e6f00000, 0x00000000e7000000|  0%| F|  |TAMS 0x00000000e6f00000, 0x00000000e6f00000| Untracked 
| 112|0x00000000e7000000, 0x00000000e7000000, 0x00000000e7100000|  0%| F|  |TAMS 0x00000000e7000000, 0x00000000e7000000| Untracked 
| 113|0x00000000e7100000, 0x00000000e7100000, 0x00000000e7200000|  0%| F|  |TAMS 0x00000000e7100000, 0x00000000e7100000| Untracked 
| 114|0x00000000e7200000, 0x00000000e7200000, 0x00000000e7300000|  0%| F|  |TAMS 0x00000000e7200000, 0x00000000e7200000| Untracked 
| 115|0x00000000e7300000, 0x00000000e7300000, 0x00000000e7400000|  0%| F|  |TAMS 0x00000000e7300000, 0x00000000e7300000| Untracked 
| 116|0x00000000e7400000, 0x00000000e7400000, 0x00000000e7500000|  0%| F|  |TAMS 0x00000000e7400000, 0x00000000e7400000| Untracked 
| 117|0x00000000e7500000, 0x00000000e7500000, 0x00000000e7600000|  0%| F|  |TAMS 0x00000000e7500000, 0x00000000e7500000| Untracked 
| 118|0x00000000e7600000, 0x00000000e7600000, 0x00000000e7700000|  0%| F|  |TAMS 0x00000000e7600000, 0x00000000e7600000| Untracked 
| 119|0x00000000e7700000, 0x00000000e7700000, 0x00000000e7800000|  0%| F|  |TAMS 0x00000000e7700000, 0x00000000e7700000| Untracked 
| 120|0x00000000e7800000, 0x00000000e7800000, 0x00000000e7900000|  0%| F|  |TAMS 0x00000000e7800000, 0x00000000e7800000| Untracked 
| 121|0x00000000e7900000, 0x00000000e7900000, 0x00000000e7a00000|  0%| F|  |TAMS 0x00000000e7900000, 0x00000000e7900000| Untracked 
| 122|0x00000000e7a00000, 0x00000000e7a00000, 0x00000000e7b00000|  0%| F|  |TAMS 0x00000000e7a00000, 0x00000000e7a00000| Untracked 
| 123|0x00000000e7b00000, 0x00000000e7b00000, 0x00000000e7c00000|  0%| F|  |TAMS 0x00000000e7b00000, 0x00000000e7b00000| Untracked 
| 124|0x00000000e7c00000, 0x00000000e7c00000, 0x00000000e7d00000|  0%| F|  |TAMS 0x00000000e7c00000, 0x00000000e7c00000| Untracked 
| 125|0x00000000e7d00000, 0x00000000e7d00000, 0x00000000e7e00000|  0%| F|  |TAMS 0x00000000e7d00000, 0x00000000e7d00000| Untracked 
| 126|0x00000000e7e00000, 0x00000000e7e00000, 0x00000000e7f00000|  0%| F|  |TAMS 0x00000000e7e00000, 0x00000000e7e00000| Untracked 
| 127|0x00000000e7f00000, 0x00000000e7f00000, 0x00000000e8000000|  0%| F|  |TAMS 0x00000000e7f00000, 0x00000000e7f00000| Untracked 
| 128|0x00000000e8000000, 0x00000000e8000000, 0x00000000e8100000|  0%| F|  |TAMS 0x00000000e8000000, 0x00000000e8000000| Untracked 
| 129|0x00000000e8100000, 0x00000000e8100000, 0x00000000e8200000|  0%| F|  |TAMS 0x00000000e8100000, 0x00000000e8100000| Untracked 
| 130|0x00000000e8200000, 0x00000000e8200000, 0x00000000e8300000|  0%| F|  |TAMS 0x00000000e8200000, 0x00000000e8200000| Untracked 
| 131|0x00000000e8300000, 0x00000000e8300000, 0x00000000e8400000|  0%| F|  |TAMS 0x00000000e8300000, 0x00000000e8300000| Untracked 
| 132|0x00000000e8400000, 0x00000000e8400000, 0x00000000e8500000|  0%| F|  |TAMS 0x00000000e8400000, 0x00000000e8400000| Untracked 
| 133|0x00000000e8500000, 0x00000000e8500000, 0x00000000e8600000|  0%| F|  |TAMS 0x00000000e8500000, 0x00000000e8500000| Untracked 
| 134|0x00000000e8600000, 0x00000000e8600000, 0x00000000e8700000|  0%| F|  |TAMS 0x00000000e8600000, 0x00000000e8600000| Untracked 
| 135|0x00000000e8700000, 0x00000000e8700000, 0x00000000e8800000|  0%| F|  |TAMS 0x00000000e8700000, 0x00000000e8700000| Untracked 
| 136|0x00000000e8800000, 0x00000000e8800000, 0x00000000e8900000|  0%| F|  |TAMS 0x00000000e8800000, 0x00000000e8800000| Untracked 
| 137|0x00000000e8900000, 0x00000000e8900000, 0x00000000e8a00000|  0%| F|  |TAMS 0x00000000e8900000, 0x00000000e8900000| Untracked 
| 138|0x00000000e8a00000, 0x00000000e8a00000, 0x00000000e8b00000|  0%| F|  |TAMS 0x00000000e8a00000, 0x00000000e8a00000| Untracked 
| 139|0x00000000e8b00000, 0x00000000e8b00000, 0x00000000e8c00000|  0%| F|  |TAMS 0x00000000e8b00000, 0x00000000e8b00000| Untracked 
| 140|0x00000000e8c00000, 0x00000000e8c00000, 0x00000000e8d00000|  0%| F|  |TAMS 0x00000000e8c00000, 0x00000000e8c00000| Untracked 
| 141|0x00000000e8d00000, 0x00000000e8d00000, 0x00000000e8e00000|  0%| F|  |TAMS 0x00000000e8d00000, 0x00000000e8d00000| Untracked 
| 142|0x00000000e8e00000, 0x00000000e8e00000, 0x00000000e8f00000|  0%| F|  |TAMS 0x00000000e8e00000, 0x00000000e8e00000| Untracked 
| 143|0x00000000e8f00000, 0x00000000e8f00000, 0x00000000e9000000|  0%| F|  |TAMS 0x00000000e8f00000, 0x00000000e8f00000| Untracked 
| 144|0x00000000e9000000, 0x00000000e9000000, 0x00000000e9100000|  0%| F|  |TAMS 0x00000000e9000000, 0x00000000e9000000| Untracked 
| 145|0x00000000e9100000, 0x00000000e9100000, 0x00000000e9200000|  0%| F|  |TAMS 0x00000000e9100000, 0x00000000e9100000| Untracked 
| 146|0x00000000e9200000, 0x00000000e9200000, 0x00000000e9300000|  0%| F|  |TAMS 0x00000000e9200000, 0x00000000e9200000| Untracked 
| 147|0x00000000e9300000, 0x00000000e9300000, 0x00000000e9400000|  0%| F|  |TAMS 0x00000000e9300000, 0x00000000e9300000| Untracked 
| 148|0x00000000e9400000, 0x00000000e9400000, 0x00000000e9500000|  0%| F|  |TAMS 0x00000000e9400000, 0x00000000e9400000| Untracked 
| 149|0x00000000e9500000, 0x00000000e9500000, 0x00000000e9600000|  0%| F|  |TAMS 0x00000000e9500000, 0x00000000e9500000| Untracked 
| 150|0x00000000e9600000, 0x00000000e9600000, 0x00000000e9700000|  0%| F|  |TAMS 0x00000000e9600000, 0x00000000e9600000| Untracked 
| 151|0x00000000e9700000, 0x00000000e9700000, 0x00000000e9800000|  0%| F|  |TAMS 0x00000000e9700000, 0x00000000e9700000| Untracked 
| 152|0x00000000e9800000, 0x00000000e9800000, 0x00000000e9900000|  0%| F|  |TAMS 0x00000000e9800000, 0x00000000e9800000| Untracked 
| 153|0x00000000e9900000, 0x00000000e9900000, 0x00000000e9a00000|  0%| F|  |TAMS 0x00000000e9900000, 0x00000000e9900000| Untracked 
| 154|0x00000000e9a00000, 0x00000000e9a00000, 0x00000000e9b00000|  0%| F|  |TAMS 0x00000000e9a00000, 0x00000000e9a00000| Untracked 
| 155|0x00000000e9b00000, 0x00000000e9b00000, 0x00000000e9c00000|  0%| F|  |TAMS 0x00000000e9b00000, 0x00000000e9b00000| Untracked 
| 156|0x00000000e9c00000, 0x00000000e9c00000, 0x00000000e9d00000|  0%| F|  |TAMS 0x00000000e9c00000, 0x00000000e9c00000| Untracked 
| 157|0x00000000e9d00000, 0x00000000e9d00000, 0x00000000e9e00000|  0%| F|  |TAMS 0x00000000e9d00000, 0x00000000e9d00000| Untracked 
| 158|0x00000000e9e00000, 0x00000000e9e00000, 0x00000000e9f00000|  0%| F|  |TAMS 0x00000000e9e00000, 0x00000000e9e00000| Untracked 
| 159|0x00000000e9f00000, 0x00000000e9f00000, 0x00000000ea000000|  0%| F|  |TAMS 0x00000000e9f00000, 0x00000000e9f00000| Untracked 
| 160|0x00000000ea000000, 0x00000000ea000000, 0x00000000ea100000|  0%| F|  |TAMS 0x00000000ea000000, 0x00000000ea000000| Untracked 
| 161|0x00000000ea100000, 0x00000000ea100000, 0x00000000ea200000|  0%| F|  |TAMS 0x00000000ea100000, 0x00000000ea100000| Untracked 
| 162|0x00000000ea200000, 0x00000000ea200000, 0x00000000ea300000|  0%| F|  |TAMS 0x00000000ea200000, 0x00000000ea200000| Untracked 
| 163|0x00000000ea300000, 0x00000000ea300000, 0x00000000ea400000|  0%| F|  |TAMS 0x00000000ea300000, 0x00000000ea300000| Untracked 
| 164|0x00000000ea400000, 0x00000000ea400000, 0x00000000ea500000|  0%| F|  |TAMS 0x00000000ea400000, 0x00000000ea400000| Untracked 
| 165|0x00000000ea500000, 0x00000000ea500000, 0x00000000ea600000|  0%| F|  |TAMS 0x00000000ea500000, 0x00000000ea500000| Untracked 
| 166|0x00000000ea600000, 0x00000000ea600000, 0x00000000ea700000|  0%| F|  |TAMS 0x00000000ea600000, 0x00000000ea600000| Untracked 
| 167|0x00000000ea700000, 0x00000000ea700000, 0x00000000ea800000|  0%| F|  |TAMS 0x00000000ea700000, 0x00000000ea700000| Untracked 
| 168|0x00000000ea800000, 0x00000000ea800000, 0x00000000ea900000|  0%| F|  |TAMS 0x00000000ea800000, 0x00000000ea800000| Untracked 
| 169|0x00000000ea900000, 0x00000000ea900000, 0x00000000eaa00000|  0%| F|  |TAMS 0x00000000ea900000, 0x00000000ea900000| Untracked 
| 170|0x00000000eaa00000, 0x00000000eaa00000, 0x00000000eab00000|  0%| F|  |TAMS 0x00000000eaa00000, 0x00000000eaa00000| Untracked 
| 171|0x00000000eab00000, 0x00000000eab00000, 0x00000000eac00000|  0%| F|  |TAMS 0x00000000eab00000, 0x00000000eab00000| Untracked 
| 172|0x00000000eac00000, 0x00000000eac00000, 0x00000000ead00000|  0%| F|  |TAMS 0x00000000eac00000, 0x00000000eac00000| Untracked 
| 173|0x00000000ead00000, 0x00000000ead00000, 0x00000000eae00000|  0%| F|  |TAMS 0x00000000ead00000, 0x00000000ead00000| Untracked 
| 174|0x00000000eae00000, 0x00000000eae00000, 0x00000000eaf00000|  0%| F|  |TAMS 0x00000000eae00000, 0x00000000eae00000| Untracked 
| 175|0x00000000eaf00000, 0x00000000eaf00000, 0x00000000eb000000|  0%| F|  |TAMS 0x00000000eaf00000, 0x00000000eaf00000| Untracked 
| 176|0x00000000eb000000, 0x00000000eb000000, 0x00000000eb100000|  0%| F|  |TAMS 0x00000000eb000000, 0x00000000eb000000| Untracked 
| 177|0x00000000eb100000, 0x00000000eb100000, 0x00000000eb200000|  0%| F|  |TAMS 0x00000000eb100000, 0x00000000eb100000| Untracked 
| 178|0x00000000eb200000, 0x00000000eb200000, 0x00000000eb300000|  0%| F|  |TAMS 0x00000000eb200000, 0x00000000eb200000| Untracked 
| 179|0x00000000eb300000, 0x00000000eb300000, 0x00000000eb400000|  0%| F|  |TAMS 0x00000000eb300000, 0x00000000eb300000| Untracked 
| 180|0x00000000eb400000, 0x00000000eb400000, 0x00000000eb500000|  0%| F|  |TAMS 0x00000000eb400000, 0x00000000eb400000| Untracked 
| 181|0x00000000eb500000, 0x00000000eb580800, 0x00000000eb600000| 50%| E|  |TAMS 0x00000000eb500000, 0x00000000eb500000| Complete 
| 182|0x00000000eb600000, 0x00000000eb700000, 0x00000000eb700000|100%| E|CS|TAMS 0x00000000eb600000, 0x00000000eb600000| Complete 
| 183|0x00000000eb700000, 0x00000000eb800000, 0x00000000eb800000|100%| E|CS|TAMS 0x00000000eb700000, 0x00000000eb700000| Complete 
| 184|0x00000000eb800000, 0x00000000eb900000, 0x00000000eb900000|100%| E|CS|TAMS 0x00000000eb800000, 0x00000000eb800000| Complete 
| 185|0x00000000eb900000, 0x00000000eba00000, 0x00000000eba00000|100%| E|CS|TAMS 0x00000000eb900000, 0x00000000eb900000| Complete 
| 186|0x00000000eba00000, 0x00000000ebb00000, 0x00000000ebb00000|100%| E|CS|TAMS 0x00000000eba00000, 0x00000000eba00000| Complete 
| 187|0x00000000ebb00000, 0x00000000ebc00000, 0x00000000ebc00000|100%| E|CS|TAMS 0x00000000ebb00000, 0x00000000ebb00000| Complete 
| 188|0x00000000ebc00000, 0x00000000ebd00000, 0x00000000ebd00000|100%| E|CS|TAMS 0x00000000ebc00000, 0x00000000ebc00000| Complete 
| 189|0x00000000ebd00000, 0x00000000ebe00000, 0x00000000ebe00000|100%| E|CS|TAMS 0x00000000ebd00000, 0x00000000ebd00000| Complete 
| 190|0x00000000ebe00000, 0x00000000ebf00000, 0x00000000ebf00000|100%| E|CS|TAMS 0x00000000ebe00000, 0x00000000ebe00000| Complete 
| 191|0x00000000ebf00000, 0x00000000ec000000, 0x00000000ec000000|100%| E|CS|TAMS 0x00000000ebf00000, 0x00000000ebf00000| Complete 
| 192|0x00000000ec000000, 0x00000000ec100000, 0x00000000ec100000|100%| E|CS|TAMS 0x00000000ec000000, 0x00000000ec000000| Complete 
| 193|0x00000000ec100000, 0x00000000ec200000, 0x00000000ec200000|100%| E|CS|TAMS 0x00000000ec100000, 0x00000000ec100000| Complete 
| 194|0x00000000ec200000, 0x00000000ec300000, 0x00000000ec300000|100%| E|CS|TAMS 0x00000000ec200000, 0x00000000ec200000| Complete 
| 195|0x00000000ec300000, 0x00000000ec400000, 0x00000000ec400000|100%| E|CS|TAMS 0x00000000ec300000, 0x00000000ec300000| Complete 
| 196|0x00000000ec400000, 0x00000000ec500000, 0x00000000ec500000|100%| E|CS|TAMS 0x00000000ec400000, 0x00000000ec400000| Complete 
| 197|0x00000000ec500000, 0x00000000ec600000, 0x00000000ec600000|100%| E|CS|TAMS 0x00000000ec500000, 0x00000000ec500000| Complete 
| 198|0x00000000ec600000, 0x00000000ec700000, 0x00000000ec700000|100%| E|CS|TAMS 0x00000000ec600000, 0x00000000ec600000| Complete 
| 199|0x00000000ec700000, 0x00000000ec800000, 0x00000000ec800000|100%| E|CS|TAMS 0x00000000ec700000, 0x00000000ec700000| Complete 
| 200|0x00000000ec800000, 0x00000000ec900000, 0x00000000ec900000|100%| E|CS|TAMS 0x00000000ec800000, 0x00000000ec800000| Complete 
| 201|0x00000000ec900000, 0x00000000eca00000, 0x00000000eca00000|100%| E|CS|TAMS 0x00000000ec900000, 0x00000000ec900000| Complete 
| 202|0x00000000eca00000, 0x00000000ecb00000, 0x00000000ecb00000|100%| E|CS|TAMS 0x00000000eca00000, 0x00000000eca00000| Complete 
| 203|0x00000000ecb00000, 0x00000000ecc00000, 0x00000000ecc00000|100%| E|CS|TAMS 0x00000000ecb00000, 0x00000000ecb00000| Complete 
| 204|0x00000000ecc00000, 0x00000000ecd00000, 0x00000000ecd00000|100%| E|CS|TAMS 0x00000000ecc00000, 0x00000000ecc00000| Complete 
| 205|0x00000000ecd00000, 0x00000000ece00000, 0x00000000ece00000|100%| E|CS|TAMS 0x00000000ecd00000, 0x00000000ecd00000| Complete 
| 206|0x00000000ece00000, 0x00000000ecf00000, 0x00000000ecf00000|100%| E|CS|TAMS 0x00000000ece00000, 0x00000000ece00000| Complete 
| 207|0x00000000ecf00000, 0x00000000ed000000, 0x00000000ed000000|100%| E|CS|TAMS 0x00000000ecf00000, 0x00000000ecf00000| Complete 
| 208|0x00000000ed000000, 0x00000000ed100000, 0x00000000ed100000|100%| E|CS|TAMS 0x00000000ed000000, 0x00000000ed000000| Complete 
| 209|0x00000000ed100000, 0x00000000ed200000, 0x00000000ed200000|100%| E|CS|TAMS 0x00000000ed100000, 0x00000000ed100000| Complete 
| 210|0x00000000ed200000, 0x00000000ed300000, 0x00000000ed300000|100%| E|CS|TAMS 0x00000000ed200000, 0x00000000ed200000| Complete 
| 211|0x00000000ed300000, 0x00000000ed39e1c0, 0x00000000ed400000| 61%| S|CS|TAMS 0x00000000ed300000, 0x00000000ed300000| Complete 
| 212|0x00000000ed400000, 0x00000000ed500000, 0x00000000ed500000|100%| S|CS|TAMS 0x00000000ed400000, 0x00000000ed400000| Complete 
| 213|0x00000000ed500000, 0x00000000ed600000, 0x00000000ed600000|100%| S|CS|TAMS 0x00000000ed500000, 0x00000000ed500000| Complete 
| 214|0x00000000ed600000, 0x00000000ed700000, 0x00000000ed700000|100%| S|CS|TAMS 0x00000000ed600000, 0x00000000ed600000| Complete 
| 215|0x00000000ed700000, 0x00000000ed800000, 0x00000000ed800000|100%| S|CS|TAMS 0x00000000ed700000, 0x00000000ed700000| Complete 
| 216|0x00000000ed800000, 0x00000000ed900000, 0x00000000ed900000|100%| S|CS|TAMS 0x00000000ed800000, 0x00000000ed800000| Complete 
| 217|0x00000000ed900000, 0x00000000eda00000, 0x00000000eda00000|100%| S|CS|TAMS 0x00000000ed900000, 0x00000000ed900000| Complete 
| 218|0x00000000eda00000, 0x00000000edb00000, 0x00000000edb00000|100%| S|CS|TAMS 0x00000000eda00000, 0x00000000eda00000| Complete 
| 219|0x00000000edb00000, 0x00000000edc00000, 0x00000000edc00000|100%| S|CS|TAMS 0x00000000edb00000, 0x00000000edb00000| Complete 
| 220|0x00000000edc00000, 0x00000000edd00000, 0x00000000edd00000|100%| S|CS|TAMS 0x00000000edc00000, 0x00000000edc00000| Complete 
| 221|0x00000000edd00000, 0x00000000ede00000, 0x00000000ede00000|100%| S|CS|TAMS 0x00000000edd00000, 0x00000000edd00000| Complete 
| 222|0x00000000ede00000, 0x00000000edf00000, 0x00000000edf00000|100%| S|CS|TAMS 0x00000000ede00000, 0x00000000ede00000| Complete 
| 223|0x00000000edf00000, 0x00000000ee000000, 0x00000000ee000000|100%| S|CS|TAMS 0x00000000edf00000, 0x00000000edf00000| Complete 
| 224|0x00000000ee000000, 0x00000000ee100000, 0x00000000ee100000|100%| E|CS|TAMS 0x00000000ee000000, 0x00000000ee000000| Complete 
| 225|0x00000000ee100000, 0x00000000ee200000, 0x00000000ee200000|100%| E|CS|TAMS 0x00000000ee100000, 0x00000000ee100000| Complete 
| 226|0x00000000ee200000, 0x00000000ee300000, 0x00000000ee300000|100%| E|CS|TAMS 0x00000000ee200000, 0x00000000ee200000| Complete 
| 227|0x00000000ee300000, 0x00000000ee400000, 0x00000000ee400000|100%| E|CS|TAMS 0x00000000ee300000, 0x00000000ee300000| Complete 
| 228|0x00000000ee400000, 0x00000000ee500000, 0x00000000ee500000|100%| E|CS|TAMS 0x00000000ee400000, 0x00000000ee400000| Complete 
| 229|0x00000000ee500000, 0x00000000ee600000, 0x00000000ee600000|100%| E|CS|TAMS 0x00000000ee500000, 0x00000000ee500000| Complete 
| 230|0x00000000ee600000, 0x00000000ee700000, 0x00000000ee700000|100%| E|CS|TAMS 0x00000000ee600000, 0x00000000ee600000| Complete 
| 231|0x00000000ee700000, 0x00000000ee800000, 0x00000000ee800000|100%| E|CS|TAMS 0x00000000ee700000, 0x00000000ee700000| Complete 
| 232|0x00000000ee800000, 0x00000000ee900000, 0x00000000ee900000|100%| E|CS|TAMS 0x00000000ee800000, 0x00000000ee800000| Complete 
| 233|0x00000000ee900000, 0x00000000eea00000, 0x00000000eea00000|100%| E|CS|TAMS 0x00000000ee900000, 0x00000000ee900000| Complete 
| 234|0x00000000eea00000, 0x00000000eeb00000, 0x00000000eeb00000|100%| E|CS|TAMS 0x00000000eea00000, 0x00000000eea00000| Complete 
| 235|0x00000000eeb00000, 0x00000000eec00000, 0x00000000eec00000|100%| E|CS|TAMS 0x00000000eeb00000, 0x00000000eeb00000| Complete 
| 236|0x00000000eec00000, 0x00000000eed00000, 0x00000000eed00000|100%| E|CS|TAMS 0x00000000eec00000, 0x00000000eec00000| Complete 
| 237|0x00000000eed00000, 0x00000000eee00000, 0x00000000eee00000|100%| E|  |TAMS 0x00000000eed00000, 0x00000000eed00000| Complete 
| 238|0x00000000eee00000, 0x00000000eef00000, 0x00000000eef00000|100%| E|CS|TAMS 0x00000000eee00000, 0x00000000eee00000| Complete 
| 239|0x00000000eef00000, 0x00000000ef000000, 0x00000000ef000000|100%| E|CS|TAMS 0x00000000eef00000, 0x00000000eef00000| Complete 
| 240|0x00000000ef000000, 0x00000000ef100000, 0x00000000ef100000|100%| E|CS|TAMS 0x00000000ef000000, 0x00000000ef000000| Complete 
| 241|0x00000000ef100000, 0x00000000ef200000, 0x00000000ef200000|100%| E|CS|TAMS 0x00000000ef100000, 0x00000000ef100000| Complete 
| 242|0x00000000ef200000, 0x00000000ef300000, 0x00000000ef300000|100%| E|CS|TAMS 0x00000000ef200000, 0x00000000ef200000| Complete 
| 243|0x00000000ef300000, 0x00000000ef400000, 0x00000000ef400000|100%| E|CS|TAMS 0x00000000ef300000, 0x00000000ef300000| Complete 
| 244|0x00000000ef400000, 0x00000000ef500000, 0x00000000ef500000|100%| E|CS|TAMS 0x00000000ef400000, 0x00000000ef400000| Complete 
| 245|0x00000000ef500000, 0x00000000ef600000, 0x00000000ef600000|100%| E|CS|TAMS 0x00000000ef500000, 0x00000000ef500000| Complete 
| 246|0x00000000ef600000, 0x00000000ef700000, 0x00000000ef700000|100%| E|CS|TAMS 0x00000000ef600000, 0x00000000ef600000| Complete 
| 247|0x00000000ef700000, 0x00000000ef800000, 0x00000000ef800000|100%| E|CS|TAMS 0x00000000ef700000, 0x00000000ef700000| Complete 
| 248|0x00000000ef800000, 0x00000000ef900000, 0x00000000ef900000|100%| E|CS|TAMS 0x00000000ef800000, 0x00000000ef800000| Complete 
| 249|0x00000000ef900000, 0x00000000efa00000, 0x00000000efa00000|100%| E|CS|TAMS 0x00000000ef900000, 0x00000000ef900000| Complete 
| 250|0x00000000efa00000, 0x00000000efb00000, 0x00000000efb00000|100%| E|CS|TAMS 0x00000000efa00000, 0x00000000efa00000| Complete 
| 251|0x00000000efb00000, 0x00000000efc00000, 0x00000000efc00000|100%| E|CS|TAMS 0x00000000efb00000, 0x00000000efb00000| Complete 
| 252|0x00000000efc00000, 0x00000000efd00000, 0x00000000efd00000|100%| E|CS|TAMS 0x00000000efc00000, 0x00000000efc00000| Complete 
| 253|0x00000000efd00000, 0x00000000efe00000, 0x00000000efe00000|100%| E|CS|TAMS 0x00000000efd00000, 0x00000000efd00000| Complete 
| 254|0x00000000efe00000, 0x00000000eff00000, 0x00000000eff00000|100%| E|CS|TAMS 0x00000000efe00000, 0x00000000efe00000| Complete 
| 255|0x00000000eff00000, 0x00000000f0000000, 0x00000000f0000000|100%| E|CS|TAMS 0x00000000eff00000, 0x00000000eff00000| Complete 

Card table byte_map: [0x000001b8fee10000,0x000001b8fef10000] _byte_map_base: 0x000001b8fe710000

Marking Bits (Prev, Next): (CMBitMap*) 0x000001b8e7f394d0, (CMBitMap*) 0x000001b8e7f39490
 Prev Bits: [0x000001b880000000, 0x000001b880800000)
 Next Bits: [0x000001b8ff010000, 0x000001b8ff810000)

Polling page: 0x000001b8e6090000

Metaspace:

Usage:
  Non-class:     22.54 MB used.
      Class:      3.96 MB used.
       Both:     26.49 MB used.

Virtual space:
  Non-class space:       64.00 MB reserved,      22.81 MB ( 36%) committed,  1 nodes.
      Class space:      320.00 MB reserved,       4.19 MB (  1%) committed,  1 nodes.
             Both:      384.00 MB reserved,      27.00 MB (  7%) committed. 

Chunk freelists:
   Non-Class:  8.30 MB
       Class:  11.80 MB
        Both:  20.09 MB

MaxMetaspaceSize: 384.00 MB
CompressedClassSpaceSize: 320.00 MB
Initial GC threshold: 21.00 MB
Current GC threshold: 35.12 MB
CDS: on
MetaspaceReclaimPolicy: balanced
 - commit_granule_bytes: 65536.
 - commit_granule_words: 8192.
 - virtual_space_node_default_size: 8388608.
 - enlarge_chunks_in_place: 1.
 - new_chunks_are_fully_committed: 0.
 - uncommit_free_chunks: 1.
 - use_allocation_guard: 0.
 - handle_deallocations: 1.


Internal statistics:

num_allocs_failed_limit: 3.
num_arena_births: 436.
num_arena_deaths: 0.
num_vsnodes_births: 2.
num_vsnodes_deaths: 0.
num_space_committed: 432.
num_space_uncommitted: 0.
num_chunks_returned_to_freelist: 3.
num_chunks_taken_from_freelist: 1525.
num_chunk_merges: 3.
num_chunk_splits: 973.
num_chunks_enlarged: 643.
num_inconsistent_stats: 0.

CodeHeap 'non-profiled nmethods': size=120000Kb used=2229Kb max_used=2229Kb free=117770Kb
 bounds [0x000001b8f7290000, 0x000001b8f7500000, 0x000001b8fe7c0000]
CodeHeap 'profiled nmethods': size=120000Kb used=7327Kb max_used=7327Kb free=112672Kb
 bounds [0x000001b8ef7c0000, 0x000001b8efef0000, 0x000001b8f6cf0000]
CodeHeap 'non-nmethods': size=5760Kb used=1252Kb max_used=1290Kb free=4508Kb
 bounds [0x000001b8f6cf0000, 0x000001b8f6f60000, 0x000001b8f7290000]
 total_blobs=4227 nmethods=3664 adapters=475
 compilation: enabled
              stopped_count=0, restarted_count=0
 full_count=0

Compilation events (20 events):
Event: 71.280 Thread 0x000001b882cf12e0 nmethod 3634 0x000001b8efed2710 code [0x000001b8efed2a80, 0x000001b8efed4008]
Event: 71.280 Thread 0x000001b882cf12e0 3635       3       org.gradle.internal.reflect.PropertyAccessorType::propertyNameFor (9 bytes)
Event: 71.280 Thread 0x000001b882cf12e0 nmethod 3635 0x000001b8efed4790 code [0x000001b8efed4960, 0x000001b8efed4d58]
Event: 71.317 Thread 0x000001b882cf12e0 3636       3       java.util.TreeMap$ValueIterator::next (8 bytes)
Event: 71.317 Thread 0x000001b882cf12e0 nmethod 3636 0x000001b8efed4f10 code [0x000001b8efed50c0, 0x000001b8efed5208]
Event: 71.317 Thread 0x000001b882cf12e0 3637       3       org.gradle.internal.instantiation.generator.AbstractClassGenerator$ClassMetadata::property (42 bytes)
Event: 71.317 Thread 0x000001b882cf12e0 nmethod 3637 0x000001b8efed5310 code [0x000001b8efed54e0, 0x000001b8efed59e8]
Event: 71.329 Thread 0x000001b882cf12e0 3638       3       org.gradle.internal.instantiation.generator.AbstractClassGenerator$MethodMetadata::shouldOverride (29 bytes)
Event: 71.329 Thread 0x000001b882cf12e0 nmethod 3638 0x000001b8efed5b90 code [0x000001b8efed5d40, 0x000001b8efed6098]
Event: 71.351 Thread 0x000001b882cf0920 3639       4       org.gradle.internal.reflect.PropertyAccessorType::of (101 bytes)
Event: 71.355 Thread 0x000001b882cf0920 nmethod 3639 0x000001b8f74bb590 code [0x000001b8f74bb760, 0x000001b8f74bbbe8]
Event: 71.430 Thread 0x000001b882cf12e0 3641       3       org.gradle.internal.instantiation.generator.AbstractClassGenerator::access$2300 (5 bytes)
Event: 71.430 Thread 0x000001b882cf12e0 nmethod 3641 0x000001b8efed6190 code [0x000001b8efed6320, 0x000001b8efed6428]
Event: 71.430 Thread 0x000001b882cf12e0 3640       1       org.gradle.internal.instantiation.generator.AbstractClassGenerator$ClassGenerationHandler::claimPropertyImplementation (2 bytes)
Event: 71.430 Thread 0x000001b882cf12e0 nmethod 3640 0x000001b8f74bc090 code [0x000001b8f74bc220, 0x000001b8f74bc2f8]
Event: 71.444 Thread 0x000001b882cf12e0 3642       3       java.util.HashMap::computeIfAbsent (330 bytes)
Event: 71.445 Thread 0x000001b882cf12e0 nmethod 3642 0x000001b8efed6510 code [0x000001b8efed6820, 0x000001b8efed7ec8]
Event: 71.458 Thread 0x000001b882cf0920 3643       4       jdk.internal.org.objectweb.asm.ByteVector::putInt (74 bytes)
Event: 71.460 Thread 0x000001b882cf0920 nmethod 3643 0x000001b8f74bc390 code [0x000001b8f74bc500, 0x000001b8f74bc658]
Event: 71.471 Thread 0x000001b882cf0920 3644       4       org.objectweb.asm.SymbolTable::put (150 bytes)

GC Heap History (8 events):
Event: 18.285 GC heap before
{Heap before GC invocations=0 (full 0):
 garbage-first heap   total 262144K, used 23552K [0x00000000e0000000, 0x0000000100000000)
  region size 1024K, 23 young (23552K), 0 survivors (0K)
 Metaspace       used 831K, committed 960K, reserved 393216K
  class space    used 65K, committed 128K, reserved 327680K
}
Event: 28.653 GC heap after
{Heap after GC invocations=1 (full 0):
 garbage-first heap   total 262144K, used 1503K [0x00000000e0000000, 0x0000000100000000)
  region size 1024K, 2 young (2048K), 2 survivors (2048K)
 Metaspace       used 831K, committed 960K, reserved 393216K
  class space    used 65K, committed 128K, reserved 327680K
}
Event: 30.730 GC heap before
{Heap before GC invocations=1 (full 0):
 garbage-first heap   total 262144K, used 40415K [0x00000000e0000000, 0x0000000100000000)
  region size 1024K, 36 young (36864K), 2 survivors (2048K)
 Metaspace       used 4320K, committed 4544K, reserved 393216K
  class space    used 545K, committed 640K, reserved 327680K
}
Event: 30.734 GC heap after
{Heap after GC invocations=2 (full 0):
 garbage-first heap   total 262144K, used 11457K [0x00000000e0000000, 0x0000000100000000)
  region size 1024K, 5 young (5120K), 5 survivors (5120K)
 Metaspace       used 4320K, committed 4544K, reserved 393216K
  class space    used 545K, committed 640K, reserved 327680K
}
Event: 42.558 GC heap before
{Heap before GC invocations=2 (full 0):
 garbage-first heap   total 262144K, used 165057K [0x00000000e0000000, 0x0000000100000000)
  region size 1024K, 153 young (156672K), 5 survivors (5120K)
 Metaspace       used 17811K, committed 18112K, reserved 393216K
  class space    used 2549K, committed 2688K, reserved 327680K
}
Event: 43.529 GC heap after
{Heap after GC invocations=3 (full 0):
 garbage-first heap   total 262144K, used 22878K [0x00000000e0000000, 0x0000000100000000)
  region size 1024K, 16 young (16384K), 16 survivors (16384K)
 Metaspace       used 17811K, committed 18112K, reserved 393216K
  class space    used 2549K, committed 2688K, reserved 327680K
}
Event: 44.688 GC heap before
{Heap before GC invocations=3 (full 0):
 garbage-first heap   total 262144K, used 54622K [0x00000000e0000000, 0x0000000100000000)
  region size 1024K, 48 young (49152K), 16 survivors (16384K)
 Metaspace       used 21201K, committed 21504K, reserved 393216K
  class space    used 3094K, committed 3264K, reserved 327680K
}
Event: 44.694 GC heap after
{Heap after GC invocations=4 (full 0):
 garbage-first heap   total 262144K, used 25204K [0x00000000e0000000, 0x0000000100000000)
  region size 1024K, 13 young (13312K), 13 survivors (13312K)
 Metaspace       used 21201K, committed 21504K, reserved 393216K
  class space    used 3094K, committed 3264K, reserved 327680K
}

Deoptimization events (20 events):
Event: 64.790 Thread 0x000001b89c089e80 Uncommon trap: trap_request=0xffffffbe fr.pc=0x000001b8f742acdc relative=0x000000000000053c
Event: 64.790 Thread 0x000001b89c089e80 Uncommon trap: reason=profile_predicate action=maybe_recompile pc=0x000001b8f742acdc method=org.objectweb.asm.ByteVector.putUTF8(Ljava/lang/String;)Lorg/objectweb/asm/ByteVector; @ 79 c2
Event: 64.790 Thread 0x000001b89c089e80 DEOPT PACKING pc=0x000001b8f742acdc sp=0x00000002bf7f5bd0
Event: 64.791 Thread 0x000001b89c089e80 DEOPT UNPACKING pc=0x000001b8f6d423a3 sp=0x00000002bf7f5b50 mode 2
Event: 64.791 Thread 0x000001b89c089e80 Uncommon trap: trap_request=0xffffffbe fr.pc=0x000001b8f742acdc relative=0x000000000000053c
Event: 64.791 Thread 0x000001b89c089e80 Uncommon trap: reason=profile_predicate action=maybe_recompile pc=0x000001b8f742acdc method=org.objectweb.asm.ByteVector.putUTF8(Ljava/lang/String;)Lorg/objectweb/asm/ByteVector; @ 79 c2
Event: 64.791 Thread 0x000001b89c089e80 DEOPT PACKING pc=0x000001b8f742acdc sp=0x00000002bf7f5c40
Event: 64.791 Thread 0x000001b89c089e80 DEOPT UNPACKING pc=0x000001b8f6d423a3 sp=0x00000002bf7f5bc0 mode 2
Event: 64.791 Thread 0x000001b89c089e80 Uncommon trap: trap_request=0xffffffbe fr.pc=0x000001b8f742acdc relative=0x000000000000053c
Event: 64.791 Thread 0x000001b89c089e80 Uncommon trap: reason=profile_predicate action=maybe_recompile pc=0x000001b8f742acdc method=org.objectweb.asm.ByteVector.putUTF8(Ljava/lang/String;)Lorg/objectweb/asm/ByteVector; @ 79 c2
Event: 64.791 Thread 0x000001b89c089e80 DEOPT PACKING pc=0x000001b8f742acdc sp=0x00000002bf7f5c30
Event: 64.791 Thread 0x000001b89c089e80 DEOPT UNPACKING pc=0x000001b8f6d423a3 sp=0x00000002bf7f5bb0 mode 2
Event: 64.804 Thread 0x000001b89c089e80 Uncommon trap: trap_request=0xffffffbe fr.pc=0x000001b8f742acdc relative=0x000000000000053c
Event: 64.804 Thread 0x000001b89c089e80 Uncommon trap: reason=profile_predicate action=maybe_recompile pc=0x000001b8f742acdc method=org.objectweb.asm.ByteVector.putUTF8(Ljava/lang/String;)Lorg/objectweb/asm/ByteVector; @ 79 c2
Event: 64.804 Thread 0x000001b89c089e80 DEOPT PACKING pc=0x000001b8f742acdc sp=0x00000002bf7f5c30
Event: 64.804 Thread 0x000001b89c089e80 DEOPT UNPACKING pc=0x000001b8f6d423a3 sp=0x00000002bf7f5bb0 mode 2
Event: 70.178 Thread 0x000001b89c089e80 Uncommon trap: trap_request=0xffffff45 fr.pc=0x000001b8f72f9b24 relative=0x0000000000000564
Event: 70.178 Thread 0x000001b89c089e80 Uncommon trap: reason=unstable_if action=reinterpret pc=0x000001b8f72f9b24 method=java.util.HashMap.hash(Ljava/lang/Object;)I @ 1 c2
Event: 70.178 Thread 0x000001b89c089e80 DEOPT PACKING pc=0x000001b8f72f9b24 sp=0x00000002bf7f69a0
Event: 70.178 Thread 0x000001b89c089e80 DEOPT UNPACKING pc=0x000001b8f6d423a3 sp=0x00000002bf7f6838 mode 2

Classes unloaded (0 events):
No events

Classes redefined (0 events):
No events

Internal exceptions (20 events):
Event: 63.492 Thread 0x000001b89c089e80 Exception <a 'java/lang/NoSuchMethodError'{0x00000000ee689f20}: static Lorg/jetbrains/plugins/gradle/model/ExternalLibraryDependency;.<clinit>()V> (0x00000000ee689f20) 
thrown [s\open\src\hotspot\share\prims\jni.cpp, line 1107]
Event: 63.492 Thread 0x000001b89c089e80 Exception <a 'java/lang/NoSuchMethodError'{0x00000000ee69a158}: static Lorg/jetbrains/plugins/gradle/model/FileCollectionDependency;.<clinit>()V> (0x00000000ee69a158) 
thrown [s\open\src\hotspot\share\prims\jni.cpp, line 1107]
Event: 63.493 Thread 0x000001b89c089e80 Exception <a 'java/lang/NoSuchMethodError'{0x00000000ee6a9fb8}: static Lorg/jetbrains/plugins/gradle/model/UnresolvedExternalDependency;.<clinit>()V> (0x00000000ee6a9fb8) 
thrown [s\open\src\hotspot\share\prims\jni.cpp, line 1107]
Event: 63.503 Thread 0x000001b89c089e80 Exception <a 'java/lang/NoSuchMethodError'{0x00000000ee56bce0}: static Lorg/gradle/tooling/internal/consumer/versioning/VersionDetails;.<clinit>()V> (0x00000000ee56bce0) 
thrown [s\open\src\hotspot\share\prims\jni.cpp, line 1107]
Event: 63.507 Thread 0x000001b89c089e80 Exception <a 'java/lang/NoSuchMethodError'{0x00000000ee56e688}: static Lorg/gradle/tooling/internal/consumer/versioning/VersionDetails$R26VersionDetails;.<clinit>()V> (0x00000000ee56e688) 
thrown [s\open\src\hotspot\share\prims\jni.cpp, line 1107]
Event: 63.508 Thread 0x000001b89c089e80 Exception <a 'java/lang/NoSuchMethodError'{0x00000000ee56fc00}: static Lorg/gradle/tooling/internal/consumer/versioning/VersionDetails$R28VersionDetails;.<clinit>()V> (0x00000000ee56fc00) 
thrown [s\open\src\hotspot\share\prims\jni.cpp, line 1107]
Event: 63.508 Thread 0x000001b89c089e80 Exception <a 'java/lang/NoSuchMethodError'{0x00000000ee571108}: static Lorg/gradle/tooling/internal/consumer/versioning/VersionDetails$R35VersionDetails;.<clinit>()V> (0x00000000ee571108) 
thrown [s\open\src\hotspot\share\prims\jni.cpp, line 1107]
Event: 63.508 Thread 0x000001b89c089e80 Exception <a 'java/lang/NoSuchMethodError'{0x00000000ee5727d8}: static Lorg/gradle/tooling/internal/consumer/versioning/VersionDetails$R44VersionDetails;.<clinit>()V> (0x00000000ee5727d8) 
thrown [s\open\src\hotspot\share\prims\jni.cpp, line 1107]
Event: 63.508 Thread 0x000001b89c089e80 Exception <a 'java/lang/NoSuchMethodError'{0x00000000ee573de0}: static Lorg/gradle/tooling/internal/consumer/versioning/VersionDetails$R48VersionDetails;.<clinit>()V> (0x00000000ee573de0) 
thrown [s\open\src\hotspot\share\prims\jni.cpp, line 1107]
Event: 63.508 Thread 0x000001b89c089e80 Exception <a 'java/lang/NoSuchMethodError'{0x00000000ee574fe0}: static Lorg/gradle/tooling/internal/consumer/versioning/VersionDetails$R51VersionDetails;.<clinit>()V> (0x00000000ee574fe0) 
thrown [s\open\src\hotspot\share\prims\jni.cpp, line 1107]
Event: 63.511 Thread 0x000001b89c089e80 Exception <a 'java/lang/NoSuchMethodError'{0x00000000ee598548}: 'java.lang.Object java.lang.invoke.DirectMethodHandle$Holder.newInvokeSpecial(java.lang.Object, java.lang.Object, java.lang.Object, int)'> (0x00000000ee598548) 
thrown [s\open\src\hotspot\share\interpreter\linkResolver.cpp, line 759]
Event: 63.512 Thread 0x000001b89c089e80 Exception <a 'java/lang/NoSuchMethodError'{0x00000000ee59cbd0}: 'java.lang.Object java.lang.invoke.DirectMethodHandle$Holder.invokeSpecial(java.lang.Object, java.lang.Object, java.lang.Object, java.lang.Object, int)'> (0x00000000ee59cbd0) 
thrown [s\open\src\hotspot\share\interpreter\linkResolver.cpp, line 759]
Event: 63.512 Thread 0x000001b89c089e80 Exception <a 'java/lang/NoSuchMethodError'{0x00000000ee5a0a40}: 'java.lang.Object java.lang.invoke.Invokers$Holder.linkToTargetMethod(java.lang.Object, java.lang.Object, int, java.lang.Object)'> (0x00000000ee5a0a40) 
thrown [s\open\src\hotspot\share\interpreter\linkResolver.cpp, line 759]
Event: 64.347 Thread 0x000001b89c089e80 Exception <a 'java/lang/NoSuchMethodError'{0x00000000ed249aa8}: 'void java.lang.invoke.DirectMethodHandle$Holder.invokeStaticInit(java.lang.Object, java.lang.Object, java.lang.Object, java.lang.Object)'> (0x00000000ed249aa8) 
thrown [s\open\src\hotspot\share\interpreter\linkResolver.cpp, line 759]
Event: 65.747 Thread 0x000001b89c089e80 Exception <a 'java/lang/NoSuchMethodError'{0x00000000eccb1318}: 'void java.lang.invoke.DirectMethodHandle$Holder.invokeStatic(java.lang.Object, java.lang.Object, java.lang.Object, java.lang.Object, java.lang.Object, java.lang.Object, java.lang.Object)'> (0x00000000eccb1318) 
thrown [s\open\src\hotspot\share\interpreter\linkResolver.cpp, line 759]
Event: 67.393 Thread 0x000001b89c089e80 Exception <a 'java/lang/NoSuchMethodError'{0x00000000ec5cc3e8}: 'java.lang.Object java.lang.invoke.DirectMethodHandle$Holder.newInvokeSpecial(java.lang.Object, java.lang.Object, int, int)'> (0x00000000ec5cc3e8) 
thrown [s\open\src\hotspot\share\interpreter\linkResolver.cpp, line 759]
Event: 68.983 Thread 0x000001b89c089e80 Exception <a 'java/lang/NoSuchMethodError'{0x00000000ebd2ee40}: 'java.lang.Object java.lang.invoke.DirectMethodHandle$Holder.invokeSpecialIFC(java.lang.Object, java.lang.Object, java.lang.Object, java.lang.Object)'> (0x00000000ebd2ee40) 
thrown [s\open\src\hotspot\share\interpreter\linkResolver.cpp, line 759]
Event: 69.064 Thread 0x000001b89c089e80 Exception <a 'java/lang/NoSuchMethodError'{0x00000000ebd832d8}: 'java.lang.Object java.lang.invoke.DirectMethodHandle$Holder.newInvokeSpecial(java.lang.Object, java.lang.Object, java.lang.Object, java.lang.Object, java.lang.Object, java.lang.Object, java.lang.Object, java.lang.Object, java.lang.Object, java.lang.Object)'> (0x00000000ebd832d8) 
thrown [s\open\src\hotspot\share\interpreter\linkResolver.cpp, line 759]
Event: 69.065 Thread 0x000001b89c089e80 Exception <a 'java/lang/NoSuchMethodError'{0x00000000ebd88468}: 'java.lang.Object java.lang.invoke.Invokers$Holder.linkToTargetMethod(java.lang.Object, java.lang.Object, java.lang.Object, java.lang.Object, java.lang.Object, java.lang.Object, java.lang.Object, java.lang.Object, java.lang.Object, java.lang.Object)'> (0x00000000ebd88468) 
thrown [s\open\src\hotspot\share\interpreter\linkResolver.cpp, line 759]
Event: 70.178 Thread 0x000001b89c089e80 Implicit null exception at 0x000001b8f72f960f to 0x000001b8f72f9b04

VM Operations (20 events):
Event: 62.643 Executing VM operation: HandshakeAllThreads
Event: 62.643 Executing VM operation: HandshakeAllThreads done
Event: 63.570 Executing VM operation: HandshakeAllThreads
Event: 63.570 Executing VM operation: HandshakeAllThreads done
Event: 64.572 Executing VM operation: Cleanup
Event: 64.588 Executing VM operation: Cleanup done
Event: 65.338 Executing VM operation: HandshakeAllThreads
Event: 65.338 Executing VM operation: HandshakeAllThreads done
Event: 66.346 Executing VM operation: Cleanup
Event: 66.363 Executing VM operation: Cleanup done
Event: 67.375 Executing VM operation: Cleanup
Event: 67.390 Executing VM operation: Cleanup done
Event: 68.404 Executing VM operation: Cleanup
Event: 68.421 Executing VM operation: Cleanup done
Event: 69.430 Executing VM operation: Cleanup
Event: 69.430 Executing VM operation: Cleanup done
Event: 70.280 Executing VM operation: HandshakeAllThreads
Event: 70.280 Executing VM operation: HandshakeAllThreads done
Event: 71.287 Executing VM operation: Cleanup
Event: 71.303 Executing VM operation: Cleanup done

Events (20 events):
Event: 63.569 loading class java/util/concurrent/Executors$FinalizableDelegatedExecutorService
Event: 63.569 loading class java/util/concurrent/Executors$DelegatedExecutorService
Event: 63.569 loading class java/util/concurrent/Executors$DelegatedExecutorService done
Event: 63.569 loading class java/util/concurrent/Executors$FinalizableDelegatedExecutorService done
Event: 65.154 loading class java/lang/StringIndexOutOfBoundsException
Event: 65.154 loading class java/lang/StringIndexOutOfBoundsException done
Event: 67.395 loading class jdk/internal/reflect/UnsafeStaticIntegerFieldAccessorImpl
Event: 67.403 loading class jdk/internal/reflect/UnsafeStaticIntegerFieldAccessorImpl done
Event: 68.866 Thread 0x000001b89e47eb40 Thread added: 0x000001b89e47eb40
Event: 69.297 Thread 0x000001b89e482800 Thread added: 0x000001b89e482800
Event: 69.849 loading class java/lang/invoke/SerializedLambda
Event: 69.849 loading class java/lang/invoke/SerializedLambda done
Event: 70.117 loading class java/lang/reflect/AnnotatedType
Event: 70.117 loading class java/lang/reflect/AnnotatedType done
Event: 70.460 loading class sun/reflect/generics/tree/IntSignature
Event: 70.460 loading class sun/reflect/generics/tree/IntSignature done
Event: 70.460 loading class sun/reflect/generics/tree/ArrayTypeSignature
Event: 70.460 loading class sun/reflect/generics/tree/ArrayTypeSignature done
Event: 70.619 loading class java/lang/SafeVarargs
Event: 70.619 loading class java/lang/SafeVarargs done


Dynamic libraries:
0x00007ff6a7ff0000 - 0x00007ff6a8000000 	C:\Program Files\Java\jdk-17\bin\java.exe
0x00007ffaf3710000 - 0x00007ffaf3908000 	C:\Windows\SYSTEM32\ntdll.dll
0x00007ffaf1f60000 - 0x00007ffaf2022000 	C:\Windows\System32\KERNEL32.DLL
0x00007ffaf10b0000 - 0x00007ffaf13a6000 	C:\Windows\System32\KERNELBASE.dll
0x00007ffaf0fb0000 - 0x00007ffaf10b0000 	C:\Windows\System32\ucrtbase.dll
0x00007ffaec070000 - 0x00007ffaec089000 	C:\Program Files\Java\jdk-17\bin\jli.dll
0x00007ffaf34d0000 - 0x00007ffaf3581000 	C:\Windows\System32\ADVAPI32.dll
0x00007ffaf3070000 - 0x00007ffaf310e000 	C:\Windows\System32\msvcrt.dll
0x00007ffaf2060000 - 0x00007ffaf20ff000 	C:\Windows\System32\sechost.dll
0x00007ffaf2580000 - 0x00007ffaf26a3000 	C:\Windows\System32\RPCRT4.dll
0x00007ffaf0f80000 - 0x00007ffaf0fa7000 	C:\Windows\System32\bcrypt.dll
0x00007ffaf1790000 - 0x00007ffaf192d000 	C:\Windows\System32\USER32.dll
0x00007ffaf14d0000 - 0x00007ffaf14f2000 	C:\Windows\System32\win32u.dll
0x00007ffaf2030000 - 0x00007ffaf205b000 	C:\Windows\System32\GDI32.dll
0x00007ffaf13b0000 - 0x00007ffaf14c9000 	C:\Windows\System32\gdi32full.dll
0x00007ffaf1690000 - 0x00007ffaf172d000 	C:\Windows\System32\msvcp_win.dll
0x00007ffaec010000 - 0x00007ffaec02b000 	C:\Program Files\Java\jdk-17\bin\VCRUNTIME140.dll
0x00007ffae0cc0000 - 0x00007ffae0f5a000 	C:\Windows\WinSxS\amd64_microsoft.windows.common-controls_6595b64144ccf1df_6.0.19041.5915_none_60b4b9d171f9c7c7\COMCTL32.dll
0x00007ffae5690000 - 0x00007ffae569a000 	C:\Windows\SYSTEM32\VERSION.dll
0x00007ffaf2840000 - 0x00007ffaf286f000 	C:\Windows\System32\IMM32.DLL
0x00007ffaec280000 - 0x00007ffaec28c000 	C:\Program Files\Java\jdk-17\bin\vcruntime140_1.dll
0x00007ffacbab0000 - 0x00007ffacbb3e000 	C:\Program Files\Java\jdk-17\bin\msvcp140.dll
0x00007ffabc910000 - 0x00007ffabd4ef000 	C:\Program Files\Java\jdk-17\bin\server\jvm.dll
0x00007ffaf22b0000 - 0x00007ffaf22b8000 	C:\Windows\System32\PSAPI.DLL
0x00007ffad3290000 - 0x00007ffad3299000 	C:\Windows\SYSTEM32\WSOCK32.dll
0x00007ffaf35b0000 - 0x00007ffaf361b000 	C:\Windows\System32\WS2_32.dll
0x00007ffae5660000 - 0x00007ffae5687000 	C:\Windows\SYSTEM32\WINMM.dll
0x00007ffaef5d0000 - 0x00007ffaef5e2000 	C:\Windows\SYSTEM32\kernel.appcore.dll
0x00007ffaec220000 - 0x00007ffaec22a000 	C:\Program Files\Java\jdk-17\bin\jimage.dll
0x00007ffaea990000 - 0x00007ffaeab91000 	C:\Windows\SYSTEM32\DBGHELP.DLL
0x00007ffad85e0000 - 0x00007ffad8614000 	C:\Windows\SYSTEM32\dbgcore.DLL
0x00007ffaf1600000 - 0x00007ffaf1682000 	C:\Windows\System32\bcryptPrimitives.dll
0x00007ffaec060000 - 0x00007ffaec06e000 	C:\Program Files\Java\jdk-17\bin\instrument.dll
0x00007ffaea640000 - 0x00007ffaea665000 	C:\Program Files\Java\jdk-17\bin\java.dll
0x00007ffabe520000 - 0x00007ffabe5f7000 	C:\Program Files\Java\jdk-17\bin\jsvml.dll
0x00007ffaf2870000 - 0x00007ffaf2fde000 	C:\Windows\System32\SHELL32.dll
0x00007ffaeed10000 - 0x00007ffaef4b4000 	C:\Windows\SYSTEM32\windows.storage.dll
0x00007ffaf3110000 - 0x00007ffaf3463000 	C:\Windows\System32\combase.dll
0x00007ffaf06f0000 - 0x00007ffaf071b000 	C:\Windows\SYSTEM32\Wldp.dll
0x00007ffaf22d0000 - 0x00007ffaf239d000 	C:\Windows\System32\OLEAUT32.dll
0x00007ffaf3620000 - 0x00007ffaf36cd000 	C:\Windows\System32\SHCORE.dll
0x00007ffaf3470000 - 0x00007ffaf34cb000 	C:\Windows\System32\shlwapi.dll
0x00007ffaf0cd0000 - 0x00007ffaf0cf5000 	C:\Windows\SYSTEM32\profapi.dll
0x00007ffae2c70000 - 0x00007ffae2c88000 	C:\Program Files\Java\jdk-17\bin\zip.dll
0x00007ffadf220000 - 0x00007ffadf239000 	C:\Program Files\Java\jdk-17\bin\net.dll
0x00007ffae9c50000 - 0x00007ffae9d5a000 	C:\Windows\SYSTEM32\WINHTTP.dll
0x00007ffaf04d0000 - 0x00007ffaf053a000 	C:\Windows\system32\mswsock.dll
0x00007ffade310000 - 0x00007ffade326000 	C:\Program Files\Java\jdk-17\bin\nio.dll
0x00007ffae2c60000 - 0x00007ffae2c70000 	C:\Program Files\Java\jdk-17\bin\verify.dll
0x00007ffaec030000 - 0x00007ffaec057000 	C:\Users\¿ÎÂÍÒ‡Ì‰\.gradle\native\c067742578af261105cb4f569cf0c3c89f3d7b1fecec35dd04571415982c5e48\windows-amd64\native-platform.dll
0x00007ffabc7c0000 - 0x00007ffabc904000 	C:\Users\¿ÎÂÍÒ‡Ì‰\.gradle\native\100fb08df4bc3b14c8652ba06237920a3bd2aa13389f12d3474272988ae205f9\windows-amd64\native-platform-file-events.dll
0x00007ffadf210000 - 0x00007ffadf21a000 	C:\Program Files\Java\jdk-17\bin\management.dll
0x00007ffadedc0000 - 0x00007ffadedcb000 	C:\Program Files\Java\jdk-17\bin\management_ext.dll
0x00007ffaf0730000 - 0x00007ffaf0748000 	C:\Windows\SYSTEM32\CRYPTSP.dll
0x00007ffaefda0000 - 0x00007ffaefdd8000 	C:\Windows\system32\rsaenh.dll
0x00007ffaf0c50000 - 0x00007ffaf0c7e000 	C:\Windows\SYSTEM32\USERENV.dll
0x00007ffaf0660000 - 0x00007ffaf066c000 	C:\Windows\SYSTEM32\CRYPTBASE.dll
0x00007ffaf0180000 - 0x00007ffaf01bb000 	C:\Windows\SYSTEM32\IPHLPAPI.DLL
0x00007ffaf23a0000 - 0x00007ffaf23a8000 	C:\Windows\System32\NSI.dll
0x00007ffaebff0000 - 0x00007ffaec007000 	C:\Windows\SYSTEM32\dhcpcsvc6.DLL
0x00007ffaed6b0000 - 0x00007ffaed6cd000 	C:\Windows\SYSTEM32\dhcpcsvc.DLL
0x00007ffaf01d0000 - 0x00007ffaf029a000 	C:\Windows\SYSTEM32\DNSAPI.dll
0x00007ffade2e0000 - 0x00007ffade2ee000 	C:\Program Files\Java\jdk-17\bin\sunmscapi.dll
0x00007ffaf0e20000 - 0x00007ffaf0f7d000 	C:\Windows\System32\CRYPT32.dll
0x00007ffaf0840000 - 0x00007ffaf0867000 	C:\Windows\SYSTEM32\ncrypt.dll
0x00007ffaf07e0000 - 0x00007ffaf081b000 	C:\Windows\SYSTEM32\NTASN1.dll
0x00007ffae4ca0000 - 0x00007ffae4ca7000 	C:\Windows\system32\wshunix.dll

dbghelp: loaded successfully - version: 4.0.5 - missing functions: none
symbol engine: initialized successfully - sym options: 0x614 - pdb path: .;C:\Program Files\Java\jdk-17\bin;C:\Windows\SYSTEM32;C:\Windows\WinSxS\amd64_microsoft.windows.common-controls_6595b64144ccf1df_6.0.19041.5915_none_60b4b9d171f9c7c7;C:\Program Files\Java\jdk-17\bin\server;C:\Users\¿ÎÂÍÒ‡Ì‰\.gradle\native\c067742578af261105cb4f569cf0c3c89f3d7b1fecec35dd04571415982c5e48\windows-amd64;C:\Users\¿ÎÂÍÒ‡Ì‰\.gradle\native\100fb08df4bc3b14c8652ba06237920a3bd2aa13389f12d3474272988ae205f9\windows-amd64

VM Arguments:
jvm_args: --add-opens=java.base/java.util=ALL-UNNAMED --add-opens=java.base/java.lang=ALL-UNNAMED --add-opens=java.base/java.lang.invoke=ALL-UNNAMED --add-opens=java.prefs/java.util.prefs=ALL-UNNAMED --add-exports=jdk.compiler/com.sun.tools.javac.api=ALL-UNNAMED --add-exports=jdk.compiler/com.sun.tools.javac.util=ALL-UNNAMED --add-opens=java.base/java.nio.charset=ALL-UNNAMED --add-opens=java.base/java.net=ALL-UNNAMED --add-opens=java.base/java.util.concurrent.atomic=ALL-UNNAMED -XX:MaxMetaspaceSize=384m -XX:+HeapDumpOnOutOfMemoryError -Xms256m -Xmx512m -Dfile.encoding=UTF-8 -Duser.country=RU -Duser.language=ru -Duser.variant -javaagent:C:\Users\¿ÎÂÍÒ‡Ì‰\.gradle\wrapper\dists\gradle-8.10.2-bin\a04bxjujx95o3nb99gddekhwo\gradle-8.10.2\lib\agents\gradle-instrumentation-agent-8.10.2.jar 
java_command: org.gradle.launcher.daemon.bootstrap.GradleDaemon 8.10.2
java_class_path (initial): C:\Users\¿ÎÂÍÒ‡Ì‰\.gradle\wrapper\dists\gradle-8.10.2-bin\a04bxjujx95o3nb99gddekhwo\gradle-8.10.2\lib\gradle-daemon-main-8.10.2.jar
Launcher Type: SUN_STANDARD

[Global flags]
     intx CICompilerCount                          = 4                                         {product} {ergonomic}
   size_t CompressedClassSpaceSize                 = 335544320                                 {product} {ergonomic}
     uint ConcGCThreads                            = 3                                         {product} {ergonomic}
     uint G1ConcRefinementThreads                  = 10                                        {product} {ergonomic}
   size_t G1HeapRegionSize                         = 1048576                                   {product} {ergonomic}
    uintx GCDrainStackTargetSize                   = 64                                        {product} {ergonomic}
     bool HeapDumpOnOutOfMemoryError               = true                                   {manageable} {command line}
   size_t InitialHeapSize                          = 268435456                                 {product} {command line}
   size_t MarkStackSize                            = 4194304                                   {product} {ergonomic}
   size_t MaxHeapSize                              = 536870912                                 {product} {command line}
   size_t MaxMetaspaceSize                         = 402653184                                 {product} {command line}
   size_t MaxNewSize                               = 321912832                                 {product} {ergonomic}
   size_t MinHeapDeltaBytes                        = 1048576                                   {product} {ergonomic}
   size_t MinHeapSize                              = 268435456                                 {product} {command line}
    uintx NonNMethodCodeHeapSize                   = 5839372                                {pd product} {ergonomic}
    uintx NonProfiledCodeHeapSize                  = 122909434                              {pd product} {ergonomic}
    uintx ProfiledCodeHeapSize                     = 122909434                              {pd product} {ergonomic}
    uintx ReservedCodeCacheSize                    = 251658240                              {pd product} {ergonomic}
     bool SegmentedCodeCache                       = true                                      {product} {ergonomic}
   size_t SoftMaxHeapSize                          = 536870912                              {manageable} {ergonomic}
     bool UseCompressedClassPointers               = true                           {product lp64_product} {ergonomic}
     bool UseCompressedOops                        = true                           {product lp64_product} {ergonomic}
     bool UseG1GC                                  = true                                      {product} {ergonomic}
     bool UseLargePagesIndividualAllocation        = false                                  {pd product} {ergonomic}

Logging:
Log output configuration:
 #0: stdout all=warning uptime,level,tags
 #1: stderr all=off uptime,level,tags

Environment Variables:
JAVA_HOME=C:\Program Files\Java\jdk-17
PATH=C:\Program Files\Common Files\Oracle\Java\javapath;C:\Windows\system32;C:\Windows;C:\Windows\System32\Wbem;C:\Windows\System32\WindowsPowerShell\v1.0\;C:\Windows\System32\OpenSSH\;C:\Gradle\bin;C:\Program Files\Git\cmd;C:\Program Files\usbipd-win\;C:\Program Files\MIT\Kerberos\bin;C:\Gradle\gradle-8.10.2\bin;C:\Program Files\Java\jdk-21\bin;C:\Program Files\dotnet\;C:\Users\¿ÎÂÍÒ‡Ì‰\AppData\Local\Programs\Python\Python310\Scripts\;C:\Users\¿ÎÂÍÒ‡Ì‰\AppData\Local\Programs\Python\Python310\;C:\Users\¿ÎÂÍÒ‡Ì‰\AppData\Local\Microsoft\WindowsApps;C:\Program Files\JetBrains\PyCharm 2022.2.1\bin;;C:\Program Files\JetBrains\IntelliJ IDEA Community Edition 2024.1.4\bin;;C:\Users\¿ÎÂÍÒ‡Ì‰\AppData\Local\Programs\Microsoft VS Code\bin;C:\Gradle\gradle-8.10.2\bin;C:\Program Files\Java\jdk-21\bin;;C:\Program Files\JetBrains\IntelliJ IDEA 2025.1.3\bin;
USERNAME=¿ÎÂÍÒ‡Ì‰
OS=Windows_NT
PROCESSOR_IDENTIFIER=Intel64 Family 6 Model 151 Stepping 5, GenuineIntel



---------------  S Y S T E M  ---------------

OS:
 Windows 10 , 64 bit Build 19041 (10.0.19041.5915)
OS uptime: 0 days 0:19 hours
Hyper-V role detected

CPU: total 12 (initial active 12) (6 cores per cpu, 2 threads per core) family 6 model 151 stepping 5 microcode 0x15, cx8, cmov, fxsr, ht, mmx, 3dnowpref, sse, sse2, sse3, ssse3, sse4.1, sse4.2, popcnt, lzcnt, tsc, tscinvbit, avx, avx2, aes, erms, clmul, bmi1, bmi2, adx, sha, fma, vzeroupper, clflush, clflushopt, clwb, hv

Memory: 4k page, system-wide physical 16225M (317M free)
TotalPageFile size 45952M (AvailPageFile size 5M)
current process WorkingSet (physical memory assigned to process): 269M, peak: 291M
current process commit charge ("private bytes"): 431M, peak: 436M

vm_info: Java HotSpot(TM) 64-Bit Server VM (17.0.10+11-LTS-240) for windows-amd64 JRE (17.0.10+11-LTS-240), built on Dec 19 2023 21:47:25 by "mach5one" with MS VC++ 17.1 (VS2022)

END.
