#
# There is insufficient memory for the Java Runtime Environment to continue.
# Native memory allocation (malloc) failed to allocate 1486176 bytes for Chunk::new
# Possible reasons:
#   The system is out of physical RAM or swap space
#   The process is running with CompressedOops enabled, and the Java Heap may be blocking the growth of the native heap
# Possible solutions:
#   Reduce memory load on the system
#   Increase physical memory or swap space
#   Check if swap backing store is full
#   Decrease Java heap size (-Xmx/-Xms)
#   Decrease number of Java threads
#   Decrease Java thread stack sizes (-Xss)
#   Set larger code cache with -XX:ReservedCodeCacheSize=
#   JVM is running with Unscaled Compressed Oops mode in which the Java heap is
#     placed in the first 4GB address space. The Java Heap base address is the
#     maximum limit for the native heap growth. Please use -XX:HeapBaseMinAddress
#     to set the Java Heap base and to place the Java Heap above 4GB virtual address.
# This output file may be truncated or incomplete.
#
#  Out of Memory Error (arena.cpp:189), pid=6024, tid=27316
#
# JRE version: Java(TM) SE Runtime Environment (17.0.10+11) (build 17.0.10+11-LTS-240)
# Java VM: Java HotSpot(TM) 64-Bit Server VM (17.0.10+11-LTS-240, mixed mode, sharing, tiered, compressed oops, compressed class ptrs, g1 gc, windows-amd64)
# No core dump will be written. Minidumps are not enabled by default on client versions of Windows
#

---------------  S U M M A R Y ------------

Command Line: --add-opens=java.base/java.util=ALL-UNNAMED --add-opens=java.base/java.lang=ALL-UNNAMED --add-opens=java.base/java.lang.invoke=ALL-UNNAMED --add-opens=java.prefs/java.util.prefs=ALL-UNNAMED --add-exports=jdk.compiler/com.sun.tools.javac.api=ALL-UNNAMED --add-exports=jdk.compiler/com.sun.tools.javac.util=ALL-UNNAMED --add-opens=java.base/java.nio.charset=ALL-UNNAMED --add-opens=java.base/java.net=ALL-UNNAMED --add-opens=java.base/java.util.concurrent.atomic=ALL-UNNAMED -XX:MaxMetaspaceSize=384m -XX:+HeapDumpOnOutOfMemoryError -Xms256m -Xmx512m -Dfile.encoding=UTF-8 -Duser.country=RU -Duser.language=ru -Duser.variant -javaagent:C:\Users\Александр\.gradle\wrapper\dists\gradle-8.10.2-bin\a04bxjujx95o3nb99gddekhwo\gradle-8.10.2\lib\agents\gradle-instrumentation-agent-8.10.2.jar org.gradle.launcher.daemon.bootstrap.GradleDaemon 8.10.2

Host: 12th Gen Intel(R) Core(TM) i5-12400F, 12 cores, 15G,  Windows 10 , 64 bit Build 19041 (10.0.19041.5915)
Time: Fri Jun 27 18:37:48 2025 RTZ 2 (s 10 , 64 bit Build 19041 (10.0.19041.5915) elapsed time: 39.640091 seconds (0d 0h 0m 39s)

---------------  T H R E A D  ---------------

Current thread (0x0000023925673ed0):  JavaThread "C2 CompilerThread0" daemon [_thread_in_native, id=27316, stack(0x00000083e2700000,0x00000083e2800000)]


Current CompileTask:
C2:  39647 2432       4       jdk.internal.org.objectweb.asm.Frame::execute (2305 bytes)

Stack: [0x00000083e2700000,0x00000083e2800000]
Native frames: (J=compiled Java code, j=interpreted, Vv=VM code, C=native code)
V  [jvm.dll+0x677a5a]
V  [jvm.dll+0x7d8b2d]
V  [jvm.dll+0x7da48e]
V  [jvm.dll+0x7daaf3]
V  [jvm.dll+0x2455ff]
V  [jvm.dll+0xaaafb]
V  [jvm.dll+0xab09c]
V  [jvm.dll+0x2aafef]
V  [jvm.dll+0x57fd55]
V  [jvm.dll+0x220472]
V  [jvm.dll+0x22084f]
V  [jvm.dll+0x2197a6]
V  [jvm.dll+0x216c79]
V  [jvm.dll+0x1a3410]
V  [jvm.dll+0x226aeb]
V  [jvm.dll+0x224cab]
V  [jvm.dll+0x78e45c]
V  [jvm.dll+0x78888a]
V  [jvm.dll+0x676935]
C  [ucrtbase.dll+0x21bb2]
C  [KERNEL32.DLL+0x17374]
C  [ntdll.dll+0x4cc91]


---------------  P R O C E S S  ---------------

Threads class SMR info:
_java_thread_list=0x000002392591e4e0, length=22, elements={
0x00000239089c9560, 0x0000023925655780, 0x0000023925656510, 0x000002392566d320,
0x000002392566ef60, 0x0000023925671940, 0x0000023925673220, 0x0000023925673ed0,
0x00000239256768a0, 0x00000239256771b0, 0x000002392585af70, 0x0000023925906390,
0x0000023925bb3a00, 0x000002393f35f7d0, 0x0000023925972740, 0x00000239400492d0,
0x000002394078a800, 0x0000023925949c50, 0x000002392594a160, 0x000002392594a670,
0x0000023925946ec0, 0x00000239259478e0
}

Java Threads: ( => current thread )
  0x00000239089c9560 JavaThread "main" [_thread_blocked, id=25832, stack(0x00000083e1a00000,0x00000083e1b00000)]
  0x0000023925655780 JavaThread "Reference Handler" daemon [_thread_blocked, id=8148, stack(0x00000083e2100000,0x00000083e2200000)]
  0x0000023925656510 JavaThread "Finalizer" daemon [_thread_blocked, id=31124, stack(0x00000083e2200000,0x00000083e2300000)]
  0x000002392566d320 JavaThread "Signal Dispatcher" daemon [_thread_blocked, id=8140, stack(0x00000083e2300000,0x00000083e2400000)]
  0x000002392566ef60 JavaThread "Attach Listener" daemon [_thread_blocked, id=18268, stack(0x00000083e2400000,0x00000083e2500000)]
  0x0000023925671940 JavaThread "Service Thread" daemon [_thread_blocked, id=24200, stack(0x00000083e2500000,0x00000083e2600000)]
  0x0000023925673220 JavaThread "Monitor Deflation Thread" daemon [_thread_blocked, id=30684, stack(0x00000083e2600000,0x00000083e2700000)]
=>0x0000023925673ed0 JavaThread "C2 CompilerThread0" daemon [_thread_in_native, id=27316, stack(0x00000083e2700000,0x00000083e2800000)]
  0x00000239256768a0 JavaThread "C1 CompilerThread0" daemon [_thread_blocked, id=15024, stack(0x00000083e2800000,0x00000083e2900000)]
  0x00000239256771b0 JavaThread "Sweeper thread" daemon [_thread_blocked, id=22720, stack(0x00000083e2900000,0x00000083e2a00000)]
  0x000002392585af70 JavaThread "Common-Cleaner" daemon [_thread_blocked, id=24068, stack(0x00000083e2a00000,0x00000083e2b00000)]
  0x0000023925906390 JavaThread "Notification Thread" daemon [_thread_blocked, id=31072, stack(0x00000083e2b00000,0x00000083e2c00000)]
  0x0000023925bb3a00 JavaThread "Daemon health stats" [_thread_blocked, id=30880, stack(0x00000083e1700000,0x00000083e1800000)]
  0x000002393f35f7d0 JavaThread "Incoming local TCP Connector on port 58775" [_thread_in_native, id=5880, stack(0x00000083e2d00000,0x00000083e2e00000)]
  0x0000023925972740 JavaThread "Daemon periodic checks" [_thread_blocked, id=10536, stack(0x00000083e3300000,0x00000083e3400000)]
  0x00000239400492d0 JavaThread "Daemon" [_thread_blocked, id=11244, stack(0x00000083e3400000,0x00000083e3500000)]
  0x000002394078a800 JavaThread "Handler for socket connection from /127.0.0.1:58775 to /127.0.0.1:58794" [_thread_in_native, id=7024, stack(0x00000083e3500000,0x00000083e3600000)]
  0x0000023925949c50 JavaThread "Cancel handler" [_thread_blocked, id=12848, stack(0x00000083e3600000,0x00000083e3700000)]
  0x000002392594a160 JavaThread "Daemon worker" [_thread_in_vm, id=24084, stack(0x00000083e3700000,0x00000083e3800000)]
  0x000002392594a670 JavaThread "Asynchronous log dispatcher for DefaultDaemonConnection: socket connection from /127.0.0.1:58775 to /127.0.0.1:58794" [_thread_blocked, id=15512, stack(0x00000083e3800000,0x00000083e3900000)]
  0x0000023925946ec0 JavaThread "Stdin handler" [_thread_blocked, id=17188, stack(0x00000083e3900000,0x00000083e3a00000)]
  0x00000239259478e0 JavaThread "Daemon client event forwarder" [_thread_blocked, id=27468, stack(0x00000083e3a00000,0x00000083e3b00000)]

Other Threads:
  0x000002392564d7f0 VMThread "VM Thread" [stack: 0x00000083e2000000,0x00000083e2100000] [id=23504] _threads_hazard_ptr=0x000002392591e4e0
  0x00000239259fd780 WatcherThread [stack: 0x00000083e2c00000,0x00000083e2d00000] [id=16912]
  0x00000239089f65b0 GCTaskThread "GC Thread#0" [stack: 0x00000083e1b00000,0x00000083e1c00000] [id=12584]
  0x0000023925a1da30 GCTaskThread "GC Thread#1" [stack: 0x00000083e2e00000,0x00000083e2f00000] [id=16812]
  0x0000023925950b70 GCTaskThread "GC Thread#2" [stack: 0x00000083e2f00000,0x00000083e3000000] [id=21500]
  0x0000023925950e30 GCTaskThread "GC Thread#3" [stack: 0x00000083e3000000,0x00000083e3100000] [id=7980]
  0x0000023925a2e840 GCTaskThread "GC Thread#4" [stack: 0x00000083e3100000,0x00000083e3200000] [id=1808]
  0x0000023925a2ef10 GCTaskThread "GC Thread#5" [stack: 0x00000083e3200000,0x00000083e3300000] [id=22004]
  0x00000239089fb410 ConcurrentGCThread "G1 Main Marker" [stack: 0x00000083e1c00000,0x00000083e1d00000] [id=30056]
  0x00000239089fbd30 ConcurrentGCThread "G1 Conc#0" [stack: 0x00000083e1d00000,0x00000083e1e00000] [id=22108]
  0x0000023908a9e3e0 ConcurrentGCThread "G1 Refine#0" [stack: 0x00000083e1e00000,0x00000083e1f00000] [id=24236]
  0x00000239255124d0 ConcurrentGCThread "G1 Service" [stack: 0x00000083e1f00000,0x00000083e2000000] [id=13248]

Threads with active compile tasks:
C2 CompilerThread0    40287 2432       4       jdk.internal.org.objectweb.asm.Frame::execute (2305 bytes)

VM state: synchronizing (normal execution)

VM Mutex/Monitor currently owned by a thread:  ([mutex/lock_event])
[0x00000239089c3010] Metaspace_lock - owner thread: 0x000002392594a160
[0x00000239089c4ec0] Threads_lock - owner thread: 0x000002392564d7f0

Heap address: 0x00000000e0000000, size: 512 MB, Compressed Oops mode: 32-bit

CDS archive(s) mapped at: [0x0000023926000000-0x0000023926bd0000-0x0000023926bd0000), size 12386304, SharedBaseAddress: 0x0000023926000000, ArchiveRelocationMode: 1.
Compressed class space mapped at: 0x0000023927000000-0x000002393b000000, reserved size: 335544320
Narrow klass base: 0x0000023926000000, Narrow klass shift: 0, Narrow klass range: 0x100000000

GC Precious Log:
 CPUs: 12 total, 12 available
 Memory: 16225M
 Large Page Support: Disabled
 NUMA Support: Disabled
 Compressed Oops: Enabled (32-bit)
 Heap Region Size: 1M
 Heap Min Capacity: 256M
 Heap Initial Capacity: 256M
 Heap Max Capacity: 512M
 Pre-touch: Disabled
 Parallel Workers: 10
 Concurrent Workers: 3
 Concurrent Refinement Workers: 10
 Periodic GC: Disabled

Heap:
 garbage-first heap   total 262144K, used 133864K [0x00000000e0000000, 0x0000000100000000)
  region size 1024K, 123 young (125952K), 5 survivors (5120K)
 Metaspace       used 14092K, committed 14336K, reserved 393216K
  class space    used 1937K, committed 2048K, reserved 327680K

Heap Regions: E=young(eden), S=young(survivor), O=old, HS=humongous(starts), HC=humongous(continues), CS=collection set, F=free, OA=open archive, CA=closed archive, TAMS=top-at-mark-start (previous, next)
|   0|0x00000000e0000000, 0x00000000e0100000, 0x00000000e0100000|100%|HS|  |TAMS 0x00000000e0000000, 0x00000000e0000000| Complete 
|   1|0x00000000e0100000, 0x00000000e0200000, 0x00000000e0200000|100%|HC|  |TAMS 0x00000000e0100000, 0x00000000e0100000| Complete 
|   2|0x00000000e0200000, 0x00000000e0300000, 0x00000000e0300000|100%|HC|  |TAMS 0x00000000e0200000, 0x00000000e0200000| Complete 
|   3|0x00000000e0300000, 0x00000000e0400000, 0x00000000e0400000|100%|HC|  |TAMS 0x00000000e0300000, 0x00000000e0300000| Complete 
|   4|0x00000000e0400000, 0x00000000e0500000, 0x00000000e0500000|100%| O|  |TAMS 0x00000000e0400000, 0x00000000e0400000| Untracked 
|   5|0x00000000e0500000, 0x00000000e0600000, 0x00000000e0600000|100%| O|  |TAMS 0x00000000e0500000, 0x00000000e0500000| Untracked 
|   6|0x00000000e0600000, 0x00000000e06ba000, 0x00000000e0700000| 72%| O|  |TAMS 0x00000000e0600000, 0x00000000e0600000| Untracked 
|   7|0x00000000e0700000, 0x00000000e0800000, 0x00000000e0800000|100%|HS|  |TAMS 0x00000000e0700000, 0x00000000e0700000| Complete 
|   8|0x00000000e0800000, 0x00000000e0900000, 0x00000000e0900000|100%|HS|  |TAMS 0x00000000e0800000, 0x00000000e0800000| Complete 
|   9|0x00000000e0900000, 0x00000000e0900000, 0x00000000e0a00000|  0%| F|  |TAMS 0x00000000e0900000, 0x00000000e0900000| Untracked 
|  10|0x00000000e0a00000, 0x00000000e0a00000, 0x00000000e0b00000|  0%| F|  |TAMS 0x00000000e0a00000, 0x00000000e0a00000| Untracked 
|  11|0x00000000e0b00000, 0x00000000e0b00000, 0x00000000e0c00000|  0%| F|  |TAMS 0x00000000e0b00000, 0x00000000e0b00000| Untracked 
|  12|0x00000000e0c00000, 0x00000000e0c00000, 0x00000000e0d00000|  0%| F|  |TAMS 0x00000000e0c00000, 0x00000000e0c00000| Untracked 
|  13|0x00000000e0d00000, 0x00000000e0d00000, 0x00000000e0e00000|  0%| F|  |TAMS 0x00000000e0d00000, 0x00000000e0d00000| Untracked 
|  14|0x00000000e0e00000, 0x00000000e0e00000, 0x00000000e0f00000|  0%| F|  |TAMS 0x00000000e0e00000, 0x00000000e0e00000| Untracked 
|  15|0x00000000e0f00000, 0x00000000e0f00000, 0x00000000e1000000|  0%| F|  |TAMS 0x00000000e0f00000, 0x00000000e0f00000| Untracked 
|  16|0x00000000e1000000, 0x00000000e1000000, 0x00000000e1100000|  0%| F|  |TAMS 0x00000000e1000000, 0x00000000e1000000| Untracked 
|  17|0x00000000e1100000, 0x00000000e1100000, 0x00000000e1200000|  0%| F|  |TAMS 0x00000000e1100000, 0x00000000e1100000| Untracked 
|  18|0x00000000e1200000, 0x00000000e1200000, 0x00000000e1300000|  0%| F|  |TAMS 0x00000000e1200000, 0x00000000e1200000| Untracked 
|  19|0x00000000e1300000, 0x00000000e1300000, 0x00000000e1400000|  0%| F|  |TAMS 0x00000000e1300000, 0x00000000e1300000| Untracked 
|  20|0x00000000e1400000, 0x00000000e1400000, 0x00000000e1500000|  0%| F|  |TAMS 0x00000000e1400000, 0x00000000e1400000| Untracked 
|  21|0x00000000e1500000, 0x00000000e1500000, 0x00000000e1600000|  0%| F|  |TAMS 0x00000000e1500000, 0x00000000e1500000| Untracked 
|  22|0x00000000e1600000, 0x00000000e1600000, 0x00000000e1700000|  0%| F|  |TAMS 0x00000000e1600000, 0x00000000e1600000| Untracked 
|  23|0x00000000e1700000, 0x00000000e1700000, 0x00000000e1800000|  0%| F|  |TAMS 0x00000000e1700000, 0x00000000e1700000| Untracked 
|  24|0x00000000e1800000, 0x00000000e1800000, 0x00000000e1900000|  0%| F|  |TAMS 0x00000000e1800000, 0x00000000e1800000| Untracked 
|  25|0x00000000e1900000, 0x00000000e1900000, 0x00000000e1a00000|  0%| F|  |TAMS 0x00000000e1900000, 0x00000000e1900000| Untracked 
|  26|0x00000000e1a00000, 0x00000000e1a00000, 0x00000000e1b00000|  0%| F|  |TAMS 0x00000000e1a00000, 0x00000000e1a00000| Untracked 
|  27|0x00000000e1b00000, 0x00000000e1b00000, 0x00000000e1c00000|  0%| F|  |TAMS 0x00000000e1b00000, 0x00000000e1b00000| Untracked 
|  28|0x00000000e1c00000, 0x00000000e1c00000, 0x00000000e1d00000|  0%| F|  |TAMS 0x00000000e1c00000, 0x00000000e1c00000| Untracked 
|  29|0x00000000e1d00000, 0x00000000e1d00000, 0x00000000e1e00000|  0%| F|  |TAMS 0x00000000e1d00000, 0x00000000e1d00000| Untracked 
|  30|0x00000000e1e00000, 0x00000000e1e00000, 0x00000000e1f00000|  0%| F|  |TAMS 0x00000000e1e00000, 0x00000000e1e00000| Untracked 
|  31|0x00000000e1f00000, 0x00000000e1f00000, 0x00000000e2000000|  0%| F|  |TAMS 0x00000000e1f00000, 0x00000000e1f00000| Untracked 
|  32|0x00000000e2000000, 0x00000000e2000000, 0x00000000e2100000|  0%| F|  |TAMS 0x00000000e2000000, 0x00000000e2000000| Untracked 
|  33|0x00000000e2100000, 0x00000000e2100000, 0x00000000e2200000|  0%| F|  |TAMS 0x00000000e2100000, 0x00000000e2100000| Untracked 
|  34|0x00000000e2200000, 0x00000000e2200000, 0x00000000e2300000|  0%| F|  |TAMS 0x00000000e2200000, 0x00000000e2200000| Untracked 
|  35|0x00000000e2300000, 0x00000000e2300000, 0x00000000e2400000|  0%| F|  |TAMS 0x00000000e2300000, 0x00000000e2300000| Untracked 
|  36|0x00000000e2400000, 0x00000000e2400000, 0x00000000e2500000|  0%| F|  |TAMS 0x00000000e2400000, 0x00000000e2400000| Untracked 
|  37|0x00000000e2500000, 0x00000000e2500000, 0x00000000e2600000|  0%| F|  |TAMS 0x00000000e2500000, 0x00000000e2500000| Untracked 
|  38|0x00000000e2600000, 0x00000000e2600000, 0x00000000e2700000|  0%| F|  |TAMS 0x00000000e2600000, 0x00000000e2600000| Untracked 
|  39|0x00000000e2700000, 0x00000000e2700000, 0x00000000e2800000|  0%| F|  |TAMS 0x00000000e2700000, 0x00000000e2700000| Untracked 
|  40|0x00000000e2800000, 0x00000000e2800000, 0x00000000e2900000|  0%| F|  |TAMS 0x00000000e2800000, 0x00000000e2800000| Untracked 
|  41|0x00000000e2900000, 0x00000000e2900000, 0x00000000e2a00000|  0%| F|  |TAMS 0x00000000e2900000, 0x00000000e2900000| Untracked 
|  42|0x00000000e2a00000, 0x00000000e2a00000, 0x00000000e2b00000|  0%| F|  |TAMS 0x00000000e2a00000, 0x00000000e2a00000| Untracked 
|  43|0x00000000e2b00000, 0x00000000e2b00000, 0x00000000e2c00000|  0%| F|  |TAMS 0x00000000e2b00000, 0x00000000e2b00000| Untracked 
|  44|0x00000000e2c00000, 0x00000000e2c00000, 0x00000000e2d00000|  0%| F|  |TAMS 0x00000000e2c00000, 0x00000000e2c00000| Untracked 
|  45|0x00000000e2d00000, 0x00000000e2d00000, 0x00000000e2e00000|  0%| F|  |TAMS 0x00000000e2d00000, 0x00000000e2d00000| Untracked 
|  46|0x00000000e2e00000, 0x00000000e2e00000, 0x00000000e2f00000|  0%| F|  |TAMS 0x00000000e2e00000, 0x00000000e2e00000| Untracked 
|  47|0x00000000e2f00000, 0x00000000e2f00000, 0x00000000e3000000|  0%| F|  |TAMS 0x00000000e2f00000, 0x00000000e2f00000| Untracked 
|  48|0x00000000e3000000, 0x00000000e3000000, 0x00000000e3100000|  0%| F|  |TAMS 0x00000000e3000000, 0x00000000e3000000| Untracked 
|  49|0x00000000e3100000, 0x00000000e3100000, 0x00000000e3200000|  0%| F|  |TAMS 0x00000000e3100000, 0x00000000e3100000| Untracked 
|  50|0x00000000e3200000, 0x00000000e3200000, 0x00000000e3300000|  0%| F|  |TAMS 0x00000000e3200000, 0x00000000e3200000| Untracked 
|  51|0x00000000e3300000, 0x00000000e3300000, 0x00000000e3400000|  0%| F|  |TAMS 0x00000000e3300000, 0x00000000e3300000| Untracked 
|  52|0x00000000e3400000, 0x00000000e3400000, 0x00000000e3500000|  0%| F|  |TAMS 0x00000000e3400000, 0x00000000e3400000| Untracked 
|  53|0x00000000e3500000, 0x00000000e3500000, 0x00000000e3600000|  0%| F|  |TAMS 0x00000000e3500000, 0x00000000e3500000| Untracked 
|  54|0x00000000e3600000, 0x00000000e3600000, 0x00000000e3700000|  0%| F|  |TAMS 0x00000000e3600000, 0x00000000e3600000| Untracked 
|  55|0x00000000e3700000, 0x00000000e3700000, 0x00000000e3800000|  0%| F|  |TAMS 0x00000000e3700000, 0x00000000e3700000| Untracked 
|  56|0x00000000e3800000, 0x00000000e3800000, 0x00000000e3900000|  0%| F|  |TAMS 0x00000000e3800000, 0x00000000e3800000| Untracked 
|  57|0x00000000e3900000, 0x00000000e3900000, 0x00000000e3a00000|  0%| F|  |TAMS 0x00000000e3900000, 0x00000000e3900000| Untracked 
|  58|0x00000000e3a00000, 0x00000000e3a00000, 0x00000000e3b00000|  0%| F|  |TAMS 0x00000000e3a00000, 0x00000000e3a00000| Untracked 
|  59|0x00000000e3b00000, 0x00000000e3b00000, 0x00000000e3c00000|  0%| F|  |TAMS 0x00000000e3b00000, 0x00000000e3b00000| Untracked 
|  60|0x00000000e3c00000, 0x00000000e3c00000, 0x00000000e3d00000|  0%| F|  |TAMS 0x00000000e3c00000, 0x00000000e3c00000| Untracked 
|  61|0x00000000e3d00000, 0x00000000e3d00000, 0x00000000e3e00000|  0%| F|  |TAMS 0x00000000e3d00000, 0x00000000e3d00000| Untracked 
|  62|0x00000000e3e00000, 0x00000000e3e00000, 0x00000000e3f00000|  0%| F|  |TAMS 0x00000000e3e00000, 0x00000000e3e00000| Untracked 
|  63|0x00000000e3f00000, 0x00000000e3f00000, 0x00000000e4000000|  0%| F|  |TAMS 0x00000000e3f00000, 0x00000000e3f00000| Untracked 
|  64|0x00000000e4000000, 0x00000000e4000000, 0x00000000e4100000|  0%| F|  |TAMS 0x00000000e4000000, 0x00000000e4000000| Untracked 
|  65|0x00000000e4100000, 0x00000000e4100000, 0x00000000e4200000|  0%| F|  |TAMS 0x00000000e4100000, 0x00000000e4100000| Untracked 
|  66|0x00000000e4200000, 0x00000000e4200000, 0x00000000e4300000|  0%| F|  |TAMS 0x00000000e4200000, 0x00000000e4200000| Untracked 
|  67|0x00000000e4300000, 0x00000000e4300000, 0x00000000e4400000|  0%| F|  |TAMS 0x00000000e4300000, 0x00000000e4300000| Untracked 
|  68|0x00000000e4400000, 0x00000000e4400000, 0x00000000e4500000|  0%| F|  |TAMS 0x00000000e4400000, 0x00000000e4400000| Untracked 
|  69|0x00000000e4500000, 0x00000000e4500000, 0x00000000e4600000|  0%| F|  |TAMS 0x00000000e4500000, 0x00000000e4500000| Untracked 
|  70|0x00000000e4600000, 0x00000000e4600000, 0x00000000e4700000|  0%| F|  |TAMS 0x00000000e4600000, 0x00000000e4600000| Untracked 
|  71|0x00000000e4700000, 0x00000000e4700000, 0x00000000e4800000|  0%| F|  |TAMS 0x00000000e4700000, 0x00000000e4700000| Untracked 
|  72|0x00000000e4800000, 0x00000000e4800000, 0x00000000e4900000|  0%| F|  |TAMS 0x00000000e4800000, 0x00000000e4800000| Untracked 
|  73|0x00000000e4900000, 0x00000000e4900000, 0x00000000e4a00000|  0%| F|  |TAMS 0x00000000e4900000, 0x00000000e4900000| Untracked 
|  74|0x00000000e4a00000, 0x00000000e4a00000, 0x00000000e4b00000|  0%| F|  |TAMS 0x00000000e4a00000, 0x00000000e4a00000| Untracked 
|  75|0x00000000e4b00000, 0x00000000e4b00000, 0x00000000e4c00000|  0%| F|  |TAMS 0x00000000e4b00000, 0x00000000e4b00000| Untracked 
|  76|0x00000000e4c00000, 0x00000000e4c00000, 0x00000000e4d00000|  0%| F|  |TAMS 0x00000000e4c00000, 0x00000000e4c00000| Untracked 
|  77|0x00000000e4d00000, 0x00000000e4d00000, 0x00000000e4e00000|  0%| F|  |TAMS 0x00000000e4d00000, 0x00000000e4d00000| Untracked 
|  78|0x00000000e4e00000, 0x00000000e4e00000, 0x00000000e4f00000|  0%| F|  |TAMS 0x00000000e4e00000, 0x00000000e4e00000| Untracked 
|  79|0x00000000e4f00000, 0x00000000e4f00000, 0x00000000e5000000|  0%| F|  |TAMS 0x00000000e4f00000, 0x00000000e4f00000| Untracked 
|  80|0x00000000e5000000, 0x00000000e5000000, 0x00000000e5100000|  0%| F|  |TAMS 0x00000000e5000000, 0x00000000e5000000| Untracked 
|  81|0x00000000e5100000, 0x00000000e5100000, 0x00000000e5200000|  0%| F|  |TAMS 0x00000000e5100000, 0x00000000e5100000| Untracked 
|  82|0x00000000e5200000, 0x00000000e5200000, 0x00000000e5300000|  0%| F|  |TAMS 0x00000000e5200000, 0x00000000e5200000| Untracked 
|  83|0x00000000e5300000, 0x00000000e5300000, 0x00000000e5400000|  0%| F|  |TAMS 0x00000000e5300000, 0x00000000e5300000| Untracked 
|  84|0x00000000e5400000, 0x00000000e5400000, 0x00000000e5500000|  0%| F|  |TAMS 0x00000000e5400000, 0x00000000e5400000| Untracked 
|  85|0x00000000e5500000, 0x00000000e5500000, 0x00000000e5600000|  0%| F|  |TAMS 0x00000000e5500000, 0x00000000e5500000| Untracked 
|  86|0x00000000e5600000, 0x00000000e5600000, 0x00000000e5700000|  0%| F|  |TAMS 0x00000000e5600000, 0x00000000e5600000| Untracked 
|  87|0x00000000e5700000, 0x00000000e5700000, 0x00000000e5800000|  0%| F|  |TAMS 0x00000000e5700000, 0x00000000e5700000| Untracked 
|  88|0x00000000e5800000, 0x00000000e5800000, 0x00000000e5900000|  0%| F|  |TAMS 0x00000000e5800000, 0x00000000e5800000| Untracked 
|  89|0x00000000e5900000, 0x00000000e5900000, 0x00000000e5a00000|  0%| F|  |TAMS 0x00000000e5900000, 0x00000000e5900000| Untracked 
|  90|0x00000000e5a00000, 0x00000000e5a00000, 0x00000000e5b00000|  0%| F|  |TAMS 0x00000000e5a00000, 0x00000000e5a00000| Untracked 
|  91|0x00000000e5b00000, 0x00000000e5b00000, 0x00000000e5c00000|  0%| F|  |TAMS 0x00000000e5b00000, 0x00000000e5b00000| Untracked 
|  92|0x00000000e5c00000, 0x00000000e5c00000, 0x00000000e5d00000|  0%| F|  |TAMS 0x00000000e5c00000, 0x00000000e5c00000| Untracked 
|  93|0x00000000e5d00000, 0x00000000e5d00000, 0x00000000e5e00000|  0%| F|  |TAMS 0x00000000e5d00000, 0x00000000e5d00000| Untracked 
|  94|0x00000000e5e00000, 0x00000000e5e00000, 0x00000000e5f00000|  0%| F|  |TAMS 0x00000000e5e00000, 0x00000000e5e00000| Untracked 
|  95|0x00000000e5f00000, 0x00000000e5f00000, 0x00000000e6000000|  0%| F|  |TAMS 0x00000000e5f00000, 0x00000000e5f00000| Untracked 
|  96|0x00000000e6000000, 0x00000000e6000000, 0x00000000e6100000|  0%| F|  |TAMS 0x00000000e6000000, 0x00000000e6000000| Untracked 
|  97|0x00000000e6100000, 0x00000000e6100000, 0x00000000e6200000|  0%| F|  |TAMS 0x00000000e6100000, 0x00000000e6100000| Untracked 
|  98|0x00000000e6200000, 0x00000000e6200000, 0x00000000e6300000|  0%| F|  |TAMS 0x00000000e6200000, 0x00000000e6200000| Untracked 
|  99|0x00000000e6300000, 0x00000000e6300000, 0x00000000e6400000|  0%| F|  |TAMS 0x00000000e6300000, 0x00000000e6300000| Untracked 
| 100|0x00000000e6400000, 0x00000000e6400000, 0x00000000e6500000|  0%| F|  |TAMS 0x00000000e6400000, 0x00000000e6400000| Untracked 
| 101|0x00000000e6500000, 0x00000000e6500000, 0x00000000e6600000|  0%| F|  |TAMS 0x00000000e6500000, 0x00000000e6500000| Untracked 
| 102|0x00000000e6600000, 0x00000000e6600000, 0x00000000e6700000|  0%| F|  |TAMS 0x00000000e6600000, 0x00000000e6600000| Untracked 
| 103|0x00000000e6700000, 0x00000000e6700000, 0x00000000e6800000|  0%| F|  |TAMS 0x00000000e6700000, 0x00000000e6700000| Untracked 
| 104|0x00000000e6800000, 0x00000000e6800000, 0x00000000e6900000|  0%| F|  |TAMS 0x00000000e6800000, 0x00000000e6800000| Untracked 
| 105|0x00000000e6900000, 0x00000000e6900000, 0x00000000e6a00000|  0%| F|  |TAMS 0x00000000e6900000, 0x00000000e6900000| Untracked 
| 106|0x00000000e6a00000, 0x00000000e6a00000, 0x00000000e6b00000|  0%| F|  |TAMS 0x00000000e6a00000, 0x00000000e6a00000| Untracked 
| 107|0x00000000e6b00000, 0x00000000e6b00000, 0x00000000e6c00000|  0%| F|  |TAMS 0x00000000e6b00000, 0x00000000e6b00000| Untracked 
| 108|0x00000000e6c00000, 0x00000000e6c00000, 0x00000000e6d00000|  0%| F|  |TAMS 0x00000000e6c00000, 0x00000000e6c00000| Untracked 
| 109|0x00000000e6d00000, 0x00000000e6d00000, 0x00000000e6e00000|  0%| F|  |TAMS 0x00000000e6d00000, 0x00000000e6d00000| Untracked 
| 110|0x00000000e6e00000, 0x00000000e6e00000, 0x00000000e6f00000|  0%| F|  |TAMS 0x00000000e6e00000, 0x00000000e6e00000| Untracked 
| 111|0x00000000e6f00000, 0x00000000e6f00000, 0x00000000e7000000|  0%| F|  |TAMS 0x00000000e6f00000, 0x00000000e6f00000| Untracked 
| 112|0x00000000e7000000, 0x00000000e7000000, 0x00000000e7100000|  0%| F|  |TAMS 0x00000000e7000000, 0x00000000e7000000| Untracked 
| 113|0x00000000e7100000, 0x00000000e7100000, 0x00000000e7200000|  0%| F|  |TAMS 0x00000000e7100000, 0x00000000e7100000| Untracked 
| 114|0x00000000e7200000, 0x00000000e7200000, 0x00000000e7300000|  0%| F|  |TAMS 0x00000000e7200000, 0x00000000e7200000| Untracked 
| 115|0x00000000e7300000, 0x00000000e7300000, 0x00000000e7400000|  0%| F|  |TAMS 0x00000000e7300000, 0x00000000e7300000| Untracked 
| 116|0x00000000e7400000, 0x00000000e7400000, 0x00000000e7500000|  0%| F|  |TAMS 0x00000000e7400000, 0x00000000e7400000| Untracked 
| 117|0x00000000e7500000, 0x00000000e7500000, 0x00000000e7600000|  0%| F|  |TAMS 0x00000000e7500000, 0x00000000e7500000| Untracked 
| 118|0x00000000e7600000, 0x00000000e7600000, 0x00000000e7700000|  0%| F|  |TAMS 0x00000000e7600000, 0x00000000e7600000| Untracked 
| 119|0x00000000e7700000, 0x00000000e7700000, 0x00000000e7800000|  0%| F|  |TAMS 0x00000000e7700000, 0x00000000e7700000| Untracked 
| 120|0x00000000e7800000, 0x00000000e7800000, 0x00000000e7900000|  0%| F|  |TAMS 0x00000000e7800000, 0x00000000e7800000| Untracked 
| 121|0x00000000e7900000, 0x00000000e7900000, 0x00000000e7a00000|  0%| F|  |TAMS 0x00000000e7900000, 0x00000000e7900000| Untracked 
| 122|0x00000000e7a00000, 0x00000000e7a00000, 0x00000000e7b00000|  0%| F|  |TAMS 0x00000000e7a00000, 0x00000000e7a00000| Untracked 
| 123|0x00000000e7b00000, 0x00000000e7b00000, 0x00000000e7c00000|  0%| F|  |TAMS 0x00000000e7b00000, 0x00000000e7b00000| Untracked 
| 124|0x00000000e7c00000, 0x00000000e7c00000, 0x00000000e7d00000|  0%| F|  |TAMS 0x00000000e7c00000, 0x00000000e7c00000| Untracked 
| 125|0x00000000e7d00000, 0x00000000e7d00000, 0x00000000e7e00000|  0%| F|  |TAMS 0x00000000e7d00000, 0x00000000e7d00000| Untracked 
| 126|0x00000000e7e00000, 0x00000000e7e00000, 0x00000000e7f00000|  0%| F|  |TAMS 0x00000000e7e00000, 0x00000000e7e00000| Untracked 
| 127|0x00000000e7f00000, 0x00000000e7f00000, 0x00000000e8000000|  0%| F|  |TAMS 0x00000000e7f00000, 0x00000000e7f00000| Untracked 
| 128|0x00000000e8000000, 0x00000000e8000000, 0x00000000e8100000|  0%| F|  |TAMS 0x00000000e8000000, 0x00000000e8000000| Untracked 
| 129|0x00000000e8100000, 0x00000000e8100000, 0x00000000e8200000|  0%| F|  |TAMS 0x00000000e8100000, 0x00000000e8100000| Untracked 
| 130|0x00000000e8200000, 0x00000000e8200000, 0x00000000e8300000|  0%| F|  |TAMS 0x00000000e8200000, 0x00000000e8200000| Untracked 
| 131|0x00000000e8300000, 0x00000000e8300000, 0x00000000e8400000|  0%| F|  |TAMS 0x00000000e8300000, 0x00000000e8300000| Untracked 
| 132|0x00000000e8400000, 0x00000000e8400000, 0x00000000e8500000|  0%| F|  |TAMS 0x00000000e8400000, 0x00000000e8400000| Untracked 
| 133|0x00000000e8500000, 0x00000000e8580800, 0x00000000e8600000| 50%| E|  |TAMS 0x00000000e8500000, 0x00000000e8500000| Complete 
| 134|0x00000000e8600000, 0x00000000e8700000, 0x00000000e8700000|100%| E|CS|TAMS 0x00000000e8600000, 0x00000000e8600000| Complete 
| 135|0x00000000e8700000, 0x00000000e8800000, 0x00000000e8800000|100%| E|CS|TAMS 0x00000000e8700000, 0x00000000e8700000| Complete 
| 136|0x00000000e8800000, 0x00000000e8900000, 0x00000000e8900000|100%| E|CS|TAMS 0x00000000e8800000, 0x00000000e8800000| Complete 
| 137|0x00000000e8900000, 0x00000000e8a00000, 0x00000000e8a00000|100%| E|CS|TAMS 0x00000000e8900000, 0x00000000e8900000| Complete 
| 138|0x00000000e8a00000, 0x00000000e8b00000, 0x00000000e8b00000|100%| E|CS|TAMS 0x00000000e8a00000, 0x00000000e8a00000| Complete 
| 139|0x00000000e8b00000, 0x00000000e8c00000, 0x00000000e8c00000|100%| E|CS|TAMS 0x00000000e8b00000, 0x00000000e8b00000| Complete 
| 140|0x00000000e8c00000, 0x00000000e8d00000, 0x00000000e8d00000|100%| E|CS|TAMS 0x00000000e8c00000, 0x00000000e8c00000| Complete 
| 141|0x00000000e8d00000, 0x00000000e8e00000, 0x00000000e8e00000|100%| E|CS|TAMS 0x00000000e8d00000, 0x00000000e8d00000| Complete 
| 142|0x00000000e8e00000, 0x00000000e8f00000, 0x00000000e8f00000|100%| E|CS|TAMS 0x00000000e8e00000, 0x00000000e8e00000| Complete 
| 143|0x00000000e8f00000, 0x00000000e9000000, 0x00000000e9000000|100%| E|CS|TAMS 0x00000000e8f00000, 0x00000000e8f00000| Complete 
| 144|0x00000000e9000000, 0x00000000e9100000, 0x00000000e9100000|100%| E|CS|TAMS 0x00000000e9000000, 0x00000000e9000000| Complete 
| 145|0x00000000e9100000, 0x00000000e9200000, 0x00000000e9200000|100%| E|CS|TAMS 0x00000000e9100000, 0x00000000e9100000| Complete 
| 146|0x00000000e9200000, 0x00000000e9300000, 0x00000000e9300000|100%| E|CS|TAMS 0x00000000e9200000, 0x00000000e9200000| Complete 
| 147|0x00000000e9300000, 0x00000000e9400000, 0x00000000e9400000|100%| E|CS|TAMS 0x00000000e9300000, 0x00000000e9300000| Complete 
| 148|0x00000000e9400000, 0x00000000e9500000, 0x00000000e9500000|100%| E|CS|TAMS 0x00000000e9400000, 0x00000000e9400000| Complete 
| 149|0x00000000e9500000, 0x00000000e9600000, 0x00000000e9600000|100%| E|CS|TAMS 0x00000000e9500000, 0x00000000e9500000| Complete 
| 150|0x00000000e9600000, 0x00000000e9700000, 0x00000000e9700000|100%| E|CS|TAMS 0x00000000e9600000, 0x00000000e9600000| Complete 
| 151|0x00000000e9700000, 0x00000000e9800000, 0x00000000e9800000|100%| E|CS|TAMS 0x00000000e9700000, 0x00000000e9700000| Complete 
| 152|0x00000000e9800000, 0x00000000e9900000, 0x00000000e9900000|100%| E|CS|TAMS 0x00000000e9800000, 0x00000000e9800000| Complete 
| 153|0x00000000e9900000, 0x00000000e9a00000, 0x00000000e9a00000|100%| E|CS|TAMS 0x00000000e9900000, 0x00000000e9900000| Complete 
| 154|0x00000000e9a00000, 0x00000000e9b00000, 0x00000000e9b00000|100%| E|CS|TAMS 0x00000000e9a00000, 0x00000000e9a00000| Complete 
| 155|0x00000000e9b00000, 0x00000000e9c00000, 0x00000000e9c00000|100%| E|CS|TAMS 0x00000000e9b00000, 0x00000000e9b00000| Complete 
| 156|0x00000000e9c00000, 0x00000000e9d00000, 0x00000000e9d00000|100%| E|CS|TAMS 0x00000000e9c00000, 0x00000000e9c00000| Complete 
| 157|0x00000000e9d00000, 0x00000000e9e00000, 0x00000000e9e00000|100%| E|CS|TAMS 0x00000000e9d00000, 0x00000000e9d00000| Complete 
| 158|0x00000000e9e00000, 0x00000000e9f00000, 0x00000000e9f00000|100%| E|CS|TAMS 0x00000000e9e00000, 0x00000000e9e00000| Complete 
| 159|0x00000000e9f00000, 0x00000000ea000000, 0x00000000ea000000|100%| E|CS|TAMS 0x00000000e9f00000, 0x00000000e9f00000| Complete 
| 160|0x00000000ea000000, 0x00000000ea100000, 0x00000000ea100000|100%| E|CS|TAMS 0x00000000ea000000, 0x00000000ea000000| Complete 
| 161|0x00000000ea100000, 0x00000000ea200000, 0x00000000ea200000|100%| E|CS|TAMS 0x00000000ea100000, 0x00000000ea100000| Complete 
| 162|0x00000000ea200000, 0x00000000ea300000, 0x00000000ea300000|100%| E|CS|TAMS 0x00000000ea200000, 0x00000000ea200000| Complete 
| 163|0x00000000ea300000, 0x00000000ea400000, 0x00000000ea400000|100%| E|CS|TAMS 0x00000000ea300000, 0x00000000ea300000| Complete 
| 164|0x00000000ea400000, 0x00000000ea500000, 0x00000000ea500000|100%| E|CS|TAMS 0x00000000ea400000, 0x00000000ea400000| Complete 
| 165|0x00000000ea500000, 0x00000000ea600000, 0x00000000ea600000|100%| E|CS|TAMS 0x00000000ea500000, 0x00000000ea500000| Complete 
| 166|0x00000000ea600000, 0x00000000ea700000, 0x00000000ea700000|100%| E|CS|TAMS 0x00000000ea600000, 0x00000000ea600000| Complete 
| 167|0x00000000ea700000, 0x00000000ea800000, 0x00000000ea800000|100%| E|CS|TAMS 0x00000000ea700000, 0x00000000ea700000| Complete 
| 168|0x00000000ea800000, 0x00000000ea900000, 0x00000000ea900000|100%| E|CS|TAMS 0x00000000ea800000, 0x00000000ea800000| Complete 
| 169|0x00000000ea900000, 0x00000000eaa00000, 0x00000000eaa00000|100%| E|CS|TAMS 0x00000000ea900000, 0x00000000ea900000| Complete 
| 170|0x00000000eaa00000, 0x00000000eab00000, 0x00000000eab00000|100%| E|CS|TAMS 0x00000000eaa00000, 0x00000000eaa00000| Complete 
| 171|0x00000000eab00000, 0x00000000eac00000, 0x00000000eac00000|100%| E|CS|TAMS 0x00000000eab00000, 0x00000000eab00000| Complete 
| 172|0x00000000eac00000, 0x00000000ead00000, 0x00000000ead00000|100%| E|CS|TAMS 0x00000000eac00000, 0x00000000eac00000| Complete 
| 173|0x00000000ead00000, 0x00000000eae00000, 0x00000000eae00000|100%| E|CS|TAMS 0x00000000ead00000, 0x00000000ead00000| Complete 
| 174|0x00000000eae00000, 0x00000000eaf00000, 0x00000000eaf00000|100%| E|CS|TAMS 0x00000000eae00000, 0x00000000eae00000| Complete 
| 175|0x00000000eaf00000, 0x00000000eb000000, 0x00000000eb000000|100%| E|CS|TAMS 0x00000000eaf00000, 0x00000000eaf00000| Complete 
| 176|0x00000000eb000000, 0x00000000eb100000, 0x00000000eb100000|100%| E|CS|TAMS 0x00000000eb000000, 0x00000000eb000000| Complete 
| 177|0x00000000eb100000, 0x00000000eb200000, 0x00000000eb200000|100%| E|CS|TAMS 0x00000000eb100000, 0x00000000eb100000| Complete 
| 178|0x00000000eb200000, 0x00000000eb300000, 0x00000000eb300000|100%| E|CS|TAMS 0x00000000eb200000, 0x00000000eb200000| Complete 
| 179|0x00000000eb300000, 0x00000000eb400000, 0x00000000eb400000|100%| E|CS|TAMS 0x00000000eb300000, 0x00000000eb300000| Complete 
| 180|0x00000000eb400000, 0x00000000eb500000, 0x00000000eb500000|100%| E|CS|TAMS 0x00000000eb400000, 0x00000000eb400000| Complete 
| 181|0x00000000eb500000, 0x00000000eb600000, 0x00000000eb600000|100%| E|CS|TAMS 0x00000000eb500000, 0x00000000eb500000| Complete 
| 182|0x00000000eb600000, 0x00000000eb700000, 0x00000000eb700000|100%| E|CS|TAMS 0x00000000eb600000, 0x00000000eb600000| Complete 
| 183|0x00000000eb700000, 0x00000000eb800000, 0x00000000eb800000|100%| E|CS|TAMS 0x00000000eb700000, 0x00000000eb700000| Complete 
| 184|0x00000000eb800000, 0x00000000eb900000, 0x00000000eb900000|100%| E|CS|TAMS 0x00000000eb800000, 0x00000000eb800000| Complete 
| 185|0x00000000eb900000, 0x00000000eba00000, 0x00000000eba00000|100%| E|CS|TAMS 0x00000000eb900000, 0x00000000eb900000| Complete 
| 186|0x00000000eba00000, 0x00000000ebb00000, 0x00000000ebb00000|100%| E|CS|TAMS 0x00000000eba00000, 0x00000000eba00000| Complete 
| 187|0x00000000ebb00000, 0x00000000ebc00000, 0x00000000ebc00000|100%| E|CS|TAMS 0x00000000ebb00000, 0x00000000ebb00000| Complete 
| 188|0x00000000ebc00000, 0x00000000ebd00000, 0x00000000ebd00000|100%| E|CS|TAMS 0x00000000ebc00000, 0x00000000ebc00000| Complete 
| 189|0x00000000ebd00000, 0x00000000ebe00000, 0x00000000ebe00000|100%| E|CS|TAMS 0x00000000ebd00000, 0x00000000ebd00000| Complete 
| 190|0x00000000ebe00000, 0x00000000ebf00000, 0x00000000ebf00000|100%| E|CS|TAMS 0x00000000ebe00000, 0x00000000ebe00000| Complete 
| 191|0x00000000ebf00000, 0x00000000ec000000, 0x00000000ec000000|100%| E|CS|TAMS 0x00000000ebf00000, 0x00000000ebf00000| Complete 
| 192|0x00000000ec000000, 0x00000000ec100000, 0x00000000ec100000|100%| E|CS|TAMS 0x00000000ec000000, 0x00000000ec000000| Complete 
| 193|0x00000000ec100000, 0x00000000ec200000, 0x00000000ec200000|100%| E|CS|TAMS 0x00000000ec100000, 0x00000000ec100000| Complete 
| 194|0x00000000ec200000, 0x00000000ec300000, 0x00000000ec300000|100%| E|CS|TAMS 0x00000000ec200000, 0x00000000ec200000| Complete 
| 195|0x00000000ec300000, 0x00000000ec400000, 0x00000000ec400000|100%| E|CS|TAMS 0x00000000ec300000, 0x00000000ec300000| Complete 
| 196|0x00000000ec400000, 0x00000000ec500000, 0x00000000ec500000|100%| E|CS|TAMS 0x00000000ec400000, 0x00000000ec400000| Complete 
| 197|0x00000000ec500000, 0x00000000ec600000, 0x00000000ec600000|100%| E|CS|TAMS 0x00000000ec500000, 0x00000000ec500000| Complete 
| 198|0x00000000ec600000, 0x00000000ec700000, 0x00000000ec700000|100%| E|CS|TAMS 0x00000000ec600000, 0x00000000ec600000| Complete 
| 199|0x00000000ec700000, 0x00000000ec800000, 0x00000000ec800000|100%| E|CS|TAMS 0x00000000ec700000, 0x00000000ec700000| Complete 
| 200|0x00000000ec800000, 0x00000000ec900000, 0x00000000ec900000|100%| E|CS|TAMS 0x00000000ec800000, 0x00000000ec800000| Complete 
| 201|0x00000000ec900000, 0x00000000eca00000, 0x00000000eca00000|100%| E|CS|TAMS 0x00000000ec900000, 0x00000000ec900000| Complete 
| 202|0x00000000eca00000, 0x00000000ecb00000, 0x00000000ecb00000|100%| E|CS|TAMS 0x00000000eca00000, 0x00000000eca00000| Complete 
| 203|0x00000000ecb00000, 0x00000000ecc00000, 0x00000000ecc00000|100%| E|CS|TAMS 0x00000000ecb00000, 0x00000000ecb00000| Complete 
| 204|0x00000000ecc00000, 0x00000000ecd00000, 0x00000000ecd00000|100%| E|CS|TAMS 0x00000000ecc00000, 0x00000000ecc00000| Complete 
| 205|0x00000000ecd00000, 0x00000000ece00000, 0x00000000ece00000|100%| E|CS|TAMS 0x00000000ecd00000, 0x00000000ecd00000| Complete 
| 206|0x00000000ece00000, 0x00000000ecf00000, 0x00000000ecf00000|100%| E|CS|TAMS 0x00000000ece00000, 0x00000000ece00000| Complete 
| 207|0x00000000ecf00000, 0x00000000ed000000, 0x00000000ed000000|100%| E|CS|TAMS 0x00000000ecf00000, 0x00000000ecf00000| Complete 
| 208|0x00000000ed000000, 0x00000000ed100000, 0x00000000ed100000|100%| E|CS|TAMS 0x00000000ed000000, 0x00000000ed000000| Complete 
| 209|0x00000000ed100000, 0x00000000ed200000, 0x00000000ed200000|100%| E|CS|TAMS 0x00000000ed100000, 0x00000000ed100000| Complete 
| 210|0x00000000ed200000, 0x00000000ed300000, 0x00000000ed300000|100%| E|CS|TAMS 0x00000000ed200000, 0x00000000ed200000| Complete 
| 211|0x00000000ed300000, 0x00000000ed400000, 0x00000000ed400000|100%| E|CS|TAMS 0x00000000ed300000, 0x00000000ed300000| Complete 
| 212|0x00000000ed400000, 0x00000000ed500000, 0x00000000ed500000|100%| E|CS|TAMS 0x00000000ed400000, 0x00000000ed400000| Complete 
| 213|0x00000000ed500000, 0x00000000ed600000, 0x00000000ed600000|100%| E|CS|TAMS 0x00000000ed500000, 0x00000000ed500000| Complete 
| 214|0x00000000ed600000, 0x00000000ed700000, 0x00000000ed700000|100%| S|CS|TAMS 0x00000000ed600000, 0x00000000ed600000| Complete 
| 215|0x00000000ed700000, 0x00000000ed800000, 0x00000000ed800000|100%| S|CS|TAMS 0x00000000ed700000, 0x00000000ed700000| Complete 
| 216|0x00000000ed800000, 0x00000000ed900000, 0x00000000ed900000|100%| S|CS|TAMS 0x00000000ed800000, 0x00000000ed800000| Complete 
| 217|0x00000000ed900000, 0x00000000eda00000, 0x00000000eda00000|100%| S|CS|TAMS 0x00000000ed900000, 0x00000000ed900000| Complete 
| 218|0x00000000eda00000, 0x00000000edb00000, 0x00000000edb00000|100%| S|CS|TAMS 0x00000000eda00000, 0x00000000eda00000| Complete 
| 219|0x00000000edb00000, 0x00000000edc00000, 0x00000000edc00000|100%| E|CS|TAMS 0x00000000edb00000, 0x00000000edb00000| Complete 
| 220|0x00000000edc00000, 0x00000000edd00000, 0x00000000edd00000|100%| E|CS|TAMS 0x00000000edc00000, 0x00000000edc00000| Complete 
| 221|0x00000000edd00000, 0x00000000ede00000, 0x00000000ede00000|100%| E|CS|TAMS 0x00000000edd00000, 0x00000000edd00000| Complete 
| 222|0x00000000ede00000, 0x00000000edf00000, 0x00000000edf00000|100%| E|CS|TAMS 0x00000000ede00000, 0x00000000ede00000| Complete 
| 223|0x00000000edf00000, 0x00000000ee000000, 0x00000000ee000000|100%| E|CS|TAMS 0x00000000edf00000, 0x00000000edf00000| Complete 
| 224|0x00000000ee000000, 0x00000000ee100000, 0x00000000ee100000|100%| E|CS|TAMS 0x00000000ee000000, 0x00000000ee000000| Complete 
| 225|0x00000000ee100000, 0x00000000ee200000, 0x00000000ee200000|100%| E|CS|TAMS 0x00000000ee100000, 0x00000000ee100000| Complete 
| 226|0x00000000ee200000, 0x00000000ee300000, 0x00000000ee300000|100%| E|CS|TAMS 0x00000000ee200000, 0x00000000ee200000| Complete 
| 227|0x00000000ee300000, 0x00000000ee400000, 0x00000000ee400000|100%| E|CS|TAMS 0x00000000ee300000, 0x00000000ee300000| Complete 
| 228|0x00000000ee400000, 0x00000000ee500000, 0x00000000ee500000|100%| E|CS|TAMS 0x00000000ee400000, 0x00000000ee400000| Complete 
| 229|0x00000000ee500000, 0x00000000ee600000, 0x00000000ee600000|100%| E|CS|TAMS 0x00000000ee500000, 0x00000000ee500000| Complete 
| 230|0x00000000ee600000, 0x00000000ee700000, 0x00000000ee700000|100%| E|CS|TAMS 0x00000000ee600000, 0x00000000ee600000| Complete 
| 231|0x00000000ee700000, 0x00000000ee800000, 0x00000000ee800000|100%| E|CS|TAMS 0x00000000ee700000, 0x00000000ee700000| Complete 
| 232|0x00000000ee800000, 0x00000000ee900000, 0x00000000ee900000|100%| E|CS|TAMS 0x00000000ee800000, 0x00000000ee800000| Complete 
| 233|0x00000000ee900000, 0x00000000eea00000, 0x00000000eea00000|100%| E|CS|TAMS 0x00000000ee900000, 0x00000000ee900000| Complete 
| 234|0x00000000eea00000, 0x00000000eeb00000, 0x00000000eeb00000|100%| E|CS|TAMS 0x00000000eea00000, 0x00000000eea00000| Complete 
| 235|0x00000000eeb00000, 0x00000000eec00000, 0x00000000eec00000|100%| E|CS|TAMS 0x00000000eeb00000, 0x00000000eeb00000| Complete 
| 236|0x00000000eec00000, 0x00000000eed00000, 0x00000000eed00000|100%| E|CS|TAMS 0x00000000eec00000, 0x00000000eec00000| Complete 
| 237|0x00000000eed00000, 0x00000000eee00000, 0x00000000eee00000|100%| E|CS|TAMS 0x00000000eed00000, 0x00000000eed00000| Complete 
| 238|0x00000000eee00000, 0x00000000eef00000, 0x00000000eef00000|100%| E|CS|TAMS 0x00000000eee00000, 0x00000000eee00000| Complete 
| 239|0x00000000eef00000, 0x00000000ef000000, 0x00000000ef000000|100%| E|CS|TAMS 0x00000000eef00000, 0x00000000eef00000| Complete 
| 240|0x00000000ef000000, 0x00000000ef100000, 0x00000000ef100000|100%| E|CS|TAMS 0x00000000ef000000, 0x00000000ef000000| Complete 
| 241|0x00000000ef100000, 0x00000000ef200000, 0x00000000ef200000|100%| E|CS|TAMS 0x00000000ef100000, 0x00000000ef100000| Complete 
| 242|0x00000000ef200000, 0x00000000ef300000, 0x00000000ef300000|100%| E|CS|TAMS 0x00000000ef200000, 0x00000000ef200000| Complete 
| 243|0x00000000ef300000, 0x00000000ef400000, 0x00000000ef400000|100%| E|CS|TAMS 0x00000000ef300000, 0x00000000ef300000| Complete 
| 244|0x00000000ef400000, 0x00000000ef500000, 0x00000000ef500000|100%| E|CS|TAMS 0x00000000ef400000, 0x00000000ef400000| Complete 
| 245|0x00000000ef500000, 0x00000000ef600000, 0x00000000ef600000|100%| E|CS|TAMS 0x00000000ef500000, 0x00000000ef500000| Complete 
| 246|0x00000000ef600000, 0x00000000ef700000, 0x00000000ef700000|100%| E|CS|TAMS 0x00000000ef600000, 0x00000000ef600000| Complete 
| 247|0x00000000ef700000, 0x00000000ef800000, 0x00000000ef800000|100%| E|CS|TAMS 0x00000000ef700000, 0x00000000ef700000| Complete 
| 248|0x00000000ef800000, 0x00000000ef900000, 0x00000000ef900000|100%| E|CS|TAMS 0x00000000ef800000, 0x00000000ef800000| Complete 
| 249|0x00000000ef900000, 0x00000000efa00000, 0x00000000efa00000|100%| E|CS|TAMS 0x00000000ef900000, 0x00000000ef900000| Complete 
| 250|0x00000000efa00000, 0x00000000efb00000, 0x00000000efb00000|100%| E|CS|TAMS 0x00000000efa00000, 0x00000000efa00000| Complete 
| 251|0x00000000efb00000, 0x00000000efc00000, 0x00000000efc00000|100%| E|CS|TAMS 0x00000000efb00000, 0x00000000efb00000| Complete 
| 252|0x00000000efc00000, 0x00000000efd00000, 0x00000000efd00000|100%| E|CS|TAMS 0x00000000efc00000, 0x00000000efc00000| Complete 
| 253|0x00000000efd00000, 0x00000000efe00000, 0x00000000efe00000|100%| E|CS|TAMS 0x00000000efd00000, 0x00000000efd00000| Complete 
| 254|0x00000000efe00000, 0x00000000eff00000, 0x00000000eff00000|100%| E|CS|TAMS 0x00000000efe00000, 0x00000000efe00000| Complete 
| 255|0x00000000eff00000, 0x00000000f0000000, 0x00000000f0000000|100%| E|CS|TAMS 0x00000000eff00000, 0x00000000eff00000| Complete 

Card table byte_map: [0x00000239217f0000,0x00000239218f0000] _byte_map_base: 0x00000239210f0000

Marking Bits (Prev, Next): (CMBitMap*) 0x00000239089f6ae0, (CMBitMap*) 0x00000239089f6b20
 Prev Bits: [0x00000239219f0000, 0x00000239221f0000)
 Next Bits: [0x00000239221f0000, 0x00000239229f0000)

Polling page: 0x0000023908aa0000

Metaspace:

Usage:
  Non-class:     11.87 MB used.
      Class:      1.89 MB used.
       Both:     13.76 MB used.

Virtual space:
  Non-class space:       64.00 MB reserved,      12.00 MB ( 19%) committed,  1 nodes.
      Class space:      320.00 MB reserved,       2.00 MB ( <1%) committed,  1 nodes.
             Both:      384.00 MB reserved,      14.00 MB (  4%) committed. 

Chunk freelists:
   Non-Class:  3.86 MB
       Class:  14.00 MB
        Both:  17.86 MB

MaxMetaspaceSize: 384.00 MB
CompressedClassSpaceSize: 320.00 MB
Initial GC threshold: 21.00 MB
Current GC threshold: 21.00 MB
CDS: on
MetaspaceReclaimPolicy: balanced
 - commit_granule_bytes: 65536.
 - commit_granule_words: 8192.
 - virtual_space_node_default_size: 8388608.
 - enlarge_chunks_in_place: 1.
 - new_chunks_are_fully_committed: 0.
 - uncommit_free_chunks: 1.
 - use_allocation_guard: 0.
 - handle_deallocations: 1.


Internal statistics:

num_allocs_failed_limit: 0.
num_arena_births: 196.
num_arena_deaths: 0.
num_vsnodes_births: 2.
num_vsnodes_deaths: 0.
num_space_committed: 224.
num_space_uncommitted: 0.
num_chunks_returned_to_freelist: 0.
num_chunks_taken_from_freelist: 612.
num_chunk_merges: 0.
num_chunk_splits: 412.
num_chunks_enlarged: 304.
num_inconsistent_stats: 0.

CodeHeap 'non-profiled nmethods': size=120000Kb used=1250Kb max_used=1250Kb free=118749Kb
 bounds [0x0000023919540000, 0x00000239197b0000, 0x0000023920a70000]
CodeHeap 'profiled nmethods': size=120000Kb used=4887Kb max_used=4887Kb free=115112Kb
 bounds [0x0000023911a70000, 0x0000023911f40000, 0x0000023918fa0000]
CodeHeap 'non-nmethods': size=5760Kb used=1217Kb max_used=1231Kb free=4542Kb
 bounds [0x0000023918fa0000, 0x0000023919210000, 0x0000023919540000]
 total_blobs=3001 nmethods=2480 adapters=433
 compilation: enabled
              stopped_count=0, restarted_count=0
 full_count=0

Compilation events (20 events):
Event: 39.327 Thread 0x00000239256768a0 2461       3       jdk.internal.misc.Unsafe::getAndAddInt (27 bytes)
Event: 39.327 Thread 0x00000239256768a0 nmethod 2461 0x0000023911f1f790 code [0x0000023911f1f940, 0x0000023911f1fb88]
Event: 39.336 Thread 0x00000239256768a0 2462       3       java.lang.reflect.Executable::getGenericParameterTypes (20 bytes)
Event: 39.336 Thread 0x00000239256768a0 nmethod 2462 0x0000023911f1fc90 code [0x0000023911f1fea0, 0x0000023911f205e8]
Event: 39.336 Thread 0x00000239256768a0 2463       3       java.lang.reflect.Method::getGenericReturnType (20 bytes)
Event: 39.337 Thread 0x00000239256768a0 nmethod 2463 0x0000023911f20790 code [0x0000023911f20a40, 0x0000023911f21b78]
Event: 39.354 Thread 0x00000239256768a0 2465       3       sun.reflect.annotation.AnnotationInvocationHandler::<init> (71 bytes)
Event: 39.355 Thread 0x00000239256768a0 nmethod 2465 0x0000023911f22090 code [0x0000023911f22320, 0x0000023911f22d98]
Event: 39.355 Thread 0x00000239256768a0 2466       1       org.gradle.initialization.DefaultLegacyTypesSupport::getClassesToMixInGroovyObject (5 bytes)
Event: 39.355 Thread 0x00000239256768a0 nmethod 2466 0x0000023919677c90 code [0x0000023919677e20, 0x0000023919677ef8]
Event: 39.355 Thread 0x00000239256768a0 2467       1       org.gradle.initialization.DefaultLegacyTypesSupport::getSyntheticClasses (5 bytes)
Event: 39.355 Thread 0x00000239256768a0 nmethod 2467 0x0000023919677f90 code [0x0000023919678120, 0x00000239196781f8]
Event: 39.355 Thread 0x00000239256768a0 2468       3       org.gradle.internal.service.RelevantMethods$RelevantMethodsBuilder::addMethod (260 bytes)
Event: 39.357 Thread 0x00000239256768a0 nmethod 2468 0x0000023911f23190 code [0x0000023911f23940, 0x0000023911f283d8]
Event: 39.357 Thread 0x00000239256768a0 2471       3       java.lang.Class$Atomic::casAnnotationData (13 bytes)
Event: 39.358 Thread 0x00000239256768a0 nmethod 2471 0x0000023911f29910 code [0x0000023911f29aa0, 0x0000023911f29bf8]
Event: 39.358 Thread 0x00000239256768a0 2469   !   3       org.gradle.internal.service.DefaultServiceRegistry$SingletonService::prepare (111 bytes)
Event: 39.358 Thread 0x00000239256768a0 nmethod 2469 0x0000023911f29c90 code [0x0000023911f29f40, 0x0000023911f2ab48]
Event: 39.358 Thread 0x00000239256768a0 2470       3       org.gradle.internal.service.DefaultServiceRegistry$SingletonService::get (5 bytes)
Event: 39.358 Thread 0x00000239256768a0 nmethod 2470 0x0000023911f2b090 code [0x0000023911f2b220, 0x0000023911f2b368]

GC Heap History (4 events):
Event: 4.255 GC heap before
{Heap before GC invocations=0 (full 0):
 garbage-first heap   total 262144K, used 23552K [0x00000000e0000000, 0x0000000100000000)
  region size 1024K, 23 young (23552K), 0 survivors (0K)
 Metaspace       used 838K, committed 960K, reserved 393216K
  class space    used 65K, committed 128K, reserved 327680K
}
Event: 4.614 GC heap after
{Heap after GC invocations=1 (full 0):
 garbage-first heap   total 262144K, used 1557K [0x00000000e0000000, 0x0000000100000000)
  region size 1024K, 2 young (2048K), 2 survivors (2048K)
 Metaspace       used 838K, committed 960K, reserved 393216K
  class space    used 65K, committed 128K, reserved 327680K
}
Event: 9.787 GC heap before
{Heap before GC invocations=1 (full 0):
 garbage-first heap   total 262144K, used 41493K [0x00000000e0000000, 0x0000000100000000)
  region size 1024K, 37 young (37888K), 2 survivors (2048K)
 Metaspace       used 4338K, committed 4544K, reserved 393216K
  class space    used 544K, committed 640K, reserved 327680K
}
Event: 9.790 GC heap after
{Heap after GC invocations=2 (full 0):
 garbage-first heap   total 262144K, used 12008K [0x00000000e0000000, 0x0000000100000000)
  region size 1024K, 5 young (5120K), 5 survivors (5120K)
 Metaspace       used 4338K, committed 4544K, reserved 393216K
  class space    used 544K, committed 640K, reserved 327680K
}

Deoptimization events (20 events):
Event: 38.447 Thread 0x000002392594a160 Uncommon trap: trap_request=0xffffff45 fr.pc=0x000002391964f3a4 relative=0x0000000000000184
Event: 38.447 Thread 0x000002392594a160 Uncommon trap: reason=unstable_if action=reinterpret pc=0x000002391964f3a4 method=java.io.WinNTFileSystem.prefixLength(Ljava/lang/String;)I @ 25 c2
Event: 38.447 Thread 0x000002392594a160 DEOPT PACKING pc=0x000002391964f3a4 sp=0x00000083e37feb90
Event: 38.447 Thread 0x000002392594a160 DEOPT UNPACKING pc=0x0000023918ff23a3 sp=0x00000083e37feb18 mode 2
Event: 38.823 Thread 0x000002392594a160 Uncommon trap: trap_request=0xffffff45 fr.pc=0x00000239195f48b8 relative=0x00000000000003f8
Event: 38.823 Thread 0x000002392594a160 Uncommon trap: reason=unstable_if action=reinterpret pc=0x00000239195f48b8 method=java.util.HashMap.getNode(Ljava/lang/Object;)Ljava/util/HashMap$Node; @ 66 c2
Event: 38.823 Thread 0x000002392594a160 DEOPT PACKING pc=0x00000239195f48b8 sp=0x00000083e37fbf20
Event: 38.823 Thread 0x000002392594a160 DEOPT UNPACKING pc=0x0000023918ff23a3 sp=0x00000083e37fbe30 mode 2
Event: 38.823 Thread 0x000002392594a160 Uncommon trap: trap_request=0xffffff45 fr.pc=0x0000023919591498 relative=0x00000000000003d8
Event: 38.823 Thread 0x000002392594a160 Uncommon trap: reason=unstable_if action=reinterpret pc=0x0000023919591498 method=java.util.HashMap.getNode(Ljava/lang/Object;)Ljava/util/HashMap$Node; @ 66 c2
Event: 38.823 Thread 0x000002392594a160 DEOPT PACKING pc=0x0000023919591498 sp=0x00000083e37fbeb0
Event: 38.823 Thread 0x000002392594a160 DEOPT UNPACKING pc=0x0000023918ff23a3 sp=0x00000083e37fbe30 mode 2
Event: 38.836 Thread 0x000002392594a160 Uncommon trap: trap_request=0xffffff45 fr.pc=0x000002391960c8b4 relative=0x00000000000003f4
Event: 38.836 Thread 0x000002392594a160 Uncommon trap: reason=unstable_if action=reinterpret pc=0x000002391960c8b4 method=java.util.concurrent.ConcurrentHashMap.get(Ljava/lang/Object;)Ljava/lang/Object; @ 152 c2
Event: 38.836 Thread 0x000002392594a160 DEOPT PACKING pc=0x000002391960c8b4 sp=0x00000083e37fb410
Event: 38.836 Thread 0x000002392594a160 DEOPT UNPACKING pc=0x0000023918ff23a3 sp=0x00000083e37fb388 mode 2
Event: 38.842 Thread 0x000002392594a160 Uncommon trap: trap_request=0xffffff45 fr.pc=0x0000023919610838 relative=0x0000000000000198
Event: 38.842 Thread 0x000002392594a160 Uncommon trap: reason=unstable_if action=reinterpret pc=0x0000023919610838 method=java.util.WeakHashMap.expungeStaleEntries()V @ 9 c2
Event: 38.842 Thread 0x000002392594a160 DEOPT PACKING pc=0x0000023919610838 sp=0x00000083e37fb090
Event: 38.842 Thread 0x000002392594a160 DEOPT UNPACKING pc=0x0000023918ff23a3 sp=0x00000083e37fb028 mode 2

Classes unloaded (0 events):
No events

Classes redefined (0 events):
No events

Internal exceptions (20 events):
Event: 32.799 Thread 0x00000239089c9560 Exception <a 'java/lang/NoSuchMethodError'{0x00000000ea626918}: 'java.lang.Object java.lang.invoke.DirectMethodHandle$Holder.invokeStaticInit(java.lang.Object, java.lang.Object, int, int, int, int)'> (0x00000000ea626918) 
thrown [s\open\src\hotspot\share\interpreter\linkResolver.cpp, line 759]
Event: 33.960 Thread 0x00000239089c9560 Exception <a 'java/lang/NoSuchMethodError'{0x00000000ea4ccbf0}: 'void java.lang.invoke.DirectMethodHandle$Holder.invokeStatic(java.lang.Object, java.lang.Object, java.lang.Object)'> (0x00000000ea4ccbf0) 
thrown [s\open\src\hotspot\share\interpreter\linkResolver.cpp, line 759]
Event: 35.090 Thread 0x00000239089c9560 Exception <a 'java/io/IOException'{0x00000000ea271b28}> (0x00000000ea271b28) 
thrown [s\open\src\hotspot\share\prims\jni.cpp, line 516]
Event: 35.093 Thread 0x00000239089c9560 Implicit null exception at 0x000002391958ebf9 to 0x000002391958f744
Event: 35.097 Thread 0x00000239089c9560 Exception <a 'java/lang/NoSuchMethodError'{0x00000000ea2da4a8}: 'java.lang.Object java.lang.invoke.DirectMethodHandle$Holder.newInvokeSpecial(java.lang.Object, java.lang.Object, java.lang.Object, java.lang.Object, java.lang.Object)'> (0x00000000ea2da4a8) 
thrown [s\open\src\hotspot\share\interpreter\linkResolver.cpp, line 759]
Event: 37.076 Thread 0x000002394078a800 Exception <a 'java/lang/NoSuchMethodError'{0x00000000e9dfe248}: static Lorg/gradle/tooling/internal/provider/serialization/ClassLoaderDetails;.<clinit>()V> (0x00000000e9dfe248) 
thrown [s\open\src\hotspot\share\prims\jni.cpp, line 1107]
Event: 37.096 Thread 0x000002394078a800 Exception <a 'java/lang/NoSuchMethodError'{0x00000000e9c19170}: static Lorg/gradle/internal/classloader/ClassLoaderSpec;.<clinit>()V> (0x00000000e9c19170) 
thrown [s\open\src\hotspot\share\prims\jni.cpp, line 1107]
Event: 37.102 Thread 0x000002394078a800 Exception <a 'java/lang/NoSuchMethodError'{0x00000000e9c22960}: static Lorg/gradle/tooling/internal/provider/serialization/WellKnownClassLoaderRegistry$KnownClassLoaderSpec;.<clinit>()V> (0x00000000e9c22960) 
thrown [s\open\src\hotspot\share\prims\jni.cpp, line 1107]
Event: 37.104 Thread 0x000002394078a800 Exception <a 'java/lang/NoSuchMethodError'{0x00000000e9c3a7c8}: static Lorg/gradle/tooling/internal/provider/serialization/ClientOwnedClassLoaderSpec;.<clinit>()V> (0x00000000e9c3a7c8) 
thrown [s\open\src\hotspot\share\prims\jni.cpp, line 1107]
Event: 38.444 Thread 0x00000239400492d0 Exception <a 'java/lang/NoSuchMethodError'{0x00000000e9b6d388}: 'void java.lang.invoke.DirectMethodHandle$Holder.invokeSpecial(java.lang.Object, java.lang.Object, java.lang.Object)'> (0x00000000e9b6d388) 
thrown [s\open\src\hotspot\share\interpreter\linkResolver.cpp, line 759]
Event: 38.532 Thread 0x000002392594a160 Exception <a 'java/lang/NoSuchMethodError'{0x00000000e9893898}: 'long java.lang.invoke.DirectMethodHandle$Holder.invokeInterface(java.lang.Object, java.lang.Object)'> (0x00000000e9893898) 
thrown [s\open\src\hotspot\share\interpreter\linkResolver.cpp, line 759]
Event: 38.715 Thread 0x000002392594a160 Exception <a 'java/lang/NoSuchMethodError'{0x00000000e936c748}: 'void java.lang.invoke.DirectMethodHandle$Holder.invokeStatic(java.lang.Object, java.lang.Object)'> (0x00000000e936c748) 
thrown [s\open\src\hotspot\share\interpreter\linkResolver.cpp, line 759]
Event: 38.844 Thread 0x000002392594a160 Exception <a 'java/lang/NoSuchMethodError'{0x00000000e91add98}: 'int java.lang.invoke.DirectMethodHandle$Holder.invokeVirtual(java.lang.Object, java.lang.Object, java.lang.Object)'> (0x00000000e91add98) 
thrown [s\open\src\hotspot\share\interpreter\linkResolver.cpp, line 759]
Event: 38.913 Thread 0x000002392594a160 Exception <a 'java/lang/NoSuchMethodError'{0x00000000e8e66fd8}: 'java.lang.Object java.lang.invoke.DirectMethodHandle$Holder.newInvokeSpecial(java.lang.Object, java.lang.Object, java.lang.Object, java.lang.Object, java.lang.Object, java.lang.Object)'> (0x00000000e8e66fd8) 
thrown [s\open\src\hotspot\share\interpreter\linkResolver.cpp, line 759]
Event: 38.915 Thread 0x000002392594a160 Exception <a 'java/lang/NoSuchMethodError'{0x00000000e8e808f8}: 'void java.lang.invoke.DirectMethodHandle$Holder.invokeSpecial(java.lang.Object, java.lang.Object, java.lang.Object, java.lang.Object, java.lang.Object)'> (0x00000000e8e808f8) 
thrown [s\open\src\hotspot\share\interpreter\linkResolver.cpp, line 759]
Event: 38.916 Thread 0x000002392594a160 Exception <a 'java/lang/NoSuchMethodError'{0x00000000e8e95488}: 'void java.lang.invoke.DirectMethodHandle$Holder.invokeStaticInit(java.lang.Object, java.lang.Object)'> (0x00000000e8e95488) 
thrown [s\open\src\hotspot\share\interpreter\linkResolver.cpp, line 759]
Event: 39.076 Thread 0x000002392594a160 Exception <a 'java/lang/NoSuchMethodError'{0x00000000e8b985d8}: 'void java.lang.invoke.DelegatingMethodHandle$Holder.reinvoke_L(java.lang.Object, java.lang.Object, java.lang.Object, java.lang.Object, java.lang.Object, java.lang.Object, java.lang.Object, java.lang.Object, java.lang.Object, java.lang.Object)'> (0x00000000e8b985d8) 
thrown [s\open\src\hotspot\share\interpreter\linkResolver.cpp, line 759]
Event: 39.078 Thread 0x000002392594a160 Exception <a 'java/lang/NoSuchMethodError'{0x00000000e8ba0a48}: 'java.lang.Object java.lang.invoke.DirectMethodHandle$Holder.invokeSpecial(java.lang.Object, java.lang.Object, java.lang.Object, java.lang.Object, java.lang.Object, java.lang.Object, java.lang.Object, java.lang.Object, java.lang.Object, java.lang.Object)'> (0x00000000e8ba0a48) 
thrown [s\open\src\hotspot\share\interpreter\linkResolver.cpp, line 759]
Event: 39.078 Thread 0x000002392594a160 Exception <a 'java/lang/NoSuchMethodError'{0x00000000e8ba5318}: 'java.lang.Object java.lang.invoke.Invokers$Holder.invoker(java.lang.Object, java.lang.Object, java.lang.Object, java.lang.Object, java.lang.Object, java.lang.Object, java.lang.Object, java.lang.Object, java.lang.Object, java.lang.Object)'> (0x00000000e8ba5318) 
thrown [s\open\src\hotspot\share\interpreter\linkResolver.cpp, line 759]
Event: 39.079 Thread 0x000002392594a160 Exception <a 'java/lang/NoSuchMethodError'{0x00000000e8baaf20}: 'java.lang.Object java.lang.invoke.DirectMethodHandle$Holder.invokeSpecial(java.lang.Object, java.lang.Object, java.lang.Object, java.lang.Object, java.lang.Object, java.lang.Object, java.lang.Object, java.lang.Object, java.lang.Object, java.lang.Object, java.lang.Object)'> (0x00000000e8baaf20) 
thrown [s\open\src\hotspot\share\interpreter\linkResolver.cpp, line 759]

VM Operations (20 events):
Event: 32.492 Executing VM operation: Cleanup
Event: 32.492 Executing VM operation: Cleanup done
Event: 32.758 Executing VM operation: HandshakeAllThreads
Event: 32.758 Executing VM operation: HandshakeAllThreads done
Event: 33.769 Executing VM operation: Cleanup
Event: 33.801 Executing VM operation: Cleanup done
Event: 33.934 Executing VM operation: HandshakeAllThreads
Event: 33.934 Executing VM operation: HandshakeAllThreads done
Event: 34.947 Executing VM operation: Cleanup
Event: 34.947 Executing VM operation: Cleanup done
Event: 35.960 Executing VM operation: Cleanup
Event: 35.960 Executing VM operation: Cleanup done
Event: 36.282 Executing VM operation: HandshakeAllThreads
Event: 36.282 Executing VM operation: HandshakeAllThreads done
Event: 36.553 Executing VM operation: HandshakeAllThreads
Event: 36.553 Executing VM operation: HandshakeAllThreads done
Event: 37.561 Executing VM operation: Cleanup
Event: 37.561 Executing VM operation: Cleanup done
Event: 38.574 Executing VM operation: Cleanup
Event: 38.574 Executing VM operation: Cleanup done

Events (20 events):
Event: 38.835 loading class jdk/internal/vm/annotation/IntrinsicCandidate
Event: 38.835 loading class jdk/internal/vm/annotation/IntrinsicCandidate done
Event: 38.838 loading class java/util/stream/MatchOps$MatchKind
Event: 38.838 loading class java/util/stream/MatchOps$MatchKind done
Event: 38.838 loading class java/util/stream/MatchOps
Event: 38.838 loading class java/util/stream/MatchOps done
Event: 38.838 loading class java/util/stream/MatchOps$MatchOp
Event: 38.838 loading class java/util/stream/MatchOps$MatchOp done
Event: 38.839 loading class java/util/stream/MatchOps$BooleanTerminalSink
Event: 38.839 loading class java/util/stream/MatchOps$BooleanTerminalSink done
Event: 38.839 loading class java/util/stream/MatchOps$1MatchSink
Event: 38.839 loading class java/util/stream/MatchOps$1MatchSink done
Event: 38.884 loading class java/lang/TypeNotPresentException
Event: 38.884 loading class java/lang/TypeNotPresentException done
Event: 38.908 loading class java/lang/invoke/MethodHandle$1
Event: 38.908 loading class java/lang/invoke/MethodHandle$1 done
Event: 38.938 loading class java/util/ConcurrentModificationException
Event: 38.944 loading class java/util/ConcurrentModificationException done
Event: 38.992 loading class sun/reflect/generics/scope/ConstructorScope
Event: 38.999 loading class sun/reflect/generics/scope/ConstructorScope done


Dynamic libraries:
0x00007ff6a7ff0000 - 0x00007ff6a8000000 	C:\Program Files\Java\jdk-17\bin\java.exe
0x00007ffaf3710000 - 0x00007ffaf3908000 	C:\Windows\SYSTEM32\ntdll.dll
0x00007ffaf1f60000 - 0x00007ffaf2022000 	C:\Windows\System32\KERNEL32.DLL
0x00007ffaf10b0000 - 0x00007ffaf13a6000 	C:\Windows\System32\KERNELBASE.dll
0x00007ffaf0fb0000 - 0x00007ffaf10b0000 	C:\Windows\System32\ucrtbase.dll
0x00007ffade350000 - 0x00007ffade369000 	C:\Program Files\Java\jdk-17\bin\jli.dll
0x00007ffaf34d0000 - 0x00007ffaf3581000 	C:\Windows\System32\ADVAPI32.dll
0x00007ffaf3070000 - 0x00007ffaf310e000 	C:\Windows\System32\msvcrt.dll
0x00007ffaf2060000 - 0x00007ffaf20ff000 	C:\Windows\System32\sechost.dll
0x00007ffaf2580000 - 0x00007ffaf26a3000 	C:\Windows\System32\RPCRT4.dll
0x00007ffaf0f80000 - 0x00007ffaf0fa7000 	C:\Windows\System32\bcrypt.dll
0x00007ffaddd90000 - 0x00007ffadddab000 	C:\Program Files\Java\jdk-17\bin\VCRUNTIME140.dll
0x00007ffaf1790000 - 0x00007ffaf192d000 	C:\Windows\System32\USER32.dll
0x00007ffaf14d0000 - 0x00007ffaf14f2000 	C:\Windows\System32\win32u.dll
0x00007ffaf2030000 - 0x00007ffaf205b000 	C:\Windows\System32\GDI32.dll
0x00007ffaf13b0000 - 0x00007ffaf14c9000 	C:\Windows\System32\gdi32full.dll
0x00007ffaf1690000 - 0x00007ffaf172d000 	C:\Windows\System32\msvcp_win.dll
0x00007ffae0cc0000 - 0x00007ffae0f5a000 	C:\Windows\WinSxS\amd64_microsoft.windows.common-controls_6595b64144ccf1df_6.0.19041.5915_none_60b4b9d171f9c7c7\COMCTL32.dll
0x00007ffae5690000 - 0x00007ffae569a000 	C:\Windows\SYSTEM32\VERSION.dll
0x00007ffaf2840000 - 0x00007ffaf286f000 	C:\Windows\System32\IMM32.DLL
0x00007ffadfde0000 - 0x00007ffadfdec000 	C:\Program Files\Java\jdk-17\bin\vcruntime140_1.dll
0x00007ffac5fa0000 - 0x00007ffac602e000 	C:\Program Files\Java\jdk-17\bin\msvcp140.dll
0x00007ffaa19e0000 - 0x00007ffaa25bf000 	C:\Program Files\Java\jdk-17\bin\server\jvm.dll
0x00007ffaf22b0000 - 0x00007ffaf22b8000 	C:\Windows\System32\PSAPI.DLL
0x00007ffad3290000 - 0x00007ffad3299000 	C:\Windows\SYSTEM32\WSOCK32.dll
0x00007ffae5660000 - 0x00007ffae5687000 	C:\Windows\SYSTEM32\WINMM.dll
0x00007ffaf35b0000 - 0x00007ffaf361b000 	C:\Windows\System32\WS2_32.dll
0x00007ffaef5d0000 - 0x00007ffaef5e2000 	C:\Windows\SYSTEM32\kernel.appcore.dll
0x00007ffad3b10000 - 0x00007ffad3b1a000 	C:\Program Files\Java\jdk-17\bin\jimage.dll
0x00007ffaea990000 - 0x00007ffaeab91000 	C:\Windows\SYSTEM32\DBGHELP.DLL
0x00007ffad85e0000 - 0x00007ffad8614000 	C:\Windows\SYSTEM32\dbgcore.DLL
0x00007ffaf1600000 - 0x00007ffaf1682000 	C:\Windows\System32\bcryptPrimitives.dll
0x00007ffad2d00000 - 0x00007ffad2d0e000 	C:\Program Files\Java\jdk-17\bin\instrument.dll
0x00007ffad25e0000 - 0x00007ffad2605000 	C:\Program Files\Java\jdk-17\bin\java.dll
0x00007ffaba210000 - 0x00007ffaba2e7000 	C:\Program Files\Java\jdk-17\bin\jsvml.dll
0x00007ffaf2870000 - 0x00007ffaf2fde000 	C:\Windows\System32\SHELL32.dll
0x00007ffaeed10000 - 0x00007ffaef4b4000 	C:\Windows\SYSTEM32\windows.storage.dll
0x00007ffaf3110000 - 0x00007ffaf3463000 	C:\Windows\System32\combase.dll
0x00007ffaf06f0000 - 0x00007ffaf071b000 	C:\Windows\SYSTEM32\Wldp.dll
0x00007ffaf22d0000 - 0x00007ffaf239d000 	C:\Windows\System32\OLEAUT32.dll
0x00007ffaf3620000 - 0x00007ffaf36cd000 	C:\Windows\System32\SHCORE.dll
0x00007ffaf3470000 - 0x00007ffaf34cb000 	C:\Windows\System32\shlwapi.dll
0x00007ffaf0cd0000 - 0x00007ffaf0cf5000 	C:\Windows\SYSTEM32\profapi.dll
0x00007ffad2820000 - 0x00007ffad2838000 	C:\Program Files\Java\jdk-17\bin\zip.dll
0x00007ffacbba0000 - 0x00007ffacbbb9000 	C:\Program Files\Java\jdk-17\bin\net.dll
0x00007ffae9c50000 - 0x00007ffae9d5a000 	C:\Windows\SYSTEM32\WINHTTP.dll
0x00007ffaf04d0000 - 0x00007ffaf053a000 	C:\Windows\system32\mswsock.dll
0x00007ffacba50000 - 0x00007ffacba66000 	C:\Program Files\Java\jdk-17\bin\nio.dll
0x00007ffad2cf0000 - 0x00007ffad2d00000 	C:\Program Files\Java\jdk-17\bin\verify.dll
0x00007ffaec2e0000 - 0x00007ffaec307000 	C:\Users\Александр\.gradle\native\c067742578af261105cb4f569cf0c3c89f3d7b1fecec35dd04571415982c5e48\windows-amd64\native-platform.dll
0x00007ffac9ed0000 - 0x00007ffaca014000 	C:\Users\Александр\.gradle\native\100fb08df4bc3b14c8652ba06237920a3bd2aa13389f12d3474272988ae205f9\windows-amd64\native-platform-file-events.dll
0x00007ffaccab0000 - 0x00007ffaccaba000 	C:\Program Files\Java\jdk-17\bin\management.dll
0x00007ffacc780000 - 0x00007ffacc78b000 	C:\Program Files\Java\jdk-17\bin\management_ext.dll
0x00007ffaf0730000 - 0x00007ffaf0748000 	C:\Windows\SYSTEM32\CRYPTSP.dll
0x00007ffaefda0000 - 0x00007ffaefdd8000 	C:\Windows\system32\rsaenh.dll
0x00007ffaf0c50000 - 0x00007ffaf0c7e000 	C:\Windows\SYSTEM32\USERENV.dll
0x00007ffaf0660000 - 0x00007ffaf066c000 	C:\Windows\SYSTEM32\CRYPTBASE.dll
0x00007ffaf0180000 - 0x00007ffaf01bb000 	C:\Windows\SYSTEM32\IPHLPAPI.DLL
0x00007ffaf23a0000 - 0x00007ffaf23a8000 	C:\Windows\System32\NSI.dll
0x00007ffaebff0000 - 0x00007ffaec007000 	C:\Windows\SYSTEM32\dhcpcsvc6.DLL
0x00007ffaed6b0000 - 0x00007ffaed6cd000 	C:\Windows\SYSTEM32\dhcpcsvc.DLL
0x00007ffaf01d0000 - 0x00007ffaf029a000 	C:\Windows\SYSTEM32\DNSAPI.dll
0x00007ffacbac0000 - 0x00007ffacbace000 	C:\Program Files\Java\jdk-17\bin\sunmscapi.dll
0x00007ffaf0e20000 - 0x00007ffaf0f7d000 	C:\Windows\System32\CRYPT32.dll
0x00007ffaf0840000 - 0x00007ffaf0867000 	C:\Windows\SYSTEM32\ncrypt.dll
0x00007ffaf07e0000 - 0x00007ffaf081b000 	C:\Windows\SYSTEM32\NTASN1.dll
0x00007ffae4ca0000 - 0x00007ffae4ca7000 	C:\Windows\system32\wshunix.dll

dbghelp: loaded successfully - version: 4.0.5 - missing functions: none
symbol engine: initialized successfully - sym options: 0x614 - pdb path: .;C:\Program Files\Java\jdk-17\bin;C:\Windows\SYSTEM32;C:\Windows\WinSxS\amd64_microsoft.windows.common-controls_6595b64144ccf1df_6.0.19041.5915_none_60b4b9d171f9c7c7;C:\Program Files\Java\jdk-17\bin\server;C:\Users\Александр\.gradle\native\c067742578af261105cb4f569cf0c3c89f3d7b1fecec35dd04571415982c5e48\windows-amd64;C:\Users\Александр\.gradle\native\100fb08df4bc3b14c8652ba06237920a3bd2aa13389f12d3474272988ae205f9\windows-amd64

VM Arguments:
jvm_args: --add-opens=java.base/java.util=ALL-UNNAMED --add-opens=java.base/java.lang=ALL-UNNAMED --add-opens=java.base/java.lang.invoke=ALL-UNNAMED --add-opens=java.prefs/java.util.prefs=ALL-UNNAMED --add-exports=jdk.compiler/com.sun.tools.javac.api=ALL-UNNAMED --add-exports=jdk.compiler/com.sun.tools.javac.util=ALL-UNNAMED --add-opens=java.base/java.nio.charset=ALL-UNNAMED --add-opens=java.base/java.net=ALL-UNNAMED --add-opens=java.base/java.util.concurrent.atomic=ALL-UNNAMED -XX:MaxMetaspaceSize=384m -XX:+HeapDumpOnOutOfMemoryError -Xms256m -Xmx512m -Dfile.encoding=UTF-8 -Duser.country=RU -Duser.language=ru -Duser.variant -javaagent:C:\Users\Александр\.gradle\wrapper\dists\gradle-8.10.2-bin\a04bxjujx95o3nb99gddekhwo\gradle-8.10.2\lib\agents\gradle-instrumentation-agent-8.10.2.jar 
java_command: org.gradle.launcher.daemon.bootstrap.GradleDaemon 8.10.2
java_class_path (initial): C:\Users\Александр\.gradle\wrapper\dists\gradle-8.10.2-bin\a04bxjujx95o3nb99gddekhwo\gradle-8.10.2\lib\gradle-daemon-main-8.10.2.jar
Launcher Type: SUN_STANDARD

[Global flags]
     intx CICompilerCount                          = 4                                         {product} {ergonomic}
   size_t CompressedClassSpaceSize                 = 335544320                                 {product} {ergonomic}
     uint ConcGCThreads                            = 3                                         {product} {ergonomic}
     uint G1ConcRefinementThreads                  = 10                                        {product} {ergonomic}
   size_t G1HeapRegionSize                         = 1048576                                   {product} {ergonomic}
    uintx GCDrainStackTargetSize                   = 64                                        {product} {ergonomic}
     bool HeapDumpOnOutOfMemoryError               = true                                   {manageable} {command line}
   size_t InitialHeapSize                          = 268435456                                 {product} {command line}
   size_t MarkStackSize                            = 4194304                                   {product} {ergonomic}
   size_t MaxHeapSize                              = 536870912                                 {product} {command line}
   size_t MaxMetaspaceSize                         = 402653184                                 {product} {command line}
   size_t MaxNewSize                               = 321912832                                 {product} {ergonomic}
   size_t MinHeapDeltaBytes                        = 1048576                                   {product} {ergonomic}
   size_t MinHeapSize                              = 268435456                                 {product} {command line}
    uintx NonNMethodCodeHeapSize                   = 5839372                                {pd product} {ergonomic}
    uintx NonProfiledCodeHeapSize                  = 122909434                              {pd product} {ergonomic}
    uintx ProfiledCodeHeapSize                     = 122909434                              {pd product} {ergonomic}
    uintx ReservedCodeCacheSize                    = 251658240                              {pd product} {ergonomic}
     bool SegmentedCodeCache                       = true                                      {product} {ergonomic}
   size_t SoftMaxHeapSize                          = 536870912                              {manageable} {ergonomic}
     bool UseCompressedClassPointers               = true                           {product lp64_product} {ergonomic}
     bool UseCompressedOops                        = true                           {product lp64_product} {ergonomic}
     bool UseG1GC                                  = true                                      {product} {ergonomic}
     bool UseLargePagesIndividualAllocation        = false                                  {pd product} {ergonomic}

Logging:
Log output configuration:
 #0: stdout all=warning uptime,level,tags
 #1: stderr all=off uptime,level,tags

Environment Variables:
JAVA_HOME=C:\Program Files\Java\jdk-17
PATH=C:\Program Files\Common Files\Oracle\Java\javapath;C:\Windows\system32;C:\Windows;C:\Windows\System32\Wbem;C:\Windows\System32\WindowsPowerShell\v1.0\;C:\Windows\System32\OpenSSH\;C:\Gradle\bin;C:\Program Files\Git\cmd;C:\Program Files\usbipd-win\;C:\Program Files\MIT\Kerberos\bin;C:\Gradle\gradle-8.10.2\bin;C:\Program Files\Java\jdk-21\bin;C:\Program Files\dotnet\;C:\Users\Александр\AppData\Local\Programs\Python\Python310\Scripts\;C:\Users\Александр\AppData\Local\Programs\Python\Python310\;C:\Users\Александр\AppData\Local\Microsoft\WindowsApps;C:\Program Files\JetBrains\PyCharm 2022.2.1\bin;;C:\Program Files\JetBrains\IntelliJ IDEA Community Edition 2024.1.4\bin;;C:\Users\Александр\AppData\Local\Programs\Microsoft VS Code\bin;C:\Gradle\gradle-8.10.2\bin;C:\Program Files\Java\jdk-21\bin;;C:\Program Files\JetBrains\IntelliJ IDEA 2025.1.3\bin;
USERNAME=Александр
OS=Windows_NT
PROCESSOR_IDENTIFIER=Intel64 Family 6 Model 151 Stepping 5, GenuineIntel



---------------  S Y S T E M  ---------------

OS:
 Windows 10 , 64 bit Build 19041 (10.0.19041.5915)
OS uptime: 0 days 6:45 hours
Hyper-V role detected

CPU: total 12 (initial active 12) (6 cores per cpu, 2 threads per core) family 6 model 151 stepping 5 microcode 0x15, cx8, cmov, fxsr, ht, mmx, 3dnowpref, sse, sse2, sse3, ssse3, sse4.1, sse4.2, popcnt, lzcnt, tsc, tscinvbit, avx, avx2, aes, erms, clmul, bmi1, bmi2, adx, sha, fma, vzeroupper, clflush, clflushopt, clwb, hv

Memory: 4k page, system-wide physical 16225M (154M free)
TotalPageFile size 45952M (AvailPageFile size 8M)
current process WorkingSet (physical memory assigned to process): 110M, peak: 130M
current process commit charge ("private bytes"): 399M, peak: 400M

vm_info: Java HotSpot(TM) 64-Bit Server VM (17.0.10+11-LTS-240) for windows-amd64 JRE (17.0.10+11-LTS-240), built on Dec 19 2023 21:47:25 by "mach5one" with MS VC++ 17.1 (VS2022)

END.
